{
  "stats": {
    "suites": 1,
    "tests": 10,
    "passes": 8,
    "pending": 0,
    "failures": 2,
    "start": "2021-04-21T07:09:05.708Z",
    "end": "2021-04-21T07:29:28.368Z",
    "duration": 1222660,
    "testsRegistered": 10,
    "passPercent": 80,
    "pendingPercent": 0,
    "other": 0,
    "hasOther": false,
    "skipped": 0,
    "hasSkipped": false
  },
  "results": [
    {
      "uuid": "6fc432a3-1553-4c8a-915d-012a1a96fbe4",
      "title": "",
      "fullFile": "cypress\\integration\\examples\\purchase.js",
      "file": "cypress\\integration\\examples\\purchase.js",
      "beforeHooks": [],
      "afterHooks": [],
      "tests": [],
      "suites": [
        {
          "uuid": "4b3a3008-f965-4aa7-aa77-c83429e3fe38",
          "title": "Login page",
          "fullFile": "",
          "file": "",
          "beforeHooks": [],
          "afterHooks": [],
          "tests": [
            {
              "title": "purchase products | Purchase order with CS , รับที่เซเว่นอีเลฟเว่น",
              "fullTitle": "Login page purchase products | Purchase order with CS , รับที่เซเว่นอีเลฟเว่น",
              "timedOut": null,
              "duration": 83896,
              "state": "passed",
              "speed": "slow",
              "pass": true,
              "fail": false,
              "pending": false,
              "context": null,
              "code": "cy.log('before check haveSplitOrder : ' + haveSplitOrder);\ncy.log('shippingType : ' + shippingType); // check remaining product in basket\ncy.get('span.cart-indicator').then(function ($cartIndicator) {\n  var num = parseInt($cartIndicator.text().replace(/,/g, '')) || 0;\n  cy.log('num cartIndicator : ' + num);\n  if (num > 0) {\n    cy.clearBasket();\n  }\n});\nif (promotion.usePromotion && promotion.searchType == 'myCoupon') {\n  // if(promotion.usePromotion) {\n  cy.get('a[href=\"/coupon/\"]').should('contain', 'คูปองส่วนลด').click();\n  cy.title().should('eq', 'Coupon | AllOnline');\n  cy.url().should('include', '/coupon/');\n  var iscated = false;\n  cy.log('promotion.code : ' + promotion.code);\n  cy.findCoupon(promotion.code, iscated);\n  cy.checkCoupon(promotion);\n  cy.getCoupon(promotion.code);\n} // add product to basket\n\nproducts.forEach(function (product) {\n  price = formatNumber(product.price);\n  cy.searchProduct(product);\n  cy.addProduct(product, price);\n  cy.wait(1000);\n  qty += product.amount;\n  cy.log('qty : ' + qty);\n  cy.get('.cart-indicator').should('contain', qty);\n  if (product.isSplit == 'Y') {\n    haveSplitOrder = true;\n    splitOrderAmount--;\n  }\n});\ncy.log('after check haveSplitOrder : ' + haveSplitOrder); // check shipping address\nif (shippingType == 'รับที่เซเว่นอีเลฟเว่น') {\n  customerDetails = {\n    \"phoneNumber\": phoneNumber,\n    \"storeId\": storeId,\n    \"storeAddress\": storeAddress,\n    \"storeName\": storeName\n  };\n  address = storeAddress;\n  if (haveSplitOrder) {\n    searchSplitAddressType = testData.splitOrderDetails.splitAddressType;\n    splitAddressPayment = splitOrderDetails.addressNo + ' ' + splitOrderDetails.floor + ', ' + splitOrderDetails.moo + ', ' + splitOrderDetails.soi + ', ' + splitOrderDetails.street + ', ' + splitOrderDetails.subDistrict + ' ' + splitOrderDetails.district + ' ' + splitOrderDetails.province + ' ' + splitOrderDetails.postalCode;\n    cy.log('splitAddressPayment : ' + splitAddressPayment);\n  }\n} else if (shippingType == 'จัดส่งตามที่อยู่') {\n  customerDetails = testData.customerDetails;\n  address = customerDetails.addressNo + ' ' + customerDetails.floor + ', ' + customerDetails.moo + ', ' + customerDetails.soi + ', ' + customerDetails.street + ', ' + customerDetails.subDistrict + ' ' + customerDetails.district + ' ' + customerDetails.province + ' ' + customerDetails.postalCode;\n  haveSplitOrder = false;\n}\ncy.log('check shipping Type : ' + shippingType);\ncy.log('check split order : ' + haveSplitOrder); // check product in pop up basket\ncy.wait(2000);\ncy.get('#mini-basket').should('contain', 'ตะกร้าสินค้า').click();\nproducts.forEach(function (product) {\n  price = formatNumber(product.amount * product.price);\n  cy.log('price : ' + price);\n  cy.verifyPopUpBasket(product.name, product.amount, price, productList);\n  orderSum += product.amount * product.price;\n  cy.log('orderSum : ' + orderSum);\n  productList++;\n});\nsum = formatNumber(orderSum);\ncy.get('.item-sum').should('contain', sum);\ncy.get('#mini-basket').should('contain', 'ตะกร้าสินค้า').click();\ncy.title().should('eq', 'AllOnline');\ncy.url().should('include', '/account/basket/');\nproductList = 1;\nproducts.forEach(function (product) {\n  price = formatNumber(product.amount * product.price);\n  productPrice = formatNumber(product.price);\n  cy.verifyBasket(product.name, product.barcode, product.amount, productPrice, price, productList);\n  productList++;\n});\ncy.contains('ดำเนินการชำระเงิน').click(); // shipping\ncy.url().should('include', '/checkout/shipping/');\ncy.title().should('eq', 'การจัดส่ง');\ncy.verifyShipping(shippingType, searchAddrType, customerDetails, taxInvoice);\nproductList = 1;\nproductSplitList = 1;\nproducts.forEach(function (product) {\n  cy.log('haveSplitOrder : ' + haveSplitOrder);\n  if (product.isSplit == 'Y' && haveSplitOrder) {\n    cy.verifyOrder(product.name, product.barcode, productSplitList, product.isSplit, haveSplitOrder);\n    productSplitList++;\n  } else {\n    cy.verifyOrder(product.name, product.barcode, productList, product.isSplit, haveSplitOrder);\n    productList++;\n  }\n});\nif (haveSplitOrder) {\n  cy.verifyShipping('จัดส่งตามที่อยู่', searchSplitAddressType, splitOrderDetails, taxInvoice, haveSplitOrder);\n}\ncy.get('button[id=\"continue-payment-btn\"]').contains('ดำเนินการชำระเงิน').click(); // // payment\ncy.url().should('include', '/checkout/payment/');\ncy.title().should('eq', 'ชำระเงิน');\ncy.get('.basket').should(function ($basket) {\n  expect($basket).to.contain('สรุปรายการสั่งซื้อ');\n  expect($basket).to.contain(products.length + ' สินค้า');\n  expect($basket).to.contain(customerName);\n});\nswitch (shippingType) {\n  case 'รับที่เซเว่นอีเลฟเว่น':\n    if (haveSplitOrder) {\n      cy.get('.address').first().should(function ($custAddress) {\n        expect($custAddress).to.contain('เบอร์โทรศัพท์ผู้รับสินค้า: ' + phoneNumber);\n        expect($custAddress).to.contain('เซเว่นอีเลฟเว่น #' + storeId);\n        expect($custAddress).to.contain(storeName);\n        expect($custAddress).to.contain(address);\n      });\n      cy.get('.address').eq(2).should(function ($custAddress) {\n        expect($custAddress).to.contain(customerName);\n        expect($custAddress).to.contain('เบอร์โทรติดต่อ : ' + phoneNumber);\n        expect($custAddress).to.contain(splitAddressPayment);\n      });\n    } else {\n      cy.get('.basket').should(function ($custAddress) {\n        expect($custAddress).to.contain('เบอร์โทรศัพท์ผู้รับสินค้า: ' + phoneNumber);\n        expect($custAddress).to.contain('เซเว่นอีเลฟเว่น #' + storeId);\n        expect($custAddress).to.contain('สาขา ' + storeName);\n        expect($custAddress).to.contain(address);\n      });\n    }\n    break;\n  case 'จัดส่งตามที่อยู่':\n    cy.get('.basket').should(function ($custAddress) {\n      expect($custAddress).to.contain('เบอร์โทรติดต่อ : ' + phoneNumber);\n      expect($custAddress).to.contain(address);\n    });\n    break;\n}\norderSum = 0;\nproductList = 0;\nproducts.forEach(function (product) {\n  price = formatNumber(product.amount * product.price);\n  if (haveSplitOrder && product.isSplit == 'Y') {\n    cy.log('haveSplitOrder + isSplit = Y');\n    cy.verifyOrderAtPayment(product, price, splitOrderAmount);\n    splitOrderAmount++;\n  } else {\n    cy.verifyOrderAtPayment(product, price, productList);\n    productList++;\n  }\n  if (product.getAMB) {\n    priceAMB += product.price * product.amount;\n    cy.log('priceAMB : ' + priceAMB);\n  }\n  switch (product.mstampType) {\n    case 'normalRate':\n      priceMStamp += product.price * product.amount;\n  }\n  orderSum += product.amount * product.price;\n});\nif (promotion.usePromotion) {\n  cy.typePromotion(promotion);\n  cy.visit('/');\n  cy.login(loginUsername, loginPassword, username, isReLogin);\n  cy.wait(2000);\n  cy.get('#mini-basket').should('contain', 'ตะกร้าสินค้า').dblclick();\n  cy.get('a.proceed').should('contain', 'ดำเนินการชำระเงิน').click(); // shipping\n  cy.verifyShipping(shippingType, searchAddrType, customerDetails, taxInvoice);\n  if (haveSplitOrder) {\n    cy.verifyShipping('จัดส่งตามที่อยู่', searchSplitAddressType, splitOrderDetails, taxInvoice, haveSplitOrder);\n  }\n  cy.get('button[id=\"continue-payment-btn\"]').contains('ดำเนินการชำระเงิน').click();\n  cy.wait(2000);\n  cy.checkPromotion(promotion); // calculate promotion\n  var promotionPrice = 0;\n  var haveProducts = false;\n  if (promotion.productType == '') {\n    promotionPrice = orderSum;\n    cy.log('promotionPrice : ' + promotionPrice);\n  } else {\n    products.forEach(function (product) {\n      if (promotion.productType == product.type) {\n        promotionPrice += product.price * product.amount;\n        cy.log('promotionPrice : ' + promotionPrice);\n        haveProducts = true;\n      }\n    });\n  }\n  cy.log('promotionPrice : ' + promotionPrice);\n  cy.log('promotion.discountType : ' + promotion.discountType);\n  if (promotionPrice >= promotion.minimum) {\n    switch (promotion.discountType) {\n      case 'percentage':\n        promotionPrice = parseInt(promotionPrice * (promotion.discountAmount / 100));\n        if (promotionPrice >= promotion.maxDiscount) {\n          discount = promotion.maxDiscount;\n        } else {\n          discount = promotionPrice;\n        }\n        cy.get('tr.line-coupon').should('contain', promotion.code.toUpperCase());\n        cy.log('discount : ' + discount);\n        break;\n      case 'fixedAmount':\n        if (promotionPrice >= promotion.discountAmount) {\n          discount = promotion.discountAmount;\n        } else {\n          discount = promotionPrice;\n        }\n        cy.get('tr.line-coupon').should('contain', promotion.code.toUpperCase());\n        break;\n      case 'freeShipping':\n        if (haveProducts == true) {\n          shippingFee = 0;\n          cy.get('tr.line-coupon').should('contain', promotion.code.toUpperCase());\n        }\n        break;\n      case 'freeProduct':\n        if (haveProducts == true) {\n          cy.get('#tbody-free-item > .radio-styled > .show-description').first().should('contain', promotion.freeProduct);\n          cy.get('#tbody-free-item > .radio-styled > [align=\"center\"]').first().should('contain', promotion.freeQty);\n        }\n        break;\n    }\n  }\n}\nif (discountAMBPoint > 0) {\n  cy.discountAMB(discountAMBPoint, formatNumber(discountAMBBath));\n}\nif (discountMstamp > 0) {\n  cy.discountMstamp(discountMstamp);\n} // check promotion on product\n\nproducts.forEach(function (product) {\n  if (product.promotion.hasPromotion) {\n    if (promotion.usePromotion && promotion.discountType == 'freeProduct') {\n      freeList++;\n    }\n    cy.get('.items.radio-styled > .show-description').eq(freeList).should('contain', product.promotion.name);\n    switch (product.promotion.productType) {\n      case 'freePerProduct':\n        qty = 0;\n        cy.log('product.amount : ' + product.amount);\n        cy.log('product.promotion.qty : ' + product.promotion.qty);\n        qty = product.amount * product.promotion.qty;\n        cy.get('.items.radio-styled > [align=\"center\"]').eq(freeList).should('contain', qty);\n        break;\n    }\n  }\n});\ncy.log('discount : ' + discount);\nsum = formatNumber(orderSum);\ntotalPrice = orderSum + shippingFee - discount - discountAMBBath - discountMstamp;\namb = parseInt((priceAMB - discount - discountAMBBath - discountMstamp) / 10) * 3;\nmstamp = parseInt((priceMStamp - discount - discountAMBBath - discountMstamp) / 50);\ncy.verifyTotalPrice(sum, formatNumber(shippingFee), formatNumber(totalPrice), amb, mstamp, discount, promotion.usePromotion, discountAMBBath, discountMstamp);\ncy.payment(paymentDetails);\ncy.checkReceipt(paymentDetails, customerName, formatNumber(totalPrice.toFixed(2)));\ncy.log('=========== hellooooooo ======================');\nswitch (paymentDetails.paymentType) {\n  case 'PAYATALL_CC':\n  case 'PAYATALL_TMN':\n    cy.get('.message-order-barcode').then(function ($text) {\n      var text = $text.text();\n      var words = text.trim().split(\" \");\n      var orderNo = words[1];\n      cy.wrap(orderNo).as('orderNo');\n    });\n    break;\n  case 'PAYATALL_CS':\n    cy.contains('เลขที่ใบแจ้งสินค้า/Invoice No:').siblings('.detail-table-right').then(function ($orderNo) {\n      var orderNo = $orderNo.text();\n      cy.wrap(orderNo).as('orderNo');\n    });\n    cy.visit('/');\n    cy.login(loginUsername, loginPassword, username, isReLogin);\n    break;\n}\ncy.log('check split order last : ' + haveSplitOrder);\ncy.get('@orderNo').then(function (orderNo) {\n  cy.log('order number is : ' + orderNo);\n  if (!haveSplitOrder) {\n    cy.checkStatusOrder(orderNo);\n    cy.log('check split order in if : ' + !haveSplitOrder);\n  } else {\n    var orderLength = orderNo.length;\n    for (var i = 1; i <= 2; i++) {\n      orderNo = orderNo.substring(0, orderLength - 2) + i + orderNo.substring(orderLength - 1);\n      cy.log('orderNo : ' + orderNo);\n      cy.checkStatusOrder(orderNo);\n    }\n  }\n});\nif (paymentDetails.paymentType != 'PAYATALL_CS') {\n  //     cy.visit('/')\n  //     cy.login(loginUsername, loginPassword, username, isReLogin)\n  // } else {\n  cy.checkAMB(customerName, amb);\n}",
              "err": {},
              "uuid": "6908fa11-6c8f-4e72-be61-3b4e0bd5f87a",
              "parentUUID": "4b3a3008-f965-4aa7-aa77-c83429e3fe38",
              "isHook": false,
              "skipped": false
            },
            {
              "title": "purchase products | Purchase order with TMN , รับที่เซเว่นอีเลฟเว่น",
              "fullTitle": "Login page purchase products | Purchase order with TMN , รับที่เซเว่นอีเลฟเว่น",
              "timedOut": null,
              "duration": 132500,
              "state": "passed",
              "speed": "slow",
              "pass": true,
              "fail": false,
              "pending": false,
              "context": null,
              "code": "cy.log('before check haveSplitOrder : ' + haveSplitOrder);\ncy.log('shippingType : ' + shippingType); // check remaining product in basket\ncy.get('span.cart-indicator').then(function ($cartIndicator) {\n  var num = parseInt($cartIndicator.text().replace(/,/g, '')) || 0;\n  cy.log('num cartIndicator : ' + num);\n  if (num > 0) {\n    cy.clearBasket();\n  }\n});\nif (promotion.usePromotion && promotion.searchType == 'myCoupon') {\n  // if(promotion.usePromotion) {\n  cy.get('a[href=\"/coupon/\"]').should('contain', 'คูปองส่วนลด').click();\n  cy.title().should('eq', 'Coupon | AllOnline');\n  cy.url().should('include', '/coupon/');\n  var iscated = false;\n  cy.log('promotion.code : ' + promotion.code);\n  cy.findCoupon(promotion.code, iscated);\n  cy.checkCoupon(promotion);\n  cy.getCoupon(promotion.code);\n} // add product to basket\n\nproducts.forEach(function (product) {\n  price = formatNumber(product.price);\n  cy.searchProduct(product);\n  cy.addProduct(product, price);\n  cy.wait(1000);\n  qty += product.amount;\n  cy.log('qty : ' + qty);\n  cy.get('.cart-indicator').should('contain', qty);\n  if (product.isSplit == 'Y') {\n    haveSplitOrder = true;\n    splitOrderAmount--;\n  }\n});\ncy.log('after check haveSplitOrder : ' + haveSplitOrder); // check shipping address\nif (shippingType == 'รับที่เซเว่นอีเลฟเว่น') {\n  customerDetails = {\n    \"phoneNumber\": phoneNumber,\n    \"storeId\": storeId,\n    \"storeAddress\": storeAddress,\n    \"storeName\": storeName\n  };\n  address = storeAddress;\n  if (haveSplitOrder) {\n    searchSplitAddressType = testData.splitOrderDetails.splitAddressType;\n    splitAddressPayment = splitOrderDetails.addressNo + ' ' + splitOrderDetails.floor + ', ' + splitOrderDetails.moo + ', ' + splitOrderDetails.soi + ', ' + splitOrderDetails.street + ', ' + splitOrderDetails.subDistrict + ' ' + splitOrderDetails.district + ' ' + splitOrderDetails.province + ' ' + splitOrderDetails.postalCode;\n    cy.log('splitAddressPayment : ' + splitAddressPayment);\n  }\n} else if (shippingType == 'จัดส่งตามที่อยู่') {\n  customerDetails = testData.customerDetails;\n  address = customerDetails.addressNo + ' ' + customerDetails.floor + ', ' + customerDetails.moo + ', ' + customerDetails.soi + ', ' + customerDetails.street + ', ' + customerDetails.subDistrict + ' ' + customerDetails.district + ' ' + customerDetails.province + ' ' + customerDetails.postalCode;\n  haveSplitOrder = false;\n}\ncy.log('check shipping Type : ' + shippingType);\ncy.log('check split order : ' + haveSplitOrder); // check product in pop up basket\ncy.wait(2000);\ncy.get('#mini-basket').should('contain', 'ตะกร้าสินค้า').click();\nproducts.forEach(function (product) {\n  price = formatNumber(product.amount * product.price);\n  cy.log('price : ' + price);\n  cy.verifyPopUpBasket(product.name, product.amount, price, productList);\n  orderSum += product.amount * product.price;\n  cy.log('orderSum : ' + orderSum);\n  productList++;\n});\nsum = formatNumber(orderSum);\ncy.get('.item-sum').should('contain', sum);\ncy.get('#mini-basket').should('contain', 'ตะกร้าสินค้า').click();\ncy.title().should('eq', 'AllOnline');\ncy.url().should('include', '/account/basket/');\nproductList = 1;\nproducts.forEach(function (product) {\n  price = formatNumber(product.amount * product.price);\n  productPrice = formatNumber(product.price);\n  cy.verifyBasket(product.name, product.barcode, product.amount, productPrice, price, productList);\n  productList++;\n});\ncy.contains('ดำเนินการชำระเงิน').click(); // shipping\ncy.url().should('include', '/checkout/shipping/');\ncy.title().should('eq', 'การจัดส่ง');\ncy.verifyShipping(shippingType, searchAddrType, customerDetails, taxInvoice);\nproductList = 1;\nproductSplitList = 1;\nproducts.forEach(function (product) {\n  cy.log('haveSplitOrder : ' + haveSplitOrder);\n  if (product.isSplit == 'Y' && haveSplitOrder) {\n    cy.verifyOrder(product.name, product.barcode, productSplitList, product.isSplit, haveSplitOrder);\n    productSplitList++;\n  } else {\n    cy.verifyOrder(product.name, product.barcode, productList, product.isSplit, haveSplitOrder);\n    productList++;\n  }\n});\nif (haveSplitOrder) {\n  cy.verifyShipping('จัดส่งตามที่อยู่', searchSplitAddressType, splitOrderDetails, taxInvoice, haveSplitOrder);\n}\ncy.get('button[id=\"continue-payment-btn\"]').contains('ดำเนินการชำระเงิน').click(); // // payment\ncy.url().should('include', '/checkout/payment/');\ncy.title().should('eq', 'ชำระเงิน');\ncy.get('.basket').should(function ($basket) {\n  expect($basket).to.contain('สรุปรายการสั่งซื้อ');\n  expect($basket).to.contain(products.length + ' สินค้า');\n  expect($basket).to.contain(customerName);\n});\nswitch (shippingType) {\n  case 'รับที่เซเว่นอีเลฟเว่น':\n    if (haveSplitOrder) {\n      cy.get('.address').first().should(function ($custAddress) {\n        expect($custAddress).to.contain('เบอร์โทรศัพท์ผู้รับสินค้า: ' + phoneNumber);\n        expect($custAddress).to.contain('เซเว่นอีเลฟเว่น #' + storeId);\n        expect($custAddress).to.contain(storeName);\n        expect($custAddress).to.contain(address);\n      });\n      cy.get('.address').eq(2).should(function ($custAddress) {\n        expect($custAddress).to.contain(customerName);\n        expect($custAddress).to.contain('เบอร์โทรติดต่อ : ' + phoneNumber);\n        expect($custAddress).to.contain(splitAddressPayment);\n      });\n    } else {\n      cy.get('.basket').should(function ($custAddress) {\n        expect($custAddress).to.contain('เบอร์โทรศัพท์ผู้รับสินค้า: ' + phoneNumber);\n        expect($custAddress).to.contain('เซเว่นอีเลฟเว่น #' + storeId);\n        expect($custAddress).to.contain('สาขา ' + storeName);\n        expect($custAddress).to.contain(address);\n      });\n    }\n    break;\n  case 'จัดส่งตามที่อยู่':\n    cy.get('.basket').should(function ($custAddress) {\n      expect($custAddress).to.contain('เบอร์โทรติดต่อ : ' + phoneNumber);\n      expect($custAddress).to.contain(address);\n    });\n    break;\n}\norderSum = 0;\nproductList = 0;\nproducts.forEach(function (product) {\n  price = formatNumber(product.amount * product.price);\n  if (haveSplitOrder && product.isSplit == 'Y') {\n    cy.log('haveSplitOrder + isSplit = Y');\n    cy.verifyOrderAtPayment(product, price, splitOrderAmount);\n    splitOrderAmount++;\n  } else {\n    cy.verifyOrderAtPayment(product, price, productList);\n    productList++;\n  }\n  if (product.getAMB) {\n    priceAMB += product.price * product.amount;\n    cy.log('priceAMB : ' + priceAMB);\n  }\n  switch (product.mstampType) {\n    case 'normalRate':\n      priceMStamp += product.price * product.amount;\n  }\n  orderSum += product.amount * product.price;\n});\nif (promotion.usePromotion) {\n  cy.typePromotion(promotion);\n  cy.visit('/');\n  cy.login(loginUsername, loginPassword, username, isReLogin);\n  cy.wait(2000);\n  cy.get('#mini-basket').should('contain', 'ตะกร้าสินค้า').dblclick();\n  cy.get('a.proceed').should('contain', 'ดำเนินการชำระเงิน').click(); // shipping\n  cy.verifyShipping(shippingType, searchAddrType, customerDetails, taxInvoice);\n  if (haveSplitOrder) {\n    cy.verifyShipping('จัดส่งตามที่อยู่', searchSplitAddressType, splitOrderDetails, taxInvoice, haveSplitOrder);\n  }\n  cy.get('button[id=\"continue-payment-btn\"]').contains('ดำเนินการชำระเงิน').click();\n  cy.wait(2000);\n  cy.checkPromotion(promotion); // calculate promotion\n  var promotionPrice = 0;\n  var haveProducts = false;\n  if (promotion.productType == '') {\n    promotionPrice = orderSum;\n    cy.log('promotionPrice : ' + promotionPrice);\n  } else {\n    products.forEach(function (product) {\n      if (promotion.productType == product.type) {\n        promotionPrice += product.price * product.amount;\n        cy.log('promotionPrice : ' + promotionPrice);\n        haveProducts = true;\n      }\n    });\n  }\n  cy.log('promotionPrice : ' + promotionPrice);\n  cy.log('promotion.discountType : ' + promotion.discountType);\n  if (promotionPrice >= promotion.minimum) {\n    switch (promotion.discountType) {\n      case 'percentage':\n        promotionPrice = parseInt(promotionPrice * (promotion.discountAmount / 100));\n        if (promotionPrice >= promotion.maxDiscount) {\n          discount = promotion.maxDiscount;\n        } else {\n          discount = promotionPrice;\n        }\n        cy.get('tr.line-coupon').should('contain', promotion.code.toUpperCase());\n        cy.log('discount : ' + discount);\n        break;\n      case 'fixedAmount':\n        if (promotionPrice >= promotion.discountAmount) {\n          discount = promotion.discountAmount;\n        } else {\n          discount = promotionPrice;\n        }\n        cy.get('tr.line-coupon').should('contain', promotion.code.toUpperCase());\n        break;\n      case 'freeShipping':\n        if (haveProducts == true) {\n          shippingFee = 0;\n          cy.get('tr.line-coupon').should('contain', promotion.code.toUpperCase());\n        }\n        break;\n      case 'freeProduct':\n        if (haveProducts == true) {\n          cy.get('#tbody-free-item > .radio-styled > .show-description').first().should('contain', promotion.freeProduct);\n          cy.get('#tbody-free-item > .radio-styled > [align=\"center\"]').first().should('contain', promotion.freeQty);\n        }\n        break;\n    }\n  }\n}\nif (discountAMBPoint > 0) {\n  cy.discountAMB(discountAMBPoint, formatNumber(discountAMBBath));\n}\nif (discountMstamp > 0) {\n  cy.discountMstamp(discountMstamp);\n} // check promotion on product\n\nproducts.forEach(function (product) {\n  if (product.promotion.hasPromotion) {\n    if (promotion.usePromotion && promotion.discountType == 'freeProduct') {\n      freeList++;\n    }\n    cy.get('.items.radio-styled > .show-description').eq(freeList).should('contain', product.promotion.name);\n    switch (product.promotion.productType) {\n      case 'freePerProduct':\n        qty = 0;\n        cy.log('product.amount : ' + product.amount);\n        cy.log('product.promotion.qty : ' + product.promotion.qty);\n        qty = product.amount * product.promotion.qty;\n        cy.get('.items.radio-styled > [align=\"center\"]').eq(freeList).should('contain', qty);\n        break;\n    }\n  }\n});\ncy.log('discount : ' + discount);\nsum = formatNumber(orderSum);\ntotalPrice = orderSum + shippingFee - discount - discountAMBBath - discountMstamp;\namb = parseInt((priceAMB - discount - discountAMBBath - discountMstamp) / 10) * 3;\nmstamp = parseInt((priceMStamp - discount - discountAMBBath - discountMstamp) / 50);\ncy.verifyTotalPrice(sum, formatNumber(shippingFee), formatNumber(totalPrice), amb, mstamp, discount, promotion.usePromotion, discountAMBBath, discountMstamp);\ncy.payment(paymentDetails);\ncy.checkReceipt(paymentDetails, customerName, formatNumber(totalPrice.toFixed(2)));\ncy.log('=========== hellooooooo ======================');\nswitch (paymentDetails.paymentType) {\n  case 'PAYATALL_CC':\n  case 'PAYATALL_TMN':\n    cy.get('.message-order-barcode').then(function ($text) {\n      var text = $text.text();\n      var words = text.trim().split(\" \");\n      var orderNo = words[1];\n      cy.wrap(orderNo).as('orderNo');\n    });\n    break;\n  case 'PAYATALL_CS':\n    cy.contains('เลขที่ใบแจ้งสินค้า/Invoice No:').siblings('.detail-table-right').then(function ($orderNo) {\n      var orderNo = $orderNo.text();\n      cy.wrap(orderNo).as('orderNo');\n    });\n    cy.visit('/');\n    cy.login(loginUsername, loginPassword, username, isReLogin);\n    break;\n}\ncy.log('check split order last : ' + haveSplitOrder);\ncy.get('@orderNo').then(function (orderNo) {\n  cy.log('order number is : ' + orderNo);\n  if (!haveSplitOrder) {\n    cy.checkStatusOrder(orderNo);\n    cy.log('check split order in if : ' + !haveSplitOrder);\n  } else {\n    var orderLength = orderNo.length;\n    for (var i = 1; i <= 2; i++) {\n      orderNo = orderNo.substring(0, orderLength - 2) + i + orderNo.substring(orderLength - 1);\n      cy.log('orderNo : ' + orderNo);\n      cy.checkStatusOrder(orderNo);\n    }\n  }\n});\nif (paymentDetails.paymentType != 'PAYATALL_CS') {\n  //     cy.visit('/')\n  //     cy.login(loginUsername, loginPassword, username, isReLogin)\n  // } else {\n  cy.checkAMB(customerName, amb);\n}",
              "err": {},
              "uuid": "2d3887ed-ed79-4cd1-9378-d25f6aa52c66",
              "parentUUID": "4b3a3008-f965-4aa7-aa77-c83429e3fe38",
              "isHook": false,
              "skipped": false
            },
            {
              "title": "purchase products | Purchase order with CC , รับที่เซเว่นอีเลฟเว่น",
              "fullTitle": "Login page purchase products | Purchase order with CC , รับที่เซเว่นอีเลฟเว่น",
              "timedOut": null,
              "duration": 89248,
              "state": "passed",
              "speed": "slow",
              "pass": true,
              "fail": false,
              "pending": false,
              "context": null,
              "code": "cy.log('before check haveSplitOrder : ' + haveSplitOrder);\ncy.log('shippingType : ' + shippingType); // check remaining product in basket\ncy.get('span.cart-indicator').then(function ($cartIndicator) {\n  var num = parseInt($cartIndicator.text().replace(/,/g, '')) || 0;\n  cy.log('num cartIndicator : ' + num);\n  if (num > 0) {\n    cy.clearBasket();\n  }\n});\nif (promotion.usePromotion && promotion.searchType == 'myCoupon') {\n  // if(promotion.usePromotion) {\n  cy.get('a[href=\"/coupon/\"]').should('contain', 'คูปองส่วนลด').click();\n  cy.title().should('eq', 'Coupon | AllOnline');\n  cy.url().should('include', '/coupon/');\n  var iscated = false;\n  cy.log('promotion.code : ' + promotion.code);\n  cy.findCoupon(promotion.code, iscated);\n  cy.checkCoupon(promotion);\n  cy.getCoupon(promotion.code);\n} // add product to basket\n\nproducts.forEach(function (product) {\n  price = formatNumber(product.price);\n  cy.searchProduct(product);\n  cy.addProduct(product, price);\n  cy.wait(1000);\n  qty += product.amount;\n  cy.log('qty : ' + qty);\n  cy.get('.cart-indicator').should('contain', qty);\n  if (product.isSplit == 'Y') {\n    haveSplitOrder = true;\n    splitOrderAmount--;\n  }\n});\ncy.log('after check haveSplitOrder : ' + haveSplitOrder); // check shipping address\nif (shippingType == 'รับที่เซเว่นอีเลฟเว่น') {\n  customerDetails = {\n    \"phoneNumber\": phoneNumber,\n    \"storeId\": storeId,\n    \"storeAddress\": storeAddress,\n    \"storeName\": storeName\n  };\n  address = storeAddress;\n  if (haveSplitOrder) {\n    searchSplitAddressType = testData.splitOrderDetails.splitAddressType;\n    splitAddressPayment = splitOrderDetails.addressNo + ' ' + splitOrderDetails.floor + ', ' + splitOrderDetails.moo + ', ' + splitOrderDetails.soi + ', ' + splitOrderDetails.street + ', ' + splitOrderDetails.subDistrict + ' ' + splitOrderDetails.district + ' ' + splitOrderDetails.province + ' ' + splitOrderDetails.postalCode;\n    cy.log('splitAddressPayment : ' + splitAddressPayment);\n  }\n} else if (shippingType == 'จัดส่งตามที่อยู่') {\n  customerDetails = testData.customerDetails;\n  address = customerDetails.addressNo + ' ' + customerDetails.floor + ', ' + customerDetails.moo + ', ' + customerDetails.soi + ', ' + customerDetails.street + ', ' + customerDetails.subDistrict + ' ' + customerDetails.district + ' ' + customerDetails.province + ' ' + customerDetails.postalCode;\n  haveSplitOrder = false;\n}\ncy.log('check shipping Type : ' + shippingType);\ncy.log('check split order : ' + haveSplitOrder); // check product in pop up basket\ncy.wait(2000);\ncy.get('#mini-basket').should('contain', 'ตะกร้าสินค้า').click();\nproducts.forEach(function (product) {\n  price = formatNumber(product.amount * product.price);\n  cy.log('price : ' + price);\n  cy.verifyPopUpBasket(product.name, product.amount, price, productList);\n  orderSum += product.amount * product.price;\n  cy.log('orderSum : ' + orderSum);\n  productList++;\n});\nsum = formatNumber(orderSum);\ncy.get('.item-sum').should('contain', sum);\ncy.get('#mini-basket').should('contain', 'ตะกร้าสินค้า').click();\ncy.title().should('eq', 'AllOnline');\ncy.url().should('include', '/account/basket/');\nproductList = 1;\nproducts.forEach(function (product) {\n  price = formatNumber(product.amount * product.price);\n  productPrice = formatNumber(product.price);\n  cy.verifyBasket(product.name, product.barcode, product.amount, productPrice, price, productList);\n  productList++;\n});\ncy.contains('ดำเนินการชำระเงิน').click(); // shipping\ncy.url().should('include', '/checkout/shipping/');\ncy.title().should('eq', 'การจัดส่ง');\ncy.verifyShipping(shippingType, searchAddrType, customerDetails, taxInvoice);\nproductList = 1;\nproductSplitList = 1;\nproducts.forEach(function (product) {\n  cy.log('haveSplitOrder : ' + haveSplitOrder);\n  if (product.isSplit == 'Y' && haveSplitOrder) {\n    cy.verifyOrder(product.name, product.barcode, productSplitList, product.isSplit, haveSplitOrder);\n    productSplitList++;\n  } else {\n    cy.verifyOrder(product.name, product.barcode, productList, product.isSplit, haveSplitOrder);\n    productList++;\n  }\n});\nif (haveSplitOrder) {\n  cy.verifyShipping('จัดส่งตามที่อยู่', searchSplitAddressType, splitOrderDetails, taxInvoice, haveSplitOrder);\n}\ncy.get('button[id=\"continue-payment-btn\"]').contains('ดำเนินการชำระเงิน').click(); // // payment\ncy.url().should('include', '/checkout/payment/');\ncy.title().should('eq', 'ชำระเงิน');\ncy.get('.basket').should(function ($basket) {\n  expect($basket).to.contain('สรุปรายการสั่งซื้อ');\n  expect($basket).to.contain(products.length + ' สินค้า');\n  expect($basket).to.contain(customerName);\n});\nswitch (shippingType) {\n  case 'รับที่เซเว่นอีเลฟเว่น':\n    if (haveSplitOrder) {\n      cy.get('.address').first().should(function ($custAddress) {\n        expect($custAddress).to.contain('เบอร์โทรศัพท์ผู้รับสินค้า: ' + phoneNumber);\n        expect($custAddress).to.contain('เซเว่นอีเลฟเว่น #' + storeId);\n        expect($custAddress).to.contain(storeName);\n        expect($custAddress).to.contain(address);\n      });\n      cy.get('.address').eq(2).should(function ($custAddress) {\n        expect($custAddress).to.contain(customerName);\n        expect($custAddress).to.contain('เบอร์โทรติดต่อ : ' + phoneNumber);\n        expect($custAddress).to.contain(splitAddressPayment);\n      });\n    } else {\n      cy.get('.basket').should(function ($custAddress) {\n        expect($custAddress).to.contain('เบอร์โทรศัพท์ผู้รับสินค้า: ' + phoneNumber);\n        expect($custAddress).to.contain('เซเว่นอีเลฟเว่น #' + storeId);\n        expect($custAddress).to.contain('สาขา ' + storeName);\n        expect($custAddress).to.contain(address);\n      });\n    }\n    break;\n  case 'จัดส่งตามที่อยู่':\n    cy.get('.basket').should(function ($custAddress) {\n      expect($custAddress).to.contain('เบอร์โทรติดต่อ : ' + phoneNumber);\n      expect($custAddress).to.contain(address);\n    });\n    break;\n}\norderSum = 0;\nproductList = 0;\nproducts.forEach(function (product) {\n  price = formatNumber(product.amount * product.price);\n  if (haveSplitOrder && product.isSplit == 'Y') {\n    cy.log('haveSplitOrder + isSplit = Y');\n    cy.verifyOrderAtPayment(product, price, splitOrderAmount);\n    splitOrderAmount++;\n  } else {\n    cy.verifyOrderAtPayment(product, price, productList);\n    productList++;\n  }\n  if (product.getAMB) {\n    priceAMB += product.price * product.amount;\n    cy.log('priceAMB : ' + priceAMB);\n  }\n  switch (product.mstampType) {\n    case 'normalRate':\n      priceMStamp += product.price * product.amount;\n  }\n  orderSum += product.amount * product.price;\n});\nif (promotion.usePromotion) {\n  cy.typePromotion(promotion);\n  cy.visit('/');\n  cy.login(loginUsername, loginPassword, username, isReLogin);\n  cy.wait(2000);\n  cy.get('#mini-basket').should('contain', 'ตะกร้าสินค้า').dblclick();\n  cy.get('a.proceed').should('contain', 'ดำเนินการชำระเงิน').click(); // shipping\n  cy.verifyShipping(shippingType, searchAddrType, customerDetails, taxInvoice);\n  if (haveSplitOrder) {\n    cy.verifyShipping('จัดส่งตามที่อยู่', searchSplitAddressType, splitOrderDetails, taxInvoice, haveSplitOrder);\n  }\n  cy.get('button[id=\"continue-payment-btn\"]').contains('ดำเนินการชำระเงิน').click();\n  cy.wait(2000);\n  cy.checkPromotion(promotion); // calculate promotion\n  var promotionPrice = 0;\n  var haveProducts = false;\n  if (promotion.productType == '') {\n    promotionPrice = orderSum;\n    cy.log('promotionPrice : ' + promotionPrice);\n  } else {\n    products.forEach(function (product) {\n      if (promotion.productType == product.type) {\n        promotionPrice += product.price * product.amount;\n        cy.log('promotionPrice : ' + promotionPrice);\n        haveProducts = true;\n      }\n    });\n  }\n  cy.log('promotionPrice : ' + promotionPrice);\n  cy.log('promotion.discountType : ' + promotion.discountType);\n  if (promotionPrice >= promotion.minimum) {\n    switch (promotion.discountType) {\n      case 'percentage':\n        promotionPrice = parseInt(promotionPrice * (promotion.discountAmount / 100));\n        if (promotionPrice >= promotion.maxDiscount) {\n          discount = promotion.maxDiscount;\n        } else {\n          discount = promotionPrice;\n        }\n        cy.get('tr.line-coupon').should('contain', promotion.code.toUpperCase());\n        cy.log('discount : ' + discount);\n        break;\n      case 'fixedAmount':\n        if (promotionPrice >= promotion.discountAmount) {\n          discount = promotion.discountAmount;\n        } else {\n          discount = promotionPrice;\n        }\n        cy.get('tr.line-coupon').should('contain', promotion.code.toUpperCase());\n        break;\n      case 'freeShipping':\n        if (haveProducts == true) {\n          shippingFee = 0;\n          cy.get('tr.line-coupon').should('contain', promotion.code.toUpperCase());\n        }\n        break;\n      case 'freeProduct':\n        if (haveProducts == true) {\n          cy.get('#tbody-free-item > .radio-styled > .show-description').first().should('contain', promotion.freeProduct);\n          cy.get('#tbody-free-item > .radio-styled > [align=\"center\"]').first().should('contain', promotion.freeQty);\n        }\n        break;\n    }\n  }\n}\nif (discountAMBPoint > 0) {\n  cy.discountAMB(discountAMBPoint, formatNumber(discountAMBBath));\n}\nif (discountMstamp > 0) {\n  cy.discountMstamp(discountMstamp);\n} // check promotion on product\n\nproducts.forEach(function (product) {\n  if (product.promotion.hasPromotion) {\n    if (promotion.usePromotion && promotion.discountType == 'freeProduct') {\n      freeList++;\n    }\n    cy.get('.items.radio-styled > .show-description').eq(freeList).should('contain', product.promotion.name);\n    switch (product.promotion.productType) {\n      case 'freePerProduct':\n        qty = 0;\n        cy.log('product.amount : ' + product.amount);\n        cy.log('product.promotion.qty : ' + product.promotion.qty);\n        qty = product.amount * product.promotion.qty;\n        cy.get('.items.radio-styled > [align=\"center\"]').eq(freeList).should('contain', qty);\n        break;\n    }\n  }\n});\ncy.log('discount : ' + discount);\nsum = formatNumber(orderSum);\ntotalPrice = orderSum + shippingFee - discount - discountAMBBath - discountMstamp;\namb = parseInt((priceAMB - discount - discountAMBBath - discountMstamp) / 10) * 3;\nmstamp = parseInt((priceMStamp - discount - discountAMBBath - discountMstamp) / 50);\ncy.verifyTotalPrice(sum, formatNumber(shippingFee), formatNumber(totalPrice), amb, mstamp, discount, promotion.usePromotion, discountAMBBath, discountMstamp);\ncy.payment(paymentDetails);\ncy.checkReceipt(paymentDetails, customerName, formatNumber(totalPrice.toFixed(2)));\ncy.log('=========== hellooooooo ======================');\nswitch (paymentDetails.paymentType) {\n  case 'PAYATALL_CC':\n  case 'PAYATALL_TMN':\n    cy.get('.message-order-barcode').then(function ($text) {\n      var text = $text.text();\n      var words = text.trim().split(\" \");\n      var orderNo = words[1];\n      cy.wrap(orderNo).as('orderNo');\n    });\n    break;\n  case 'PAYATALL_CS':\n    cy.contains('เลขที่ใบแจ้งสินค้า/Invoice No:').siblings('.detail-table-right').then(function ($orderNo) {\n      var orderNo = $orderNo.text();\n      cy.wrap(orderNo).as('orderNo');\n    });\n    cy.visit('/');\n    cy.login(loginUsername, loginPassword, username, isReLogin);\n    break;\n}\ncy.log('check split order last : ' + haveSplitOrder);\ncy.get('@orderNo').then(function (orderNo) {\n  cy.log('order number is : ' + orderNo);\n  if (!haveSplitOrder) {\n    cy.checkStatusOrder(orderNo);\n    cy.log('check split order in if : ' + !haveSplitOrder);\n  } else {\n    var orderLength = orderNo.length;\n    for (var i = 1; i <= 2; i++) {\n      orderNo = orderNo.substring(0, orderLength - 2) + i + orderNo.substring(orderLength - 1);\n      cy.log('orderNo : ' + orderNo);\n      cy.checkStatusOrder(orderNo);\n    }\n  }\n});\nif (paymentDetails.paymentType != 'PAYATALL_CS') {\n  //     cy.visit('/')\n  //     cy.login(loginUsername, loginPassword, username, isReLogin)\n  // } else {\n  cy.checkAMB(customerName, amb);\n}",
              "err": {},
              "uuid": "4dfd0f3e-46a2-4ab6-966c-a6d8bc17024c",
              "parentUUID": "4b3a3008-f965-4aa7-aa77-c83429e3fe38",
              "isHook": false,
              "skipped": false
            },
            {
              "title": "purchase products | Purchase order with CS , จัดส่งตามที่อยู่",
              "fullTitle": "Login page purchase products | Purchase order with CS , จัดส่งตามที่อยู่",
              "timedOut": null,
              "duration": 93888,
              "state": "passed",
              "speed": "slow",
              "pass": true,
              "fail": false,
              "pending": false,
              "context": null,
              "code": "cy.log('before check haveSplitOrder : ' + haveSplitOrder);\ncy.log('shippingType : ' + shippingType); // check remaining product in basket\ncy.get('span.cart-indicator').then(function ($cartIndicator) {\n  var num = parseInt($cartIndicator.text().replace(/,/g, '')) || 0;\n  cy.log('num cartIndicator : ' + num);\n  if (num > 0) {\n    cy.clearBasket();\n  }\n});\nif (promotion.usePromotion && promotion.searchType == 'myCoupon') {\n  // if(promotion.usePromotion) {\n  cy.get('a[href=\"/coupon/\"]').should('contain', 'คูปองส่วนลด').click();\n  cy.title().should('eq', 'Coupon | AllOnline');\n  cy.url().should('include', '/coupon/');\n  var iscated = false;\n  cy.log('promotion.code : ' + promotion.code);\n  cy.findCoupon(promotion.code, iscated);\n  cy.checkCoupon(promotion);\n  cy.getCoupon(promotion.code);\n} // add product to basket\n\nproducts.forEach(function (product) {\n  price = formatNumber(product.price);\n  cy.searchProduct(product);\n  cy.addProduct(product, price);\n  cy.wait(1000);\n  qty += product.amount;\n  cy.log('qty : ' + qty);\n  cy.get('.cart-indicator').should('contain', qty);\n  if (product.isSplit == 'Y') {\n    haveSplitOrder = true;\n    splitOrderAmount--;\n  }\n});\ncy.log('after check haveSplitOrder : ' + haveSplitOrder); // check shipping address\nif (shippingType == 'รับที่เซเว่นอีเลฟเว่น') {\n  customerDetails = {\n    \"phoneNumber\": phoneNumber,\n    \"storeId\": storeId,\n    \"storeAddress\": storeAddress,\n    \"storeName\": storeName\n  };\n  address = storeAddress;\n  if (haveSplitOrder) {\n    searchSplitAddressType = testData.splitOrderDetails.splitAddressType;\n    splitAddressPayment = splitOrderDetails.addressNo + ' ' + splitOrderDetails.floor + ', ' + splitOrderDetails.moo + ', ' + splitOrderDetails.soi + ', ' + splitOrderDetails.street + ', ' + splitOrderDetails.subDistrict + ' ' + splitOrderDetails.district + ' ' + splitOrderDetails.province + ' ' + splitOrderDetails.postalCode;\n    cy.log('splitAddressPayment : ' + splitAddressPayment);\n  }\n} else if (shippingType == 'จัดส่งตามที่อยู่') {\n  customerDetails = testData.customerDetails;\n  address = customerDetails.addressNo + ' ' + customerDetails.floor + ', ' + customerDetails.moo + ', ' + customerDetails.soi + ', ' + customerDetails.street + ', ' + customerDetails.subDistrict + ' ' + customerDetails.district + ' ' + customerDetails.province + ' ' + customerDetails.postalCode;\n  haveSplitOrder = false;\n}\ncy.log('check shipping Type : ' + shippingType);\ncy.log('check split order : ' + haveSplitOrder); // check product in pop up basket\ncy.wait(2000);\ncy.get('#mini-basket').should('contain', 'ตะกร้าสินค้า').click();\nproducts.forEach(function (product) {\n  price = formatNumber(product.amount * product.price);\n  cy.log('price : ' + price);\n  cy.verifyPopUpBasket(product.name, product.amount, price, productList);\n  orderSum += product.amount * product.price;\n  cy.log('orderSum : ' + orderSum);\n  productList++;\n});\nsum = formatNumber(orderSum);\ncy.get('.item-sum').should('contain', sum);\ncy.get('#mini-basket').should('contain', 'ตะกร้าสินค้า').click();\ncy.title().should('eq', 'AllOnline');\ncy.url().should('include', '/account/basket/');\nproductList = 1;\nproducts.forEach(function (product) {\n  price = formatNumber(product.amount * product.price);\n  productPrice = formatNumber(product.price);\n  cy.verifyBasket(product.name, product.barcode, product.amount, productPrice, price, productList);\n  productList++;\n});\ncy.contains('ดำเนินการชำระเงิน').click(); // shipping\ncy.url().should('include', '/checkout/shipping/');\ncy.title().should('eq', 'การจัดส่ง');\ncy.verifyShipping(shippingType, searchAddrType, customerDetails, taxInvoice);\nproductList = 1;\nproductSplitList = 1;\nproducts.forEach(function (product) {\n  cy.log('haveSplitOrder : ' + haveSplitOrder);\n  if (product.isSplit == 'Y' && haveSplitOrder) {\n    cy.verifyOrder(product.name, product.barcode, productSplitList, product.isSplit, haveSplitOrder);\n    productSplitList++;\n  } else {\n    cy.verifyOrder(product.name, product.barcode, productList, product.isSplit, haveSplitOrder);\n    productList++;\n  }\n});\nif (haveSplitOrder) {\n  cy.verifyShipping('จัดส่งตามที่อยู่', searchSplitAddressType, splitOrderDetails, taxInvoice, haveSplitOrder);\n}\ncy.get('button[id=\"continue-payment-btn\"]').contains('ดำเนินการชำระเงิน').click(); // // payment\ncy.url().should('include', '/checkout/payment/');\ncy.title().should('eq', 'ชำระเงิน');\ncy.get('.basket').should(function ($basket) {\n  expect($basket).to.contain('สรุปรายการสั่งซื้อ');\n  expect($basket).to.contain(products.length + ' สินค้า');\n  expect($basket).to.contain(customerName);\n});\nswitch (shippingType) {\n  case 'รับที่เซเว่นอีเลฟเว่น':\n    if (haveSplitOrder) {\n      cy.get('.address').first().should(function ($custAddress) {\n        expect($custAddress).to.contain('เบอร์โทรศัพท์ผู้รับสินค้า: ' + phoneNumber);\n        expect($custAddress).to.contain('เซเว่นอีเลฟเว่น #' + storeId);\n        expect($custAddress).to.contain(storeName);\n        expect($custAddress).to.contain(address);\n      });\n      cy.get('.address').eq(2).should(function ($custAddress) {\n        expect($custAddress).to.contain(customerName);\n        expect($custAddress).to.contain('เบอร์โทรติดต่อ : ' + phoneNumber);\n        expect($custAddress).to.contain(splitAddressPayment);\n      });\n    } else {\n      cy.get('.basket').should(function ($custAddress) {\n        expect($custAddress).to.contain('เบอร์โทรศัพท์ผู้รับสินค้า: ' + phoneNumber);\n        expect($custAddress).to.contain('เซเว่นอีเลฟเว่น #' + storeId);\n        expect($custAddress).to.contain('สาขา ' + storeName);\n        expect($custAddress).to.contain(address);\n      });\n    }\n    break;\n  case 'จัดส่งตามที่อยู่':\n    cy.get('.basket').should(function ($custAddress) {\n      expect($custAddress).to.contain('เบอร์โทรติดต่อ : ' + phoneNumber);\n      expect($custAddress).to.contain(address);\n    });\n    break;\n}\norderSum = 0;\nproductList = 0;\nproducts.forEach(function (product) {\n  price = formatNumber(product.amount * product.price);\n  if (haveSplitOrder && product.isSplit == 'Y') {\n    cy.log('haveSplitOrder + isSplit = Y');\n    cy.verifyOrderAtPayment(product, price, splitOrderAmount);\n    splitOrderAmount++;\n  } else {\n    cy.verifyOrderAtPayment(product, price, productList);\n    productList++;\n  }\n  if (product.getAMB) {\n    priceAMB += product.price * product.amount;\n    cy.log('priceAMB : ' + priceAMB);\n  }\n  switch (product.mstampType) {\n    case 'normalRate':\n      priceMStamp += product.price * product.amount;\n  }\n  orderSum += product.amount * product.price;\n});\nif (promotion.usePromotion) {\n  cy.typePromotion(promotion);\n  cy.visit('/');\n  cy.login(loginUsername, loginPassword, username, isReLogin);\n  cy.wait(2000);\n  cy.get('#mini-basket').should('contain', 'ตะกร้าสินค้า').dblclick();\n  cy.get('a.proceed').should('contain', 'ดำเนินการชำระเงิน').click(); // shipping\n  cy.verifyShipping(shippingType, searchAddrType, customerDetails, taxInvoice);\n  if (haveSplitOrder) {\n    cy.verifyShipping('จัดส่งตามที่อยู่', searchSplitAddressType, splitOrderDetails, taxInvoice, haveSplitOrder);\n  }\n  cy.get('button[id=\"continue-payment-btn\"]').contains('ดำเนินการชำระเงิน').click();\n  cy.wait(2000);\n  cy.checkPromotion(promotion); // calculate promotion\n  var promotionPrice = 0;\n  var haveProducts = false;\n  if (promotion.productType == '') {\n    promotionPrice = orderSum;\n    cy.log('promotionPrice : ' + promotionPrice);\n  } else {\n    products.forEach(function (product) {\n      if (promotion.productType == product.type) {\n        promotionPrice += product.price * product.amount;\n        cy.log('promotionPrice : ' + promotionPrice);\n        haveProducts = true;\n      }\n    });\n  }\n  cy.log('promotionPrice : ' + promotionPrice);\n  cy.log('promotion.discountType : ' + promotion.discountType);\n  if (promotionPrice >= promotion.minimum) {\n    switch (promotion.discountType) {\n      case 'percentage':\n        promotionPrice = parseInt(promotionPrice * (promotion.discountAmount / 100));\n        if (promotionPrice >= promotion.maxDiscount) {\n          discount = promotion.maxDiscount;\n        } else {\n          discount = promotionPrice;\n        }\n        cy.get('tr.line-coupon').should('contain', promotion.code.toUpperCase());\n        cy.log('discount : ' + discount);\n        break;\n      case 'fixedAmount':\n        if (promotionPrice >= promotion.discountAmount) {\n          discount = promotion.discountAmount;\n        } else {\n          discount = promotionPrice;\n        }\n        cy.get('tr.line-coupon').should('contain', promotion.code.toUpperCase());\n        break;\n      case 'freeShipping':\n        if (haveProducts == true) {\n          shippingFee = 0;\n          cy.get('tr.line-coupon').should('contain', promotion.code.toUpperCase());\n        }\n        break;\n      case 'freeProduct':\n        if (haveProducts == true) {\n          cy.get('#tbody-free-item > .radio-styled > .show-description').first().should('contain', promotion.freeProduct);\n          cy.get('#tbody-free-item > .radio-styled > [align=\"center\"]').first().should('contain', promotion.freeQty);\n        }\n        break;\n    }\n  }\n}\nif (discountAMBPoint > 0) {\n  cy.discountAMB(discountAMBPoint, formatNumber(discountAMBBath));\n}\nif (discountMstamp > 0) {\n  cy.discountMstamp(discountMstamp);\n} // check promotion on product\n\nproducts.forEach(function (product) {\n  if (product.promotion.hasPromotion) {\n    if (promotion.usePromotion && promotion.discountType == 'freeProduct') {\n      freeList++;\n    }\n    cy.get('.items.radio-styled > .show-description').eq(freeList).should('contain', product.promotion.name);\n    switch (product.promotion.productType) {\n      case 'freePerProduct':\n        qty = 0;\n        cy.log('product.amount : ' + product.amount);\n        cy.log('product.promotion.qty : ' + product.promotion.qty);\n        qty = product.amount * product.promotion.qty;\n        cy.get('.items.radio-styled > [align=\"center\"]').eq(freeList).should('contain', qty);\n        break;\n    }\n  }\n});\ncy.log('discount : ' + discount);\nsum = formatNumber(orderSum);\ntotalPrice = orderSum + shippingFee - discount - discountAMBBath - discountMstamp;\namb = parseInt((priceAMB - discount - discountAMBBath - discountMstamp) / 10) * 3;\nmstamp = parseInt((priceMStamp - discount - discountAMBBath - discountMstamp) / 50);\ncy.verifyTotalPrice(sum, formatNumber(shippingFee), formatNumber(totalPrice), amb, mstamp, discount, promotion.usePromotion, discountAMBBath, discountMstamp);\ncy.payment(paymentDetails);\ncy.checkReceipt(paymentDetails, customerName, formatNumber(totalPrice.toFixed(2)));\ncy.log('=========== hellooooooo ======================');\nswitch (paymentDetails.paymentType) {\n  case 'PAYATALL_CC':\n  case 'PAYATALL_TMN':\n    cy.get('.message-order-barcode').then(function ($text) {\n      var text = $text.text();\n      var words = text.trim().split(\" \");\n      var orderNo = words[1];\n      cy.wrap(orderNo).as('orderNo');\n    });\n    break;\n  case 'PAYATALL_CS':\n    cy.contains('เลขที่ใบแจ้งสินค้า/Invoice No:').siblings('.detail-table-right').then(function ($orderNo) {\n      var orderNo = $orderNo.text();\n      cy.wrap(orderNo).as('orderNo');\n    });\n    cy.visit('/');\n    cy.login(loginUsername, loginPassword, username, isReLogin);\n    break;\n}\ncy.log('check split order last : ' + haveSplitOrder);\ncy.get('@orderNo').then(function (orderNo) {\n  cy.log('order number is : ' + orderNo);\n  if (!haveSplitOrder) {\n    cy.checkStatusOrder(orderNo);\n    cy.log('check split order in if : ' + !haveSplitOrder);\n  } else {\n    var orderLength = orderNo.length;\n    for (var i = 1; i <= 2; i++) {\n      orderNo = orderNo.substring(0, orderLength - 2) + i + orderNo.substring(orderLength - 1);\n      cy.log('orderNo : ' + orderNo);\n      cy.checkStatusOrder(orderNo);\n    }\n  }\n});\nif (paymentDetails.paymentType != 'PAYATALL_CS') {\n  //     cy.visit('/')\n  //     cy.login(loginUsername, loginPassword, username, isReLogin)\n  // } else {\n  cy.checkAMB(customerName, amb);\n}",
              "err": {},
              "uuid": "7cd1eec6-cd1a-4ede-9ca9-b4099e7b7f53",
              "parentUUID": "4b3a3008-f965-4aa7-aa77-c83429e3fe38",
              "isHook": false,
              "skipped": false
            },
            {
              "title": "purchase products | Purchase order with TMN , จัดส่งตามที่อยู่",
              "fullTitle": "Login page purchase products | Purchase order with TMN , จัดส่งตามที่อยู่",
              "timedOut": null,
              "duration": 103699,
              "state": "passed",
              "speed": "slow",
              "pass": true,
              "fail": false,
              "pending": false,
              "context": null,
              "code": "cy.log('before check haveSplitOrder : ' + haveSplitOrder);\ncy.log('shippingType : ' + shippingType); // check remaining product in basket\ncy.get('span.cart-indicator').then(function ($cartIndicator) {\n  var num = parseInt($cartIndicator.text().replace(/,/g, '')) || 0;\n  cy.log('num cartIndicator : ' + num);\n  if (num > 0) {\n    cy.clearBasket();\n  }\n});\nif (promotion.usePromotion && promotion.searchType == 'myCoupon') {\n  // if(promotion.usePromotion) {\n  cy.get('a[href=\"/coupon/\"]').should('contain', 'คูปองส่วนลด').click();\n  cy.title().should('eq', 'Coupon | AllOnline');\n  cy.url().should('include', '/coupon/');\n  var iscated = false;\n  cy.log('promotion.code : ' + promotion.code);\n  cy.findCoupon(promotion.code, iscated);\n  cy.checkCoupon(promotion);\n  cy.getCoupon(promotion.code);\n} // add product to basket\n\nproducts.forEach(function (product) {\n  price = formatNumber(product.price);\n  cy.searchProduct(product);\n  cy.addProduct(product, price);\n  cy.wait(1000);\n  qty += product.amount;\n  cy.log('qty : ' + qty);\n  cy.get('.cart-indicator').should('contain', qty);\n  if (product.isSplit == 'Y') {\n    haveSplitOrder = true;\n    splitOrderAmount--;\n  }\n});\ncy.log('after check haveSplitOrder : ' + haveSplitOrder); // check shipping address\nif (shippingType == 'รับที่เซเว่นอีเลฟเว่น') {\n  customerDetails = {\n    \"phoneNumber\": phoneNumber,\n    \"storeId\": storeId,\n    \"storeAddress\": storeAddress,\n    \"storeName\": storeName\n  };\n  address = storeAddress;\n  if (haveSplitOrder) {\n    searchSplitAddressType = testData.splitOrderDetails.splitAddressType;\n    splitAddressPayment = splitOrderDetails.addressNo + ' ' + splitOrderDetails.floor + ', ' + splitOrderDetails.moo + ', ' + splitOrderDetails.soi + ', ' + splitOrderDetails.street + ', ' + splitOrderDetails.subDistrict + ' ' + splitOrderDetails.district + ' ' + splitOrderDetails.province + ' ' + splitOrderDetails.postalCode;\n    cy.log('splitAddressPayment : ' + splitAddressPayment);\n  }\n} else if (shippingType == 'จัดส่งตามที่อยู่') {\n  customerDetails = testData.customerDetails;\n  address = customerDetails.addressNo + ' ' + customerDetails.floor + ', ' + customerDetails.moo + ', ' + customerDetails.soi + ', ' + customerDetails.street + ', ' + customerDetails.subDistrict + ' ' + customerDetails.district + ' ' + customerDetails.province + ' ' + customerDetails.postalCode;\n  haveSplitOrder = false;\n}\ncy.log('check shipping Type : ' + shippingType);\ncy.log('check split order : ' + haveSplitOrder); // check product in pop up basket\ncy.wait(2000);\ncy.get('#mini-basket').should('contain', 'ตะกร้าสินค้า').click();\nproducts.forEach(function (product) {\n  price = formatNumber(product.amount * product.price);\n  cy.log('price : ' + price);\n  cy.verifyPopUpBasket(product.name, product.amount, price, productList);\n  orderSum += product.amount * product.price;\n  cy.log('orderSum : ' + orderSum);\n  productList++;\n});\nsum = formatNumber(orderSum);\ncy.get('.item-sum').should('contain', sum);\ncy.get('#mini-basket').should('contain', 'ตะกร้าสินค้า').click();\ncy.title().should('eq', 'AllOnline');\ncy.url().should('include', '/account/basket/');\nproductList = 1;\nproducts.forEach(function (product) {\n  price = formatNumber(product.amount * product.price);\n  productPrice = formatNumber(product.price);\n  cy.verifyBasket(product.name, product.barcode, product.amount, productPrice, price, productList);\n  productList++;\n});\ncy.contains('ดำเนินการชำระเงิน').click(); // shipping\ncy.url().should('include', '/checkout/shipping/');\ncy.title().should('eq', 'การจัดส่ง');\ncy.verifyShipping(shippingType, searchAddrType, customerDetails, taxInvoice);\nproductList = 1;\nproductSplitList = 1;\nproducts.forEach(function (product) {\n  cy.log('haveSplitOrder : ' + haveSplitOrder);\n  if (product.isSplit == 'Y' && haveSplitOrder) {\n    cy.verifyOrder(product.name, product.barcode, productSplitList, product.isSplit, haveSplitOrder);\n    productSplitList++;\n  } else {\n    cy.verifyOrder(product.name, product.barcode, productList, product.isSplit, haveSplitOrder);\n    productList++;\n  }\n});\nif (haveSplitOrder) {\n  cy.verifyShipping('จัดส่งตามที่อยู่', searchSplitAddressType, splitOrderDetails, taxInvoice, haveSplitOrder);\n}\ncy.get('button[id=\"continue-payment-btn\"]').contains('ดำเนินการชำระเงิน').click(); // // payment\ncy.url().should('include', '/checkout/payment/');\ncy.title().should('eq', 'ชำระเงิน');\ncy.get('.basket').should(function ($basket) {\n  expect($basket).to.contain('สรุปรายการสั่งซื้อ');\n  expect($basket).to.contain(products.length + ' สินค้า');\n  expect($basket).to.contain(customerName);\n});\nswitch (shippingType) {\n  case 'รับที่เซเว่นอีเลฟเว่น':\n    if (haveSplitOrder) {\n      cy.get('.address').first().should(function ($custAddress) {\n        expect($custAddress).to.contain('เบอร์โทรศัพท์ผู้รับสินค้า: ' + phoneNumber);\n        expect($custAddress).to.contain('เซเว่นอีเลฟเว่น #' + storeId);\n        expect($custAddress).to.contain(storeName);\n        expect($custAddress).to.contain(address);\n      });\n      cy.get('.address').eq(2).should(function ($custAddress) {\n        expect($custAddress).to.contain(customerName);\n        expect($custAddress).to.contain('เบอร์โทรติดต่อ : ' + phoneNumber);\n        expect($custAddress).to.contain(splitAddressPayment);\n      });\n    } else {\n      cy.get('.basket').should(function ($custAddress) {\n        expect($custAddress).to.contain('เบอร์โทรศัพท์ผู้รับสินค้า: ' + phoneNumber);\n        expect($custAddress).to.contain('เซเว่นอีเลฟเว่น #' + storeId);\n        expect($custAddress).to.contain('สาขา ' + storeName);\n        expect($custAddress).to.contain(address);\n      });\n    }\n    break;\n  case 'จัดส่งตามที่อยู่':\n    cy.get('.basket').should(function ($custAddress) {\n      expect($custAddress).to.contain('เบอร์โทรติดต่อ : ' + phoneNumber);\n      expect($custAddress).to.contain(address);\n    });\n    break;\n}\norderSum = 0;\nproductList = 0;\nproducts.forEach(function (product) {\n  price = formatNumber(product.amount * product.price);\n  if (haveSplitOrder && product.isSplit == 'Y') {\n    cy.log('haveSplitOrder + isSplit = Y');\n    cy.verifyOrderAtPayment(product, price, splitOrderAmount);\n    splitOrderAmount++;\n  } else {\n    cy.verifyOrderAtPayment(product, price, productList);\n    productList++;\n  }\n  if (product.getAMB) {\n    priceAMB += product.price * product.amount;\n    cy.log('priceAMB : ' + priceAMB);\n  }\n  switch (product.mstampType) {\n    case 'normalRate':\n      priceMStamp += product.price * product.amount;\n  }\n  orderSum += product.amount * product.price;\n});\nif (promotion.usePromotion) {\n  cy.typePromotion(promotion);\n  cy.visit('/');\n  cy.login(loginUsername, loginPassword, username, isReLogin);\n  cy.wait(2000);\n  cy.get('#mini-basket').should('contain', 'ตะกร้าสินค้า').dblclick();\n  cy.get('a.proceed').should('contain', 'ดำเนินการชำระเงิน').click(); // shipping\n  cy.verifyShipping(shippingType, searchAddrType, customerDetails, taxInvoice);\n  if (haveSplitOrder) {\n    cy.verifyShipping('จัดส่งตามที่อยู่', searchSplitAddressType, splitOrderDetails, taxInvoice, haveSplitOrder);\n  }\n  cy.get('button[id=\"continue-payment-btn\"]').contains('ดำเนินการชำระเงิน').click();\n  cy.wait(2000);\n  cy.checkPromotion(promotion); // calculate promotion\n  var promotionPrice = 0;\n  var haveProducts = false;\n  if (promotion.productType == '') {\n    promotionPrice = orderSum;\n    cy.log('promotionPrice : ' + promotionPrice);\n  } else {\n    products.forEach(function (product) {\n      if (promotion.productType == product.type) {\n        promotionPrice += product.price * product.amount;\n        cy.log('promotionPrice : ' + promotionPrice);\n        haveProducts = true;\n      }\n    });\n  }\n  cy.log('promotionPrice : ' + promotionPrice);\n  cy.log('promotion.discountType : ' + promotion.discountType);\n  if (promotionPrice >= promotion.minimum) {\n    switch (promotion.discountType) {\n      case 'percentage':\n        promotionPrice = parseInt(promotionPrice * (promotion.discountAmount / 100));\n        if (promotionPrice >= promotion.maxDiscount) {\n          discount = promotion.maxDiscount;\n        } else {\n          discount = promotionPrice;\n        }\n        cy.get('tr.line-coupon').should('contain', promotion.code.toUpperCase());\n        cy.log('discount : ' + discount);\n        break;\n      case 'fixedAmount':\n        if (promotionPrice >= promotion.discountAmount) {\n          discount = promotion.discountAmount;\n        } else {\n          discount = promotionPrice;\n        }\n        cy.get('tr.line-coupon').should('contain', promotion.code.toUpperCase());\n        break;\n      case 'freeShipping':\n        if (haveProducts == true) {\n          shippingFee = 0;\n          cy.get('tr.line-coupon').should('contain', promotion.code.toUpperCase());\n        }\n        break;\n      case 'freeProduct':\n        if (haveProducts == true) {\n          cy.get('#tbody-free-item > .radio-styled > .show-description').first().should('contain', promotion.freeProduct);\n          cy.get('#tbody-free-item > .radio-styled > [align=\"center\"]').first().should('contain', promotion.freeQty);\n        }\n        break;\n    }\n  }\n}\nif (discountAMBPoint > 0) {\n  cy.discountAMB(discountAMBPoint, formatNumber(discountAMBBath));\n}\nif (discountMstamp > 0) {\n  cy.discountMstamp(discountMstamp);\n} // check promotion on product\n\nproducts.forEach(function (product) {\n  if (product.promotion.hasPromotion) {\n    if (promotion.usePromotion && promotion.discountType == 'freeProduct') {\n      freeList++;\n    }\n    cy.get('.items.radio-styled > .show-description').eq(freeList).should('contain', product.promotion.name);\n    switch (product.promotion.productType) {\n      case 'freePerProduct':\n        qty = 0;\n        cy.log('product.amount : ' + product.amount);\n        cy.log('product.promotion.qty : ' + product.promotion.qty);\n        qty = product.amount * product.promotion.qty;\n        cy.get('.items.radio-styled > [align=\"center\"]').eq(freeList).should('contain', qty);\n        break;\n    }\n  }\n});\ncy.log('discount : ' + discount);\nsum = formatNumber(orderSum);\ntotalPrice = orderSum + shippingFee - discount - discountAMBBath - discountMstamp;\namb = parseInt((priceAMB - discount - discountAMBBath - discountMstamp) / 10) * 3;\nmstamp = parseInt((priceMStamp - discount - discountAMBBath - discountMstamp) / 50);\ncy.verifyTotalPrice(sum, formatNumber(shippingFee), formatNumber(totalPrice), amb, mstamp, discount, promotion.usePromotion, discountAMBBath, discountMstamp);\ncy.payment(paymentDetails);\ncy.checkReceipt(paymentDetails, customerName, formatNumber(totalPrice.toFixed(2)));\ncy.log('=========== hellooooooo ======================');\nswitch (paymentDetails.paymentType) {\n  case 'PAYATALL_CC':\n  case 'PAYATALL_TMN':\n    cy.get('.message-order-barcode').then(function ($text) {\n      var text = $text.text();\n      var words = text.trim().split(\" \");\n      var orderNo = words[1];\n      cy.wrap(orderNo).as('orderNo');\n    });\n    break;\n  case 'PAYATALL_CS':\n    cy.contains('เลขที่ใบแจ้งสินค้า/Invoice No:').siblings('.detail-table-right').then(function ($orderNo) {\n      var orderNo = $orderNo.text();\n      cy.wrap(orderNo).as('orderNo');\n    });\n    cy.visit('/');\n    cy.login(loginUsername, loginPassword, username, isReLogin);\n    break;\n}\ncy.log('check split order last : ' + haveSplitOrder);\ncy.get('@orderNo').then(function (orderNo) {\n  cy.log('order number is : ' + orderNo);\n  if (!haveSplitOrder) {\n    cy.checkStatusOrder(orderNo);\n    cy.log('check split order in if : ' + !haveSplitOrder);\n  } else {\n    var orderLength = orderNo.length;\n    for (var i = 1; i <= 2; i++) {\n      orderNo = orderNo.substring(0, orderLength - 2) + i + orderNo.substring(orderLength - 1);\n      cy.log('orderNo : ' + orderNo);\n      cy.checkStatusOrder(orderNo);\n    }\n  }\n});\nif (paymentDetails.paymentType != 'PAYATALL_CS') {\n  //     cy.visit('/')\n  //     cy.login(loginUsername, loginPassword, username, isReLogin)\n  // } else {\n  cy.checkAMB(customerName, amb);\n}",
              "err": {},
              "uuid": "5ab781ce-86c9-46fc-b39e-926d1779e7f4",
              "parentUUID": "4b3a3008-f965-4aa7-aa77-c83429e3fe38",
              "isHook": false,
              "skipped": false
            },
            {
              "title": "purchase products | Purchase order with CC , จัดส่งตามที่อยู่",
              "fullTitle": "Login page purchase products | Purchase order with CC , จัดส่งตามที่อยู่",
              "timedOut": null,
              "duration": 101017,
              "state": "passed",
              "speed": "slow",
              "pass": true,
              "fail": false,
              "pending": false,
              "context": null,
              "code": "cy.log('before check haveSplitOrder : ' + haveSplitOrder);\ncy.log('shippingType : ' + shippingType); // check remaining product in basket\ncy.get('span.cart-indicator').then(function ($cartIndicator) {\n  var num = parseInt($cartIndicator.text().replace(/,/g, '')) || 0;\n  cy.log('num cartIndicator : ' + num);\n  if (num > 0) {\n    cy.clearBasket();\n  }\n});\nif (promotion.usePromotion && promotion.searchType == 'myCoupon') {\n  // if(promotion.usePromotion) {\n  cy.get('a[href=\"/coupon/\"]').should('contain', 'คูปองส่วนลด').click();\n  cy.title().should('eq', 'Coupon | AllOnline');\n  cy.url().should('include', '/coupon/');\n  var iscated = false;\n  cy.log('promotion.code : ' + promotion.code);\n  cy.findCoupon(promotion.code, iscated);\n  cy.checkCoupon(promotion);\n  cy.getCoupon(promotion.code);\n} // add product to basket\n\nproducts.forEach(function (product) {\n  price = formatNumber(product.price);\n  cy.searchProduct(product);\n  cy.addProduct(product, price);\n  cy.wait(1000);\n  qty += product.amount;\n  cy.log('qty : ' + qty);\n  cy.get('.cart-indicator').should('contain', qty);\n  if (product.isSplit == 'Y') {\n    haveSplitOrder = true;\n    splitOrderAmount--;\n  }\n});\ncy.log('after check haveSplitOrder : ' + haveSplitOrder); // check shipping address\nif (shippingType == 'รับที่เซเว่นอีเลฟเว่น') {\n  customerDetails = {\n    \"phoneNumber\": phoneNumber,\n    \"storeId\": storeId,\n    \"storeAddress\": storeAddress,\n    \"storeName\": storeName\n  };\n  address = storeAddress;\n  if (haveSplitOrder) {\n    searchSplitAddressType = testData.splitOrderDetails.splitAddressType;\n    splitAddressPayment = splitOrderDetails.addressNo + ' ' + splitOrderDetails.floor + ', ' + splitOrderDetails.moo + ', ' + splitOrderDetails.soi + ', ' + splitOrderDetails.street + ', ' + splitOrderDetails.subDistrict + ' ' + splitOrderDetails.district + ' ' + splitOrderDetails.province + ' ' + splitOrderDetails.postalCode;\n    cy.log('splitAddressPayment : ' + splitAddressPayment);\n  }\n} else if (shippingType == 'จัดส่งตามที่อยู่') {\n  customerDetails = testData.customerDetails;\n  address = customerDetails.addressNo + ' ' + customerDetails.floor + ', ' + customerDetails.moo + ', ' + customerDetails.soi + ', ' + customerDetails.street + ', ' + customerDetails.subDistrict + ' ' + customerDetails.district + ' ' + customerDetails.province + ' ' + customerDetails.postalCode;\n  haveSplitOrder = false;\n}\ncy.log('check shipping Type : ' + shippingType);\ncy.log('check split order : ' + haveSplitOrder); // check product in pop up basket\ncy.wait(2000);\ncy.get('#mini-basket').should('contain', 'ตะกร้าสินค้า').click();\nproducts.forEach(function (product) {\n  price = formatNumber(product.amount * product.price);\n  cy.log('price : ' + price);\n  cy.verifyPopUpBasket(product.name, product.amount, price, productList);\n  orderSum += product.amount * product.price;\n  cy.log('orderSum : ' + orderSum);\n  productList++;\n});\nsum = formatNumber(orderSum);\ncy.get('.item-sum').should('contain', sum);\ncy.get('#mini-basket').should('contain', 'ตะกร้าสินค้า').click();\ncy.title().should('eq', 'AllOnline');\ncy.url().should('include', '/account/basket/');\nproductList = 1;\nproducts.forEach(function (product) {\n  price = formatNumber(product.amount * product.price);\n  productPrice = formatNumber(product.price);\n  cy.verifyBasket(product.name, product.barcode, product.amount, productPrice, price, productList);\n  productList++;\n});\ncy.contains('ดำเนินการชำระเงิน').click(); // shipping\ncy.url().should('include', '/checkout/shipping/');\ncy.title().should('eq', 'การจัดส่ง');\ncy.verifyShipping(shippingType, searchAddrType, customerDetails, taxInvoice);\nproductList = 1;\nproductSplitList = 1;\nproducts.forEach(function (product) {\n  cy.log('haveSplitOrder : ' + haveSplitOrder);\n  if (product.isSplit == 'Y' && haveSplitOrder) {\n    cy.verifyOrder(product.name, product.barcode, productSplitList, product.isSplit, haveSplitOrder);\n    productSplitList++;\n  } else {\n    cy.verifyOrder(product.name, product.barcode, productList, product.isSplit, haveSplitOrder);\n    productList++;\n  }\n});\nif (haveSplitOrder) {\n  cy.verifyShipping('จัดส่งตามที่อยู่', searchSplitAddressType, splitOrderDetails, taxInvoice, haveSplitOrder);\n}\ncy.get('button[id=\"continue-payment-btn\"]').contains('ดำเนินการชำระเงิน').click(); // // payment\ncy.url().should('include', '/checkout/payment/');\ncy.title().should('eq', 'ชำระเงิน');\ncy.get('.basket').should(function ($basket) {\n  expect($basket).to.contain('สรุปรายการสั่งซื้อ');\n  expect($basket).to.contain(products.length + ' สินค้า');\n  expect($basket).to.contain(customerName);\n});\nswitch (shippingType) {\n  case 'รับที่เซเว่นอีเลฟเว่น':\n    if (haveSplitOrder) {\n      cy.get('.address').first().should(function ($custAddress) {\n        expect($custAddress).to.contain('เบอร์โทรศัพท์ผู้รับสินค้า: ' + phoneNumber);\n        expect($custAddress).to.contain('เซเว่นอีเลฟเว่น #' + storeId);\n        expect($custAddress).to.contain(storeName);\n        expect($custAddress).to.contain(address);\n      });\n      cy.get('.address').eq(2).should(function ($custAddress) {\n        expect($custAddress).to.contain(customerName);\n        expect($custAddress).to.contain('เบอร์โทรติดต่อ : ' + phoneNumber);\n        expect($custAddress).to.contain(splitAddressPayment);\n      });\n    } else {\n      cy.get('.basket').should(function ($custAddress) {\n        expect($custAddress).to.contain('เบอร์โทรศัพท์ผู้รับสินค้า: ' + phoneNumber);\n        expect($custAddress).to.contain('เซเว่นอีเลฟเว่น #' + storeId);\n        expect($custAddress).to.contain('สาขา ' + storeName);\n        expect($custAddress).to.contain(address);\n      });\n    }\n    break;\n  case 'จัดส่งตามที่อยู่':\n    cy.get('.basket').should(function ($custAddress) {\n      expect($custAddress).to.contain('เบอร์โทรติดต่อ : ' + phoneNumber);\n      expect($custAddress).to.contain(address);\n    });\n    break;\n}\norderSum = 0;\nproductList = 0;\nproducts.forEach(function (product) {\n  price = formatNumber(product.amount * product.price);\n  if (haveSplitOrder && product.isSplit == 'Y') {\n    cy.log('haveSplitOrder + isSplit = Y');\n    cy.verifyOrderAtPayment(product, price, splitOrderAmount);\n    splitOrderAmount++;\n  } else {\n    cy.verifyOrderAtPayment(product, price, productList);\n    productList++;\n  }\n  if (product.getAMB) {\n    priceAMB += product.price * product.amount;\n    cy.log('priceAMB : ' + priceAMB);\n  }\n  switch (product.mstampType) {\n    case 'normalRate':\n      priceMStamp += product.price * product.amount;\n  }\n  orderSum += product.amount * product.price;\n});\nif (promotion.usePromotion) {\n  cy.typePromotion(promotion);\n  cy.visit('/');\n  cy.login(loginUsername, loginPassword, username, isReLogin);\n  cy.wait(2000);\n  cy.get('#mini-basket').should('contain', 'ตะกร้าสินค้า').dblclick();\n  cy.get('a.proceed').should('contain', 'ดำเนินการชำระเงิน').click(); // shipping\n  cy.verifyShipping(shippingType, searchAddrType, customerDetails, taxInvoice);\n  if (haveSplitOrder) {\n    cy.verifyShipping('จัดส่งตามที่อยู่', searchSplitAddressType, splitOrderDetails, taxInvoice, haveSplitOrder);\n  }\n  cy.get('button[id=\"continue-payment-btn\"]').contains('ดำเนินการชำระเงิน').click();\n  cy.wait(2000);\n  cy.checkPromotion(promotion); // calculate promotion\n  var promotionPrice = 0;\n  var haveProducts = false;\n  if (promotion.productType == '') {\n    promotionPrice = orderSum;\n    cy.log('promotionPrice : ' + promotionPrice);\n  } else {\n    products.forEach(function (product) {\n      if (promotion.productType == product.type) {\n        promotionPrice += product.price * product.amount;\n        cy.log('promotionPrice : ' + promotionPrice);\n        haveProducts = true;\n      }\n    });\n  }\n  cy.log('promotionPrice : ' + promotionPrice);\n  cy.log('promotion.discountType : ' + promotion.discountType);\n  if (promotionPrice >= promotion.minimum) {\n    switch (promotion.discountType) {\n      case 'percentage':\n        promotionPrice = parseInt(promotionPrice * (promotion.discountAmount / 100));\n        if (promotionPrice >= promotion.maxDiscount) {\n          discount = promotion.maxDiscount;\n        } else {\n          discount = promotionPrice;\n        }\n        cy.get('tr.line-coupon').should('contain', promotion.code.toUpperCase());\n        cy.log('discount : ' + discount);\n        break;\n      case 'fixedAmount':\n        if (promotionPrice >= promotion.discountAmount) {\n          discount = promotion.discountAmount;\n        } else {\n          discount = promotionPrice;\n        }\n        cy.get('tr.line-coupon').should('contain', promotion.code.toUpperCase());\n        break;\n      case 'freeShipping':\n        if (haveProducts == true) {\n          shippingFee = 0;\n          cy.get('tr.line-coupon').should('contain', promotion.code.toUpperCase());\n        }\n        break;\n      case 'freeProduct':\n        if (haveProducts == true) {\n          cy.get('#tbody-free-item > .radio-styled > .show-description').first().should('contain', promotion.freeProduct);\n          cy.get('#tbody-free-item > .radio-styled > [align=\"center\"]').first().should('contain', promotion.freeQty);\n        }\n        break;\n    }\n  }\n}\nif (discountAMBPoint > 0) {\n  cy.discountAMB(discountAMBPoint, formatNumber(discountAMBBath));\n}\nif (discountMstamp > 0) {\n  cy.discountMstamp(discountMstamp);\n} // check promotion on product\n\nproducts.forEach(function (product) {\n  if (product.promotion.hasPromotion) {\n    if (promotion.usePromotion && promotion.discountType == 'freeProduct') {\n      freeList++;\n    }\n    cy.get('.items.radio-styled > .show-description').eq(freeList).should('contain', product.promotion.name);\n    switch (product.promotion.productType) {\n      case 'freePerProduct':\n        qty = 0;\n        cy.log('product.amount : ' + product.amount);\n        cy.log('product.promotion.qty : ' + product.promotion.qty);\n        qty = product.amount * product.promotion.qty;\n        cy.get('.items.radio-styled > [align=\"center\"]').eq(freeList).should('contain', qty);\n        break;\n    }\n  }\n});\ncy.log('discount : ' + discount);\nsum = formatNumber(orderSum);\ntotalPrice = orderSum + shippingFee - discount - discountAMBBath - discountMstamp;\namb = parseInt((priceAMB - discount - discountAMBBath - discountMstamp) / 10) * 3;\nmstamp = parseInt((priceMStamp - discount - discountAMBBath - discountMstamp) / 50);\ncy.verifyTotalPrice(sum, formatNumber(shippingFee), formatNumber(totalPrice), amb, mstamp, discount, promotion.usePromotion, discountAMBBath, discountMstamp);\ncy.payment(paymentDetails);\ncy.checkReceipt(paymentDetails, customerName, formatNumber(totalPrice.toFixed(2)));\ncy.log('=========== hellooooooo ======================');\nswitch (paymentDetails.paymentType) {\n  case 'PAYATALL_CC':\n  case 'PAYATALL_TMN':\n    cy.get('.message-order-barcode').then(function ($text) {\n      var text = $text.text();\n      var words = text.trim().split(\" \");\n      var orderNo = words[1];\n      cy.wrap(orderNo).as('orderNo');\n    });\n    break;\n  case 'PAYATALL_CS':\n    cy.contains('เลขที่ใบแจ้งสินค้า/Invoice No:').siblings('.detail-table-right').then(function ($orderNo) {\n      var orderNo = $orderNo.text();\n      cy.wrap(orderNo).as('orderNo');\n    });\n    cy.visit('/');\n    cy.login(loginUsername, loginPassword, username, isReLogin);\n    break;\n}\ncy.log('check split order last : ' + haveSplitOrder);\ncy.get('@orderNo').then(function (orderNo) {\n  cy.log('order number is : ' + orderNo);\n  if (!haveSplitOrder) {\n    cy.checkStatusOrder(orderNo);\n    cy.log('check split order in if : ' + !haveSplitOrder);\n  } else {\n    var orderLength = orderNo.length;\n    for (var i = 1; i <= 2; i++) {\n      orderNo = orderNo.substring(0, orderLength - 2) + i + orderNo.substring(orderLength - 1);\n      cy.log('orderNo : ' + orderNo);\n      cy.checkStatusOrder(orderNo);\n    }\n  }\n});\nif (paymentDetails.paymentType != 'PAYATALL_CS') {\n  //     cy.visit('/')\n  //     cy.login(loginUsername, loginPassword, username, isReLogin)\n  // } else {\n  cy.checkAMB(customerName, amb);\n}",
              "err": {},
              "uuid": "7be2f32a-2642-418a-b778-545c1a0a649e",
              "parentUUID": "4b3a3008-f965-4aa7-aa77-c83429e3fe38",
              "isHook": false,
              "skipped": false
            },
            {
              "title": "purchase products | Purchase order with CS, รับที่เซเว่นอีเลฟเว่น, have split order",
              "fullTitle": "Login page purchase products | Purchase order with CS, รับที่เซเว่นอีเลฟเว่น, have split order",
              "timedOut": null,
              "duration": 134395,
              "state": "passed",
              "speed": "slow",
              "pass": true,
              "fail": false,
              "pending": false,
              "context": null,
[...]
minimum) {\n    switch (promotion.discountType) {\n      case 'percentage':\n        promotionPrice = parseInt(promotionPrice * (promotion.discountAmount / 100));\n        if (promotionPrice >= promotion.maxDiscount) {\n          discount = promotion.maxDiscount;\n        } else {\n          discount = promotionPrice;\n        }\n        cy.get('tr.line-coupon').should('contain', promotion.code.toUpperCase());\n        cy.log('discount : ' + discount);\n        break;\n      case 'fixedAmount':\n        if (promotionPrice >= promotion.discountAmount) {\n          discount = promotion.discountAmount;\n        } else {\n          discount = promotionPrice;\n        }\n        cy.get('tr.line-coupon').should('contain', promotion.code.toUpperCase());\n        break;\n      case 'freeShipping':\n        if (haveProducts == true) {\n          shippingFee = 0;\n          cy.get('tr.line-coupon').should('contain', promotion.code.toUpperCase());\n        }\n        break;\n      case 'freeProduct':\n        if (haveProducts == true) {\n          cy.get('#tbody-free-item > .radio-styled > .show-description').first().should('contain', promotion.freeProduct);\n          cy.get('#tbody-free-item > .radio-styled > [align=\"center\"]').first().should('contain', promotion.freeQty);\n        }\n        break;\n    }\n  }\n}\nif (discountAMBPoint > 0) {\n  cy.discountAMB(discountAMBPoint, formatNumber(discountAMBBath));\n}\nif (discountMstamp > 0) {\n  cy.discountMstamp(discountMstamp);\n} // check promotion on product\n\nproducts.forEach(function (product) {\n  if (product.promotion.hasPromotion) {\n    if (promotion.usePromotion && promotion.discountType == 'freeProduct') {\n      freeList++;\n    }\n    cy.get('.items.radio-styled > .show-description').eq(freeList).should('contain', product.promotion.name);\n    switch (product.promotion.productType) {\n      case 'freePerProduct':\n        qty = 0;\n        cy.log('product.amount : ' + product.amount);\n        cy.log('product.promotion.qty : ' + product.promotion.qty);\n        qty = product.amount * product.promotion.qty;\n        cy.get('.items.radio-styled > [align=\"center\"]').eq(freeList).should('contain', qty);\n        break;\n    }\n  }\n});\ncy.log('discount : ' + discount);\nsum = formatNumber(orderSum);\ntotalPrice = orderSum + shippingFee - discount - discountAMBBath - discountMstamp;\namb = parseInt((priceAMB - discount - discountAMBBath - discountMstamp) / 10) * 3;\nmstamp = parseInt((priceMStamp - discount - discountAMBBath - discountMstamp) / 50);\ncy.verifyTotalPrice(sum, formatNumber(shippingFee), formatNumber(totalPrice), amb, mstamp, discount, promotion.usePromotion, discountAMBBath, discountMstamp);\ncy.payment(paymentDetails);\ncy.checkReceipt(paymentDetails, customerName, formatNumber(totalPrice.toFixed(2)));\ncy.log('=========== hellooooooo ======================');\nswitch (paymentDetails.paymentType) {\n  case 'PAYATALL_CC':\n  case 'PAYATALL_TMN':\n    cy.get('.message-order-barcode').then(function ($text) {\n      var text = $text.text();\n      var words = text.trim().split(\" \");\n      var orderNo = words[1];\n      cy.wrap(orderNo).as('orderNo');\n    });\n    break;\n  case 'PAYATALL_CS':\n    cy.contains('เลขที่ใบแจ้งสินค้า/Invoice No:').siblings('.detail-table-right').then(function ($orderNo) {\n      var orderNo = $orderNo.text();\n      cy.wrap(orderNo).as('orderNo');\n    });\n    cy.visit('/');\n    cy.login(loginUsername, loginPassword, username, isReLogin);\n    break;\n}\ncy.log('check split order last : ' + haveSplitOrder);\ncy.get('@orderNo').then(function (orderNo) {\n  cy.log('order number is : ' + orderNo);\n  if (!haveSplitOrder) {\n    cy.checkStatusOrder(orderNo);\n    cy.log('check split order in if : ' + !haveSplitOrder);\n  } else {\n    var orderLength = orderNo.length;\n    for (var i = 1; i <= 2; i++) {\n      orderNo = orderNo.substring(0, orderLength - 2) + i + orderNo.substring(orderLength - 1);\n      cy.log('orderNo : ' + orderNo);\n      cy.checkStatusOrder(orderNo);\n    }\n  }\n});\nif (paymentDetails.paymentType != 'PAYATALL_CS') {\n  //     cy.visit('/')\n  //     cy.login(loginUsername, loginPassword, username, isReLogin)\n  // } else {\n  cy.checkAMB(customerName, amb);\n}",
              "err": {
                "message": "AssertionError: Timed out retrying after 30000ms: expected '<span.current-discount.size-3>' to contain 'B 5'",
                "estack": "AssertionError: Timed out retrying after 30000ms: expected '<span.current-discount.size-3>' to contain 'B 5'\n    at Context.eval (https://integ1.allonline.7eleven.co.th/__cypress/tests?p=cypress\\support\\index.js:403:49)",
                "diff": null
              },
              "uuid": "e9c61db7-dc25-4782-b1d7-ebfb638cd298",
              "parentUUID": "4b3a3008-f965-4aa7-aa77-c83429e3fe38",
              "isHook": false,
              "skipped": false
            },
            {
              "title": "purchase products | Purchase order with CS , จัดส่งตามที่อยู่, use 500 AMB points",
              "fullTitle": "Login page purchase products | Purchase order with CS , จัดส่งตามที่อยู่, use 500 AMB points",
              "timedOut": null,
              "duration": 111350,
              "state": "failed",
              "speed": null,
              "pass": false,
              "fail": true,
              "pending": false,
              "context": null,
              "code": "cy.log('before check haveSplitOrder : ' + haveSplitOrder);\ncy.log('shippingType : ' + shippingType); // check remaining product in basket\ncy.get('span.cart-indicator').then(function ($cartIndicator) {\n  var num = parseInt($cartIndicator.text().replace(/,/g, '')) || 0;\n  cy.log('num cartIndicator : ' + num);\n  if (num > 0) {\n    cy.clearBasket();\n  }\n});\nif (promotion.usePromotion && promotion.searchType == 'myCoupon') {\n  // if(promotion.usePromotion) {\n  cy.get('a[href=\"/coupon/\"]').should('contain', 'คูปองส่วนลด').click();\n  cy.title().should('eq', 'Coupon | AllOnline');\n  cy.url().should('include', '/coupon/');\n  var iscated = false;\n  cy.log('promotion.code : ' + promotion.code);\n  cy.findCoupon(promotion.code, iscated);\n  cy.checkCoupon(promotion);\n  cy.getCoupon(promotion.code);\n} // add product to basket\n\nproducts.forEach(function (product) {\n  price = formatNumber(product.price);\n  cy.searchProduct(product);\n  cy.addProduct(product, price);\n  cy.wait(1000);\n  qty += product.amount;\n  cy.log('qty : ' + qty);\n  cy.get('.cart-indicator').should('contain', qty);\n  if (product.isSplit == 'Y') {\n    haveSplitOrder = true;\n    splitOrderAmount--;\n  }\n});\ncy.log('after check haveSplitOrder : ' + haveSplitOrder); // check shipping address\nif (shippingType == 'รับที่เซเว่นอีเลฟเว่น') {\n  customerDetails = {\n    \"phoneNumber\": phoneNumber,\n    \"storeId\": storeId,\n    \"storeAddress\": storeAddress,\n    \"storeName\": storeName\n  };\n  address = storeAddress;\n  if (haveSplitOrder) {\n    searchSplitAddressType = testData.splitOrderDetails.splitAddressType;\n    splitAddressPayment = splitOrderDetails.addressNo + ' ' + splitOrderDetails.floor + ', ' + splitOrderDetails.moo + ', ' + splitOrderDetails.soi + ', ' + splitOrderDetails.street + ', ' + splitOrderDetails.subDistrict + ' ' + splitOrderDetails.district + ' ' + splitOrderDetails.province + ' ' + splitOrderDetails.postalCode;\n    cy.log('splitAddressPayment : ' + splitAddressPayment);\n  }\n} else if (shippingType == 'จัดส่งตามที่อยู่') {\n  customerDetails = testData.customerDetails;\n  address = customerDetails.addressNo + ' ' + customerDetails.floor + ', ' + customerDetails.moo + ', ' + customerDetails.soi + ', ' + customerDetails.street + ', ' + customerDetails.subDistrict + ' ' + customerDetails.district + ' ' + customerDetails.province + ' ' + customerDetails.postalCode;\n  haveSplitOrder = false;\n}\ncy.log('check shipping Type : ' + shippingType);\ncy.log('check split order : ' + haveSplitOrder); // check product in pop up basket\ncy.wait(2000);\ncy.get('#mini-basket').should('contain', 'ตะกร้าสินค้า').click();\nproducts.forEach(function (product) {\n  price = formatNumber(product.amount * product.price);\n  cy.log('price : ' + price);\n  cy.verifyPopUpBasket(product.name, product.amount, price, productList);\n  orderSum += product.amount * product.price;\n  cy.log('orderSum : ' + orderSum);\n  productList++;\n});\nsum = formatNumber(orderSum);\ncy.get('.item-sum').should('contain', sum);\ncy.get('#mini-basket').should('contain', 'ตะกร้าสินค้า').click();\ncy.title().should('eq', 'AllOnline');\ncy.url().should('include', '/account/basket/');\nproductList = 1;\nproducts.forEach(function (product) {\n  price = formatNumber(product.amount * product.price);\n  productPrice = formatNumber(product.price);\n  cy.verifyBasket(product.name, product.barcode, product.amount, productPrice, price, productList);\n  productList++;\n});\ncy.contains('ดำเนินการชำระเงิน').click(); // shipping\ncy.url().should('include', '/checkout/shipping/');\ncy.title().should('eq', 'การจัดส่ง');\ncy.verifyShipping(shippingType, searchAddrType, customerDetails, taxInvoice);\nproductList = 1;\nproductSplitList = 1;\nproducts.forEach(function (product) {\n  cy.log('haveSplitOrder : ' + haveSplitOrder);\n  if (product.isSplit == 'Y' && haveSplitOrder) {\n    cy.verifyOrder(product.name, product.barcode, productSplitList, product.isSplit, haveSplitOrder);\n    productSplitList++;\n  } else {\n    cy.verifyOrder(product.name, product.barcode, productList, product.isSplit, haveSplitOrder);\n    productList++;\n  }\n});\nif (haveSplitOrder) {\n  cy.verifyShipping('จัดส่งตามที่อยู่', searchSplitAddressType, splitOrderDetails, taxInvoice, haveSplitOrder);\n}\ncy.get('button[id=\"continue-payment-btn\"]').contains('ดำเนินการชำระเงิน').click(); // // payment\ncy.url().should('include', '/checkout/payment/');\ncy.title().should('eq', 'ชำระเงิน');\ncy.get('.basket').should(function ($basket) {\n  expect($basket).to.contain('สรุปรายการสั่งซื้อ');\n  expect($basket).to.contain(products.length + ' สินค้า');\n  expect($basket).to.contain(customerName);\n});\nswitch (shippingType) {\n  case 'รับที่เซเว่นอีเลฟเว่น':\n    if (haveSplitOrder) {\n      cy.get('.address').first().should(function ($custAddress) {\n        expect($custAddress).to.contain('เบอร์โทรศัพท์ผู้รับสินค้า: ' + phoneNumber);\n        expect($custAddress).to.contain('เซเว่นอีเลฟเว่น #' + storeId);\n        expect($custAddress).to.contain(storeName);\n        expect($custAddress).to.contain(address);\n      });\n      cy.get('.address').eq(2).should(function ($custAddress) {\n        expect($custAddress).to.contain(customerName);\n        expect($custAddress).to.contain('เบอร์โทรติดต่อ : ' + phoneNumber);\n        expect($custAddress).to.contain(splitAddressPayment);\n      });\n    } else {\n      cy.get('.basket').should(function ($custAddress) {\n        expect($custAddress).to.contain('เบอร์โทรศัพท์ผู้รับสินค้า: ' + phoneNumber);\n        expect($custAddress).to.contain('เซเว่นอีเลฟเว่น #' + storeId);\n        expect($custAddress).to.contain('สาขา ' + storeName);\n        expect($custAddress).to.contain(address);\n      });\n    }\n    break;\n  case 'จัดส่งตามที่อยู่':\n    cy.get('.basket').should(function ($custAddress) {\n      expect($custAddress).to.contain('เบอร์โทรติดต่อ : ' + phoneNumber);\n      expect($custAddress).to.contain(address);\n    });\n    break;\n}\norderSum = 0;\nproductList = 0;\nproducts.forEach(function (product) {\n  price = formatNumber(product.amount * product.price);\n  if (haveSplitOrder && product.isSplit == 'Y') {\n    cy.log('haveSplitOrder + isSplit = Y');\n    cy.verifyOrderAtPayment(product, price, splitOrderAmount);\n    splitOrderAmount++;\n  } else {\n    cy.verifyOrderAtPayment(product, price, productList);\n    productList++;\n  }\n  if (product.getAMB) {\n    priceAMB += product.price * product.amount;\n    cy.log('priceAMB : ' + priceAMB);\n  }\n  switch (product.mstampType) {\n    case 'normalRate':\n      priceMStamp += product.price * product.amount;\n  }\n  orderSum += product.amount * product.price;\n});\nif (promotion.usePromotion) {\n  cy.typePromotion(promotion);\n  cy.visit('/');\n  cy.login(loginUsername, loginPassword, username, isReLogin);\n  cy.wait(2000);\n  cy.get('#mini-basket').should('contain', 'ตะกร้าสินค้า').dblclick();\n  cy.get('a.proceed').should('contain', 'ดำเนินการชำระเงิน').click(); // shipping\n  cy.verifyShipping(shippingType, searchAddrType, customerDetails, taxInvoice);\n  if (haveSplitOrder) {\n    cy.verifyShipping('จัดส่งตามที่อยู่', searchSplitAddressType, splitOrderDetails, taxInvoice, haveSplitOrder);\n  }\n  cy.get('button[id=\"continue-payment-btn\"]').contains('ดำเนินการชำระเงิน').click();\n  cy.wait(2000);\n  cy.checkPromotion(promotion); // calculate promotion\n  var promotionPrice = 0;\n  var haveProducts = false;\n  if (promotion.productType == '') {\n    promotionPrice = orderSum;\n    cy.log('promotionPrice : ' + promotionPrice);\n  } else {\n    products.forEach(function (product) {\n      if (promotion.productType == product.type) {\n        promotionPrice += product.price * product.amount;\n        cy.log('promotionPrice : ' + promotionPrice);\n        haveProducts = true;\n      }\n    });\n  }\n  cy.log('promotionPrice : ' + promotionPrice);\n  cy.log('promotion.discountType : ' + promotion.discountType);\n  if (promotionPrice >= promotion.minimum) {\n    switch (promotion.discountType) {\n      case 'percentage':\n        promotionPrice = parseInt(promotionPrice * (promotion.discountAmount / 100));\n        if (promotionPrice >= promotion.maxDiscount) {\n          discount = promotion.maxDiscount;\n        } else {\n          discount = promotionPrice;\n        }\n        cy.get('tr.line-coupon').should('contain', promotion.code.toUpperCase());\n        cy.log('discount : ' + discount);\n        break;\n      case 'fixedAmount':\n        if (promotionPrice >= promotion.discountAmount) {\n          discount = promotion.discountAmount;\n        } else {\n          discount = promotionPrice;\n        }\n        cy.get('tr.line-coupon').should('contain', promotion.code.toUpperCase());\n        break;\n      case 'freeShipping':\n        if (haveProducts == true) {\n          shippingFee = 0;\n          cy.get('tr.line-coupon').should('contain', promotion.code.toUpperCase());\n        }\n        break;\n      case 'freeProduct':\n        if (haveProducts == true) {\n          cy.get('#tbody-free-item > .radio-styled > .show-description').first().should('contain', promotion.freeProduct);\n          cy.get('#tbody-free-item > .radio-styled > [align=\"center\"]').first().should('contain', promotion.freeQty);\n        }\n        break;\n    }\n  }\n}\nif (discountAMBPoint > 0) {\n  cy.discountAMB(discountAMBPoint, formatNumber(discountAMBBath));\n}\nif (discountMstamp > 0) {\n  cy.discountMstamp(discountMstamp);\n} // check promotion on product\n\nproducts.forEach(function (product) {\n  if (product.promotion.hasPromotion) {\n    if (promotion.usePromotion && promotion.discountType == 'freeProduct') {\n      freeList++;\n    }\n    cy.get('.items.radio-styled > .show-description').eq(freeList).should('contain', product.promotion.name);\n    switch (product.promotion.productType) {\n      case 'freePerProduct':\n        qty = 0;\n        cy.log('product.amount : ' + product.amount);\n        cy.log('product.promotion.qty : ' + product.promotion.qty);\n        qty = product.amount * product.promotion.qty;\n        cy.get('.items.radio-styled > [align=\"center\"]').eq(freeList).should('contain', qty);\n        break;\n    }\n  }\n});\ncy.log('discount : ' + discount);\nsum = formatNumber(orderSum);\ntotalPrice = orderSum + shippingFee - discount - discountAMBBath - discountMstamp;\namb = parseInt((priceAMB - discount - discountAMBBath - discountMstamp) / 10) * 3;\nmstamp = parseInt((priceMStamp - discount - discountAMBBath - discountMstamp) / 50);\ncy.verifyTotalPrice(sum, formatNumber(shippingFee), formatNumber(totalPrice), amb, mstamp, discount, promotion.usePromotion, discountAMBBath, discountMstamp);\ncy.payment(paymentDetails);\ncy.checkReceipt(paymentDetails, customerName, formatNumber(totalPrice.toFixed(2)));\ncy.log('=========== hellooooooo ======================');\nswitch (paymentDetails.paymentType) {\n  case 'PAYATALL_CC':\n  case 'PAYATALL_TMN':\n    cy.get('.message-order-barcode').then(function ($text) {\n      var text = $text.text();\n      var words = text.trim().split(\" \");\n      var orderNo = words[1];\n      cy.wrap(orderNo).as('orderNo');\n    });\n    break;\n  case 'PAYATALL_CS':\n    cy.contains('เลขที่ใบแจ้งสินค้า/Invoice No:').siblings('.detail-table-right').then(function ($orderNo) {\n      var orderNo = $orderNo.text();\n      cy.wrap(orderNo).as('orderNo');\n    });\n    cy.visit('/');\n    cy.login(loginUsername, loginPassword, username, isReLogin);\n    break;\n}\ncy.log('check split order last : ' + haveSplitOrder);\ncy.get('@orderNo').then(function (orderNo) {\n  cy.log('order number is : ' + orderNo);\n  if (!haveSplitOrder) {\n    cy.checkStatusOrder(orderNo);\n    cy.log('check split order in if : ' + !haveSplitOrder);\n  } else {\n    var orderLength = orderNo.length;\n    for (var i = 1; i <= 2; i++) {\n      orderNo = orderNo.substring(0, orderLength - 2) + i + orderNo.substring(orderLength - 1);\n      cy.log('orderNo : ' + orderNo);\n      cy.checkStatusOrder(orderNo);\n    }\n  }\n});\nif (paymentDetails.paymentType != 'PAYATALL_CS') {\n  //     cy.visit('/')\n  //     cy.login(loginUsername, loginPassword, username, isReLogin)\n  // } else {\n  cy.checkAMB(customerName, amb);\n}",
              "err": {
                "message": "AssertionError: Timed out retrying after 30000ms: expected '<span.current-discount.size-3>' to contain 'B 5'",
                "estack": "AssertionError: Timed out retrying after 30000ms: expected '<span.current-discount.size-3>' to contain 'B 5'\n    at Context.eval (https://integ1.allonline.7eleven.co.th/__cypress/tests?p=cypress\\support\\index.js:403:49)",
                "diff": null
              },
              "uuid": "9744058e-2c47-4d23-9e65-8696b18e3ced",
              "parentUUID": "4b3a3008-f965-4aa7-aa77-c83429e3fe38",
              "isHook": false,
              "skipped": false
            }
          ],
          "suites": [],
          "passes": [
            "6908fa11-6c8f-4e72-be61-3b4e0bd5f87a",
            "2d3887ed-ed79-4cd1-9378-d25f6aa52c66",
            "4dfd0f3e-46a2-4ab6-966c-a6d8bc17024c",
            "7cd1eec6-cd1a-4ede-9ca9-b4099e7b7f53",
            "5ab781ce-86c9-46fc-b39e-926d1779e7f4",
            "7be2f32a-2642-418a-b778-545c1a0a649e",
            "0f70c800-f7ab-4cef-ace3-d63b4e223387",
            "a58791b1-5178-4998-a743-0023bec47c2b"
          ],
          "failures": [
            "e9c61db7-dc25-4782-b1d7-ebfb638cd298",
            "9744058e-2c47-4d23-9e65-8696b18e3ced"
          ],
          "pending": [],
          "skipped": [],
          "duration": 1031846,
          "root": false,
          "rootEmpty": false,
          "_timeout": 2000
        }
      ],
      "passes": [],
      "failures": [],
      "pending": [],
      "skipped": [],
      "duration": 0,
      "root": true,
      "rootEmpty": true,
      "_timeout": 2000
    }
  ],
  "meta": {
    "mocha": {
      "version": "7.0.1"
    },
    "mochawesome": {
      "options": {
        "quiet": false,
        "reportFilename": "report",
        "saveHtml": true,
        "saveJson": true,
        "consoleReporter": "spec",
        "useInlineDiffs": false,
        "code": true
      },
      "version": "6.2.2"
    },
    "marge": {
      "options": {
        "reportDir": "cypress/reports",
        "reportFilename": "report",
        "overwrite": true,
        "reportTitle": "Report Test",
        "html": true,
        "json": true,
        "charts": true
      },
      "version": "5.2.0"
    }
  }
}