{
  "stats": {
    "suites": 1,
    "tests": 1,
    "passes": 0,
    "pending": 0,
    "failures": 1,
    "start": "2021-05-11T07:06:56.095Z",
    "end": "2021-05-11T07:08:15.642Z",
    "duration": 79547,
    "testsRegistered": 18,
    "passPercent": 0,
    "pendingPercent": 0,
    "other": 0,
    "hasOther": false,
    "skipped": 17,
    "hasSkipped": true
  },
  "results": [
    {
      "uuid": "250f6d9a-6542-459b-88c9-7f96ed9f709e",
      "title": "",
      "fullFile": "cypress\\integration\\examples\\page.js",
      "file": "cypress\\integration\\examples\\page.js",
      "beforeHooks": [],
      "afterHooks": [],
      "tests": [],
      "suites": [
        {
          "uuid": "5f1d9f0f-cc9c-4830-ab87-5ebccc93a1ba",
          "title": "Check each page",
          "fullFile": "",
          "file": "",
          "beforeHooks": [],
          "afterHooks": [],
          "tests": [
            {
              "title": "Coupon Page | Check coupon : Dis60UN",
              "fullTitle": "Check each page Coupon Page | Check coupon : Dis60UN",
              "timedOut": null,
              "duration": 48981,
              "state": "failed",
              "speed": null,
              "pass": false,
              "fail": true,
              "pending": false,
              "context": null,
              "code": "cy.get('a[href=\"/coupon/\"]').should('contain', 'คูปองส่วนลด').click();\ncy.title().should('eq', 'Coupon | AllOnline');\ncy.url().should('include', '/coupon/');\ncy.get('.js-voucher-group').then(function () {\n  var group = Cypress.$('.js-voucher-group');\n  for (var i = 0; i < group.length; i++) {\n    cy.wrap(group).eq(i).invoke('attr', 'data-voucher-group').then(function ($attr) {\n      var attr = $attr;\n      cy.get('a.js-voucher-group[data-voucher-group=\"' + attr + '\"]').click().wait(1000);\n      cy.get('li.paging-number[data-target-page=\"0\"]').contains('1').click({\n        force: true\n      });\n      switch (attr) {\n        case 'ALL_7online':\n          try {\n            cy.findCoupon(coupon.id, iscated);\n            cy.checkCoupon(coupon);\n          } catch (e) {\n            console.error(e);\n          }\n          break;\n        case 'UNRESTRICTED_7online':\n          iscated = true;\n          if (category == attr) {\n            try {\n              cy.findCoupon(coupon.id, iscated);\n              cy.checkCoupon(coupon);\n            } catch (e) {\n              console.error(e);\n            }\n          } else {\n            haveCoupon = false;\n            try {\n              cy.findCoupon(coupon.id, iscated, haveCoupon);\n            } catch (e) {\n              console.error(e);\n            }\n          }\n          break;\n      }\n    });\n  }\n});",
              "err": {
                "message": "AssertionError: Timed out retrying after 30000ms: Expected to find element: `a.allmember-login`, but never found it.\n\nBecause this error occurred during a `after each` hook we are skipping the remaining tests in the current suite: `Check each page`",
                "estack": "AssertionError: Timed out retrying after 30000ms: Expected to find element: `a.allmember-login`, but never found it.\n\nBecause this error occurred during a `after each` hook we are skipping the remaining tests in the current suite: `Check each page`\n    at Context.eval (https://integ1.allonline.7eleven.co.th/__cypress/tests?p=cypress\\support\\index.js:142:31)",
                "diff": null
              },
              "uuid": "8332c0a2-b3cc-454f-8fcd-622718288d44",
              "parentUUID": "5f1d9f0f-cc9c-4830-ab87-5ebccc93a1ba",
              "isHook": false,
              "skipped": false
            },
            {
              "title": "Coupon Page | Check coupon : HBD1000",
              "fullTitle": "Check each page Coupon Page | Check coupon : HBD1000",
              "timedOut": null,
              "duration": 0,
              "state": "skipped",
              "speed": null,
              "pass": false,
              "fail": false,
              "pending": false,
              "context": null,
              "code": "cy.get('a[href=\"/coupon/\"]').should('contain', 'คูปองส่วนลด').click();\ncy.title().should('eq', 'Coupon | AllOnline');\ncy.url().should('include', '/coupon/');\ncy.get('.js-voucher-group').then(function () {\n  var group = Cypress.$('.js-voucher-group');\n  for (var i = 0; i < group.length; i++) {\n    cy.wrap(group).eq(i).invoke('attr', 'data-voucher-group').then(function ($attr) {\n      var attr = $attr;\n      cy.get('a.js-voucher-group[data-voucher-group=\"' + attr + '\"]').click().wait(1000);\n      cy.get('li.paging-number[data-target-page=\"0\"]').contains('1').click({\n        force: true\n      });\n      switch (attr) {\n        case 'ALL_7online':\n          try {\n            cy.findCoupon(coupon.id, iscated);\n            cy.checkCoupon(coupon);\n          } catch (e) {\n            console.error(e);\n          }\n          break;\n        case 'UNRESTRICTED_7online':\n          iscated = true;\n          if (category == attr) {\n            try {\n              cy.findCoupon(coupon.id, iscated);\n              cy.checkCoupon(coupon);\n            } catch (e) {\n              console.error(e);\n            }\n          } else {\n            haveCoupon = false;\n            try {\n              cy.findCoupon(coupon.id, iscated, haveCoupon);\n            } catch (e) {\n              console.error(e);\n            }\n          }\n          break;\n      }\n    });\n  }\n});",
              "err": {},
              "uuid": "694d1052-18fe-4700-979e-94f31946dc23",
              "parentUUID": "5f1d9f0f-cc9c-4830-ab87-5ebccc93a1ba",
              "isHook": false,
              "skipped": true
            },
            {
              "title": "Coupon Page | Check coupon : Health2",
              "fullTitle": "Check each page Coupon Page | Check coupon : Health2",
              "timedOut": null,
              "duration": 0,
              "state": "skipped",
              "speed": null,
              "pass": false,
              "fail": false,
              "pending": false,
              "context": null,
              "code": "cy.get('a[href=\"/coupon/\"]').should('contain', 'คูปองส่วนลด').click();\ncy.title().should('eq', 'Coupon | AllOnline');\ncy.url().should('include', '/coupon/');\ncy.get('.js-voucher-group').then(function () {\n  var group = Cypress.$('.js-voucher-group');\n  for (var i = 0; i < group.length; i++) {\n    cy.wrap(group).eq(i).invoke('attr', 'data-voucher-group').then(function ($attr) {\n      var attr = $attr;\n      cy.get('a.js-voucher-group[data-voucher-group=\"' + attr + '\"]').click().wait(1000);\n      cy.get('li.paging-number[data-target-page=\"0\"]').contains('1').click({\n        force: true\n      });\n      switch (attr) {\n        case 'ALL_7online':\n          try {\n            cy.findCoupon(coupon.id, iscated);\n            cy.checkCoupon(coupon);\n          } catch (e) {\n            console.error(e);\n          }\n          break;\n        case 'UNRESTRICTED_7online':\n          iscated = true;\n          if (category == attr) {\n            try {\n              cy.findCoupon(coupon.id, iscated);\n              cy.checkCoupon(coupon);\n            } catch (e) {\n              console.error(e);\n            }\n          } else {\n            haveCoupon = false;\n            try {\n              cy.findCoupon(coupon.id, iscated, haveCoupon);\n            } catch (e) {\n              console.error(e);\n            }\n          }\n          break;\n      }\n    });\n  }\n});",
              "err": {},
              "uuid": "e412ef78-e426-459b-88d6-dad9bc2ec4a0",
              "parentUUID": "5f1d9f0f-cc9c-4830-ab87-5ebccc93a1ba",
              "isHook": false,
              "skipped": true
            },
            {
              "title": "Coupon Page | Check coupon : PIM500",
              "fullTitle": "Check each page Coupon Page | Check coupon : PIM500",
              "timedOut": null,
              "duration": 0,
              "state": "skipped",
              "speed": null,
              "pass": false,
              "fail": false,
              "pending": false,
              "context": null,
              "code": "cy.get('a[href=\"/coupon/\"]').should('contain', 'คูปองส่วนลด').click();\ncy.title().should('eq', 'Coupon | AllOnline');\ncy.url().should('include', '/coupon/');\ncy.get('.js-voucher-group').then(function () {\n  var group = Cypress.$('.js-voucher-group');\n  for (var i = 0; i < group.length; i++) {\n    cy.wrap(group).eq(i).invoke('attr', 'data-voucher-group').then(function ($attr) {\n      var attr = $attr;\n      cy.get('a.js-voucher-group[data-voucher-group=\"' + attr + '\"]').click().wait(1000);\n      cy.get('li.paging-number[data-target-page=\"0\"]').contains('1').click({\n        force: true\n      });\n      switch (attr) {\n        case 'ALL_7online':\n          try {\n            cy.findCoupon(coupon.id, iscated);\n            cy.checkCoupon(coupon);\n          } catch (e) {\n            console.error(e);\n          }\n          break;\n        case 'UNRESTRICTED_7online':\n          iscated = true;\n          if (category == attr) {\n            try {\n              cy.findCoupon(coupon.id, iscated);\n              cy.checkCoupon(coupon);\n            } catch (e) {\n              console.error(e);\n            }\n          } else {\n            haveCoupon = false;\n            try {\n              cy.findCoupon(coupon.id, iscated, haveCoupon);\n            } catch (e) {\n              console.error(e);\n            }\n          }\n          break;\n      }\n    });\n  }\n});",
              "err": {},
              "uuid": "e63dd657-0743-4882-b75b-29d7a48a6342",
              "parentUUID": "5f1d9f0f-cc9c-4830-ab87-5ebccc93a1ba",
              "isHook": false,
              "skipped": true
            },
            {
              "title": "Flash Sale Page | Check product : CASIO นาฬิกาข้อมือ รุ่น Digital A158WA-1DF",
              "fullTitle": "Check each page Flash Sale Page | Check product : CASIO นาฬิกาข้อมือ รุ่น Digital A158WA-1DF",
              "timedOut": null,
              "duration": 0,
              "state": "skipped",
              "speed": null,
              "pass": false,
              "fail": false,
              "pending": false,
              "context": null,
              "code": "testType = 'flashsale';\ncy.get('.list-unstyled > li > a[href=\"/flashsale/\"]').should('contain', 'Flash Sale').click();\ncy.title().should('eq', 'Flash Sale | AllOnline');\ncy.url().should('include', '/flashsale/');\nif (product.type == \"\") {\n  type = 'flashsale';\n} else {\n  type = product.type;\n}\ncy.findProduct(product, testType, type);\ncy.get('.product_grid > .product-item').then(function ($products) {\n  var size = $products.length;\n  cy.log('size of elements : ' + size);\n  cy.log('------------------------');\n  cy.selectProduct(product, size);\n}); // cy.checkProductDetail(product, type)\ncy.checkProductDetail(product);",
              "err": {},
              "uuid": "37326cf7-3cda-409f-8f48-e0ab3111a544",
              "parentUUID": "5f1d9f0f-cc9c-4830-ab87-5ebccc93a1ba",
              "isHook": false,
              "skipped": true
            },
            {
              "title": "Flash Sale Page | Check product : MICHAEL KORS นาฬิกา รุ่น MK5945",
              "fullTitle": "Check each page Flash Sale Page | Check product : MICHAEL KORS นาฬิกา รุ่น MK5945",
              "timedOut": null,
              "duration": 0,
              "state": "skipped",
              "speed": null,
              "pass": false,
              "fail": false,
              "pending": false,
              "context": null,
              "code": "testType = 'flashsale';\ncy.get('.list-unstyled > li > a[href=\"/flashsale/\"]').should('contain', 'Flash Sale').click();\ncy.title().should('eq', 'Flash Sale | AllOnline');\ncy.url().should('include', '/flashsale/');\nif (product.type == \"\") {\n  type = 'flashsale';\n} else {\n  type = product.type;\n}\ncy.findProduct(product, testType, type);\ncy.get('.product_grid > .product-item').then(function ($products) {\n  var size = $products.length;\n  cy.log('size of elements : ' + size);\n  cy.log('------------------------');\n  cy.selectProduct(product, size);\n}); // cy.checkProductDetail(product, type)\ncy.checkProductDetail(product);",
              "err": {},
              "uuid": "a3be64f0-6f15-4b03-b64d-e7057799e77d",
              "parentUUID": "5f1d9f0f-cc9c-4830-ab87-5ebccc93a1ba",
              "isHook": false,
              "skipped": true
            },
            {
              "title": "New Product Page | Check product : TP-Link Archer C20 AC750 Wireless Dual Band Router",
              "fullTitle": "Check each page New Product Page | Check product : TP-Link Archer C20 AC750 Wireless Dual Band Router",
              "timedOut": null,
              "duration": 0,
              "state": "skipped",
              "speed": null,
              "pass": false,
              "fail": false,
              "pending": false,
              "context": null,
              "code": "testType = 'new';\ncy.get('.list-unstyled > li > a[href=\"/new-arrival/\"]').should('contain', 'สินค้ามาใหม่').click();\ncy.title().should('eq', 'สินค้ามาใหม่ | AllOnline');\ncy.url().should('include', '/new-arrival/');\nif (product.type == \"\") {\n  type = 'new';\n} else {\n  type = product.type;\n}\nhaveNextPage = false;\ncy.get('.how-many').then(function ($number) {\n  var text = $number.text();\n  var number = parseInt(text.replace(/ สินค้า|\\(|\\)/g, ''));\n  cy.log('number : ' + number);\n  if (number > 30) {\n    haveNextPage = true;\n    cy.log('number more than 30');\n    cy.log('haveNextPage : ' + haveNextPage);\n  } else {\n    cy.log('number not more than 30');\n    cy.log('haveNextPage : ' + haveNextPage);\n  }\n  cy.findProduct(product, testType, type, haveNextPage);\n  cy.get('.product_grid > .product-item').then(function ($products) {\n    var size = $products.length;\n    cy.log('size of elements : ' + size);\n    cy.log('------------------------');\n    cy.selectProduct(product, size);\n  }); // cy.checkProductDetail(product, type)\n  cy.checkProductDetail(product);\n});",
              "err": {},
              "uuid": "8ef0a2fe-228b-41fa-a54b-dad1312ac7bd",
              "parentUUID": "5f1d9f0f-cc9c-4830-ab87-5ebccc93a1ba",
              "isHook": false,
              "skipped": true
            },
            {
              "title": "New Product Page | Check product : ฝาครอบเครื่องย่างไส้กรอก WYOTT รุ่น HRS-31",
              "fullTitle": "Check each page New Product Page | Check product : ฝาครอบเครื่องย่างไส้กรอก WYOTT รุ่น HRS-31",
              "timedOut": null,
              "duration": 0,
              "state": "skipped",
              "speed": null,
              "pass": false,
              "fail": false,
              "pending": false,
              "context": null,
              "code": "testType = 'new';\ncy.get('.list-unstyled > li > a[href=\"/new-arrival/\"]').should('contain', 'สินค้ามาใหม่').click();\ncy.title().should('eq', 'สินค้ามาใหม่ | AllOnline');\ncy.url().should('include', '/new-arrival/');\nif (product.type == \"\") {\n  type = 'new';\n} else {\n  type = product.type;\n}\nhaveNextPage = false;\ncy.get('.how-many').then(function ($number) {\n  var text = $number.text();\n  var number = parseInt(text.replace(/ สินค้า|\\(|\\)/g, ''));\n  cy.log('number : ' + number);\n  if (number > 30) {\n    haveNextPage = true;\n    cy.log('number more than 30');\n    cy.log('haveNextPage : ' + haveNextPage);\n  } else {\n    cy.log('number not more than 30');\n    cy.log('haveNextPage : ' + haveNextPage);\n  }\n  cy.findProduct(product, testType, type, haveNextPage);\n  cy.get('.product_grid > .product-item').then(function ($products) {\n    var size = $products.length;\n    cy.log('size of elements : ' + size);\n    cy.log('------------------------');\n    cy.selectProduct(product, size);\n  }); // cy.checkProductDetail(product, type)\n  cy.checkProductDetail(product);\n});",
              "err": {},
              "uuid": "d5a18554-efbc-4da4-bbb5-cb646b65d587",
              "parentUUID": "5f1d9f0f-cc9c-4830-ab87-5ebccc93a1ba",
              "isHook": false,
              "skipped": true
            },
            {
              "title": "Promotion Page | Check product : ถังต้มน้ำไฟฟ้า House Worth 20 ลิตร รุ่น HW-EU02",
              "fullTitle": "Check each page Promotion Page | Check product : ถังต้มน้ำไฟฟ้า House Worth 20 ลิตร รุ่น HW-EU02",
              "timedOut": null,
              "duration": 0,
              "state": "skipped",
              "speed": null,
              "pass": false,
              "fail": false,
              "pending": false,
              "context": null,
              "code": "testType = 'promotion';\ncy.get('.list-unstyled > li > a[href=\"/promotion/\"]').should('contain', 'สินค้าโปรโมชั่น').click();\ncy.title().should('eq', 'สินค้าโปรโมชั่น | AllOnline');\ncy.url().should('include', '/promotion/');\nif (product.type == \"\") {\n  type = 'promotion';\n} else {\n  type = product.type;\n}\nhaveNextPage = false;\ncy.get('.how-many').then(function ($number) {\n  var text = $number.text();\n  var number = parseInt(text.replace(/ สินค้า|\\(|\\)/g, ''));\n  cy.log('number : ' + number);\n  if (number > 30) {\n    haveNextPage = true;\n    cy.log('number more than 30');\n    cy.log('haveNextPage : ' + haveNextPage);\n  } else {\n    cy.log('number not more than 30');\n    cy.log('haveNextPage : ' + haveNextPage);\n  }\n  cy.findProduct(product, testType, type, haveNextPage);\n  cy.get('.product_grid > .product-item').then(function ($products) {\n    var size = $products.length;\n    cy.log('size of elements : ' + size);\n    cy.log('------------------------');\n    cy.selectProduct(product, size);\n  });\n  cy.checkProductDetail(product); // cy.checkProductDetail(product, type)\n});",
              "err": {},
              "uuid": "79439020-6e66-4f03-906a-87c6d8c3c547",
              "parentUUID": "5f1d9f0f-cc9c-4830-ab87-5ebccc93a1ba",
              "isHook": false,
              "skipped": true
            },
            {
              "title": "Promotion Page | Check product : เครื่องปั่นแยกกาก 3 in1 Tecno+ รุ่น TNP JB 500 สีเขียว",
              "fullTitle": "Check each page Promotion Page | Check product : เครื่องปั่นแยกกาก 3 in1 Tecno+ รุ่น TNP JB 500 สีเขียว",
              "timedOut": null,
              "duration": 0,
              "state": "skipped",
              "speed": null,
              "pass": false,
              "fail": false,
              "pending": false,
              "context": null,
              "code": "testType = 'promotion';\ncy.get('.list-unstyled > li > a[href=\"/promotion/\"]').should('contain', 'สินค้าโปรโมชั่น').click();\ncy.title().should('eq', 'สินค้าโปรโมชั่น | AllOnline');\ncy.url().should('include', '/promotion/');\nif (product.type == \"\") {\n  type = 'promotion';\n} else {\n  type = product.type;\n}\nhaveNextPage = false;\ncy.get('.how-many').then(function ($number) {\n  var text = $number.text();\n  var number = parseInt(text.replace(/ สินค้า|\\(|\\)/g, ''));\n  cy.log('number : ' + number);\n  if (number > 30) {\n    haveNextPage = true;\n    cy.log('number more than 30');\n    cy.log('haveNextPage : ' + haveNextPage);\n  } else {\n    cy.log('number not more than 30');\n    cy.log('haveNextPage : ' + haveNextPage);\n  }\n  cy.findProduct(product, testType, type, haveNextPage);\n  cy.get('.product_grid > .product-item').then(function ($products) {\n    var size = $products.length;\n    cy.log('size of elements : ' + size);\n    cy.log('------------------------');\n    cy.selectProduct(product, size);\n  });\n  cy.checkProductDetail(product); // cy.checkProductDetail(product, type)\n});",
              "err": {},
              "uuid": "50189527-5626-4a55-87c9-ecce32a06dd9",
              "parentUUID": "5f1d9f0f-cc9c-4830-ab87-5ebccc93a1ba",
              "isHook": false,
              "skipped": true
            },
            {
              "title": "Best Seller Page | Check product : ไก่เทอริยากิ1000g. เดลีไทย",
              "fullTitle": "Check each page Best Seller Page | Check product : ไก่เทอริยากิ1000g. เดลีไทย",
              "timedOut": null,
              "duration": 0,
              "state": "skipped",
              "speed": null,
              "pass": false,
              "fail": false,
              "pending": false,
              "context": null,
              "code": "testType = 'bestseller';\ncy.get('.list-unstyled > li > a[href=\"/bestseller/\"]').should('contain', 'สินค้าขายดี').click();\ncy.title().should('eq', 'สินค้าขายดี | AllOnline');\ncy.url().should('include', '/bestseller/');\nif (product.type == \"\") {\n  type = 'bestseller';\n} else {\n  type = product.type;\n}\nhaveNextPage = false;\ncy.get('.how-many').then(function ($number) {\n  var text = $number.text();\n  var number = parseInt(text.replace(/ สินค้า|\\(|\\)/g, ''));\n  cy.log('number : ' + number);\n  if (number > 30) {\n    haveNextPage = true;\n    cy.log('number more than 30');\n    cy.log('haveNextPage : ' + haveNextPage);\n  } else {\n    cy.log('number not more than 30');\n    cy.log('haveNextPage : ' + haveNextPage);\n  }\n  cy.findProduct(product, testType, type, haveNextPage);\n  cy.get('.product_grid > .product-item').then(function ($products) {\n    var size = $products.length;\n    cy.log('size of elements : ' + size);\n    cy.log('------------------------');\n    cy.selectProduct(product, size);\n  });\n  cy.log('ttttttttttt : ' + type); // cy.checkProductDetail(product, type, testType)                \n  cy.checkProductDetail(product);\n});",
              "err": {},
              "uuid": "bb9ced68-f551-4f9b-a425-35cfb9facb39",
              "parentUUID": "5f1d9f0f-cc9c-4830-ab87-5ebccc93a1ba",
              "isHook": false,
              "skipped": true
            },
            {
              "title": "Best Seller Page | Check product : Me-O อาหารแมวโต รสทูน่า ขนาด 7 กก.",
              "fullTitle": "Check each page Best Seller Page | Check product : Me-O อาหารแมวโต รสทูน่า ขนาด 7 กก.",
              "timedOut": null,
              "duration": 0,
              "state": "skipped",
              "speed": null,
              "pass": false,
              "fail": false,
              "pending": false,
              "context": null,
              "code": "testType = 'bestseller';\ncy.get('.list-unstyled > li > a[href=\"/bestseller/\"]').should('contain', 'สินค้าขายดี').click();\ncy.title().should('eq', 'สินค้าขายดี | AllOnline');\ncy.url().should('include', '/bestseller/');\nif (product.type == \"\") {\n  type = 'bestseller';\n} else {\n  type = product.type;\n}\nhaveNextPage = false;\ncy.get('.how-many').then(function ($number) {\n  var text = $number.text();\n  var number = parseInt(text.replace(/ สินค้า|\\(|\\)/g, ''));\n  cy.log('number : ' + number);\n  if (number > 30) {\n    haveNextPage = true;\n    cy.log('number more than 30');\n    cy.log('haveNextPage : ' + haveNextPage);\n  } else {\n    cy.log('number not more than 30');\n    cy.log('haveNextPage : ' + haveNextPage);\n  }\n  cy.findProduct(product, testType, type, haveNextPage);\n  cy.get('.product_grid > .product-item').then(function ($products) {\n    var size = $products.length;\n    cy.log('size of elements : ' + size);\n    cy.log('------------------------');\n    cy.selectProduct(product, size);\n  });\n  cy.log('ttttttttttt : ' + type); // cy.checkProductDetail(product, type, testType)                \n  cy.checkProductDetail(product);\n});",
              "err": {},
              "uuid": "067ba801-560a-4cef-80f5-4b5fa360a47d",
              "parentUUID": "5f1d9f0f-cc9c-4830-ab87-5ebccc93a1ba",
              "isHook": false,
              "skipped": true
            },
            {
              "title": "Brand Page | Check product : โชกุบุสครีมอาบน้ำซึชมพู 500 มิลลิลิตร",
              "fullTitle": "Check each page Brand Page | Check product : โชกุบุสครีมอาบน้ำซึชมพู 500 มิลลิลิตร",
              "timedOut": null,
              "duration": 0,
              "state": "skipped",
              "speed": null,
              "pass": false,
              "fail": false,
              "pending": false,
              "context": null,
              "code": "testType = 'brand';\ncy.get('.list-unstyled > li > a[href=\"/brands/\"]').should('contain', 'แบรนด์').click();\ncy.title().should('eq', 'ช้อปตามแบรนด์ | AllOnline');\ncy.url().should('include', '/brands/');\ncy.get('a[title=\"' + product.category + '\"]').should('contain', product.category).click();\nif (product.type == \"\") {\n  type = 'brand';\n} else {\n  type = product.type;\n}\nhaveNextPage = false;\ncy.get('.how-many').then(function ($number) {\n  var text = $number.text();\n  var number = parseInt(text.replace(/ สินค้า|\\(|\\)/g, ''));\n  cy.log('number : ' + number);\n  if (number > 30) {\n    haveNextPage = true;\n  }\n  cy.findProduct(product, testType, type, haveNextPage);\n  cy.get('.product_grid > .product-item').then(function ($products) {\n    var size = $products.length;\n    cy.log('size of elements : ' + size);\n    cy.log('------------------------');\n    cy.selectProduct(product, size);\n  }); // cy.checkProductDetail(product, type)\n  cy.checkProductDetail(product);\n});",
              "err": {},
              "uuid": "de62ef34-f2a0-4b11-88e8-2dac4e80954d",
              "parentUUID": "5f1d9f0f-cc9c-4830-ab87-5ebccc93a1ba",
              "isHook": false,
              "skipped": true
            },
            {
              "title": "Brand Page | Check product : หุ่นยนต์ถูพื้น iRobot รุ่น Braava 380t สีดำ",
              "fullTitle": "Check each page Brand Page | Check product : หุ่นยนต์ถูพื้น iRobot รุ่น Braava 380t สีดำ",
              "timedOut": null,
              "duration": 0,
              "state": "skipped",
              "speed": null,
              "pass": false,
              "fail": false,
              "pending": false,
              "context": null,
              "code": "testType = 'brand';\ncy.get('.list-unstyled > li > a[href=\"/brands/\"]').should('contain', 'แบรนด์').click();\ncy.title().should('eq', 'ช้อปตามแบรนด์ | AllOnline');\ncy.url().should('include', '/brands/');\ncy.get('a[title=\"' + product.category + '\"]').should('contain', product.category).click();\nif (product.type == \"\") {\n  type = 'brand';\n} else {\n  type = product.type;\n}\nhaveNextPage = false;\ncy.get('.how-many').then(function ($number) {\n  var text = $number.text();\n  var number = parseInt(text.replace(/ สินค้า|\\(|\\)/g, ''));\n  cy.log('number : ' + number);\n  if (number > 30) {\n    haveNextPage = true;\n  }\n  cy.findProduct(product, testType, type, haveNextPage);\n  cy.get('.product_grid > .product-item').then(function ($products) {\n    var size = $products.length;\n    cy.log('size of elements : ' + size);\n    cy.log('------------------------');\n    cy.selectProduct(product, size);\n  }); // cy.checkProductDetail(product, type)\n  cy.checkProductDetail(product);\n});",
              "err": {},
              "uuid": "dad3edfb-8920-4391-a4d4-cf995e752a1c",
              "parentUUID": "5f1d9f0f-cc9c-4830-ab87-5ebccc93a1ba",
              "isHook": false,
              "skipped": true
            },
            {
              "title": "Brand Page | Check product : BEWEL แพ็คคู่ น้ำมันปลาแซลลมอน 1000 มก. พลัสวิตามินอี 70 แคปซูล รวม 140 แคปซูล",
              "fullTitle": "Check each page Brand Page | Check product : BEWEL แพ็คคู่ น้ำมันปลาแซลลมอน 1000 มก. พลัสวิตามินอี 70 แคปซูล รวม 140 แคปซูล",
              "timedOut": null,
              "duration": 0,
              "state": "skipped",
              "speed": null,
              "pass": false,
              "fail": false,
              "pending": false,
              "context": null,
              "code": "testType = 'brand';\ncy.get('.list-unstyled > li > a[href=\"/brands/\"]').should('contain', 'แบรนด์').click();\ncy.title().should('eq', 'ช้อปตามแบรนด์ | AllOnline');\ncy.url().should('include', '/brands/');\ncy.get('a[title=\"' + product.category + '\"]').should('contain', product.category).click();\nif (product.type == \"\") {\n  type = 'brand';\n} else {\n  type = product.type;\n}\nhaveNextPage = false;\ncy.get('.how-many').then(function ($number) {\n  var text = $number.text();\n  var number = parseInt(text.replace(/ สินค้า|\\(|\\)/g, ''));\n  cy.log('number : ' + number);\n  if (number > 30) {\n    haveNextPage = true;\n  }\n  cy.findProduct(product, testType, type, haveNextPage);\n  cy.get('.product_grid > .product-item').then(function ($products) {\n    var size = $products.length;\n    cy.log('size of elements : ' + size);\n    cy.log('------------------------');\n    cy.selectProduct(product, size);\n  }); // cy.checkProductDetail(product, type)\n  cy.checkProductDetail(product);\n});",
              "err": {},
              "uuid": "44b1eefc-b7d8-4332-ba76-ff4057e6092d",
              "parentUUID": "5f1d9f0f-cc9c-4830-ab87-5ebccc93a1ba",
              "isHook": false,
              "skipped": true
            },
            {
              "title": "Brand Page | Check product : Dalan d'Olive Hand & Body Lotion. White Colour Lotion Item 250 mL.",
              "fullTitle": "Check each page Brand Page | Check product : Dalan d'Olive Hand & Body Lotion. White Colour Lotion Item 250 mL.",
              "timedOut": null,
              "duration": 0,
              "state": "skipped",
              "speed": null,
              "pass": false,
              "fail": false,
              "pending": false,
              "context": null,
              "code": "testType = 'brand';\ncy.get('.list-unstyled > li > a[href=\"/brands/\"]').should('contain', 'แบรนด์').click();\ncy.title().should('eq', 'ช้อปตามแบรนด์ | AllOnline');\ncy.url().should('include', '/brands/');\ncy.get('a[title=\"' + product.category + '\"]').should('contain', product.category).click();\nif (product.type == \"\") {\n  type = 'brand';\n} else {\n  type = product.type;\n}\nhaveNextPage = false;\ncy.get('.how-many').then(function ($number) {\n  var text = $number.text();\n  var number = parseInt(text.replace(/ สินค้า|\\(|\\)/g, ''));\n  cy.log('number : ' + number);\n  if (number > 30) {\n    haveNextPage = true;\n  }\n  cy.findProduct(product, testType, type, haveNextPage);\n  cy.get('.product_grid > .product-item').then(function ($products) {\n    var size = $products.length;\n    cy.log('size of elements : ' + size);\n    cy.log('------------------------');\n    cy.selectProduct(product, size);\n  }); // cy.checkProductDetail(product, type)\n  cy.checkProductDetail(product);\n});",
              "err": {},
              "uuid": "d789431c-31ed-4b89-b087-745d78742663",
              "parentUUID": "5f1d9f0f-cc9c-4830-ab87-5ebccc93a1ba",
              "isHook": false,
              "skipped": true
            },
            {
              "title": "Wish List Page",
              "fullTitle": "Check each page Wish List Page",
              "timedOut": null,
              "duration": 0,
              "state": "skipped",
              "speed": null,
              "pass": false,
              "fail": false,
              "pending": false,
              "context": null,
              "code": "cy.get('.list-inline > .whishlist-icon > a[href=\"/account/wishlist/\"]').should('contain', 'สินค้าโปรด').click();\ncy.title().should('eq', 'AllOnline');\ncy.url().should('include', '/account/wishlist/');\ncy.clearWishList();\nwishList.forEach(function (product) {\n  cy.searchProduct(product);\n  cy.get('.flex-social-fav > .whishlist > .notepad-link').click();\n  cy.get('.flex-social-fav > .whishlist').should('have.class', 'highlight').and('have.class', 'animated').and('have.class', 'tada');\n});\ncy.get('.list-inline > .whishlist-icon > a[href=\"/account/wishlist/\"]').should('contain', 'สินค้าโปรด').click();\ncy.title().should('eq', 'AllOnline');\ncy.url().should('include', '/account/wishlist/');\nvar index = 0;\nwishList.forEach(function (product) {\n  cy.get('.item-count').eq(index).siblings('a').should('contain', product.name).parents('.row.item').find('.price').should('contain', product.price);\n  index++;\n});",
              "err": {},
              "uuid": "b68ee014-c6f1-45bc-bbaa-1ab4e9f62991",
              "parentUUID": "5f1d9f0f-cc9c-4830-ab87-5ebccc93a1ba",
              "isHook": false,
              "skipped": true
            },
            {
              "title": "Coupon Page | Get coupon : HBD500",
              "fullTitle": "Check each page Coupon Page | Get coupon : HBD500",
              "timedOut": null,
              "duration": 0,
              "state": "skipped",
              "speed": null,
              "pass": false,
              "fail": false,
              "pending": false,
              "context": null,
              "code": "cy.get('a[href=\"/coupon/\"]').should('contain', 'คูปองส่วนลด').click();\ncy.title().should('eq', 'Coupon | AllOnline');\ncy.url().should('include', '/coupon/');\nvar iscated = false; // cy.log('promotion.code : ' + coupon.id)\ncy.findCoupon(coupon.id, iscated);\ncy.checkCoupon(coupon);\ncy.getCoupon(coupon.id);",
              "err": {},
              "uuid": "20e9676f-32a5-48dd-9ff9-150629bd1f13",
              "parentUUID": "5f1d9f0f-cc9c-4830-ab87-5ebccc93a1ba",
              "isHook": false,
              "skipped": true
            }
          ],
          "suites": [],
          "passes": [],
          "failures": [
            "8332c0a2-b3cc-454f-8fcd-622718288d44"
          ],
          "pending": [],
          "skipped": [
            "694d1052-18fe-4700-979e-94f31946dc23",
            "e412ef78-e426-459b-88d6-dad9bc2ec4a0",
            "e63dd657-0743-4882-b75b-29d7a48a6342",
            "37326cf7-3cda-409f-8f48-e0ab3111a544",
            "a3be64f0-6f15-4b03-b64d-e7057799e77d",
            "8ef0a2fe-228b-41fa-a54b-dad1312ac7bd",
            "d5a18554-efbc-4da4-bbb5-cb646b65d587",
            "79439020-6e66-4f03-906a-87c6d8c3c547",
            "50189527-5626-4a55-87c9-ecce32a06dd9",
            "bb9ced68-f551-4f9b-a425-35cfb9facb39",
            "067ba801-560a-4cef-80f5-4b5fa360a47d",
            "de62ef34-f2a0-4b11-88e8-2dac4e80954d",
            "dad3edfb-8920-4391-a4d4-cf995e752a1c",
            "44b1eefc-b7d8-4332-ba76-ff4057e6092d",
            "d789431c-31ed-4b89-b087-745d78742663",
            "b68ee014-c6f1-45bc-bbaa-1ab4e9f62991",
            "20e9676f-32a5-48dd-9ff9-150629bd1f13"
          ],
          "duration": 48981,
          "root": false,
          "rootEmpty": false,
          "_timeout": 2000
        }
      ],
      "passes": [],
      "failures": [],
      "pending": [],
      "skipped": [],
      "duration": 0,
      "root": true,
      "rootEmpty": true,
      "_timeout": 2000
    }
  ],
  "meta": {
    "mocha": {
      "version": "7.0.1"
    },
    "mochawesome": {
      "options": {
        "quiet": false,
        "reportFilename": "report",
        "saveHtml": true,
        "saveJson": true,
        "consoleReporter": "spec",
        "useInlineDiffs": false,
        "code": true
      },
      "version": "6.2.2"
    },
    "marge": {
      "options": {
        "reportDir": "cypress/reports",
        "reportFilename": "report",
        "overwrite": true,
        "reportTitle": "Report Test",
        "html": true,
        "json": true,
        "charts": true
      },
      "version": "5.2.0"
    }
  }
}