{
  "stats": {
    "suites": 1,
    "tests": 10,
    "passes": 9,
    "pending": 0,
    "failures": 1,
    "start": "2021-04-21T09:46:15.151Z",
    "end": "2021-04-21T10:07:10.721Z",
    "duration": 1255570,
    "testsRegistered": 10,
    "passPercent": 90,
    "pendingPercent": 0,
    "other": 0,
    "hasOther": false,
    "skipped": 0,
    "hasSkipped": false
  },
  "results": [
    {
      "uuid": "07575e44-d8e2-46a2-99e2-f113a0a1d32f",
      "title": "",
      "fullFile": "cypress\\integration\\examples\\purchase.js",
      "file": "cypress\\integration\\examples\\purchase.js",
      "beforeHooks": [],
      "afterHooks": [],
      "tests": [],
      "suites": [
        {
          "uuid": "1bfadb97-1941-4dfc-8e18-6d415c5ff4b9",
          "title": "Login page",
          "fullFile": "",
          "file": "",
          "beforeHooks": [],
          "afterHooks": [],
          "tests": [
            {
              "title": "purchase products | Purchase order with CS , รับที่เซเว่นอีเลฟเว่น",
              "fullTitle": "Login page purchase products | Purchase order with CS , รับที่เซเว่นอีเลฟเว่น",
              "timedOut": null,
              "duration": 82459,
              "state": "passed",
              "speed": "slow",
              "pass": true,
              "fail": false,
              "pending": false,
              "context": null,
              "code": "// check remaining product in basket\ncy.get('span.cart-indicator').then(function ($cartIndicator) {\n  var num = parseInt($cartIndicator.text().replace(/,/g, '')) || 0;\n  if (num > 0) {\n    cy.clearBasket();\n  }\n});\nif (promotion.usePromotion && promotion.searchType == 'myCoupon') {\n  // if(promotion.usePromotion) {\n  cy.get('a[href=\"/coupon/\"]').should('contain', 'คูปองส่วนลด').click();\n  cy.title().should('eq', 'Coupon | AllOnline');\n  cy.url().should('include', '/coupon/');\n  var iscated = false;\n  cy.findCoupon(promotion.code, iscated);\n  cy.checkCoupon(promotion);\n  cy.getCoupon(promotion.code);\n} // add product to basket\n\nproducts.forEach(function (product) {\n  price = formatNumber(product.price);\n  cy.searchProduct(product);\n  cy.addProduct(product, price);\n  cy.wait(1000);\n  qty += product.amount;\n  cy.get('.cart-indicator').should('contain', qty);\n  if (product.isSplit == 'Y') {\n    haveSplitOrder = true;\n    splitOrderAmount--;\n  }\n}); // check shipping address\nif (shippingType == 'รับที่เซเว่นอีเลฟเว่น') {\n  customerDetails = {\n    \"phoneNumber\": phoneNumber,\n    \"storeId\": storeId,\n    \"storeAddress\": storeAddress,\n    \"storeName\": storeName\n  };\n  address = storeAddress;\n  if (haveSplitOrder) {\n    searchSplitAddressType = testData.splitOrderDetails.splitAddressType;\n    splitAddressPayment = splitOrderDetails.addressNo + ' ' + splitOrderDetails.floor + ', ' + splitOrderDetails.moo + ', ' + splitOrderDetails.soi + ', ' + splitOrderDetails.street + ', ' + splitOrderDetails.subDistrict + ' ' + splitOrderDetails.district + ' ' + splitOrderDetails.province + ' ' + splitOrderDetails.postalCode;\n  }\n} else if (shippingType == 'จัดส่งตามที่อยู่') {\n  customerDetails = testData.customerDetails;\n  address = customerDetails.addressNo + ' ' + customerDetails.floor + ', ' + customerDetails.moo + ', ' + customerDetails.soi + ', ' + customerDetails.street + ', ' + customerDetails.subDistrict + ' ' + customerDetails.district + ' ' + customerDetails.province + ' ' + customerDetails.postalCode;\n  haveSplitOrder = false;\n} // check product in pop up basket\n\ncy.wait(2000);\ncy.get('#mini-basket').should('contain', 'ตะกร้าสินค้า').click();\nproducts.forEach(function (product) {\n  price = formatNumber(product.amount * product.price);\n  cy.verifyPopUpBasket(product.name, product.amount, price, productList);\n  orderSum += product.amount * product.price;\n  productList++;\n});\nsum = formatNumber(orderSum);\ncy.get('.item-sum').should('contain', sum);\ncy.get('#mini-basket').should('contain', 'ตะกร้าสินค้า').click();\ncy.title().should('eq', 'AllOnline');\ncy.url().should('include', '/account/basket/');\nproductList = 1;\nproducts.forEach(function (product) {\n  price = formatNumber(product.amount * product.price);\n  productPrice = formatNumber(product.price);\n  cy.verifyBasket(product.name, product.barcode, product.amount, productPrice, price, productList);\n  productList++;\n});\ncy.contains('ดำเนินการชำระเงิน').click(); // shipping\ncy.url().should('include', '/checkout/shipping/');\ncy.title().should('eq', 'การจัดส่ง');\ncy.verifyShipping(shippingType, searchAddrType, customerDetails, taxInvoice);\nproductList = 1;\nproductSplitList = 1;\nproducts.forEach(function (product) {\n  if (product.isSplit == 'Y' && haveSplitOrder) {\n    cy.verifyOrder(product.name, product.barcode, productSplitList, product.isSplit, haveSplitOrder);\n    productSplitList++;\n  } else {\n    cy.verifyOrder(product.name, product.barcode, productList, product.isSplit, haveSplitOrder);\n    productList++;\n  }\n});\nif (haveSplitOrder) {\n  cy.verifyShipping('จัดส่งตามที่อยู่', searchSplitAddressType, splitOrderDetails, taxInvoice, haveSplitOrder);\n}\ncy.get('button[id=\"continue-payment-btn\"]').contains('ดำเนินการชำระเงิน').click(); // payment\ncy.url().should('include', '/checkout/payment/');\ncy.title().should('eq', 'ชำระเงิน');\ncy.get('.basket').should(function ($basket) {\n  expect($basket).to.contain('สรุปรายการสั่งซื้อ');\n  expect($basket).to.contain(products.length + ' สินค้า');\n  expect($basket).to.contain(customerName);\n});\nswitch (shippingType) {\n  case 'รับที่เซเว่นอีเลฟเว่น':\n    if (haveSplitOrder) {\n      cy.get('.address').first().should(function ($custAddress) {\n        expect($custAddress).to.contain('เบอร์โทรศัพท์ผู้รับสินค้า: ' + phoneNumber);\n        expect($custAddress).to.contain('เซเว่นอีเลฟเว่น #' + storeId);\n        expect($custAddress).to.contain(storeName);\n        expect($custAddress).to.contain(address);\n      });\n      cy.get('.address').eq(2).should(function ($custAddress) {\n        expect($custAddress).to.contain(customerName);\n        expect($custAddress).to.contain('เบอร์โทรติดต่อ : ' + phoneNumber);\n        expect($custAddress).to.contain(splitAddressPayment);\n      });\n    } else {\n      cy.get('.basket').should(function ($custAddress) {\n        expect($custAddress).to.contain('เบอร์โทรศัพท์ผู้รับสินค้า: ' + phoneNumber);\n        expect($custAddress).to.contain('เซเว่นอีเลฟเว่น #' + storeId);\n        expect($custAddress).to.contain('สาขา ' + storeName);\n        expect($custAddress).to.contain(address);\n      });\n    }\n    break;\n  case 'จัดส่งตามที่อยู่':\n    cy.get('.basket').should(function ($custAddress) {\n      expect($custAddress).to.contain('เบอร์โทรติดต่อ : ' + phoneNumber);\n      expect($custAddress).to.contain(address);\n    });\n    break;\n}\norderSum = 0;\nproductList = 0;\nproducts.forEach(function (product) {\n  price = formatNumber(product.amount * product.price);\n  if (haveSplitOrder && product.isSplit == 'Y') {\n    cy.verifyOrderAtPayment(product, price, splitOrderAmount);\n    splitOrderAmount++;\n  } else {\n    cy.verifyOrderAtPayment(product, price, productList);\n    productList++;\n  }\n  if (product.getAMB) {\n    priceAMB += product.price * product.amount;\n  }\n  switch (product.mstampType) {\n    case 'normalRate':\n      priceMStamp += product.price * product.amount;\n  }\n  orderSum += product.amount * product.price;\n});\nif (promotion.usePromotion) {\n  cy.typePromotion(promotion);\n  cy.visit('/');\n  cy.login(loginUsername, loginPassword, username, isReLogin);\n  cy.wait(2000);\n  cy.get('#mini-basket').should('contain', 'ตะกร้าสินค้า').dblclick();\n  cy.get('a.proceed').should('contain', 'ดำเนินการชำระเงิน').click(); // shipping\n  cy.verifyShipping(shippingType, searchAddrType, customerDetails, taxInvoice);\n  if (haveSplitOrder) {\n    cy.verifyShipping('จัดส่งตามที่อยู่', searchSplitAddressType, splitOrderDetails, taxInvoice, haveSplitOrder);\n  }\n  cy.get('button[id=\"continue-payment-btn\"]').contains('ดำเนินการชำระเงิน').click();\n  cy.wait(2000);\n  cy.checkPromotion(promotion); // calculate promotion\n  var promotionPrice = 0;\n  var haveProducts = false;\n  if (promotion.productType == '') {\n    promotionPrice = orderSum;\n  } else {\n    products.forEach(function (product) {\n      if (promotion.productType == product.type) {\n        promotionPrice += product.price * product.amount;\n        haveProducts = true;\n      }\n    });\n  }\n  if (promotionPrice >= promotion.minimum) {\n    switch (promotion.discountType) {\n      case 'percentage':\n        promotionPrice = parseInt(promotionPrice * (promotion.discountAmount / 100));\n        if (promotionPrice >= promotion.maxDiscount) {\n          discount = promotion.maxDiscount;\n        } else {\n          discount = promotionPrice;\n        }\n        cy.get('tr.line-coupon').should('contain', promotion.code.toUpperCase());\n        break;\n      case 'fixedAmount':\n        if (promotionPrice >= promotion.discountAmount) {\n          discount = promotion.discountAmount;\n        } else {\n          discount = promotionPrice;\n        }\n        cy.get('tr.line-coupon').should('contain', promotion.code.toUpperCase());\n        break;\n      case 'freeShipping':\n        if (haveProducts == true) {\n          shippingFee = 0;\n          cy.get('tr.line-coupon').should('contain', promotion.code.toUpperCase());\n        }\n        break;\n      case 'freeProduct':\n        if (haveProducts == true) {\n          cy.get('#tbody-free-item > .radio-styled > .show-description').first().should('contain', promotion.freeProduct);\n          cy.get('#tbody-free-item > .radio-styled > [align=\"center\"]').first().should('contain', promotion.freeQty);\n        }\n        break;\n    }\n  }\n}\nif (discountAMBPoint > 0) {\n  cy.discountAMB(discountAMBPoint, formatNumber(discountAMBBath));\n}\nif (discountMstamp > 0) {\n  cy.discountMstamp(discountMstamp);\n} // check promotion on product\n\nproducts.forEach(function (product) {\n  if (product.promotion.hasPromotion) {\n    if (promotion.usePromotion && promotion.discountType == 'freeProduct') {\n      freeList++;\n    }\n    cy.get('.items.radio-styled > .show-description').eq(freeList).should('contain', product.promotion.name);\n    switch (product.promotion.productType) {\n      case 'freePerProduct':\n        // qty = 0\n        qty = product.amount * product.promotion.qty;\n        cy.get('.items.radio-styled > [align=\"center\"]').eq(freeList).should('contain', qty);\n        break;\n    }\n  }\n});\nsum = formatNumber(orderSum);\ntotalPrice = orderSum + shippingFee - discount - discountAMBBath - discountMstamp;\namb = parseInt((priceAMB - discount - discountAMBBath - discountMstamp) / 10) * 3;\nmstamp = parseInt((priceMStamp - discount - discountAMBBath - discountMstamp) / 50);\ncy.verifyTotalPrice(sum, formatNumber(shippingFee), formatNumber(totalPrice), amb, mstamp, discount, promotion.usePromotion, discountAMBBath, discountMstamp);\ncy.payment(paymentDetails);\ncy.checkReceipt(paymentDetails, customerName, formatNumber(totalPrice.toFixed(2)));\nswitch (paymentDetails.paymentType) {\n  case 'PAYATALL_CC':\n  case 'PAYATALL_TMN':\n    cy.get('.message-order-barcode').then(function ($text) {\n      var text = $text.text();\n      var words = text.trim().split(\" \");\n      var orderNo = words[1];\n      cy.wrap(orderNo).as('orderNo');\n    });\n    break;\n  case 'PAYATALL_CS':\n    cy.contains('เลขที่ใบแจ้งสินค้า/Invoice No:').siblings('.detail-table-right').then(function ($orderNo) {\n      var orderNo = $orderNo.text();\n      cy.wrap(orderNo).as('orderNo');\n    });\n    cy.visit('/');\n    cy.login(loginUsername, loginPassword, username, isReLogin);\n    break;\n}\ncy.get('@orderNo').then(function (orderNo) {\n  if (!haveSplitOrder) {\n    cy.checkStatusOrder(orderNo);\n  } else {\n    var orderLength = orderNo.length;\n    for (var i = 1; i <= 2; i++) {\n      orderNo = orderNo.substring(0, orderLength - 2) + i + orderNo.substring(orderLength - 1);\n      cy.checkStatusOrder(orderNo);\n    }\n  }\n});\nif (paymentDetails.paymentType != 'PAYATALL_CS') {\n  cy.checkAMB(customerName, amb);\n}",
              "err": {},
              "uuid": "a659b5c4-17c5-4114-907c-df53520fa90a",
              "parentUUID": "1bfadb97-1941-4dfc-8e18-6d415c5ff4b9",
              "isHook": false,
              "skipped": false
            },
            {
              "title": "purchase products | Purchase order with TMN , รับที่เซเว่นอีเลฟเว่น",
              "fullTitle": "Login page purchase products | Purchase order with TMN , รับที่เซเว่นอีเลฟเว่น",
              "timedOut": null,
              "duration": 111217,
              "state": "passed",
              "speed": "slow",
              "pass": true,
              "fail": false,
              "pending": false,
              "context": null,
              "code": "// check remaining product in basket\ncy.get('span.cart-indicator').then(function ($cartIndicator) {\n  var num = parseInt($cartIndicator.text().replace(/,/g, '')) || 0;\n  if (num > 0) {\n    cy.clearBasket();\n  }\n});\nif (promotion.usePromotion && promotion.searchType == 'myCoupon') {\n  // if(promotion.usePromotion) {\n  cy.get('a[href=\"/coupon/\"]').should('contain', 'คูปองส่วนลด').click();\n  cy.title().should('eq', 'Coupon | AllOnline');\n  cy.url().should('include', '/coupon/');\n  var iscated = false;\n  cy.findCoupon(promotion.code, iscated);\n  cy.checkCoupon(promotion);\n  cy.getCoupon(promotion.code);\n} // add product to basket\n\nproducts.forEach(function (product) {\n  price = formatNumber(product.price);\n  cy.searchProduct(product);\n  cy.addProduct(product, price);\n  cy.wait(1000);\n  qty += product.amount;\n  cy.get('.cart-indicator').should('contain', qty);\n  if (product.isSplit == 'Y') {\n    haveSplitOrder = true;\n    splitOrderAmount--;\n  }\n}); // check shipping address\nif (shippingType == 'รับที่เซเว่นอีเลฟเว่น') {\n  customerDetails = {\n    \"phoneNumber\": phoneNumber,\n    \"storeId\": storeId,\n    \"storeAddress\": storeAddress,\n    \"storeName\": storeName\n  };\n  address = storeAddress;\n  if (haveSplitOrder) {\n    searchSplitAddressType = testData.splitOrderDetails.splitAddressType;\n    splitAddressPayment = splitOrderDetails.addressNo + ' ' + splitOrderDetails.floor + ', ' + splitOrderDetails.moo + ', ' + splitOrderDetails.soi + ', ' + splitOrderDetails.street + ', ' + splitOrderDetails.subDistrict + ' ' + splitOrderDetails.district + ' ' + splitOrderDetails.province + ' ' + splitOrderDetails.postalCode;\n  }\n} else if (shippingType == 'จัดส่งตามที่อยู่') {\n  customerDetails = testData.customerDetails;\n  address = customerDetails.addressNo + ' ' + customerDetails.floor + ', ' + customerDetails.moo + ', ' + customerDetails.soi + ', ' + customerDetails.street + ', ' + customerDetails.subDistrict + ' ' + customerDetails.district + ' ' + customerDetails.province + ' ' + customerDetails.postalCode;\n  haveSplitOrder = false;\n} // check product in pop up basket\n\ncy.wait(2000);\ncy.get('#mini-basket').should('contain', 'ตะกร้าสินค้า').click();\nproducts.forEach(function (product) {\n  price = formatNumber(product.amount * product.price);\n  cy.verifyPopUpBasket(product.name, product.amount, price, productList);\n  orderSum += product.amount * product.price;\n  productList++;\n});\nsum = formatNumber(orderSum);\ncy.get('.item-sum').should('contain', sum);\ncy.get('#mini-basket').should('contain', 'ตะกร้าสินค้า').click();\ncy.title().should('eq', 'AllOnline');\ncy.url().should('include', '/account/basket/');\nproductList = 1;\nproducts.forEach(function (product) {\n  price = formatNumber(product.amount * product.price);\n  productPrice = formatNumber(product.price);\n  cy.verifyBasket(product.name, product.barcode, product.amount, productPrice, price, productList);\n  productList++;\n});\ncy.contains('ดำเนินการชำระเงิน').click(); // shipping\ncy.url().should('include', '/checkout/shipping/');\ncy.title().should('eq', 'การจัดส่ง');\ncy.verifyShipping(shippingType, searchAddrType, customerDetails, taxInvoice);\nproductList = 1;\nproductSplitList = 1;\nproducts.forEach(function (product) {\n  if (product.isSplit == 'Y' && haveSplitOrder) {\n    cy.verifyOrder(product.name, product.barcode, productSplitList, product.isSplit, haveSplitOrder);\n    productSplitList++;\n  } else {\n    cy.verifyOrder(product.name, product.barcode, productList, product.isSplit, haveSplitOrder);\n    productList++;\n  }\n});\nif (haveSplitOrder) {\n  cy.verifyShipping('จัดส่งตามที่อยู่', searchSplitAddressType, splitOrderDetails, taxInvoice, haveSplitOrder);\n}\ncy.get('button[id=\"continue-payment-btn\"]').contains('ดำเนินการชำระเงิน').click(); // payment\ncy.url().should('include', '/checkout/payment/');\ncy.title().should('eq', 'ชำระเงิน');\ncy.get('.basket').should(function ($basket) {\n  expect($basket).to.contain('สรุปรายการสั่งซื้อ');\n  expect($basket).to.contain(products.length + ' สินค้า');\n  expect($basket).to.contain(customerName);\n});\nswitch (shippingType) {\n  case 'รับที่เซเว่นอีเลฟเว่น':\n    if (haveSplitOrder) {\n      cy.get('.address').first().should(function ($custAddress) {\n        expect($custAddress).to.contain('เบอร์โทรศัพท์ผู้รับสินค้า: ' + phoneNumber);\n        expect($custAddress).to.contain('เซเว่นอีเลฟเว่น #' + storeId);\n        expect($custAddress).to.contain(storeName);\n        expect($custAddress).to.contain(address);\n      });\n      cy.get('.address').eq(2).should(function ($custAddress) {\n        expect($custAddress).to.contain(customerName);\n        expect($custAddress).to.contain('เบอร์โทรติดต่อ : ' + phoneNumber);\n        expect($custAddress).to.contain(splitAddressPayment);\n      });\n    } else {\n      cy.get('.basket').should(function ($custAddress) {\n        expect($custAddress).to.contain('เบอร์โทรศัพท์ผู้รับสินค้า: ' + phoneNumber);\n        expect($custAddress).to.contain('เซเว่นอีเลฟเว่น #' + storeId);\n        expect($custAddress).to.contain('สาขา ' + storeName);\n        expect($custAddress).to.contain(address);\n      });\n    }\n    break;\n  case 'จัดส่งตามที่อยู่':\n    cy.get('.basket').should(function ($custAddress) {\n      expect($custAddress).to.contain('เบอร์โทรติดต่อ : ' + phoneNumber);\n      expect($custAddress).to.contain(address);\n    });\n    break;\n}\norderSum = 0;\nproductList = 0;\nproducts.forEach(function (product) {\n  price = formatNumber(product.amount * product.price);\n  if (haveSplitOrder && product.isSplit == 'Y') {\n    cy.verifyOrderAtPayment(product, price, splitOrderAmount);\n    splitOrderAmount++;\n  } else {\n    cy.verifyOrderAtPayment(product, price, productList);\n    productList++;\n  }\n  if (product.getAMB) {\n    priceAMB += product.price * product.amount;\n  }\n  switch (product.mstampType) {\n    case 'normalRate':\n      priceMStamp += product.price * product.amount;\n  }\n  orderSum += product.amount * product.price;\n});\nif (promotion.usePromotion) {\n  cy.typePromotion(promotion);\n  cy.visit('/');\n  cy.login(loginUsername, loginPassword, username, isReLogin);\n  cy.wait(2000);\n  cy.get('#mini-basket').should('contain', 'ตะกร้าสินค้า').dblclick();\n  cy.get('a.proceed').should('contain', 'ดำเนินการชำระเงิน').click(); // shipping\n  cy.verifyShipping(shippingType, searchAddrType, customerDetails, taxInvoice);\n  if (haveSplitOrder) {\n    cy.verifyShipping('จัดส่งตามที่อยู่', searchSplitAddressType, splitOrderDetails, taxInvoice, haveSplitOrder);\n  }\n  cy.get('button[id=\"continue-payment-btn\"]').contains('ดำเนินการชำระเงิน').click();\n  cy.wait(2000);\n  cy.checkPromotion(promotion); // calculate promotion\n  var promotionPrice = 0;\n  var haveProducts = false;\n  if (promotion.productType == '') {\n    promotionPrice = orderSum;\n  } else {\n    products.forEach(function (product) {\n      if (promotion.productType == product.type) {\n        promotionPrice += product.price * product.amount;\n        haveProducts = true;\n      }\n    });\n  }\n  if (promotionPrice >= promotion.minimum) {\n    switch (promotion.discountType) {\n      case 'percentage':\n        promotionPrice = parseInt(promotionPrice * (promotion.discountAmount / 100));\n        if (promotionPrice >= promotion.maxDiscount) {\n          discount = promotion.maxDiscount;\n        } else {\n          discount = promotionPrice;\n        }\n        cy.get('tr.line-coupon').should('contain', promotion.code.toUpperCase());\n        break;\n      case 'fixedAmount':\n        if (promotionPrice >= promotion.discountAmount) {\n          discount = promotion.discountAmount;\n        } else {\n          discount = promotionPrice;\n        }\n        cy.get('tr.line-coupon').should('contain', promotion.code.toUpperCase());\n        break;\n      case 'freeShipping':\n        if (haveProducts == true) {\n          shippingFee = 0;\n          cy.get('tr.line-coupon').should('contain', promotion.code.toUpperCase());\n        }\n        break;\n      case 'freeProduct':\n        if (haveProducts == true) {\n          cy.get('#tbody-free-item > .radio-styled > .show-description').first().should('contain', promotion.freeProduct);\n          cy.get('#tbody-free-item > .radio-styled > [align=\"center\"]').first().should('contain', promotion.freeQty);\n        }\n        break;\n    }\n  }\n}\nif (discountAMBPoint > 0) {\n  cy.discountAMB(discountAMBPoint, formatNumber(discountAMBBath));\n}\nif (discountMstamp > 0) {\n  cy.discountMstamp(discountMstamp);\n} // check promotion on product\n\nproducts.forEach(function (product) {\n  if (product.promotion.hasPromotion) {\n    if (promotion.usePromotion && promotion.discountType == 'freeProduct') {\n      freeList++;\n    }\n    cy.get('.items.radio-styled > .show-description').eq(freeList).should('contain', product.promotion.name);\n    switch (product.promotion.productType) {\n      case 'freePerProduct':\n        // qty = 0\n        qty = product.amount * product.promotion.qty;\n        cy.get('.items.radio-styled > [align=\"center\"]').eq(freeList).should('contain', qty);\n        break;\n    }\n  }\n});\nsum = formatNumber(orderSum);\ntotalPrice = orderSum + shippingFee - discount - discountAMBBath - discountMstamp;\namb = parseInt((priceAMB - discount - discountAMBBath - discountMstamp) / 10) * 3;\nmstamp = parseInt((priceMStamp - discount - discountAMBBath - discountMstamp) / 50);\ncy.verifyTotalPrice(sum, formatNumber(shippingFee), formatNumber(totalPrice), amb, mstamp, discount, promotion.usePromotion, discountAMBBath, discountMstamp);\ncy.payment(paymentDetails);\ncy.checkReceipt(paymentDetails, customerName, formatNumber(totalPrice.toFixed(2)));\nswitch (paymentDetails.paymentType) {\n  case 'PAYATALL_CC':\n  case 'PAYATALL_TMN':\n    cy.get('.message-order-barcode').then(function ($text) {\n      var text = $text.text();\n      var words = text.trim().split(\" \");\n      var orderNo = words[1];\n      cy.wrap(orderNo).as('orderNo');\n    });\n    break;\n  case 'PAYATALL_CS':\n    cy.contains('เลขที่ใบแจ้งสินค้า/Invoice No:').siblings('.detail-table-right').then(function ($orderNo) {\n      var orderNo = $orderNo.text();\n      cy.wrap(orderNo).as('orderNo');\n    });\n    cy.visit('/');\n    cy.login(loginUsername, loginPassword, username, isReLogin);\n    break;\n}\ncy.get('@orderNo').then(function (orderNo) {\n  if (!haveSplitOrder) {\n    cy.checkStatusOrder(orderNo);\n  } else {\n    var orderLength = orderNo.length;\n    for (var i = 1; i <= 2; i++) {\n      orderNo = orderNo.substring(0, orderLength - 2) + i + orderNo.substring(orderLength - 1);\n      cy.checkStatusOrder(orderNo);\n    }\n  }\n});\nif (paymentDetails.paymentType != 'PAYATALL_CS') {\n  cy.checkAMB(customerName, amb);\n}",
              "err": {},
              "uuid": "f0400449-9b94-4095-b983-bf830c88e630",
              "parentUUID": "1bfadb97-1941-4dfc-8e18-6d415c5ff4b9",
              "isHook": false,
              "skipped": false
            },
            {
              "title": "purchase products | Purchase order with CC , รับที่เซเว่นอีเลฟเว่น",
              "fullTitle": "Login page purchase products | Purchase order with CC , รับที่เซเว่นอีเลฟเว่น",
              "timedOut": null,
              "duration": 97860,
              "state": "passed",
              "speed": "slow",
              "pass": true,
              "fail": false,
              "pending": false,
              "context": null,
              "code": "// check remaining product in basket\ncy.get('span.cart-indicator').then(function ($cartIndicator) {\n  var num = parseInt($cartIndicator.text().replace(/,/g, '')) || 0;\n  if (num > 0) {\n    cy.clearBasket();\n  }\n});\nif (promotion.usePromotion && promotion.searchType == 'myCoupon') {\n  // if(promotion.usePromotion) {\n  cy.get('a[href=\"/coupon/\"]').should('contain', 'คูปองส่วนลด').click();\n  cy.title().should('eq', 'Coupon | AllOnline');\n  cy.url().should('include', '/coupon/');\n  var iscated = false;\n  cy.findCoupon(promotion.code, iscated);\n  cy.checkCoupon(promotion);\n  cy.getCoupon(promotion.code);\n} // add product to basket\n\nproducts.forEach(function (product) {\n  price = formatNumber(product.price);\n  cy.searchProduct(product);\n  cy.addProduct(product, price);\n  cy.wait(1000);\n  qty += product.amount;\n  cy.get('.cart-indicator').should('contain', qty);\n  if (product.isSplit == 'Y') {\n    haveSplitOrder = true;\n    splitOrderAmount--;\n  }\n}); // check shipping address\nif (shippingType == 'รับที่เซเว่นอีเลฟเว่น') {\n  customerDetails = {\n    \"phoneNumber\": phoneNumber,\n    \"storeId\": storeId,\n    \"storeAddress\": storeAddress,\n    \"storeName\": storeName\n  };\n  address = storeAddress;\n  if (haveSplitOrder) {\n    searchSplitAddressType = testData.splitOrderDetails.splitAddressType;\n    splitAddressPayment = splitOrderDetails.addressNo + ' ' + splitOrderDetails.floor + ', ' + splitOrderDetails.moo + ', ' + splitOrderDetails.soi + ', ' + splitOrderDetails.street + ', ' + splitOrderDetails.subDistrict + ' ' + splitOrderDetails.district + ' ' + splitOrderDetails.province + ' ' + splitOrderDetails.postalCode;\n  }\n} else if (shippingType == 'จัดส่งตามที่อยู่') {\n  customerDetails = testData.customerDetails;\n  address = customerDetails.addressNo + ' ' + customerDetails.floor + ', ' + customerDetails.moo + ', ' + customerDetails.soi + ', ' + customerDetails.street + ', ' + customerDetails.subDistrict + ' ' + customerDetails.district + ' ' + customerDetails.province + ' ' + customerDetails.postalCode;\n  haveSplitOrder = false;\n} // check product in pop up basket\n\ncy.wait(2000);\ncy.get('#mini-basket').should('contain', 'ตะกร้าสินค้า').click();\nproducts.forEach(function (product) {\n  price = formatNumber(product.amount * product.price);\n  cy.verifyPopUpBasket(product.name, product.amount, price, productList);\n  orderSum += product.amount * product.price;\n  productList++;\n});\nsum = formatNumber(orderSum);\ncy.get('.item-sum').should('contain', sum);\ncy.get('#mini-basket').should('contain', 'ตะกร้าสินค้า').click();\ncy.title().should('eq', 'AllOnline');\ncy.url().should('include', '/account/basket/');\nproductList = 1;\nproducts.forEach(function (product) {\n  price = formatNumber(product.amount * product.price);\n  productPrice = formatNumber(product.price);\n  cy.verifyBasket(product.name, product.barcode, product.amount, productPrice, price, productList);\n  productList++;\n});\ncy.contains('ดำเนินการชำระเงิน').click(); // shipping\ncy.url().should('include', '/checkout/shipping/');\ncy.title().should('eq', 'การจัดส่ง');\ncy.verifyShipping(shippingType, searchAddrType, customerDetails, taxInvoice);\nproductList = 1;\nproductSplitList = 1;\nproducts.forEach(function (product) {\n  if (product.isSplit == 'Y' && haveSplitOrder) {\n    cy.verifyOrder(product.name, product.barcode, productSplitList, product.isSplit, haveSplitOrder);\n    productSplitList++;\n  } else {\n    cy.verifyOrder(product.name, product.barcode, productList, product.isSplit, haveSplitOrder);\n    productList++;\n  }\n});\nif (haveSplitOrder) {\n  cy.verifyShipping('จัดส่งตามที่อยู่', searchSplitAddressType, splitOrderDetails, taxInvoice, haveSplitOrder);\n}\ncy.get('button[id=\"continue-payment-btn\"]').contains('ดำเนินการชำระเงิน').click(); // payment\ncy.url().should('include', '/checkout/payment/');\ncy.title().should('eq', 'ชำระเงิน');\ncy.get('.basket').should(function ($basket) {\n  expect($basket).to.contain('สรุปรายการสั่งซื้อ');\n  expect($basket).to.contain(products.length + ' สินค้า');\n  expect($basket).to.contain(customerName);\n});\nswitch (shippingType) {\n  case 'รับที่เซเว่นอีเลฟเว่น':\n    if (haveSplitOrder) {\n      cy.get('.address').first().should(function ($custAddress) {\n        expect($custAddress).to.contain('เบอร์โทรศัพท์ผู้รับสินค้า: ' + phoneNumber);\n        expect($custAddress).to.contain('เซเว่นอีเลฟเว่น #' + storeId);\n        expect($custAddress).to.contain(storeName);\n        expect($custAddress).to.contain(address);\n      });\n      cy.get('.address').eq(2).should(function ($custAddress) {\n        expect($custAddress).to.contain(customerName);\n        expect($custAddress).to.contain('เบอร์โทรติดต่อ : ' + phoneNumber);\n        expect($custAddress).to.contain(splitAddressPayment);\n      });\n    } else {\n      cy.get('.basket').should(function ($custAddress) {\n        expect($custAddress).to.contain('เบอร์โทรศัพท์ผู้รับสินค้า: ' + phoneNumber);\n        expect($custAddress).to.contain('เซเว่นอีเลฟเว่น #' + storeId);\n        expect($custAddress).to.contain('สาขา ' + storeName);\n        expect($custAddress).to.contain(address);\n      });\n    }\n    break;\n  case 'จัดส่งตามที่อยู่':\n    cy.get('.basket').should(function ($custAddress) {\n      expect($custAddress).to.contain('เบอร์โทรติดต่อ : ' + phoneNumber);\n      expect($custAddress).to.contain(address);\n    });\n    break;\n}\norderSum = 0;\nproductList = 0;\nproducts.forEach(function (product) {\n  price = formatNumber(product.amount * product.price);\n  if (haveSplitOrder && product.isSplit == 'Y') {\n    cy.verifyOrderAtPayment(product, price, splitOrderAmount);\n    splitOrderAmount++;\n  } else {\n    cy.verifyOrderAtPayment(product, price, productList);\n    productList++;\n  }\n  if (product.getAMB) {\n    priceAMB += product.price * product.amount;\n  }\n  switch (product.mstampType) {\n    case 'normalRate':\n      priceMStamp += product.price * product.amount;\n  }\n  orderSum += product.amount * product.price;\n});\nif (promotion.usePromotion) {\n  cy.typePromotion(promotion);\n  cy.visit('/');\n  cy.login(loginUsername, loginPassword, username, isReLogin);\n  cy.wait(2000);\n  cy.get('#mini-basket').should('contain', 'ตะกร้าสินค้า').dblclick();\n  cy.get('a.proceed').should('contain', 'ดำเนินการชำระเงิน').click(); // shipping\n  cy.verifyShipping(shippingType, searchAddrType, customerDetails, taxInvoice);\n  if (haveSplitOrder) {\n    cy.verifyShipping('จัดส่งตามที่อยู่', searchSplitAddressType, splitOrderDetails, taxInvoice, haveSplitOrder);\n  }\n  cy.get('button[id=\"continue-payment-btn\"]').contains('ดำเนินการชำระเงิน').click();\n  cy.wait(2000);\n  cy.checkPromotion(promotion); // calculate promotion\n  var promotionPrice = 0;\n  var haveProducts = false;\n  if (promotion.productType == '') {\n    promotionPrice = orderSum;\n  } else {\n    products.forEach(function (product) {\n      if (promotion.productType == product.type) {\n        promotionPrice += product.price * product.amount;\n        haveProducts = true;\n      }\n    });\n  }\n  if (promotionPrice >= promotion.minimum) {\n    switch (promotion.discountType) {\n      case 'percentage':\n        promotionPrice = parseInt(promotionPrice * (promotion.discountAmount / 100));\n        if (promotionPrice >= promotion.maxDiscount) {\n          discount = promotion.maxDiscount;\n        } else {\n          discount = promotionPrice;\n        }\n        cy.get('tr.line-coupon').should('contain', promotion.code.toUpperCase());\n        break;\n      case 'fixedAmount':\n        if (promotionPrice >= promotion.discountAmount) {\n          discount = promotion.discountAmount;\n        } else {\n          discount = promotionPrice;\n        }\n        cy.get('tr.line-coupon').should('contain', promotion.code.toUpperCase());\n        break;\n      case 'freeShipping':\n        if (haveProducts == true) {\n          shippingFee = 0;\n          cy.get('tr.line-coupon').should('contain', promotion.code.toUpperCase());\n        }\n        break;\n      case 'freeProduct':\n        if (haveProducts == true) {\n          cy.get('#tbody-free-item > .radio-styled > .show-description').first().should('contain', promotion.freeProduct);\n          cy.get('#tbody-free-item > .radio-styled > [align=\"center\"]').first().should('contain', promotion.freeQty);\n        }\n        break;\n    }\n  }\n}\nif (discountAMBPoint > 0) {\n  cy.discountAMB(discountAMBPoint, formatNumber(discountAMBBath));\n}\nif (discountMstamp > 0) {\n  cy.discountMstamp(discountMstamp);\n} // check promotion on product\n\nproducts.forEach(function (product) {\n  if (product.promotion.hasPromotion) {\n    if (promotion.usePromotion && promotion.discountType == 'freeProduct') {\n      freeList++;\n    }\n    cy.get('.items.radio-styled > .show-description').eq(freeList).should('contain', product.promotion.name);\n    switch (product.promotion.productType) {\n      case 'freePerProduct':\n        // qty = 0\n        qty = product.amount * product.promotion.qty;\n        cy.get('.items.radio-styled > [align=\"center\"]').eq(freeList).should('contain', qty);\n        break;\n    }\n  }\n});\nsum = formatNumber(orderSum);\ntotalPrice = orderSum + shippingFee - discount - discountAMBBath - discountMstamp;\namb = parseInt((priceAMB - discount - discountAMBBath - discountMstamp) / 10) * 3;\nmstamp = parseInt((priceMStamp - discount - discountAMBBath - discountMstamp) / 50);\ncy.verifyTotalPrice(sum, formatNumber(shippingFee), formatNumber(totalPrice), amb, mstamp, discount, promotion.usePromotion, discountAMBBath, discountMstamp);\ncy.payment(paymentDetails);\ncy.checkReceipt(paymentDetails, customerName, formatNumber(totalPrice.toFixed(2)));\nswitch (paymentDetails.paymentType) {\n  case 'PAYATALL_CC':\n  case 'PAYATALL_TMN':\n    cy.get('.message-order-barcode').then(function ($text) {\n      var text = $text.text();\n      var words = text.trim().split(\" \");\n      var orderNo = words[1];\n      cy.wrap(orderNo).as('orderNo');\n    });\n    break;\n  case 'PAYATALL_CS':\n    cy.contains('เลขที่ใบแจ้งสินค้า/Invoice No:').siblings('.detail-table-right').then(function ($orderNo) {\n      var orderNo = $orderNo.text();\n      cy.wrap(orderNo).as('orderNo');\n    });\n    cy.visit('/');\n    cy.login(loginUsername, loginPassword, username, isReLogin);\n    break;\n}\ncy.get('@orderNo').then(function (orderNo) {\n  if (!haveSplitOrder) {\n    cy.checkStatusOrder(orderNo);\n  } else {\n    var orderLength = orderNo.length;\n    for (var i = 1; i <= 2; i++) {\n      orderNo = orderNo.substring(0, orderLength - 2) + i + orderNo.substring(orderLength - 1);\n      cy.checkStatusOrder(orderNo);\n    }\n  }\n});\nif (paymentDetails.paymentType != 'PAYATALL_CS') {\n  cy.checkAMB(customerName, amb);\n}",
              "err": {},
              "uuid": "0ea90e97-b2e9-4083-aec6-798255c8c3bf",
              "parentUUID": "1bfadb97-1941-4dfc-8e18-6d415c5ff4b9",
              "isHook": false,
              "skipped": false
            },
            {
              "title": "purchase products | Purchase order with CS , จัดส่งตามที่อยู่",
              "fullTitle": "Login page purchase products | Purchase order with CS , จัดส่งตามที่อยู่",
              "timedOut": null,
              "duration": 93952,
              "state": "passed",
              "speed": "slow",
              "pass": true,
              "fail": false,
              "pending": false,
              "context": null,
              "code": "// check remaining product in basket\ncy.get('span.cart-indicator').then(function ($cartIndicator) {\n  var num = parseInt($cartIndicator.text().replace(/,/g, '')) || 0;\n  if (num > 0) {\n    cy.clearBasket();\n  }\n});\nif (promotion.usePromotion && promotion.searchType == 'myCoupon') {\n  // if(promotion.usePromotion) {\n  cy.get('a[href=\"/coupon/\"]').should('contain', 'คูปองส่วนลด').click();\n  cy.title().should('eq', 'Coupon | AllOnline');\n  cy.url().should('include', '/coupon/');\n  var iscated = false;\n  cy.findCoupon(promotion.code, iscated);\n  cy.checkCoupon(promotion);\n  cy.getCoupon(promotion.code);\n} // add product to basket\n\nproducts.forEach(function (product) {\n  price = formatNumber(product.price);\n  cy.searchProduct(product);\n  cy.addProduct(product, price);\n  cy.wait(1000);\n  qty += product.amount;\n  cy.get('.cart-indicator').should('contain', qty);\n  if (product.isSplit == 'Y') {\n    haveSplitOrder = true;\n    splitOrderAmount--;\n  }\n}); // check shipping address\nif (shippingType == 'รับที่เซเว่นอีเลฟเว่น') {\n  customerDetails = {\n    \"phoneNumber\": phoneNumber,\n    \"storeId\": storeId,\n    \"storeAddress\": storeAddress,\n    \"storeName\": storeName\n  };\n  address = storeAddress;\n  if (haveSplitOrder) {\n    searchSplitAddressType = testData.splitOrderDetails.splitAddressType;\n    splitAddressPayment = splitOrderDetails.addressNo + ' ' + splitOrderDetails.floor + ', ' + splitOrderDetails.moo + ', ' + splitOrderDetails.soi + ', ' + splitOrderDetails.street + ', ' + splitOrderDetails.subDistrict + ' ' + splitOrderDetails.district + ' ' + splitOrderDetails.province + ' ' + splitOrderDetails.postalCode;\n  }\n} else if (shippingType == 'จัดส่งตามที่อยู่') {\n  customerDetails = testData.customerDetails;\n  address = customerDetails.addressNo + ' ' + customerDetails.floor + ', ' + customerDetails.moo + ', ' + customerDetails.soi + ', ' + customerDetails.street + ', ' + customerDetails.subDistrict + ' ' + customerDetails.district + ' ' + customerDetails.province + ' ' + customerDetails.postalCode;\n  haveSplitOrder = false;\n} // check product in pop up basket\n\ncy.wait(2000);\ncy.get('#mini-basket').should('contain', 'ตะกร้าสินค้า').click();\nproducts.forEach(function (product) {\n  price = formatNumber(product.amount * product.price);\n  cy.verifyPopUpBasket(product.name, product.amount, price, productList);\n  orderSum += product.amount * product.price;\n  productList++;\n});\nsum = formatNumber(orderSum);\ncy.get('.item-sum').should('contain', sum);\ncy.get('#mini-basket').should('contain', 'ตะกร้าสินค้า').click();\ncy.title().should('eq', 'AllOnline');\ncy.url().should('include', '/account/basket/');\nproductList = 1;\nproducts.forEach(function (product) {\n  price = formatNumber(product.amount * product.price);\n  productPrice = formatNumber(product.price);\n  cy.verifyBasket(product.name, product.barcode, product.amount, productPrice, price, productList);\n  productList++;\n});\ncy.contains('ดำเนินการชำระเงิน').click(); // shipping\ncy.url().should('include', '/checkout/shipping/');\ncy.title().should('eq', 'การจัดส่ง');\ncy.verifyShipping(shippingType, searchAddrType, customerDetails, taxInvoice);\nproductList = 1;\nproductSplitList = 1;\nproducts.forEach(function (product) {\n  if (product.isSplit == 'Y' && haveSplitOrder) {\n    cy.verifyOrder(product.name, product.barcode, productSplitList, product.isSplit, haveSplitOrder);\n    productSplitList++;\n  } else {\n    cy.verifyOrder(product.name, product.barcode, productList, product.isSplit, haveSplitOrder);\n    productList++;\n  }\n});\nif (haveSplitOrder) {\n  cy.verifyShipping('จัดส่งตามที่อยู่', searchSplitAddressType, splitOrderDetails, taxInvoice, haveSplitOrder);\n}\ncy.get('button[id=\"continue-payment-btn\"]').contains('ดำเนินการชำระเงิน').click(); // payment\ncy.url().should('include', '/checkout/payment/');\ncy.title().should('eq', 'ชำระเงิน');\ncy.get('.basket').should(function ($basket) {\n  expect($basket).to.contain('สรุปรายการสั่งซื้อ');\n  expect($basket).to.contain(products.length + ' สินค้า');\n  expect($basket).to.contain(customerName);\n});\nswitch (shippingType) {\n  case 'รับที่เซเว่นอีเลฟเว่น':\n    if (haveSplitOrder) {\n      cy.get('.address').first().should(function ($custAddress) {\n        expect($custAddress).to.contain('เบอร์โทรศัพท์ผู้รับสินค้า: ' + phoneNumber);\n        expect($custAddress).to.contain('เซเว่นอีเลฟเว่น #' + storeId);\n        expect($custAddress).to.contain(storeName);\n        expect($custAddress).to.contain(address);\n      });\n      cy.get('.address').eq(2).should(function ($custAddress) {\n        expect($custAddress).to.contain(customerName);\n        expect($custAddress).to.contain('เบอร์โทรติดต่อ : ' + phoneNumber);\n        expect($custAddress).to.contain(splitAddressPayment);\n      });\n    } else {\n      cy.get('.basket').should(function ($custAddress) {\n        expect($custAddress).to.contain('เบอร์โทรศัพท์ผู้รับสินค้า: ' + phoneNumber);\n        expect($custAddress).to.contain('เซเว่นอีเลฟเว่น #' + storeId);\n        expect($custAddress).to.contain('สาขา ' + storeName);\n        expect($custAddress).to.contain(address);\n      });\n    }\n    break;\n  case 'จัดส่งตามที่อยู่':\n    cy.get('.basket').should(function ($custAddress) {\n      expect($custAddress).to.contain('เบอร์โทรติดต่อ : ' + phoneNumber);\n      expect($custAddress).to.contain(address);\n    });\n    break;\n}\norderSum = 0;\nproductList = 0;\nproducts.forEach(function (product) {\n  price = formatNumber(product.amount * product.price);\n  if (haveSplitOrder && product.isSplit == 'Y') {\n    cy.verifyOrderAtPayment(product, price, splitOrderAmount);\n    splitOrderAmount++;\n  } else {\n    cy.verifyOrderAtPayment(product, price, productList);\n    productList++;\n  }\n  if (product.getAMB) {\n    priceAMB += product.price * product.amount;\n  }\n  switch (product.mstampType) {\n    case 'normalRate':\n      priceMStamp += product.price * product.amount;\n  }\n  orderSum += product.amount * product.price;\n});\nif (promotion.usePromotion) {\n  cy.typePromotion(promotion);\n  cy.visit('/');\n  cy.login(loginUsername, loginPassword, username, isReLogin);\n  cy.wait(2000);\n  cy.get('#mini-basket').should('contain', 'ตะกร้าสินค้า').dblclick();\n  cy.get('a.proceed').should('contain', 'ดำเนินการชำระเงิน').click(); // shipping\n  cy.verifyShipping(shippingType, searchAddrType, customerDetails, taxInvoice);\n  if (haveSplitOrder) {\n    cy.verifyShipping('จัดส่งตามที่อยู่', searchSplitAddressType, splitOrderDetails, taxInvoice, haveSplitOrder);\n  }\n  cy.get('button[id=\"continue-payment-btn\"]').contains('ดำเนินการชำระเงิน').click();\n  cy.wait(2000);\n  cy.checkPromotion(promotion); // calculate promotion\n  var promotionPrice = 0;\n  var haveProducts = false;\n  if (promotion.productType == '') {\n    promotionPrice = orderSum;\n  } else {\n    products.forEach(function (product) {\n      if (promotion.productType == product.type) {\n        promotionPrice += product.price * product.amount;\n        haveProducts = true;\n      }\n    });\n  }\n  if (promotionPrice >= promotion.minimum) {\n    switch (promotion.discountType) {\n      case 'percentage':\n        promotionPrice = parseInt(promotionPrice * (promotion.discountAmount / 100));\n        if (promotionPrice >= promotion.maxDiscount) {\n          discount = promotion.maxDiscount;\n        } else {\n          discount = promotionPrice;\n        }\n        cy.get('tr.line-coupon').should('contain', promotion.code.toUpperCase());\n        break;\n      case 'fixedAmount':\n        if (promotionPrice >= promotion.discountAmount) {\n          discount = promotion.discountAmount;\n        } else {\n          discount = promotionPrice;\n        }\n        cy.get('tr.line-coupon').should('contain', promotion.code.toUpperCase());\n        break;\n      case 'freeShipping':\n        if (haveProducts == true) {\n          shippingFee = 0;\n          cy.get('tr.line-coupon').should('contain', promotion.code.toUpperCase());\n        }\n        break;\n      case 'freeProduct':\n        if (haveProducts == true) {\n          cy.get('#tbody-free-item > .radio-styled > .show-description').first().should('contain', promotion.freeProduct);\n          cy.get('#tbody-free-item > .radio-styled > [align=\"center\"]').first().should('contain', promotion.freeQty);\n        }\n        break;\n    }\n  }\n}\nif (discountAMBPoint > 0) {\n  cy.discountAMB(discountAMBPoint, formatNumber(discountAMBBath));\n}\nif (discountMstamp > 0) {\n  cy.discountMstamp(discountMstamp);\n} // check promotion on product\n\nproducts.forEach(function (product) {\n  if (product.promotion.hasPromotion) {\n    if (promotion.usePromotion && promotion.discountType == 'freeProduct') {\n      freeList++;\n    }\n    cy.get('.items.radio-styled > .show-description').eq(freeList).should('contain', product.promotion.name);\n    switch (product.promotion.productType) {\n      case 'freePerProduct':\n        // qty = 0\n        qty = product.amount * product.promotion.qty;\n        cy.get('.items.radio-styled > [align=\"center\"]').eq(freeList).should('contain', qty);\n        break;\n    }\n  }\n});\nsum = formatNumber(orderSum);\ntotalPrice = orderSum + shippingFee - discount - discountAMBBath - discountMstamp;\namb = parseInt((priceAMB - discount - discountAMBBath - discountMstamp) / 10) * 3;\nmstamp = parseInt((priceMStamp - discount - discountAMBBath - discountMstamp) / 50);\ncy.verifyTotalPrice(sum, formatNumber(shippingFee), formatNumber(totalPrice), amb, mstamp, discount, promotion.usePromotion, discountAMBBath, discountMstamp);\ncy.payment(paymentDetails);\ncy.checkReceipt(paymentDetails, customerName, formatNumber(totalPrice.toFixed(2)));\nswitch (paymentDetails.paymentType) {\n  case 'PAYATALL_CC':\n  case 'PAYATALL_TMN':\n    cy.get('.message-order-barcode').then(function ($text) {\n      var text = $text.text();\n      var words = text.trim().split(\" \");\n      var orderNo = words[1];\n      cy.wrap(orderNo).as('orderNo');\n    });\n    break;\n  case 'PAYATALL_CS':\n    cy.contains('เลขที่ใบแจ้งสินค้า/Invoice No:').siblings('.detail-table-right').then(function ($orderNo) {\n      var orderNo = $orderNo.text();\n      cy.wrap(orderNo).as('orderNo');\n    });\n    cy.visit('/');\n    cy.login(loginUsername, loginPassword, username, isReLogin);\n    break;\n}\ncy.get('@orderNo').then(function (orderNo) {\n  if (!haveSplitOrder) {\n    cy.checkStatusOrder(orderNo);\n  } else {\n    var orderLength = orderNo.length;\n    for (var i = 1; i <= 2; i++) {\n      orderNo = orderNo.substring(0, orderLength - 2) + i + orderNo.substring(orderLength - 1);\n      cy.checkStatusOrder(orderNo);\n    }\n  }\n});\nif (paymentDetails.paymentType != 'PAYATALL_CS') {\n  cy.checkAMB(customerName, amb);\n}",
              "err": {},
              "uuid": "077f6980-edd7-414b-a971-b70f6cab591e",
              "parentUUID": "1bfadb97-1941-4dfc-8e18-6d415c5ff4b9",
              "isHook": false,
              "skipped": false
            },
            {
              "title": "purchase products | Purchase order with TMN , จัดส่งตามที่อยู่",
              "fullTitle": "Login page purchase products | Purchase order with TMN , จัดส่งตามที่อยู่",
              "timedOut": null,
              "duration": 118921,
              "state": "passed",
              "speed": "slow",
              "pass": true,
              "fail": false,
              "pending": false,
              "context": null,
              "code": "// check remaining product in basket\ncy.get('span.cart-indicator').then(function ($cartIndicator) {\n  var num = parseInt($cartIndicator.text().replace(/,/g, '')) || 0;\n  if (num > 0) {\n    cy.clearBasket();\n  }\n});\nif (promotion.usePromotion && promotion.searchType == 'myCoupon') {\n  // if(promotion.usePromotion) {\n  cy.get('a[href=\"/coupon/\"]').should('contain', 'คูปองส่วนลด').click();\n  cy.title().should('eq', 'Coupon | AllOnline');\n  cy.url().should('include', '/coupon/');\n  var iscated = false;\n  cy.findCoupon(promotion.code, iscated);\n  cy.checkCoupon(promotion);\n  cy.getCoupon(promotion.code);\n} // add product to basket\n\nproducts.forEach(function (product) {\n  price = formatNumber(product.price);\n  cy.searchProduct(product);\n  cy.addProduct(product, price);\n  cy.wait(1000);\n  qty += product.amount;\n  cy.get('.cart-indicator').should('contain', qty);\n  if (product.isSplit == 'Y') {\n    haveSplitOrder = true;\n    splitOrderAmount--;\n  }\n}); // check shipping address\nif (shippingType == 'รับที่เซเว่นอีเลฟเว่น') {\n  customerDetails = {\n    \"phoneNumber\": phoneNumber,\n    \"storeId\": storeId,\n    \"storeAddress\": storeAddress,\n    \"storeName\": storeName\n  };\n  address = storeAddress;\n  if (haveSplitOrder) {\n    searchSplitAddressType = testData.splitOrderDetails.splitAddressType;\n    splitAddressPayment = splitOrderDetails.addressNo + ' ' + splitOrderDetails.floor + ', ' + splitOrderDetails.moo + ', ' + splitOrderDetails.soi + ', ' + splitOrderDetails.street + ', ' + splitOrderDetails.subDistrict + ' ' + splitOrderDetails.district + ' ' + splitOrderDetails.province + ' ' + splitOrderDetails.postalCode;\n  }\n} else if (shippingType == 'จัดส่งตามที่อยู่') {\n  customerDetails = testData.customerDetails;\n  address = customerDetails.addressNo + ' ' + customerDetails.floor + ', ' + customerDetails.moo + ', ' + customerDetails.soi + ', ' + customerDetails.street + ', ' + customerDetails.subDistrict + ' ' + customerDetails.district + ' ' + customerDetails.province + ' ' + customerDetails.postalCode;\n  haveSplitOrder = false;\n} // check product in pop up basket\n\ncy.wait(2000);\ncy.get('#mini-basket').should('contain', 'ตะกร้าสินค้า').click();\nproducts.forEach(function (product) {\n  price = formatNumber(product.amount * product.price);\n  cy.verifyPopUpBasket(product.name, product.amount, price, productList);\n  orderSum += product.amount * product.price;\n  productList++;\n});\nsum = formatNumber(orderSum);\ncy.get('.item-sum').should('contain', sum);\ncy.get('#mini-basket').should('contain', 'ตะกร้าสินค้า').click();\ncy.title().should('eq', 'AllOnline');\ncy.url().should('include', '/account/basket/');\nproductList = 1;\nproducts.forEach(function (product) {\n  price = formatNumber(product.amount * product.price);\n  productPrice = formatNumber(product.price);\n  cy.verifyBasket(product.name, product.barcode, product.amount, productPrice, price, productList);\n  productList++;\n});\ncy.contains('ดำเนินการชำระเงิน').click(); // shipping\ncy.url().should('include', '/checkout/shipping/');\ncy.title().should('eq', 'การจัดส่ง');\ncy.verifyShipping(shippingType, searchAddrType, customerDetails, taxInvoice);\nproductList = 1;\nproductSplitList = 1;\nproducts.forEach(function (product) {\n  if (product.isSplit == 'Y' && haveSplitOrder) {\n    cy.verifyOrder(product.name, product.barcode, productSplitList, product.isSplit, haveSplitOrder);\n    productSplitList++;\n  } else {\n    cy.verifyOrder(product.name, product.barcode, productList, product.isSplit, haveSplitOrder);\n    productList++;\n  }\n});\nif (haveSplitOrder) {\n  cy.verifyShipping('จัดส่งตามที่อยู่', searchSplitAddressType, splitOrderDetails, taxInvoice, haveSplitOrder);\n}\ncy.get('button[id=\"continue-payment-btn\"]').contains('ดำเนินการชำระเงิน').click(); // payment\ncy.url().should('include', '/checkout/payment/');\ncy.title().should('eq', 'ชำระเงิน');\ncy.get('.basket').should(function ($basket) {\n  expect($basket).to.contain('สรุปรายการสั่งซื้อ');\n  expect($basket).to.contain(products.length + ' สินค้า');\n  expect($basket).to.contain(customerName);\n});\nswitch (shippingType) {\n  case 'รับที่เซเว่นอีเลฟเว่น':\n    if (haveSplitOrder) {\n      cy.get('.address').first().should(function ($custAddress) {\n        expect($custAddress).to.contain('เบอร์โทรศัพท์ผู้รับสินค้า: ' + phoneNumber);\n        expect($custAddress).to.contain('เซเว่นอีเลฟเว่น #' + storeId);\n        expect($custAddress).to.contain(storeName);\n        expect($custAddress).to.contain(address);\n      });\n      cy.get('.address').eq(2).should(function ($custAddress) {\n        expect($custAddress).to.contain(customerName);\n        expect($custAddress).to.contain('เบอร์โทรติดต่อ : ' + phoneNumber);\n        expect($custAddress).to.contain(splitAddressPayment);\n      });\n    } else {\n      cy.get('.basket').should(function ($custAddress) {\n        expect($custAddress).to.contain('เบอร์โทรศัพท์ผู้รับสินค้า: ' + phoneNumber);\n        expect($custAddress).to.contain('เซเว่นอีเลฟเว่น #' + storeId);\n        expect($custAddress).to.contain('สาขา ' + storeName);\n        expect($custAddress).to.contain(address);\n      });\n    }\n    break;\n  case 'จัดส่งตามที่อยู่':\n    cy.get('.basket').should(function ($custAddress) {\n      expect($custAddress).to.contain('เบอร์โทรติดต่อ : ' + phoneNumber);\n      expect($custAddress).to.contain(address);\n    });\n    break;\n}\norderSum = 0;\nproductList = 0;\nproducts.forEach(function (product) {\n  price = formatNumber(product.amount * product.price);\n  if (haveSplitOrder && product.isSplit == 'Y') {\n    cy.verifyOrderAtPayment(product, price, splitOrderAmount);\n    splitOrderAmount++;\n  } else {\n    cy.verifyOrderAtPayment(product, price, productList);\n    productList++;\n  }\n  if (product.getAMB) {\n    priceAMB += product.price * product.amount;\n  }\n  switch (product.mstampType) {\n    case 'normalRate':\n      priceMStamp += product.price * product.amount;\n  }\n  orderSum += product.amount * product.price;\n});\nif (promotion.usePromotion) {\n  cy.typePromotion(promotion);\n  cy.visit('/');\n  cy.login(loginUsername, loginPassword, username, isReLogin);\n  cy.wait(2000);\n  cy.get('#mini-basket').should('contain', 'ตะกร้าสินค้า').dblclick();\n  cy.get('a.proceed').should('contain', 'ดำเนินการชำระเงิน').click(); // shipping\n  cy.verifyShipping(shippingType, searchAddrType, customerDetails, taxInvoice);\n  if (haveSplitOrder) {\n    cy.verifyShipping('จัดส่งตามที่อยู่', searchSplitAddressType, splitOrderDetails, taxInvoice, haveSplitOrder);\n  }\n  cy.get('button[id=\"continue-payment-btn\"]').contains('ดำเนินการชำระเงิน').click();\n  cy.wait(2000);\n  cy.checkPromotion(promotion); // calculate promotion\n  var promotionPrice = 0;\n  var haveProducts = false;\n  if (promotion.productType == '') {\n    promotionPrice = orderSum;\n  } else {\n    products.forEach(function (product) {\n      if (promotion.productType == product.type) {\n        promotionPrice += product.price * product.amount;\n        haveProducts = true;\n      }\n    });\n  }\n  if (promotionPrice >= promotion.minimum) {\n    switch (promotion.discountType) {\n      case 'percentage':\n        promotionPrice = parseInt(promotionPrice * (promotion.discountAmount / 100));\n        if (promotionPrice >= promotion.maxDiscount) {\n          discount = promotion.maxDiscount;\n        } else {\n          discount = promotionPrice;\n        }\n        cy.get('tr.line-coupon').should('contain', promotion.code.toUpperCase());\n        break;\n      case 'fixedAmount':\n        if (promotionPrice >= promotion.discountAmount) {\n          discount = promotion.discountAmount;\n        } else {\n          discount = promotionPrice;\n        }\n        cy.get('tr.line-coupon').should('contain', promotion.code.toUpperCase());\n        break;\n      case 'freeShipping':\n        if (haveProducts == true) {\n          shippingFee = 0;\n          cy.get('tr.line-coupon').should('contain', promotion.code.toUpperCase());\n        }\n        break;\n      case 'freeProduct':\n        if (haveProducts == true) {\n          cy.get('#tbody-free-item > .radio-styled > .show-description').first().should('contain', promotion.freeProduct);\n          cy.get('#tbody-free-item > .radio-styled > [align=\"center\"]').first().should('contain', promotion.freeQty);\n        }\n        break;\n    }\n  }\n}\nif (discountAMBPoint > 0) {\n  cy.discountAMB(discountAMBPoint, formatNumber(discountAMBBath));\n}\nif (discountMstamp > 0) {\n  cy.discountMstamp(discountMstamp);\n} // check promotion on product\n\nproducts.forEach(function (product) {\n  if (product.promotion.hasPromotion) {\n    if (promotion.usePromotion && promotion.discountType == 'freeProduct') {\n      freeList++;\n    }\n    cy.get('.items.radio-styled > .show-description').eq(freeList).should('contain', product.promotion.name);\n    switch (product.promotion.productType) {\n      case 'freePerProduct':\n        // qty = 0\n        qty = product.amount * product.promotion.qty;\n        cy.get('.items.radio-styled > [align=\"center\"]').eq(freeList).should('contain', qty);\n        break;\n    }\n  }\n});\nsum = formatNumber(orderSum);\ntotalPrice = orderSum + shippingFee - discount - discountAMBBath - discountMstamp;\namb = parseInt((priceAMB - discount - discountAMBBath - discountMstamp) / 10) * 3;\nmstamp = parseInt((priceMStamp - discount - discountAMBBath - discountMstamp) / 50);\ncy.verifyTotalPrice(sum, formatNumber(shippingFee), formatNumber(totalPrice), amb, mstamp, discount, promotion.usePromotion, discountAMBBath, discountMstamp);\ncy.payment(paymentDetails);\ncy.checkReceipt(paymentDetails, customerName, formatNumber(totalPrice.toFixed(2)));\nswitch (paymentDetails.paymentType) {\n  case 'PAYATALL_CC':\n  case 'PAYATALL_TMN':\n    cy.get('.message-order-barcode').then(function ($text) {\n      var text = $text.text();\n      var words = text.trim().split(\" \");\n      var orderNo = words[1];\n      cy.wrap(orderNo).as('orderNo');\n    });\n    break;\n  case 'PAYATALL_CS':\n    cy.contains('เลขที่ใบแจ้งสินค้า/Invoice No:').siblings('.detail-table-right').then(function ($orderNo) {\n      var orderNo = $orderNo.text();\n      cy.wrap(orderNo).as('orderNo');\n    });\n    cy.visit('/');\n    cy.login(loginUsername, loginPassword, username, isReLogin);\n    break;\n}\ncy.get('@orderNo').then(function (orderNo) {\n  if (!haveSplitOrder) {\n    cy.checkStatusOrder(orderNo);\n  } else {\n    var orderLength = orderNo.length;\n    for (var i = 1; i <= 2; i++) {\n      orderNo = orderNo.substring(0, orderLength - 2) + i + orderNo.substring(orderLength - 1);\n      cy.checkStatusOrder(orderNo);\n    }\n  }\n});\nif (paymentDetails.paymentType != 'PAYATALL_CS') {\n  cy.checkAMB(customerName, amb);\n}",
              "err": {},
              "uuid": "f46d4cc0-9660-4b14-a244-72e1c6902bfe",
              "parentUUID": "1bfadb97-1941-4dfc-8e18-6d415c5ff4b9",
              "isHook": false,
              "skipped": false
            },
            {
              "title": "purchase products | Purchase order with CC , จัดส่งตามที่อยู่",
              "fullTitle": "Login page purchase products | Purchase order with CC , จัดส่งตามที่อยู่",
              "timedOut": null,
              "duration": 96391,
              "state": "passed",
              "speed": "slow",
              "pass": true,
              "fail": false,
              "pending": false,
              "context": null,
              "code": "// check remaining product in basket\ncy.get('span.cart-indicator').then(function ($cartIndicator) {\n  var num = parseInt($cartIndicator.text().replace(/,/g, '')) || 0;\n  if (num > 0) {\n    cy.clearBasket();\n  }\n});\nif (promotion.usePromotion && promotion.searchType == 'myCoupon') {\n  // if(promotion.usePromotion) {\n  cy.get('a[href=\"/coupon/\"]').should('contain', 'คูปองส่วนลด').click();\n  cy.title().should('eq', 'Coupon | AllOnline');\n  cy.url().should('include', '/coupon/');\n  var iscated = false;\n  cy.findCoupon(promotion.code, iscated);\n  cy.checkCoupon(promotion);\n  cy.getCoupon(promotion.code);\n} // add product to basket\n\nproducts.forEach(function (product) {\n  price = formatNumber(product.price);\n  cy.searchProduct(product);\n  cy.addProduct(product, price);\n  cy.wait(1000);\n  qty += product.amount;\n  cy.get('.cart-indicator').should('contain', qty);\n  if (product.isSplit == 'Y') {\n    haveSplitOrder = true;\n    splitOrderAmount--;\n  }\n}); // check shipping address\nif (shippingType == 'รับที่เซเว่นอีเลฟเว่น') {\n  customerDetails = {\n    \"phoneNumber\": phoneNumber,\n    \"storeId\": storeId,\n    \"storeAddress\": storeAddress,\n    \"storeName\": storeName\n  };\n  address = storeAddress;\n  if (haveSplitOrder) {\n    searchSplitAddressType = testData.splitOrderDetails.splitAddressType;\n    splitAddressPayment = splitOrderDetails.addressNo + ' ' + splitOrderDetails.floor + ', ' + splitOrderDetails.moo + ', ' + splitOrderDetails.soi + ', ' + splitOrderDetails.street + ', ' + splitOrderDetails.subDistrict + ' ' + splitOrderDetails.district + ' ' + splitOrderDetails.province + ' ' + splitOrderDetails.postalCode;\n  }\n} else if (shippingType == 'จัดส่งตามที่อยู่') {\n  customerDetails = testData.customerDetails;\n  address = customerDetails.addressNo + ' ' + customerDetails.floor + ', ' + customerDetails.moo + ', ' + customerDetails.soi + ', ' + customerDetails.street + ', ' + customerDetails.subDistrict + ' ' + customerDetails.district + ' ' + customerDetails.province + ' ' + customerDetails.postalCode;\n  haveSplitOrder = false;\n} // check product in pop up basket\n\ncy.wait(2000);\ncy.get('#mini-basket').should('contain', 'ตะกร้าสินค้า').click();\nproducts.forEach(function (product) {\n  price = formatNumber(product.amount * product.price);\n  cy.verifyPopUpBasket(product.name, product.amount, price, productList);\n  orderSum += product.amount * product.price;\n  productList++;\n});\nsum = formatNumber(orderSum);\ncy.get('.item-sum').should('contain', sum);\ncy.get('#mini-basket').should('contain', 'ตะกร้าสินค้า').click();\ncy.title().should('eq', 'AllOnline');\ncy.url().should('include', '/account/basket/');\nproductList = 1;\nproducts.forEach(function (product) {\n  price = formatNumber(product.amount * product.price);\n  productPrice = formatNumber(product.price);\n  cy.verifyBasket(product.name, product.barcode, product.amount, productPrice, price, productList);\n  productList++;\n});\ncy.contains('ดำเนินการชำระเงิน').click(); // shipping\ncy.url().should('include', '/checkout/shipping/');\ncy.title().should('eq', 'การจัดส่ง');\ncy.verifyShipping(shippingType, searchAddrType, customerDetails, taxInvoice);\nproductList = 1;\nproductSplitList = 1;\nproducts.forEach(function (product) {\n  if (product.isSplit == 'Y' && haveSplitOrder) {\n    cy.verifyOrder(product.name, product.barcode, productSplitList, product.isSplit, haveSplitOrder);\n    productSplitList++;\n  } else {\n    cy.verifyOrder(product.name, product.barcode, productList, product.isSplit, haveSplitOrder);\n    productList++;\n  }\n});\nif (haveSplitOrder) {\n  cy.verifyShipping('จัดส่งตามที่อยู่', searchSplitAddressType, splitOrderDetails, taxInvoice, haveSplitOrder);\n}\ncy.get('button[id=\"continue-payment-btn\"]').contains('ดำเนินการชำระเงิน').click(); // payment\ncy.url().should('include', '/checkout/payment/');\ncy.title().should('eq', 'ชำระเงิน');\ncy.get('.basket').should(function ($basket) {\n  expect($basket).to.contain('สรุปรายการสั่งซื้อ');\n  expect($basket).to.contain(products.length + ' สินค้า');\n  expect($basket).to.contain(customerName);\n});\nswitch (shippingType) {\n  case 'รับที่เซเว่นอีเลฟเว่น':\n    if (haveSplitOrder) {\n      cy.get('.address').first().should(function ($custAddress) {\n        expect($custAddress).to.contain('เบอร์โทรศัพท์ผู้รับสินค้า: ' + phoneNumber);\n        expect($custAddress).to.contain('เซเว่นอีเลฟเว่น #' + storeId);\n        expect($custAddress).to.contain(storeName);\n        expect($custAddress).to.contain(address);\n      });\n      cy.get('.address').eq(2).should(function ($custAddress) {\n        expect($custAddress).to.contain(customerName);\n        expect($custAddress).to.contain('เบอร์โทรติดต่อ : ' + phoneNumber);\n        expect($custAddress).to.contain(splitAddressPayment);\n      });\n    } else {\n      cy.get('.basket').should(function ($custAddress) {\n        expect($custAddress).to.contain('เบอร์โทรศัพท์ผู้รับสินค้า: ' + phoneNumber);\n        expect($custAddress).to.contain('เซเว่นอีเลฟเว่น #' + storeId);\n        expect($custAddress).to.contain('สาขา ' + storeName);\n        expect($custAddress).to.contain(address);\n      });\n    }\n    break;\n  case 'จัดส่งตามที่อยู่':\n    cy.get('.basket').should(function ($custAddress) {\n      expect($custAddress).to.contain('เบอร์โทรติดต่อ : ' + phoneNumber);\n      expect($custAddress).to.contain(address);\n    });\n    break;\n}\norderSum = 0;\nproductList = 0;\nproducts.forEach(function (product) {\n  price = formatNumber(product.amount * product.price);\n  if (haveSplitOrder && product.isSplit == 'Y') {\n    cy.verifyOrderAtPayment(product, price, splitOrderAmount);\n    splitOrderAmount++;\n  } else {\n    cy.verifyOrderAtPayment(product, price, productList);\n    productList++;\n  }\n  if (product.getAMB) {\n    priceAMB += product.price * product.amount;\n  }\n  switch (product.mstampType) {\n    case 'normalRate':\n      priceMStamp += product.price * product.amount;\n  }\n  orderSum += product.amount * product.price;\n});\nif (promotion.usePromotion) {\n  cy.typePromotion(promotion);\n  cy.visit('/');\n  cy.login(loginUsername, loginPassword, username, isReLogin);\n  cy.wait(2000);\n  cy.get('#mini-basket').should('contain', 'ตะกร้าสินค้า').dblclick();\n  cy.get('a.proceed').should('contain', 'ดำเนินการชำระเงิน').click(); // shipping\n  cy.verifyShipping(shippingType, searchAddrType, customerDetails, taxInvoice);\n  if (haveSplitOrder) {\n    cy.verifyShipping('จัดส่งตามที่อยู่', searchSplitAddressType, splitOrderDetails, taxInvoice, haveSplitOrder);\n  }\n  cy.get('button[id=\"continue-payment-btn\"]').contains('ดำเนินการชำระเงิน').click();\n  cy.wait(2000);\n  cy.checkPromotion(promotion); // calculate promotion\n  var promotionPrice = 0;\n  var haveProducts = false;\n  if (promotion.productType == '') {\n    promotionPrice = orderSum;\n  } else {\n    products.forEach(function (product) {\n      if (promotion.productType == product.type) {\n        promotionPrice += product.price * product.amount;\n        haveProducts = true;\n      }\n    });\n  }\n  if (promotionPrice >= promotion.minimum) {\n    switch (promotion.discountType) {\n      case 'percentage':\n        promotionPrice = parseInt(promotionPrice * (promotion.discountAmount / 100));\n        if (promotionPrice >= promotion.maxDiscount) {\n          discount = promotion.maxDiscount;\n        } else {\n          discount = promotionPrice;\n        }\n        cy.get('tr.line-coupon').should('contain', promotion.code.toUpperCase());\n        break;\n      case 'fixedAmount':\n        if (promotionPrice >= promotion.discountAmount) {\n          discount = promotion.discountAmount;\n        } else {\n          discount = promotionPrice;\n        }\n        cy.get('tr.line-coupon').should('contain', promotion.code.toUpperCase());\n        break;\n      case 'freeShipping':\n        if (haveProducts == true) {\n          shippingFee = 0;\n          cy.get('tr.line-coupon').should('contain', promotion.code.toUpperCase());\n        }\n        break;\n      case 'freeProduct':\n        if (haveProducts == true) {\n          cy.get('#tbody-free-item > .radio-styled > .show-description').first().should('contain', promotion.freeProduct);\n          cy.get('#tbody-free-item > .radio-styled > [align=\"center\"]').first().should('contain', promotion.freeQty);\n        }\n        break;\n    }\n  }\n}\nif (discountAMBPoint > 0) {\n  cy.discountAMB(discountAMBPoint, formatNumber(discountAMBBath));\n}\nif (discountMstamp > 0) {\n  cy.discountMstamp(discountMstamp);\n} // check promotion on product\n\nproducts.forEach(function (product) {\n  if (product.promotion.hasPromotion) {\n    if (promotion.usePromotion && promotion.discountType == 'freeProduct') {\n      freeList++;\n    }\n    cy.get('.items.radio-styled > .show-description').eq(freeList).should('contain', product.promotion.name);\n    switch (product.promotion.productType) {\n      case 'freePerProduct':\n        // qty = 0\n        qty = product.amount * product.promotion.qty;\n        cy.get('.items.radio-styled > [align=\"center\"]').eq(freeList).should('contain', qty);\n        break;\n    }\n  }\n});\nsum = formatNumber(orderSum);\ntotalPrice = orderSum + shippingFee - discount - discountAMBBath - discountMstamp;\namb = parseInt((priceAMB - discount - discountAMBBath - discountMstamp) / 10) * 3;\nmstamp = parseInt((priceMStamp - discount - discountAMBBath - discountMstamp) / 50);\ncy.verifyTotalPrice(sum, formatNumber(shippingFee), formatNumber(totalPrice), amb, mstamp, discount, promotion.usePromotion, discountAMBBath, discountMstamp);\ncy.payment(paymentDetails);\ncy.checkReceipt(paymentDetails, customerName, formatNumber(totalPrice.toFixed(2)));\nswitch (paymentDetails.paymentType) {\n  case 'PAYATALL_CC':\n  case 'PAYATALL_TMN':\n    cy.get('.message-order-barcode').then(function ($text) {\n      var text = $text.text();\n      var words = text.trim().split(\" \");\n      var orderNo = words[1];\n      cy.wrap(orderNo).as('orderNo');\n    });\n    break;\n  case 'PAYATALL_CS':\n    cy.contains('เลขที่ใบแจ้งสินค้า/Invoice No:').siblings('.detail-table-right').then(function ($orderNo) {\n      var orderNo = $orderNo.text();\n      cy.wrap(orderNo).as('orderNo');\n    });\n    cy.visit('/');\n    cy.login(loginUsername, loginPassword, username, isReLogin);\n    break;\n}\ncy.get('@orderNo').then(function (orderNo) {\n  if (!haveSplitOrder) {\n    cy.checkStatusOrder(orderNo);\n  } else {\n    var orderLength = orderNo.length;\n    for (var i = 1; i <= 2; i++) {\n      orderNo = orderNo.substring(0, orderLength - 2) + i + orderNo.substring(orderLength - 1);\n      cy.checkStatusOrder(orderNo);\n    }\n  }\n});\nif (paymentDetails.paymentType != 'PAYATALL_CS') {\n  cy.checkAMB(customerName, amb);\n}",
              "err": {},
              "uuid": "b69313cd-ba84-4805-badc-894b90263158",
              "parentUUID": "1bfadb97-1941-4dfc-8e18-6d415c5ff4b9",
              "isHook": false,
              "skipped": false
            },
            {
              "title": "purchase products | Purchase order with CS, รับที่เซเว่นอีเลฟเว่น, have split order",
              "fullTitle": "Login page purchase products | Purchase order with CS, รับที่เซเว่นอีเลฟเว่น, have split order",
              "timedOut": null,
              "duration": 127579,
              "state": "passed",
              "speed": "slow",
              "pass": true,
              "fail": false,
              "pending": false,
              "context": null,
              "code": "// check remaining product in basket\ncy.get('span.cart-indicator').then(function ($cartIndicator) {\n  var num = parseInt($cartIndicator.text().replace(/,/g, '')) || 0;\n  if (num > 0) {\n    cy.clearBasket();\n  }\n});\nif (promotion.usePromotion && promotion.searchType == 'myCoupon') {\n  // if(promotion.usePromotion) {\n  cy.get('a[href=\"/coupon/\"]').should('contain', 'คูปองส่วนลด').click();\n  cy.title().should('eq', 'Coupon | AllOnline');\n  cy.url().should('include', '/coupon/');\n  var iscated = false;\n  cy.findCoupon(promotion.code, iscated);\n  cy.checkCoupon(promotion);\n  cy.getCoupon(promotion.code);\n} // add product to basket\n\nproducts.forEach(function (product) {\n  price = formatNumber(product.price);\n  cy.searchProduct(product);\n  cy.addProduct(product, price);\n  cy.wait(1000);\n  qty += product.amount;\n  cy.get('.cart-indicator').should('contain', qty);\n  if (product.isSplit == 'Y') {\n    haveSplitOrder = true;\n    splitOrderAmount--;\n  }\n}); // check shipping address\nif (shippingType == 'รับที่เซเว่นอีเลฟเว่น') {\n  customerDetails = {\n    \"phoneNumber\": phoneNumber,\n    \"storeId\": storeId,\n    \"storeAddress\": storeAddress,\n    \"storeName\": storeName\n  };\n  address = storeAddress;\n  if (haveSplitOrder) {\n    searchSplitAddressType = testData.splitOrderDetails.splitAddressType;\n    splitAddressPayment = splitOrderDetails.addressNo + ' ' + splitOrderDetails.floor + ', ' + splitOrderDetails.moo + ', ' + splitOrderDetails.soi + ', ' + splitOrderDetails.street + ', ' + splitOrderDetails.subDistrict + ' ' + splitOrderDetails.district + ' ' + splitOrderDetails.province + ' ' + splitOrderDetails.postalCode;\n  }\n} else if (shippingType == 'จัดส่งตามที่อยู่') {\n  customerDetails = testData.customerDetails;\n  address = customerDetails.addressNo + ' ' + customerDetails.floor + ', ' + customerDetails.moo + ', ' + customerDetails.soi + ', ' + customerDetails.street + ', ' + customerDetails.subDistrict + ' ' + customerDetails.district + ' ' + customerDetails.province + ' ' + customerDetails.postalCode;\n  haveSplitOrder = false;\n} // check product in pop up basket\n\ncy.wait(2000);\ncy.get('#mini-basket').should('contain', 'ตะกร้าสินค้า').click();\nproducts.forEach(function (product) {\n  price = formatNumber(product.amount * product.price);\n  cy.verifyPopUpBasket(product.name, product.amount, price, productList);\n  orderSum += product.amount * product.price;\n  productList++;\n});\nsum = formatNumber(orderSum);\ncy.get('.item-sum').should('contain', sum);\ncy.get('#mini-basket').should('contain', 'ตะกร้าสินค้า').click();\ncy.title().should('eq', 'AllOnline');\ncy.url().should('include', '/account/basket/');\nproductList = 1;\nproducts.forEach(function (product) {\n  price = formatNumber(product.amount * product.price);\n  productPrice = formatNumber(product.price);\n  cy.verifyBasket(product.name, product.barcode, product.amount, productPrice, price, productList);\n  productList++;\n});\ncy.contains('ดำเนินการชำระเงิน').click(); // shipping\ncy.url().should('include', '/checkout/shipping/');\ncy.title().should('eq', 'การจัดส่ง');\ncy.verifyShipping(shippingType, searchAddrType, customerDetails, taxInvoice);\nproductList = 1;\nproductSplitList = 1;\nproducts.forEach(function (product) {\n  if (product.isSplit == 'Y' && haveSplitOrder) {\n    cy.verifyOrder(product.name, product.barcode, productSplitList, product.isSplit, haveSplitOrder);\n    productSplitList++;\n  } else {\n    cy.verifyOrder(product.name, product.barcode, productList, product.isSplit, haveSplitOrder);\n    productList++;\n  }\n});\nif (haveSplitOrder) {\n  cy.verifyShipping('จัดส่งตามที่อยู่', searchSplitAddressType, splitOrderDetails, taxInvoice, haveSplitOrder);\n}\ncy.get('button[id=\"continue-payment-btn\"]').contains('ดำเนินการชำระเงิน').click(); // payment\ncy.url().should('include', '/checkout/payment/');\ncy.title().should('eq', 'ชำระเงิน');\ncy.get('.basket').should(function ($basket) {\n  expect($basket).to.contain('สรุปรายการสั่งซื้อ');\n  expect($basket).to.contain(products.length + ' สินค้า');\n  expect($basket).to.contain(customerName);\n});\nswitch (shippingType) {\n  case 'รับที่เซเว่นอีเลฟเว่น':\n    if (haveSplitOrder) {\n      cy.get('.address').first().should(function ($custAddress) {\n        expect($custAddress).to.contain('เบอร์โทรศัพท์ผู้รับสินค้า: ' + phoneNumber);\n        expect($custAddress).to.contain('เซเว่นอีเลฟเว่น #' + storeId);\n        expect($custAddress).to.contain(storeName);\n        expect($custAddress).to.contain(address);\n      });\n      cy.get('.address').eq(2).should(function ($custAddress) {\n        expect($custAddress).to.contain(customerName);\n        expect($custAddress).to.contain('เบอร์โทรติดต่อ : ' + phoneNumber);\n        expect($custAddress).to.contain(splitAddressPayment);\n      });\n    } else {\n      cy.get('.basket').should(function ($custAddress) {\n        expect($custAddress).to.contain('เบอร์โทรศัพท์ผู้รับสินค้า: ' + phoneNumber);\n        expect($custAddress).to.contain('เซเว่นอีเลฟเว่น #' + storeId);\n        expect($custAddress).to.contain('สาขา ' + storeName);\n        expect($custAddress).to.contain(address);\n      });\n    }\n    break;\n  case 'จัดส่งตามที่อยู่':\n    cy.get('.basket').should(function ($custAddress) {\n      expect($custAddress).to.contain('เบอร์โทรติดต่อ : ' + phoneNumber);\n      expect($custAddress).to.contain(address);\n    });\n    break;\n}\norderSum = 0;\nproductList = 0;\nproducts.forEach(function (product) {\n  price = formatNumber(product.amount * product.price);\n  if (haveSplitOrder && product.isSplit == 'Y') {\n    cy.verifyOrderAtPayment(product, price, splitOrderAmount);\n    splitOrderAmount++;\n  } else {\n    cy.verifyOrderAtPayment(product, price, productList);\n    productList++;\n  }\n  if (product.getAMB) {\n    priceAMB += product.price * product.amount;\n  }\n  switch (product.mstampType) {\n    case 'normalRate':\n      priceMStamp += product.price * product.amount;\n  }\n  orderSum += product.amount * product.price;\n});\nif (promotion.usePromotion) {\n  cy.typePromotion(promotion);\n  cy.visit('/');\n  cy.login(loginUsername, loginPassword, username, isReLogin);\n  cy.wait(2000);\n  cy.get('#mini-basket').should('contain', 'ตะกร้าสินค้า').dblclick();\n  cy.get('a.proceed').should('contain', 'ดำเนินการชำระเงิน').click(); // shipping\n  cy.verifyShipping(shippingType, searchAddrType, customerDetails, taxInvoice);\n  if (haveSplitOrder) {\n    cy.verifyShipping('จัดส่งตามที่อยู่', searchSplitAddressType, splitOrderDetails, taxInvoice, haveSplitOrder);\n  }\n  cy.get('button[id=\"continue-payment-btn\"]').contains('ดำเนินการชำระเงิน').click();\n  cy.wait(2000);\n  cy.checkPromotion(promotion); // calculate promotion\n  var promotionPrice = 0;\n  var haveProducts = false;\n  if (promotion.productType == '') {\n    promotionPrice = orderSum;\n  } else {\n    products.forEach(function (product) {\n      if (promotion.productType == product.type) {\n        promotionPrice += product.price * product.amount;\n        haveProducts = true;\n      }\n    });\n  }\n  if (promotionPrice >= promotion.minimum) {\n    switch (promotion.discountType) {\n      case 'percentage':\n        promotionPrice = parseInt(promotionPrice * (promotion.discountAmount / 100));\n        if (promotionPrice >= promotion.maxDiscount) {\n          discount = promotion.maxDiscount;\n        } else {\n          discount = promotionPrice;\n        }\n        cy.get('tr.line-coupon').should('contain', promotion.code.toUpperCase());\n        break;\n      case 'fixedAmount':\n        if (promotionPrice >= promotion.discountAmount) {\n          discount = promotion.discountAmount;\n        } else {\n          discount = promotionPrice;\n        }\n        cy.get('tr.line-coupon').should('contain', promotion.code.toUpperCase());\n        break;\n      case 'freeShipping':\n        if (haveProducts == true) {\n          shippingFee = 0;\n          cy.get('tr.line-coupon').should('contain', promotion.code.toUpperCase());\n        }\n        break;\n      case 'freeProduct':\n        if (haveProducts == true) {\n          cy.get('#tbody-free-item > .radio-styled > .show-description').first().should('contain', promotion.freeProduct);\n          cy.get('#tbody-free-item > .radio-styled > [align=\"center\"]').first().should('contain', promotion.freeQty);\n        }\n        break;\n    }\n  }\n}\nif (discountAMBPoint > 0) {\n  cy.discountAMB(discountAMBPoint, formatNumber(discountAMBBath));\n}\nif (discountMstamp > 0) {\n  cy.discountMstamp(discountMstamp);\n} // check promotion on product\n\nproducts.forEach(function (product) {\n  if (product.promotion.hasPromotion) {\n    if (promotion.usePromotion && promotion.discountType == 'freeProduct') {\n      freeList++;\n    }\n    cy.get('.items.radio-styled > .show-description').eq(freeList).should('contain', product.promotion.name);\n    switch (product.promotion.productType) {\n      case 'freePerProduct':\n        // qty = 0\n        qty = product.amount * product.promotion.qty;\n        cy.get('.items.radio-styled > [align=\"center\"]').eq(freeList).should('contain', qty);\n        break;\n    }\n  }\n});\nsum = formatNumb
[...]
\n        haveProducts = true;\n      }\n    });\n  }\n  if (promotionPrice >= promotion.minimum) {\n    switch (promotion.discountType) {\n      case 'percentage':\n        promotionPrice = parseInt(promotionPrice * (promotion.discountAmount / 100));\n        if (promotionPrice >= promotion.maxDiscount) {\n          discount = promotion.maxDiscount;\n        } else {\n          discount = promotionPrice;\n        }\n        cy.get('tr.line-coupon').should('contain', promotion.code.toUpperCase());\n        break;\n      case 'fixedAmount':\n        if (promotionPrice >= promotion.discountAmount) {\n          discount = promotion.discountAmount;\n        } else {\n          discount = promotionPrice;\n        }\n        cy.get('tr.line-coupon').should('contain', promotion.code.toUpperCase());\n        break;\n      case 'freeShipping':\n        if (haveProducts == true) {\n          shippingFee = 0;\n          cy.get('tr.line-coupon').should('contain', promotion.code.toUpperCase());\n        }\n        break;\n      case 'freeProduct':\n        if (haveProducts == true) {\n          cy.get('#tbody-free-item > .radio-styled > .show-description').first().should('contain', promotion.freeProduct);\n          cy.get('#tbody-free-item > .radio-styled > [align=\"center\"]').first().should('contain', promotion.freeQty);\n        }\n        break;\n    }\n  }\n}\nif (discountAMBPoint > 0) {\n  cy.discountAMB(discountAMBPoint, formatNumber(discountAMBBath));\n}\nif (discountMstamp > 0) {\n  cy.discountMstamp(discountMstamp);\n} // check promotion on product\n\nproducts.forEach(function (product) {\n  if (product.promotion.hasPromotion) {\n    if (promotion.usePromotion && promotion.discountType == 'freeProduct') {\n      freeList++;\n    }\n    cy.get('.items.radio-styled > .show-description').eq(freeList).should('contain', product.promotion.name);\n    switch (product.promotion.productType) {\n      case 'freePerProduct':\n        // qty = 0\n        qty = product.amount * product.promotion.qty;\n        cy.get('.items.radio-styled > [align=\"center\"]').eq(freeList).should('contain', qty);\n        break;\n    }\n  }\n});\nsum = formatNumber(orderSum);\ntotalPrice = orderSum + shippingFee - discount - discountAMBBath - discountMstamp;\namb = parseInt((priceAMB - discount - discountAMBBath - discountMstamp) / 10) * 3;\nmstamp = parseInt((priceMStamp - discount - discountAMBBath - discountMstamp) / 50);\ncy.verifyTotalPrice(sum, formatNumber(shippingFee), formatNumber(totalPrice), amb, mstamp, discount, promotion.usePromotion, discountAMBBath, discountMstamp);\ncy.payment(paymentDetails);\ncy.checkReceipt(paymentDetails, customerName, formatNumber(totalPrice.toFixed(2)));\nswitch (paymentDetails.paymentType) {\n  case 'PAYATALL_CC':\n  case 'PAYATALL_TMN':\n    cy.get('.message-order-barcode').then(function ($text) {\n      var text = $text.text();\n      var words = text.trim().split(\" \");\n      var orderNo = words[1];\n      cy.wrap(orderNo).as('orderNo');\n    });\n    break;\n  case 'PAYATALL_CS':\n    cy.contains('เลขที่ใบแจ้งสินค้า/Invoice No:').siblings('.detail-table-right').then(function ($orderNo) {\n      var orderNo = $orderNo.text();\n      cy.wrap(orderNo).as('orderNo');\n    });\n    cy.visit('/');\n    cy.login(loginUsername, loginPassword, username, isReLogin);\n    break;\n}\ncy.get('@orderNo').then(function (orderNo) {\n  if (!haveSplitOrder) {\n    cy.checkStatusOrder(orderNo);\n  } else {\n    var orderLength = orderNo.length;\n    for (var i = 1; i <= 2; i++) {\n      orderNo = orderNo.substring(0, orderLength - 2) + i + orderNo.substring(orderLength - 1);\n      cy.checkStatusOrder(orderNo);\n    }\n  }\n});\nif (paymentDetails.paymentType != 'PAYATALL_CS') {\n  cy.checkAMB(customerName, amb);\n}",
              "err": {
                "message": "CypressError: Timed out retrying after 30000ms: `cy.type()` failed because the center of this element is hidden from view:\n\n`<input type=\"text\" class=\"form-control\" name=\"extOrderNo\" id=\"extOrderNo\" placeholder=\"เลขที่สั่งซื้อ\">`\n\nFix this problem, or use `{force: true}` to disable error checking.\n\nhttps://on.cypress.io/element-cannot-be-interacted-with",
                "estack": "CypressError: Timed out retrying after 30000ms: `cy.type()` failed because the center of this element is hidden from view:\n\n`<input type=\"text\" class=\"form-control\" name=\"extOrderNo\" id=\"extOrderNo\" placeholder=\"เลขที่สั่งซื้อ\">`\n\nFix this problem, or use `{force: true}` to disable error checking.\n\nhttps://on.cypress.io/element-cannot-be-interacted-with\n    at $Cy.ensureDescendents (https://integ1.allonline.7eleven.co.th/__cypress/runner/cypress_runner.js:162731:24)\n    at ensureDescendents (https://integ1.allonline.7eleven.co.th/__cypress/runner/cypress_runner.js:151114:8)\n    at ensureDescendentsAndScroll (https://integ1.allonline.7eleven.co.th/__cypress/runner/cypress_runner.js:151121:14)\n    at ensureElIsNotCovered (https://integ1.allonline.7eleven.co.th/__cypress/runner/cypress_runner.js:151255:5)\n    at runAllChecks (https://integ1.allonline.7eleven.co.th/__cypress/runner/cypress_runner.js:151430:52)\n    at retryActionability (https://integ1.allonline.7eleven.co.th/__cypress/runner/cypress_runner.js:151453:16)\n    at tryCatcher (https://integ1.allonline.7eleven.co.th/__cypress/runner/cypress_runner.js:10765:23)\n    at Function.Promise.attempt.Promise.try (https://integ1.allonline.7eleven.co.th/__cypress/runner/cypress_runner.js:8039:29)\n    at tryFn (https://integ1.allonline.7eleven.co.th/__cypress/runner/cypress_runner.js:167065:21)\n    at whenStable (https://integ1.allonline.7eleven.co.th/__cypress/runner/cypress_runner.js:167103:12)\n    at https://integ1.allonline.7eleven.co.th/__cypress/runner/cypress_runner.js:166598:16\n    at tryCatcher (https://integ1.allonline.7eleven.co.th/__cypress/runner/cypress_runner.js:10765:23)\n    at Promise._settlePromiseFromHandler (https://integ1.allonline.7eleven.co.th/__cypress/runner/cypress_runner.js:8700:31)\n    at Promise._settlePromise (https://integ1.allonline.7eleven.co.th/__cypress/runner/cypress_runner.js:8757:18)\n    at Promise._settlePromise0 (https://integ1.allonline.7eleven.co.th/__cypress/runner/cypress_runner.js:8802:10)\n    at Promise._settlePromises (https://integ1.allonline.7eleven.co.th/__cypress/runner/cypress_runner.js:8882:18)\nFrom Your Spec Code:\n    at Context.eval (https://integ1.allonline.7eleven.co.th/__cypress/tests?p=cypress\\support\\index.js:562:83)",
                "diff": null
              },
              "uuid": "ffe28141-59eb-4ce8-9555-57b9dac7f530",
              "parentUUID": "1bfadb97-1941-4dfc-8e18-6d415c5ff4b9",
              "isHook": false,
              "skipped": false
            },
            {
              "title": "purchase products | Purchase order with CS , จัดส่งตามที่อยู่, use 500 AMB points",
              "fullTitle": "Login page purchase products | Purchase order with CS , จัดส่งตามที่อยู่, use 500 AMB points",
              "timedOut": null,
              "duration": 106915,
              "state": "passed",
              "speed": "slow",
              "pass": true,
              "fail": false,
              "pending": false,
              "context": null,
              "code": "// check remaining product in basket\ncy.get('span.cart-indicator').then(function ($cartIndicator) {\n  var num = parseInt($cartIndicator.text().replace(/,/g, '')) || 0;\n  if (num > 0) {\n    cy.clearBasket();\n  }\n});\nif (promotion.usePromotion && promotion.searchType == 'myCoupon') {\n  // if(promotion.usePromotion) {\n  cy.get('a[href=\"/coupon/\"]').should('contain', 'คูปองส่วนลด').click();\n  cy.title().should('eq', 'Coupon | AllOnline');\n  cy.url().should('include', '/coupon/');\n  var iscated = false;\n  cy.findCoupon(promotion.code, iscated);\n  cy.checkCoupon(promotion);\n  cy.getCoupon(promotion.code);\n} // add product to basket\n\nproducts.forEach(function (product) {\n  price = formatNumber(product.price);\n  cy.searchProduct(product);\n  cy.addProduct(product, price);\n  cy.wait(1000);\n  qty += product.amount;\n  cy.get('.cart-indicator').should('contain', qty);\n  if (product.isSplit == 'Y') {\n    haveSplitOrder = true;\n    splitOrderAmount--;\n  }\n}); // check shipping address\nif (shippingType == 'รับที่เซเว่นอีเลฟเว่น') {\n  customerDetails = {\n    \"phoneNumber\": phoneNumber,\n    \"storeId\": storeId,\n    \"storeAddress\": storeAddress,\n    \"storeName\": storeName\n  };\n  address = storeAddress;\n  if (haveSplitOrder) {\n    searchSplitAddressType = testData.splitOrderDetails.splitAddressType;\n    splitAddressPayment = splitOrderDetails.addressNo + ' ' + splitOrderDetails.floor + ', ' + splitOrderDetails.moo + ', ' + splitOrderDetails.soi + ', ' + splitOrderDetails.street + ', ' + splitOrderDetails.subDistrict + ' ' + splitOrderDetails.district + ' ' + splitOrderDetails.province + ' ' + splitOrderDetails.postalCode;\n  }\n} else if (shippingType == 'จัดส่งตามที่อยู่') {\n  customerDetails = testData.customerDetails;\n  address = customerDetails.addressNo + ' ' + customerDetails.floor + ', ' + customerDetails.moo + ', ' + customerDetails.soi + ', ' + customerDetails.street + ', ' + customerDetails.subDistrict + ' ' + customerDetails.district + ' ' + customerDetails.province + ' ' + customerDetails.postalCode;\n  haveSplitOrder = false;\n} // check product in pop up basket\n\ncy.wait(2000);\ncy.get('#mini-basket').should('contain', 'ตะกร้าสินค้า').click();\nproducts.forEach(function (product) {\n  price = formatNumber(product.amount * product.price);\n  cy.verifyPopUpBasket(product.name, product.amount, price, productList);\n  orderSum += product.amount * product.price;\n  productList++;\n});\nsum = formatNumber(orderSum);\ncy.get('.item-sum').should('contain', sum);\ncy.get('#mini-basket').should('contain', 'ตะกร้าสินค้า').click();\ncy.title().should('eq', 'AllOnline');\ncy.url().should('include', '/account/basket/');\nproductList = 1;\nproducts.forEach(function (product) {\n  price = formatNumber(product.amount * product.price);\n  productPrice = formatNumber(product.price);\n  cy.verifyBasket(product.name, product.barcode, product.amount, productPrice, price, productList);\n  productList++;\n});\ncy.contains('ดำเนินการชำระเงิน').click(); // shipping\ncy.url().should('include', '/checkout/shipping/');\ncy.title().should('eq', 'การจัดส่ง');\ncy.verifyShipping(shippingType, searchAddrType, customerDetails, taxInvoice);\nproductList = 1;\nproductSplitList = 1;\nproducts.forEach(function (product) {\n  if (product.isSplit == 'Y' && haveSplitOrder) {\n    cy.verifyOrder(product.name, product.barcode, productSplitList, product.isSplit, haveSplitOrder);\n    productSplitList++;\n  } else {\n    cy.verifyOrder(product.name, product.barcode, productList, product.isSplit, haveSplitOrder);\n    productList++;\n  }\n});\nif (haveSplitOrder) {\n  cy.verifyShipping('จัดส่งตามที่อยู่', searchSplitAddressType, splitOrderDetails, taxInvoice, haveSplitOrder);\n}\ncy.get('button[id=\"continue-payment-btn\"]').contains('ดำเนินการชำระเงิน').click(); // payment\ncy.url().should('include', '/checkout/payment/');\ncy.title().should('eq', 'ชำระเงิน');\ncy.get('.basket').should(function ($basket) {\n  expect($basket).to.contain('สรุปรายการสั่งซื้อ');\n  expect($basket).to.contain(products.length + ' สินค้า');\n  expect($basket).to.contain(customerName);\n});\nswitch (shippingType) {\n  case 'รับที่เซเว่นอีเลฟเว่น':\n    if (haveSplitOrder) {\n      cy.get('.address').first().should(function ($custAddress) {\n        expect($custAddress).to.contain('เบอร์โทรศัพท์ผู้รับสินค้า: ' + phoneNumber);\n        expect($custAddress).to.contain('เซเว่นอีเลฟเว่น #' + storeId);\n        expect($custAddress).to.contain(storeName);\n        expect($custAddress).to.contain(address);\n      });\n      cy.get('.address').eq(2).should(function ($custAddress) {\n        expect($custAddress).to.contain(customerName);\n        expect($custAddress).to.contain('เบอร์โทรติดต่อ : ' + phoneNumber);\n        expect($custAddress).to.contain(splitAddressPayment);\n      });\n    } else {\n      cy.get('.basket').should(function ($custAddress) {\n        expect($custAddress).to.contain('เบอร์โทรศัพท์ผู้รับสินค้า: ' + phoneNumber);\n        expect($custAddress).to.contain('เซเว่นอีเลฟเว่น #' + storeId);\n        expect($custAddress).to.contain('สาขา ' + storeName);\n        expect($custAddress).to.contain(address);\n      });\n    }\n    break;\n  case 'จัดส่งตามที่อยู่':\n    cy.get('.basket').should(function ($custAddress) {\n      expect($custAddress).to.contain('เบอร์โทรติดต่อ : ' + phoneNumber);\n      expect($custAddress).to.contain(address);\n    });\n    break;\n}\norderSum = 0;\nproductList = 0;\nproducts.forEach(function (product) {\n  price = formatNumber(product.amount * product.price);\n  if (haveSplitOrder && product.isSplit == 'Y') {\n    cy.verifyOrderAtPayment(product, price, splitOrderAmount);\n    splitOrderAmount++;\n  } else {\n    cy.verifyOrderAtPayment(product, price, productList);\n    productList++;\n  }\n  if (product.getAMB) {\n    priceAMB += product.price * product.amount;\n  }\n  switch (product.mstampType) {\n    case 'normalRate':\n      priceMStamp += product.price * product.amount;\n  }\n  orderSum += product.amount * product.price;\n});\nif (promotion.usePromotion) {\n  cy.typePromotion(promotion);\n  cy.visit('/');\n  cy.login(loginUsername, loginPassword, username, isReLogin);\n  cy.wait(2000);\n  cy.get('#mini-basket').should('contain', 'ตะกร้าสินค้า').dblclick();\n  cy.get('a.proceed').should('contain', 'ดำเนินการชำระเงิน').click(); // shipping\n  cy.verifyShipping(shippingType, searchAddrType, customerDetails, taxInvoice);\n  if (haveSplitOrder) {\n    cy.verifyShipping('จัดส่งตามที่อยู่', searchSplitAddressType, splitOrderDetails, taxInvoice, haveSplitOrder);\n  }\n  cy.get('button[id=\"continue-payment-btn\"]').contains('ดำเนินการชำระเงิน').click();\n  cy.wait(2000);\n  cy.checkPromotion(promotion); // calculate promotion\n  var promotionPrice = 0;\n  var haveProducts = false;\n  if (promotion.productType == '') {\n    promotionPrice = orderSum;\n  } else {\n    products.forEach(function (product) {\n      if (promotion.productType == product.type) {\n        promotionPrice += product.price * product.amount;\n        haveProducts = true;\n      }\n    });\n  }\n  if (promotionPrice >= promotion.minimum) {\n    switch (promotion.discountType) {\n      case 'percentage':\n        promotionPrice = parseInt(promotionPrice * (promotion.discountAmount / 100));\n        if (promotionPrice >= promotion.maxDiscount) {\n          discount = promotion.maxDiscount;\n        } else {\n          discount = promotionPrice;\n        }\n        cy.get('tr.line-coupon').should('contain', promotion.code.toUpperCase());\n        break;\n      case 'fixedAmount':\n        if (promotionPrice >= promotion.discountAmount) {\n          discount = promotion.discountAmount;\n        } else {\n          discount = promotionPrice;\n        }\n        cy.get('tr.line-coupon').should('contain', promotion.code.toUpperCase());\n        break;\n      case 'freeShipping':\n        if (haveProducts == true) {\n          shippingFee = 0;\n          cy.get('tr.line-coupon').should('contain', promotion.code.toUpperCase());\n        }\n        break;\n      case 'freeProduct':\n        if (haveProducts == true) {\n          cy.get('#tbody-free-item > .radio-styled > .show-description').first().should('contain', promotion.freeProduct);\n          cy.get('#tbody-free-item > .radio-styled > [align=\"center\"]').first().should('contain', promotion.freeQty);\n        }\n        break;\n    }\n  }\n}\nif (discountAMBPoint > 0) {\n  cy.discountAMB(discountAMBPoint, formatNumber(discountAMBBath));\n}\nif (discountMstamp > 0) {\n  cy.discountMstamp(discountMstamp);\n} // check promotion on product\n\nproducts.forEach(function (product) {\n  if (product.promotion.hasPromotion) {\n    if (promotion.usePromotion && promotion.discountType == 'freeProduct') {\n      freeList++;\n    }\n    cy.get('.items.radio-styled > .show-description').eq(freeList).should('contain', product.promotion.name);\n    switch (product.promotion.productType) {\n      case 'freePerProduct':\n        // qty = 0\n        qty = product.amount * product.promotion.qty;\n        cy.get('.items.radio-styled > [align=\"center\"]').eq(freeList).should('contain', qty);\n        break;\n    }\n  }\n});\nsum = formatNumber(orderSum);\ntotalPrice = orderSum + shippingFee - discount - discountAMBBath - discountMstamp;\namb = parseInt((priceAMB - discount - discountAMBBath - discountMstamp) / 10) * 3;\nmstamp = parseInt((priceMStamp - discount - discountAMBBath - discountMstamp) / 50);\ncy.verifyTotalPrice(sum, formatNumber(shippingFee), formatNumber(totalPrice), amb, mstamp, discount, promotion.usePromotion, discountAMBBath, discountMstamp);\ncy.payment(paymentDetails);\ncy.checkReceipt(paymentDetails, customerName, formatNumber(totalPrice.toFixed(2)));\nswitch (paymentDetails.paymentType) {\n  case 'PAYATALL_CC':\n  case 'PAYATALL_TMN':\n    cy.get('.message-order-barcode').then(function ($text) {\n      var text = $text.text();\n      var words = text.trim().split(\" \");\n      var orderNo = words[1];\n      cy.wrap(orderNo).as('orderNo');\n    });\n    break;\n  case 'PAYATALL_CS':\n    cy.contains('เลขที่ใบแจ้งสินค้า/Invoice No:').siblings('.detail-table-right').then(function ($orderNo) {\n      var orderNo = $orderNo.text();\n      cy.wrap(orderNo).as('orderNo');\n    });\n    cy.visit('/');\n    cy.login(loginUsername, loginPassword, username, isReLogin);\n    break;\n}\ncy.get('@orderNo').then(function (orderNo) {\n  if (!haveSplitOrder) {\n    cy.checkStatusOrder(orderNo);\n  } else {\n    var orderLength = orderNo.length;\n    for (var i = 1; i <= 2; i++) {\n      orderNo = orderNo.substring(0, orderLength - 2) + i + orderNo.substring(orderLength - 1);\n      cy.checkStatusOrder(orderNo);\n    }\n  }\n});\nif (paymentDetails.paymentType != 'PAYATALL_CS') {\n  cy.checkAMB(customerName, amb);\n}",
              "err": {},
              "uuid": "b08bf8b5-0956-4901-82b6-7861c04438dd",
              "parentUUID": "1bfadb97-1941-4dfc-8e18-6d415c5ff4b9",
              "isHook": false,
              "skipped": false
            }
          ],
          "suites": [],
          "passes": [
            "a659b5c4-17c5-4114-907c-df53520fa90a",
            "f0400449-9b94-4095-b983-bf830c88e630",
            "0ea90e97-b2e9-4083-aec6-798255c8c3bf",
            "077f6980-edd7-414b-a971-b70f6cab591e",
            "f46d4cc0-9660-4b14-a244-72e1c6902bfe",
            "b69313cd-ba84-4805-badc-894b90263158",
            "b63e93ee-08dc-4327-ac08-78ba8daafe96",
            "cb6d1089-2b80-4428-bb9e-678b3feedc10",
            "b08bf8b5-0956-4901-82b6-7861c04438dd"
          ],
          "failures": [
            "ffe28141-59eb-4ce8-9555-57b9dac7f530"
          ],
          "pending": [],
          "skipped": [],
          "duration": 1069517,
          "root": false,
          "rootEmpty": false,
          "_timeout": 2000
        }
      ],
      "passes": [],
      "failures": [],
      "pending": [],
      "skipped": [],
      "duration": 0,
      "root": true,
      "rootEmpty": true,
      "_timeout": 2000
    }
  ],
  "meta": {
    "mocha": {
      "version": "7.0.1"
    },
    "mochawesome": {
      "options": {
        "quiet": false,
        "reportFilename": "report",
        "saveHtml": true,
        "saveJson": true,
        "consoleReporter": "spec",
        "useInlineDiffs": false,
        "code": true
      },
      "version": "6.2.2"
    },
    "marge": {
      "options": {
        "reportDir": "cypress/reports",
        "reportFilename": "report",
        "overwrite": true,
        "reportTitle": "Report Test",
        "html": true,
        "json": true,
        "charts": true
      },
      "version": "5.2.0"
    }
  }
}