{
  "stats": {
    "suites": 1,
    "tests": 12,
    "passes": 11,
    "pending": 0,
    "failures": 1,
    "start": "2021-04-23T09:04:07.813Z",
    "end": "2021-04-23T09:26:16.162Z",
    "duration": 1328349,
    "testsRegistered": 12,
    "passPercent": 91.66666666666666,
    "pendingPercent": 0,
    "other": 0,
    "hasOther": false,
    "skipped": 0,
    "hasSkipped": false
  },
  "results": [
    {
      "uuid": "e82b6929-5611-4952-8145-61037f0eecb5",
      "title": "",
      "fullFile": "cypress\\integration\\examples\\purchase.js",
      "file": "cypress\\integration\\examples\\purchase.js",
      "beforeHooks": [],
      "afterHooks": [],
      "tests": [],
      "suites": [
        {
          "uuid": "c9c1931f-ffb8-4d05-b9aa-5661e9414ee0",
          "title": "Login page",
          "fullFile": "",
          "file": "",
          "beforeHooks": [],
          "afterHooks": [],
          "tests": [
            {
              "title": "purchase products | Purchase order with CS , รับที่เซเว่นอีเลฟเว่น",
              "fullTitle": "Login page purchase products | Purchase order with CS , รับที่เซเว่นอีเลฟเว่น",
              "timedOut": null,
              "duration": 125173,
              "state": "passed",
              "speed": "slow",
              "pass": true,
              "fail": false,
              "pending": false,
              "context": null,
              "code": "// check remaining product in basket\ncy.get('span.cart-indicator').then(function ($cartIndicator) {\n  var num = parseInt($cartIndicator.text().replace(/,/g, '')) || 0;\n  if (num > 0) {\n    cy.clearBasket();\n  }\n});\nif (promotion.usePromotion && promotion.searchType == 'myCoupon') {\n  // if(promotion.usePromotion) {\n  cy.get('a[href=\"/coupon/\"]').should('contain', 'คูปองส่วนลด').click();\n  cy.title().should('eq', 'Coupon | AllOnline');\n  cy.url().should('include', '/coupon/');\n  var iscated = false;\n  cy.findCoupon(promotion.id, iscated);\n  cy.checkCoupon(promotion);\n  cy.getCoupon(promotion.id);\n} // add product to basket\n\nproducts.forEach(function (product) {\n  price = formatNumber(product.price);\n  cy.searchProduct(product);\n  cy.addProduct(product, price);\n  cy.wait(1000);\n  qty += product.amount;\n  cy.get('.cart-indicator').should('contain', qty);\n  if (product.isSplit == 'Y') {\n    haveSplitOrder = true;\n    splitOrderAmount--;\n  }\n}); // check shipping address\nif (shippingType == 'รับที่เซเว่นอีเลฟเว่น') {\n  customerDetails = {\n    \"phoneNumber\": phoneNumber,\n    \"storeId\": storeId,\n    \"storeAddress\": storeAddress,\n    \"storeName\": storeName\n  };\n  address = storeAddress;\n  if (haveSplitOrder) {\n    searchSplitAddressType = testData.splitOrderDetails.splitAddressType;\n    splitAddressPayment = splitOrderDetails.addressNo + ' ' + splitOrderDetails.floor + ', ' + splitOrderDetails.moo + ', ' + splitOrderDetails.soi + ', ' + splitOrderDetails.street + ', ' + splitOrderDetails.subDistrict + ' ' + splitOrderDetails.district + ' ' + splitOrderDetails.province + ' ' + splitOrderDetails.postalCode;\n  }\n} else if (shippingType == 'จัดส่งตามที่อยู่') {\n  customerDetails = testData.customerDetails;\n  address = customerDetails.addressNo + ' ' + customerDetails.floor + ', ' + customerDetails.moo + ', ' + customerDetails.soi + ', ' + customerDetails.street + ', ' + customerDetails.subDistrict + ' ' + customerDetails.district + ' ' + customerDetails.province + ' ' + customerDetails.postalCode;\n  haveSplitOrder = false;\n} // check product in pop up basket\n\ncy.wait(2000);\ncy.get('#mini-basket').should('contain', 'ตะกร้าสินค้า').click();\nproducts.forEach(function (product) {\n  price = formatNumber(product.amount * product.price);\n  cy.verifyPopUpBasket(product.name, product.amount, price, productList);\n  orderSum += product.amount * product.price;\n  productList++;\n});\nsum = formatNumber(orderSum);\ncy.get('.item-sum').should('contain', sum);\ncy.get('#mini-basket').should('contain', 'ตะกร้าสินค้า').click();\ncy.title().should('eq', 'AllOnline');\ncy.url().should('include', '/account/basket/');\nproductList = 1;\nproducts.forEach(function (product) {\n  price = formatNumber(product.amount * product.price);\n  productPrice = formatNumber(product.price);\n  cy.verifyBasket(product.name, product.barcode, product.amount, productPrice, price, productList);\n  productList++;\n});\ncy.contains('ดำเนินการชำระเงิน').click(); // shipping\ncy.url().should('include', '/checkout/shipping/');\ncy.title().should('eq', 'การจัดส่ง');\ncy.verifyShipping(shippingType, searchAddrType, customerDetails, taxInvoice);\nproductList = 1;\nproductSplitList = 1;\nproducts.forEach(function (product) {\n  if (product.isSplit == 'Y' && haveSplitOrder) {\n    cy.verifyOrder(product.name, product.barcode, productSplitList, product.isSplit, haveSplitOrder);\n    productSplitList++;\n  } else {\n    cy.verifyOrder(product.name, product.barcode, productList, product.isSplit, haveSplitOrder);\n    productList++;\n  }\n});\nif (haveSplitOrder) {\n  cy.verifyShipping('จัดส่งตามที่อยู่', searchSplitAddressType, splitOrderDetails, taxInvoice, haveSplitOrder);\n}\ncy.get('button[id=\"continue-payment-btn\"]').contains('ดำเนินการชำระเงิน').click(); // payment\ncy.url().should('include', '/checkout/payment/');\ncy.title().should('eq', 'ชำระเงิน');\ncy.get('.basket').should(function ($basket) {\n  expect($basket).to.contain('สรุปรายการสั่งซื้อ');\n  expect($basket).to.contain(products.length + ' สินค้า');\n  expect($basket).to.contain(customerName);\n});\nswitch (shippingType) {\n  case 'รับที่เซเว่นอีเลฟเว่น':\n    if (haveSplitOrder) {\n      cy.get('.address').first().should(function ($custAddress) {\n        expect($custAddress).to.contain('เบอร์โทรศัพท์ผู้รับสินค้า: ' + phoneNumber);\n        expect($custAddress).to.contain('เซเว่นอีเลฟเว่น #' + storeId);\n        expect($custAddress).to.contain(storeName);\n        expect($custAddress).to.contain(address);\n      });\n      cy.get('.address').eq(2).should(function ($custAddress) {\n        expect($custAddress).to.contain(customerName);\n        expect($custAddress).to.contain('เบอร์โทรติดต่อ : ' + phoneNumber);\n        expect($custAddress).to.contain(splitAddressPayment);\n      });\n    } else {\n      cy.get('.basket').should(function ($custAddress) {\n        expect($custAddress).to.contain('เบอร์โทรศัพท์ผู้รับสินค้า: ' + phoneNumber);\n        expect($custAddress).to.contain('เซเว่นอีเลฟเว่น #' + storeId);\n        expect($custAddress).to.contain('สาขา ' + storeName);\n        expect($custAddress).to.contain(address);\n      });\n    }\n    break;\n  case 'จัดส่งตามที่อยู่':\n    cy.get('.basket').should(function ($custAddress) {\n      expect($custAddress).to.contain('เบอร์โทรติดต่อ : ' + phoneNumber);\n      expect($custAddress).to.contain(address);\n    });\n    break;\n}\norderSum = 0;\nproductList = 0;\nproducts.forEach(function (product) {\n  price = formatNumber(product.amount * product.price);\n  if (haveSplitOrder && product.isSplit == 'Y') {\n    cy.verifyOrderAtPayment(product, price, splitOrderAmount);\n    splitOrderAmount++;\n  } else {\n    cy.verifyOrderAtPayment(product, price, productList);\n    productList++;\n  }\n  if (product.getAMB) {\n    priceAMB += product.price * product.amount;\n  }\n  switch (product.mstampType) {\n    case 'normalRate':\n      priceMStamp += product.price * product.amount;\n  }\n  orderSum += product.amount * product.price;\n});\nif (promotion.usePromotion) {\n  cy.typePromotion(promotion);\n  cy.visit('/');\n  cy.login(loginUsername, loginPassword, username, isReLogin);\n  cy.wait(2000);\n  cy.get('#mini-basket').should('contain', 'ตะกร้าสินค้า').dblclick();\n  cy.get('a.proceed').should('contain', 'ดำเนินการชำระเงิน').click(); // shipping\n  cy.verifyShipping(shippingType, searchAddrType, customerDetails, taxInvoice);\n  if (haveSplitOrder) {\n    cy.verifyShipping('จัดส่งตามที่อยู่', searchSplitAddressType, splitOrderDetails, taxInvoice, haveSplitOrder);\n  }\n  cy.get('button[id=\"continue-payment-btn\"]').contains('ดำเนินการชำระเงิน').click();\n  cy.wait(2000);\n  cy.checkPromotion(promotion); // calculate promotion\n  var promotionPrice = 0;\n  var haveProducts = false;\n  if (promotion.type == '') {\n    promotionPrice = orderSum;\n  } else {\n    products.forEach(function (product) {\n      if (promotion.type == product.type) {\n        promotionPrice += product.price * product.amount;\n        haveProducts = true;\n      }\n    });\n  }\n  if (promotionPrice >= promotion.minimum) {\n    switch (promotion.discountType) {\n      case 'percentage':\n        promotionPrice = parseInt(promotionPrice * (promotion.discountAmount / 100));\n        if (promotionPrice >= promotion.maxDiscount) {\n          discount = promotion.maxDiscount;\n        } else {\n          discount = promotionPrice;\n        }\n        cy.get('tr.line-coupon').should('contain', promotion.id.toUpperCase());\n        break;\n      case 'fixedAmount':\n        if (promotionPrice >= promotion.discountAmount) {\n          discount = promotion.discountAmount;\n        } else {\n          discount = promotionPrice;\n        }\n        cy.get('tr.line-coupon').should('contain', promotion.id.toUpperCase());\n        break;\n      case 'freeShipping':\n        if (haveProducts == true) {\n          shippingFee = 0;\n          cy.get('tr.line-coupon').should('contain', promotion.id.toUpperCase());\n        }\n        break;\n      case 'freeProduct':\n        if (haveProducts == true) {\n          cy.get('#tbody-free-item > .radio-styled > .show-description').first().should('contain', promotion.freeProduct);\n          cy.get('#tbody-free-item > .radio-styled > [align=\"center\"]').first().should('contain', promotion.freeQty);\n        }\n        break;\n    }\n  }\n}\nif (discountAMBPoint > 0) {\n  cy.discountAMB(discountAMBPoint, formatNumber(discountAMBBath));\n}\nif (discountMstamp > 0) {\n  cy.discountMstamp(discountMstamp);\n} // check promotion on product\n\nproducts.forEach(function (product) {\n  if (product.promotion.hasPromotion) {\n    if (promotion.usePromotion && promotion.discountType == 'freeProduct') {\n      freeList++;\n    }\n    cy.get('.items.radio-styled > .show-description').eq(freeList).should('contain', product.promotion.name);\n    switch (product.promotion.productType) {\n      case 'freePerProduct':\n        // qty = 0\n        qty = product.amount * product.promotion.qty;\n        cy.get('.items.radio-styled > [align=\"center\"]').eq(freeList).should('contain', qty);\n        break;\n    }\n  }\n});\nsum = formatNumber(orderSum);\ntotalPrice = orderSum + shippingFee - discount - discountAMBBath - discountMstamp;\namb = parseInt((priceAMB - discount - discountAMBBath - discountMstamp) / 10) * 3;\nmstamp = parseInt((priceMStamp - discount - discountAMBBath - discountMstamp) / 50);\ncy.verifyTotalPrice(sum, formatNumber(shippingFee), formatNumber(totalPrice), amb, mstamp, discount, promotion.usePromotion, discountAMBBath, discountMstamp);\ncy.payment(paymentDetails);\ncy.checkReceipt(paymentDetails, customerName, formatNumber(totalPrice.toFixed(2)));\nswitch (paymentDetails.paymentType) {\n  case 'PAYATALL_CC':\n  case 'PAYATALL_TMN':\n    cy.get('.message-order-barcode').then(function ($text) {\n      var text = $text.text();\n      var words = text.trim().split(\" \");\n      var orderNo = words[1];\n      cy.wrap(orderNo).as('orderNo');\n    });\n    break;\n  case 'PAYATALL_CS':\n    cy.contains('เลขที่ใบแจ้งสินค้า/Invoice No:').siblings('.detail-table-right').then(function ($orderNo) {\n      var orderNo = $orderNo.text();\n      cy.wrap(orderNo).as('orderNo');\n    });\n    cy.visit('/');\n    cy.login(loginUsername, loginPassword, username, isReLogin);\n    break;\n}\ncy.get('@orderNo').then(function (orderNo) {\n  if (!haveSplitOrder) {\n    cy.checkStatusOrder(orderNo);\n  } else {\n    var orderLength = orderNo.length;\n    for (var i = 1; i <= 2; i++) {\n      orderNo = orderNo.substring(0, orderLength - 2) + i + orderNo.substring(orderLength - 1);\n      cy.checkStatusOrder(orderNo);\n    }\n  }\n});\nif (paymentDetails.paymentType != 'PAYATALL_CS') {\n  cy.checkAMB(customerName, amb);\n}",
              "err": {},
              "uuid": "6a4e57b0-442f-4ff2-bc85-398a3f23db01",
              "parentUUID": "c9c1931f-ffb8-4d05-b9aa-5661e9414ee0",
              "isHook": false,
              "skipped": false
            },
            {
              "title": "purchase products | Purchase order with TMN , รับที่เซเว่นอีเลฟเว่น",
              "fullTitle": "Login page purchase products | Purchase order with TMN , รับที่เซเว่นอีเลฟเว่น",
              "timedOut": null,
              "duration": 90356,
              "state": "passed",
              "speed": "slow",
              "pass": true,
              "fail": false,
              "pending": false,
              "context": null,
              "code": "// check remaining product in basket\ncy.get('span.cart-indicator').then(function ($cartIndicator) {\n  var num = parseInt($cartIndicator.text().replace(/,/g, '')) || 0;\n  if (num > 0) {\n    cy.clearBasket();\n  }\n});\nif (promotion.usePromotion && promotion.searchType == 'myCoupon') {\n  // if(promotion.usePromotion) {\n  cy.get('a[href=\"/coupon/\"]').should('contain', 'คูปองส่วนลด').click();\n  cy.title().should('eq', 'Coupon | AllOnline');\n  cy.url().should('include', '/coupon/');\n  var iscated = false;\n  cy.findCoupon(promotion.id, iscated);\n  cy.checkCoupon(promotion);\n  cy.getCoupon(promotion.id);\n} // add product to basket\n\nproducts.forEach(function (product) {\n  price = formatNumber(product.price);\n  cy.searchProduct(product);\n  cy.addProduct(product, price);\n  cy.wait(1000);\n  qty += product.amount;\n  cy.get('.cart-indicator').should('contain', qty);\n  if (product.isSplit == 'Y') {\n    haveSplitOrder = true;\n    splitOrderAmount--;\n  }\n}); // check shipping address\nif (shippingType == 'รับที่เซเว่นอีเลฟเว่น') {\n  customerDetails = {\n    \"phoneNumber\": phoneNumber,\n    \"storeId\": storeId,\n    \"storeAddress\": storeAddress,\n    \"storeName\": storeName\n  };\n  address = storeAddress;\n  if (haveSplitOrder) {\n    searchSplitAddressType = testData.splitOrderDetails.splitAddressType;\n    splitAddressPayment = splitOrderDetails.addressNo + ' ' + splitOrderDetails.floor + ', ' + splitOrderDetails.moo + ', ' + splitOrderDetails.soi + ', ' + splitOrderDetails.street + ', ' + splitOrderDetails.subDistrict + ' ' + splitOrderDetails.district + ' ' + splitOrderDetails.province + ' ' + splitOrderDetails.postalCode;\n  }\n} else if (shippingType == 'จัดส่งตามที่อยู่') {\n  customerDetails = testData.customerDetails;\n  address = customerDetails.addressNo + ' ' + customerDetails.floor + ', ' + customerDetails.moo + ', ' + customerDetails.soi + ', ' + customerDetails.street + ', ' + customerDetails.subDistrict + ' ' + customerDetails.district + ' ' + customerDetails.province + ' ' + customerDetails.postalCode;\n  haveSplitOrder = false;\n} // check product in pop up basket\n\ncy.wait(2000);\ncy.get('#mini-basket').should('contain', 'ตะกร้าสินค้า').click();\nproducts.forEach(function (product) {\n  price = formatNumber(product.amount * product.price);\n  cy.verifyPopUpBasket(product.name, product.amount, price, productList);\n  orderSum += product.amount * product.price;\n  productList++;\n});\nsum = formatNumber(orderSum);\ncy.get('.item-sum').should('contain', sum);\ncy.get('#mini-basket').should('contain', 'ตะกร้าสินค้า').click();\ncy.title().should('eq', 'AllOnline');\ncy.url().should('include', '/account/basket/');\nproductList = 1;\nproducts.forEach(function (product) {\n  price = formatNumber(product.amount * product.price);\n  productPrice = formatNumber(product.price);\n  cy.verifyBasket(product.name, product.barcode, product.amount, productPrice, price, productList);\n  productList++;\n});\ncy.contains('ดำเนินการชำระเงิน').click(); // shipping\ncy.url().should('include', '/checkout/shipping/');\ncy.title().should('eq', 'การจัดส่ง');\ncy.verifyShipping(shippingType, searchAddrType, customerDetails, taxInvoice);\nproductList = 1;\nproductSplitList = 1;\nproducts.forEach(function (product) {\n  if (product.isSplit == 'Y' && haveSplitOrder) {\n    cy.verifyOrder(product.name, product.barcode, productSplitList, product.isSplit, haveSplitOrder);\n    productSplitList++;\n  } else {\n    cy.verifyOrder(product.name, product.barcode, productList, product.isSplit, haveSplitOrder);\n    productList++;\n  }\n});\nif (haveSplitOrder) {\n  cy.verifyShipping('จัดส่งตามที่อยู่', searchSplitAddressType, splitOrderDetails, taxInvoice, haveSplitOrder);\n}\ncy.get('button[id=\"continue-payment-btn\"]').contains('ดำเนินการชำระเงิน').click(); // payment\ncy.url().should('include', '/checkout/payment/');\ncy.title().should('eq', 'ชำระเงิน');\ncy.get('.basket').should(function ($basket) {\n  expect($basket).to.contain('สรุปรายการสั่งซื้อ');\n  expect($basket).to.contain(products.length + ' สินค้า');\n  expect($basket).to.contain(customerName);\n});\nswitch (shippingType) {\n  case 'รับที่เซเว่นอีเลฟเว่น':\n    if (haveSplitOrder) {\n      cy.get('.address').first().should(function ($custAddress) {\n        expect($custAddress).to.contain('เบอร์โทรศัพท์ผู้รับสินค้า: ' + phoneNumber);\n        expect($custAddress).to.contain('เซเว่นอีเลฟเว่น #' + storeId);\n        expect($custAddress).to.contain(storeName);\n        expect($custAddress).to.contain(address);\n      });\n      cy.get('.address').eq(2).should(function ($custAddress) {\n        expect($custAddress).to.contain(customerName);\n        expect($custAddress).to.contain('เบอร์โทรติดต่อ : ' + phoneNumber);\n        expect($custAddress).to.contain(splitAddressPayment);\n      });\n    } else {\n      cy.get('.basket').should(function ($custAddress) {\n        expect($custAddress).to.contain('เบอร์โทรศัพท์ผู้รับสินค้า: ' + phoneNumber);\n        expect($custAddress).to.contain('เซเว่นอีเลฟเว่น #' + storeId);\n        expect($custAddress).to.contain('สาขา ' + storeName);\n        expect($custAddress).to.contain(address);\n      });\n    }\n    break;\n  case 'จัดส่งตามที่อยู่':\n    cy.get('.basket').should(function ($custAddress) {\n      expect($custAddress).to.contain('เบอร์โทรติดต่อ : ' + phoneNumber);\n      expect($custAddress).to.contain(address);\n    });\n    break;\n}\norderSum = 0;\nproductList = 0;\nproducts.forEach(function (product) {\n  price = formatNumber(product.amount * product.price);\n  if (haveSplitOrder && product.isSplit == 'Y') {\n    cy.verifyOrderAtPayment(product, price, splitOrderAmount);\n    splitOrderAmount++;\n  } else {\n    cy.verifyOrderAtPayment(product, price, productList);\n    productList++;\n  }\n  if (product.getAMB) {\n    priceAMB += product.price * product.amount;\n  }\n  switch (product.mstampType) {\n    case 'normalRate':\n      priceMStamp += product.price * product.amount;\n  }\n  orderSum += product.amount * product.price;\n});\nif (promotion.usePromotion) {\n  cy.typePromotion(promotion);\n  cy.visit('/');\n  cy.login(loginUsername, loginPassword, username, isReLogin);\n  cy.wait(2000);\n  cy.get('#mini-basket').should('contain', 'ตะกร้าสินค้า').dblclick();\n  cy.get('a.proceed').should('contain', 'ดำเนินการชำระเงิน').click(); // shipping\n  cy.verifyShipping(shippingType, searchAddrType, customerDetails, taxInvoice);\n  if (haveSplitOrder) {\n    cy.verifyShipping('จัดส่งตามที่อยู่', searchSplitAddressType, splitOrderDetails, taxInvoice, haveSplitOrder);\n  }\n  cy.get('button[id=\"continue-payment-btn\"]').contains('ดำเนินการชำระเงิน').click();\n  cy.wait(2000);\n  cy.checkPromotion(promotion); // calculate promotion\n  var promotionPrice = 0;\n  var haveProducts = false;\n  if (promotion.type == '') {\n    promotionPrice = orderSum;\n  } else {\n    products.forEach(function (product) {\n      if (promotion.type == product.type) {\n        promotionPrice += product.price * product.amount;\n        haveProducts = true;\n      }\n    });\n  }\n  if (promotionPrice >= promotion.minimum) {\n    switch (promotion.discountType) {\n      case 'percentage':\n        promotionPrice = parseInt(promotionPrice * (promotion.discountAmount / 100));\n        if (promotionPrice >= promotion.maxDiscount) {\n          discount = promotion.maxDiscount;\n        } else {\n          discount = promotionPrice;\n        }\n        cy.get('tr.line-coupon').should('contain', promotion.id.toUpperCase());\n        break;\n      case 'fixedAmount':\n        if (promotionPrice >= promotion.discountAmount) {\n          discount = promotion.discountAmount;\n        } else {\n          discount = promotionPrice;\n        }\n        cy.get('tr.line-coupon').should('contain', promotion.id.toUpperCase());\n        break;\n      case 'freeShipping':\n        if (haveProducts == true) {\n          shippingFee = 0;\n          cy.get('tr.line-coupon').should('contain', promotion.id.toUpperCase());\n        }\n        break;\n      case 'freeProduct':\n        if (haveProducts == true) {\n          cy.get('#tbody-free-item > .radio-styled > .show-description').first().should('contain', promotion.freeProduct);\n          cy.get('#tbody-free-item > .radio-styled > [align=\"center\"]').first().should('contain', promotion.freeQty);\n        }\n        break;\n    }\n  }\n}\nif (discountAMBPoint > 0) {\n  cy.discountAMB(discountAMBPoint, formatNumber(discountAMBBath));\n}\nif (discountMstamp > 0) {\n  cy.discountMstamp(discountMstamp);\n} // check promotion on product\n\nproducts.forEach(function (product) {\n  if (product.promotion.hasPromotion) {\n    if (promotion.usePromotion && promotion.discountType == 'freeProduct') {\n      freeList++;\n    }\n    cy.get('.items.radio-styled > .show-description').eq(freeList).should('contain', product.promotion.name);\n    switch (product.promotion.productType) {\n      case 'freePerProduct':\n        // qty = 0\n        qty = product.amount * product.promotion.qty;\n        cy.get('.items.radio-styled > [align=\"center\"]').eq(freeList).should('contain', qty);\n        break;\n    }\n  }\n});\nsum = formatNumber(orderSum);\ntotalPrice = orderSum + shippingFee - discount - discountAMBBath - discountMstamp;\namb = parseInt((priceAMB - discount - discountAMBBath - discountMstamp) / 10) * 3;\nmstamp = parseInt((priceMStamp - discount - discountAMBBath - discountMstamp) / 50);\ncy.verifyTotalPrice(sum, formatNumber(shippingFee), formatNumber(totalPrice), amb, mstamp, discount, promotion.usePromotion, discountAMBBath, discountMstamp);\ncy.payment(paymentDetails);\ncy.checkReceipt(paymentDetails, customerName, formatNumber(totalPrice.toFixed(2)));\nswitch (paymentDetails.paymentType) {\n  case 'PAYATALL_CC':\n  case 'PAYATALL_TMN':\n    cy.get('.message-order-barcode').then(function ($text) {\n      var text = $text.text();\n      var words = text.trim().split(\" \");\n      var orderNo = words[1];\n      cy.wrap(orderNo).as('orderNo');\n    });\n    break;\n  case 'PAYATALL_CS':\n    cy.contains('เลขที่ใบแจ้งสินค้า/Invoice No:').siblings('.detail-table-right').then(function ($orderNo) {\n      var orderNo = $orderNo.text();\n      cy.wrap(orderNo).as('orderNo');\n    });\n    cy.visit('/');\n    cy.login(loginUsername, loginPassword, username, isReLogin);\n    break;\n}\ncy.get('@orderNo').then(function (orderNo) {\n  if (!haveSplitOrder) {\n    cy.checkStatusOrder(orderNo);\n  } else {\n    var orderLength = orderNo.length;\n    for (var i = 1; i <= 2; i++) {\n      orderNo = orderNo.substring(0, orderLength - 2) + i + orderNo.substring(orderLength - 1);\n      cy.checkStatusOrder(orderNo);\n    }\n  }\n});\nif (paymentDetails.paymentType != 'PAYATALL_CS') {\n  cy.checkAMB(customerName, amb);\n}",
              "err": {},
              "uuid": "c261e74c-2bd9-4da9-bbe0-7ffc72d97f9d",
              "parentUUID": "c9c1931f-ffb8-4d05-b9aa-5661e9414ee0",
              "isHook": false,
              "skipped": false
            },
            {
              "title": "purchase products | Purchase order with CC , รับที่เซเว่นอีเลฟเว่น",
              "fullTitle": "Login page purchase products | Purchase order with CC , รับที่เซเว่นอีเลฟเว่น",
              "timedOut": null,
              "duration": 83844,
              "state": "passed",
              "speed": "slow",
              "pass": true,
              "fail": false,
              "pending": false,
              "context": null,
              "code": "// check remaining product in basket\ncy.get('span.cart-indicator').then(function ($cartIndicator) {\n  var num = parseInt($cartIndicator.text().replace(/,/g, '')) || 0;\n  if (num > 0) {\n    cy.clearBasket();\n  }\n});\nif (promotion.usePromotion && promotion.searchType == 'myCoupon') {\n  // if(promotion.usePromotion) {\n  cy.get('a[href=\"/coupon/\"]').should('contain', 'คูปองส่วนลด').click();\n  cy.title().should('eq', 'Coupon | AllOnline');\n  cy.url().should('include', '/coupon/');\n  var iscated = false;\n  cy.findCoupon(promotion.id, iscated);\n  cy.checkCoupon(promotion);\n  cy.getCoupon(promotion.id);\n} // add product to basket\n\nproducts.forEach(function (product) {\n  price = formatNumber(product.price);\n  cy.searchProduct(product);\n  cy.addProduct(product, price);\n  cy.wait(1000);\n  qty += product.amount;\n  cy.get('.cart-indicator').should('contain', qty);\n  if (product.isSplit == 'Y') {\n    haveSplitOrder = true;\n    splitOrderAmount--;\n  }\n}); // check shipping address\nif (shippingType == 'รับที่เซเว่นอีเลฟเว่น') {\n  customerDetails = {\n    \"phoneNumber\": phoneNumber,\n    \"storeId\": storeId,\n    \"storeAddress\": storeAddress,\n    \"storeName\": storeName\n  };\n  address = storeAddress;\n  if (haveSplitOrder) {\n    searchSplitAddressType = testData.splitOrderDetails.splitAddressType;\n    splitAddressPayment = splitOrderDetails.addressNo + ' ' + splitOrderDetails.floor + ', ' + splitOrderDetails.moo + ', ' + splitOrderDetails.soi + ', ' + splitOrderDetails.street + ', ' + splitOrderDetails.subDistrict + ' ' + splitOrderDetails.district + ' ' + splitOrderDetails.province + ' ' + splitOrderDetails.postalCode;\n  }\n} else if (shippingType == 'จัดส่งตามที่อยู่') {\n  customerDetails = testData.customerDetails;\n  address = customerDetails.addressNo + ' ' + customerDetails.floor + ', ' + customerDetails.moo + ', ' + customerDetails.soi + ', ' + customerDetails.street + ', ' + customerDetails.subDistrict + ' ' + customerDetails.district + ' ' + customerDetails.province + ' ' + customerDetails.postalCode;\n  haveSplitOrder = false;\n} // check product in pop up basket\n\ncy.wait(2000);\ncy.get('#mini-basket').should('contain', 'ตะกร้าสินค้า').click();\nproducts.forEach(function (product) {\n  price = formatNumber(product.amount * product.price);\n  cy.verifyPopUpBasket(product.name, product.amount, price, productList);\n  orderSum += product.amount * product.price;\n  productList++;\n});\nsum = formatNumber(orderSum);\ncy.get('.item-sum').should('contain', sum);\ncy.get('#mini-basket').should('contain', 'ตะกร้าสินค้า').click();\ncy.title().should('eq', 'AllOnline');\ncy.url().should('include', '/account/basket/');\nproductList = 1;\nproducts.forEach(function (product) {\n  price = formatNumber(product.amount * product.price);\n  productPrice = formatNumber(product.price);\n  cy.verifyBasket(product.name, product.barcode, product.amount, productPrice, price, productList);\n  productList++;\n});\ncy.contains('ดำเนินการชำระเงิน').click(); // shipping\ncy.url().should('include', '/checkout/shipping/');\ncy.title().should('eq', 'การจัดส่ง');\ncy.verifyShipping(shippingType, searchAddrType, customerDetails, taxInvoice);\nproductList = 1;\nproductSplitList = 1;\nproducts.forEach(function (product) {\n  if (product.isSplit == 'Y' && haveSplitOrder) {\n    cy.verifyOrder(product.name, product.barcode, productSplitList, product.isSplit, haveSplitOrder);\n    productSplitList++;\n  } else {\n    cy.verifyOrder(product.name, product.barcode, productList, product.isSplit, haveSplitOrder);\n    productList++;\n  }\n});\nif (haveSplitOrder) {\n  cy.verifyShipping('จัดส่งตามที่อยู่', searchSplitAddressType, splitOrderDetails, taxInvoice, haveSplitOrder);\n}\ncy.get('button[id=\"continue-payment-btn\"]').contains('ดำเนินการชำระเงิน').click(); // payment\ncy.url().should('include', '/checkout/payment/');\ncy.title().should('eq', 'ชำระเงิน');\ncy.get('.basket').should(function ($basket) {\n  expect($basket).to.contain('สรุปรายการสั่งซื้อ');\n  expect($basket).to.contain(products.length + ' สินค้า');\n  expect($basket).to.contain(customerName);\n});\nswitch (shippingType) {\n  case 'รับที่เซเว่นอีเลฟเว่น':\n    if (haveSplitOrder) {\n      cy.get('.address').first().should(function ($custAddress) {\n        expect($custAddress).to.contain('เบอร์โทรศัพท์ผู้รับสินค้า: ' + phoneNumber);\n        expect($custAddress).to.contain('เซเว่นอีเลฟเว่น #' + storeId);\n        expect($custAddress).to.contain(storeName);\n        expect($custAddress).to.contain(address);\n      });\n      cy.get('.address').eq(2).should(function ($custAddress) {\n        expect($custAddress).to.contain(customerName);\n        expect($custAddress).to.contain('เบอร์โทรติดต่อ : ' + phoneNumber);\n        expect($custAddress).to.contain(splitAddressPayment);\n      });\n    } else {\n      cy.get('.basket').should(function ($custAddress) {\n        expect($custAddress).to.contain('เบอร์โทรศัพท์ผู้รับสินค้า: ' + phoneNumber);\n        expect($custAddress).to.contain('เซเว่นอีเลฟเว่น #' + storeId);\n        expect($custAddress).to.contain('สาขา ' + storeName);\n        expect($custAddress).to.contain(address);\n      });\n    }\n    break;\n  case 'จัดส่งตามที่อยู่':\n    cy.get('.basket').should(function ($custAddress) {\n      expect($custAddress).to.contain('เบอร์โทรติดต่อ : ' + phoneNumber);\n      expect($custAddress).to.contain(address);\n    });\n    break;\n}\norderSum = 0;\nproductList = 0;\nproducts.forEach(function (product) {\n  price = formatNumber(product.amount * product.price);\n  if (haveSplitOrder && product.isSplit == 'Y') {\n    cy.verifyOrderAtPayment(product, price, splitOrderAmount);\n    splitOrderAmount++;\n  } else {\n    cy.verifyOrderAtPayment(product, price, productList);\n    productList++;\n  }\n  if (product.getAMB) {\n    priceAMB += product.price * product.amount;\n  }\n  switch (product.mstampType) {\n    case 'normalRate':\n      priceMStamp += product.price * product.amount;\n  }\n  orderSum += product.amount * product.price;\n});\nif (promotion.usePromotion) {\n  cy.typePromotion(promotion);\n  cy.visit('/');\n  cy.login(loginUsername, loginPassword, username, isReLogin);\n  cy.wait(2000);\n  cy.get('#mini-basket').should('contain', 'ตะกร้าสินค้า').dblclick();\n  cy.get('a.proceed').should('contain', 'ดำเนินการชำระเงิน').click(); // shipping\n  cy.verifyShipping(shippingType, searchAddrType, customerDetails, taxInvoice);\n  if (haveSplitOrder) {\n    cy.verifyShipping('จัดส่งตามที่อยู่', searchSplitAddressType, splitOrderDetails, taxInvoice, haveSplitOrder);\n  }\n  cy.get('button[id=\"continue-payment-btn\"]').contains('ดำเนินการชำระเงิน').click();\n  cy.wait(2000);\n  cy.checkPromotion(promotion); // calculate promotion\n  var promotionPrice = 0;\n  var haveProducts = false;\n  if (promotion.type == '') {\n    promotionPrice = orderSum;\n  } else {\n    products.forEach(function (product) {\n      if (promotion.type == product.type) {\n        promotionPrice += product.price * product.amount;\n        haveProducts = true;\n      }\n    });\n  }\n  if (promotionPrice >= promotion.minimum) {\n    switch (promotion.discountType) {\n      case 'percentage':\n        promotionPrice = parseInt(promotionPrice * (promotion.discountAmount / 100));\n        if (promotionPrice >= promotion.maxDiscount) {\n          discount = promotion.maxDiscount;\n        } else {\n          discount = promotionPrice;\n        }\n        cy.get('tr.line-coupon').should('contain', promotion.id.toUpperCase());\n        break;\n      case 'fixedAmount':\n        if (promotionPrice >= promotion.discountAmount) {\n          discount = promotion.discountAmount;\n        } else {\n          discount = promotionPrice;\n        }\n        cy.get('tr.line-coupon').should('contain', promotion.id.toUpperCase());\n        break;\n      case 'freeShipping':\n        if (haveProducts == true) {\n          shippingFee = 0;\n          cy.get('tr.line-coupon').should('contain', promotion.id.toUpperCase());\n        }\n        break;\n      case 'freeProduct':\n        if (haveProducts == true) {\n          cy.get('#tbody-free-item > .radio-styled > .show-description').first().should('contain', promotion.freeProduct);\n          cy.get('#tbody-free-item > .radio-styled > [align=\"center\"]').first().should('contain', promotion.freeQty);\n        }\n        break;\n    }\n  }\n}\nif (discountAMBPoint > 0) {\n  cy.discountAMB(discountAMBPoint, formatNumber(discountAMBBath));\n}\nif (discountMstamp > 0) {\n  cy.discountMstamp(discountMstamp);\n} // check promotion on product\n\nproducts.forEach(function (product) {\n  if (product.promotion.hasPromotion) {\n    if (promotion.usePromotion && promotion.discountType == 'freeProduct') {\n      freeList++;\n    }\n    cy.get('.items.radio-styled > .show-description').eq(freeList).should('contain', product.promotion.name);\n    switch (product.promotion.productType) {\n      case 'freePerProduct':\n        // qty = 0\n        qty = product.amount * product.promotion.qty;\n        cy.get('.items.radio-styled > [align=\"center\"]').eq(freeList).should('contain', qty);\n        break;\n    }\n  }\n});\nsum = formatNumber(orderSum);\ntotalPrice = orderSum + shippingFee - discount - discountAMBBath - discountMstamp;\namb = parseInt((priceAMB - discount - discountAMBBath - discountMstamp) / 10) * 3;\nmstamp = parseInt((priceMStamp - discount - discountAMBBath - discountMstamp) / 50);\ncy.verifyTotalPrice(sum, formatNumber(shippingFee), formatNumber(totalPrice), amb, mstamp, discount, promotion.usePromotion, discountAMBBath, discountMstamp);\ncy.payment(paymentDetails);\ncy.checkReceipt(paymentDetails, customerName, formatNumber(totalPrice.toFixed(2)));\nswitch (paymentDetails.paymentType) {\n  case 'PAYATALL_CC':\n  case 'PAYATALL_TMN':\n    cy.get('.message-order-barcode').then(function ($text) {\n      var text = $text.text();\n      var words = text.trim().split(\" \");\n      var orderNo = words[1];\n      cy.wrap(orderNo).as('orderNo');\n    });\n    break;\n  case 'PAYATALL_CS':\n    cy.contains('เลขที่ใบแจ้งสินค้า/Invoice No:').siblings('.detail-table-right').then(function ($orderNo) {\n      var orderNo = $orderNo.text();\n      cy.wrap(orderNo).as('orderNo');\n    });\n    cy.visit('/');\n    cy.login(loginUsername, loginPassword, username, isReLogin);\n    break;\n}\ncy.get('@orderNo').then(function (orderNo) {\n  if (!haveSplitOrder) {\n    cy.checkStatusOrder(orderNo);\n  } else {\n    var orderLength = orderNo.length;\n    for (var i = 1; i <= 2; i++) {\n      orderNo = orderNo.substring(0, orderLength - 2) + i + orderNo.substring(orderLength - 1);\n      cy.checkStatusOrder(orderNo);\n    }\n  }\n});\nif (paymentDetails.paymentType != 'PAYATALL_CS') {\n  cy.checkAMB(customerName, amb);\n}",
              "err": {},
              "uuid": "21b342c7-cbd2-46f4-aaa5-164b69d54010",
              "parentUUID": "c9c1931f-ffb8-4d05-b9aa-5661e9414ee0",
              "isHook": false,
              "skipped": false
            },
            {
              "title": "purchase products | Purchase order with CS , จัดส่งตามที่อยู่",
              "fullTitle": "Login page purchase products | Purchase order with CS , จัดส่งตามที่อยู่",
              "timedOut": null,
              "duration": 76105,
              "state": "passed",
              "speed": "slow",
              "pass": true,
              "fail": false,
              "pending": false,
              "context": null,
              "code": "// check remaining product in basket\ncy.get('span.cart-indicator').then(function ($cartIndicator) {\n  var num = parseInt($cartIndicator.text().replace(/,/g, '')) || 0;\n  if (num > 0) {\n    cy.clearBasket();\n  }\n});\nif (promotion.usePromotion && promotion.searchType == 'myCoupon') {\n  // if(promotion.usePromotion) {\n  cy.get('a[href=\"/coupon/\"]').should('contain', 'คูปองส่วนลด').click();\n  cy.title().should('eq', 'Coupon | AllOnline');\n  cy.url().should('include', '/coupon/');\n  var iscated = false;\n  cy.findCoupon(promotion.id, iscated);\n  cy.checkCoupon(promotion);\n  cy.getCoupon(promotion.id);\n} // add product to basket\n\nproducts.forEach(function (product) {\n  price = formatNumber(product.price);\n  cy.searchProduct(product);\n  cy.addProduct(product, price);\n  cy.wait(1000);\n  qty += product.amount;\n  cy.get('.cart-indicator').should('contain', qty);\n  if (product.isSplit == 'Y') {\n    haveSplitOrder = true;\n    splitOrderAmount--;\n  }\n}); // check shipping address\nif (shippingType == 'รับที่เซเว่นอีเลฟเว่น') {\n  customerDetails = {\n    \"phoneNumber\": phoneNumber,\n    \"storeId\": storeId,\n    \"storeAddress\": storeAddress,\n    \"storeName\": storeName\n  };\n  address = storeAddress;\n  if (haveSplitOrder) {\n    searchSplitAddressType = testData.splitOrderDetails.splitAddressType;\n    splitAddressPayment = splitOrderDetails.addressNo + ' ' + splitOrderDetails.floor + ', ' + splitOrderDetails.moo + ', ' + splitOrderDetails.soi + ', ' + splitOrderDetails.street + ', ' + splitOrderDetails.subDistrict + ' ' + splitOrderDetails.district + ' ' + splitOrderDetails.province + ' ' + splitOrderDetails.postalCode;\n  }\n} else if (shippingType == 'จัดส่งตามที่อยู่') {\n  customerDetails = testData.customerDetails;\n  address = customerDetails.addressNo + ' ' + customerDetails.floor + ', ' + customerDetails.moo + ', ' + customerDetails.soi + ', ' + customerDetails.street + ', ' + customerDetails.subDistrict + ' ' + customerDetails.district + ' ' + customerDetails.province + ' ' + customerDetails.postalCode;\n  haveSplitOrder = false;\n} // check product in pop up basket\n\ncy.wait(2000);\ncy.get('#mini-basket').should('contain', 'ตะกร้าสินค้า').click();\nproducts.forEach(function (product) {\n  price = formatNumber(product.amount * product.price);\n  cy.verifyPopUpBasket(product.name, product.amount, price, productList);\n  orderSum += product.amount * product.price;\n  productList++;\n});\nsum = formatNumber(orderSum);\ncy.get('.item-sum').should('contain', sum);\ncy.get('#mini-basket').should('contain', 'ตะกร้าสินค้า').click();\ncy.title().should('eq', 'AllOnline');\ncy.url().should('include', '/account/basket/');\nproductList = 1;\nproducts.forEach(function (product) {\n  price = formatNumber(product.amount * product.price);\n  productPrice = formatNumber(product.price);\n  cy.verifyBasket(product.name, product.barcode, product.amount, productPrice, price, productList);\n  productList++;\n});\ncy.contains('ดำเนินการชำระเงิน').click(); // shipping\ncy.url().should('include', '/checkout/shipping/');\ncy.title().should('eq', 'การจัดส่ง');\ncy.verifyShipping(shippingType, searchAddrType, customerDetails, taxInvoice);\nproductList = 1;\nproductSplitList = 1;\nproducts.forEach(function (product) {\n  if (product.isSplit == 'Y' && haveSplitOrder) {\n    cy.verifyOrder(product.name, product.barcode, productSplitList, product.isSplit, haveSplitOrder);\n    productSplitList++;\n  } else {\n    cy.verifyOrder(product.name, product.barcode, productList, product.isSplit, haveSplitOrder);\n    productList++;\n  }\n});\nif (haveSplitOrder) {\n  cy.verifyShipping('จัดส่งตามที่อยู่', searchSplitAddressType, splitOrderDetails, taxInvoice, haveSplitOrder);\n}\ncy.get('button[id=\"continue-payment-btn\"]').contains('ดำเนินการชำระเงิน').click(); // payment\ncy.url().should('include', '/checkout/payment/');\ncy.title().should('eq', 'ชำระเงิน');\ncy.get('.basket').should(function ($basket) {\n  expect($basket).to.contain('สรุปรายการสั่งซื้อ');\n  expect($basket).to.contain(products.length + ' สินค้า');\n  expect($basket).to.contain(customerName);\n});\nswitch (shippingType) {\n  case 'รับที่เซเว่นอีเลฟเว่น':\n    if (haveSplitOrder) {\n      cy.get('.address').first().should(function ($custAddress) {\n        expect($custAddress).to.contain('เบอร์โทรศัพท์ผู้รับสินค้า: ' + phoneNumber);\n        expect($custAddress).to.contain('เซเว่นอีเลฟเว่น #' + storeId);\n        expect($custAddress).to.contain(storeName);\n        expect($custAddress).to.contain(address);\n      });\n      cy.get('.address').eq(2).should(function ($custAddress) {\n        expect($custAddress).to.contain(customerName);\n        expect($custAddress).to.contain('เบอร์โทรติดต่อ : ' + phoneNumber);\n        expect($custAddress).to.contain(splitAddressPayment);\n      });\n    } else {\n      cy.get('.basket').should(function ($custAddress) {\n        expect($custAddress).to.contain('เบอร์โทรศัพท์ผู้รับสินค้า: ' + phoneNumber);\n        expect($custAddress).to.contain('เซเว่นอีเลฟเว่น #' + storeId);\n        expect($custAddress).to.contain('สาขา ' + storeName);\n        expect($custAddress).to.contain(address);\n      });\n    }\n    break;\n  case 'จัดส่งตามที่อยู่':\n    cy.get('.basket').should(function ($custAddress) {\n      expect($custAddress).to.contain('เบอร์โทรติดต่อ : ' + phoneNumber);\n      expect($custAddress).to.contain(address);\n    });\n    break;\n}\norderSum = 0;\nproductList = 0;\nproducts.forEach(function (product) {\n  price = formatNumber(product.amount * product.price);\n  if (haveSplitOrder && product.isSplit == 'Y') {\n    cy.verifyOrderAtPayment(product, price, splitOrderAmount);\n    splitOrderAmount++;\n  } else {\n    cy.verifyOrderAtPayment(product, price, productList);\n    productList++;\n  }\n  if (product.getAMB) {\n    priceAMB += product.price * product.amount;\n  }\n  switch (product.mstampType) {\n    case 'normalRate':\n      priceMStamp += product.price * product.amount;\n  }\n  orderSum += product.amount * product.price;\n});\nif (promotion.usePromotion) {\n  cy.typePromotion(promotion);\n  cy.visit('/');\n  cy.login(loginUsername, loginPassword, username, isReLogin);\n  cy.wait(2000);\n  cy.get('#mini-basket').should('contain', 'ตะกร้าสินค้า').dblclick();\n  cy.get('a.proceed').should('contain', 'ดำเนินการชำระเงิน').click(); // shipping\n  cy.verifyShipping(shippingType, searchAddrType, customerDetails, taxInvoice);\n  if (haveSplitOrder) {\n    cy.verifyShipping('จัดส่งตามที่อยู่', searchSplitAddressType, splitOrderDetails, taxInvoice, haveSplitOrder);\n  }\n  cy.get('button[id=\"continue-payment-btn\"]').contains('ดำเนินการชำระเงิน').click();\n  cy.wait(2000);\n  cy.checkPromotion(promotion); // calculate promotion\n  var promotionPrice = 0;\n  var haveProducts = false;\n  if (promotion.type == '') {\n    promotionPrice = orderSum;\n  } else {\n    products.forEach(function (product) {\n      if (promotion.type == product.type) {\n        promotionPrice += product.price * product.amount;\n        haveProducts = true;\n      }\n    });\n  }\n  if (promotionPrice >= promotion.minimum) {\n    switch (promotion.discountType) {\n      case 'percentage':\n        promotionPrice = parseInt(promotionPrice * (promotion.discountAmount / 100));\n        if (promotionPrice >= promotion.maxDiscount) {\n          discount = promotion.maxDiscount;\n        } else {\n          discount = promotionPrice;\n        }\n        cy.get('tr.line-coupon').should('contain', promotion.id.toUpperCase());\n        break;\n      case 'fixedAmount':\n        if (promotionPrice >= promotion.discountAmount) {\n          discount = promotion.discountAmount;\n        } else {\n          discount = promotionPrice;\n        }\n        cy.get('tr.line-coupon').should('contain', promotion.id.toUpperCase());\n        break;\n      case 'freeShipping':\n        if (haveProducts == true) {\n          shippingFee = 0;\n          cy.get('tr.line-coupon').should('contain', promotion.id.toUpperCase());\n        }\n        break;\n      case 'freeProduct':\n        if (haveProducts == true) {\n          cy.get('#tbody-free-item > .radio-styled > .show-description').first().should('contain', promotion.freeProduct);\n          cy.get('#tbody-free-item > .radio-styled > [align=\"center\"]').first().should('contain', promotion.freeQty);\n        }\n        break;\n    }\n  }\n}\nif (discountAMBPoint > 0) {\n  cy.discountAMB(discountAMBPoint, formatNumber(discountAMBBath));\n}\nif (discountMstamp > 0) {\n  cy.discountMstamp(discountMstamp);\n} // check promotion on product\n\nproducts.forEach(function (product) {\n  if (product.promotion.hasPromotion) {\n    if (promotion.usePromotion && promotion.discountType == 'freeProduct') {\n      freeList++;\n    }\n    cy.get('.items.radio-styled > .show-description').eq(freeList).should('contain', product.promotion.name);\n    switch (product.promotion.productType) {\n      case 'freePerProduct':\n        // qty = 0\n        qty = product.amount * product.promotion.qty;\n        cy.get('.items.radio-styled > [align=\"center\"]').eq(freeList).should('contain', qty);\n        break;\n    }\n  }\n});\nsum = formatNumber(orderSum);\ntotalPrice = orderSum + shippingFee - discount - discountAMBBath - discountMstamp;\namb = parseInt((priceAMB - discount - discountAMBBath - discountMstamp) / 10) * 3;\nmstamp = parseInt((priceMStamp - discount - discountAMBBath - discountMstamp) / 50);\ncy.verifyTotalPrice(sum, formatNumber(shippingFee), formatNumber(totalPrice), amb, mstamp, discount, promotion.usePromotion, discountAMBBath, discountMstamp);\ncy.payment(paymentDetails);\ncy.checkReceipt(paymentDetails, customerName, formatNumber(totalPrice.toFixed(2)));\nswitch (paymentDetails.paymentType) {\n  case 'PAYATALL_CC':\n  case 'PAYATALL_TMN':\n    cy.get('.message-order-barcode').then(function ($text) {\n      var text = $text.text();\n      var words = text.trim().split(\" \");\n      var orderNo = words[1];\n      cy.wrap(orderNo).as('orderNo');\n    });\n    break;\n  case 'PAYATALL_CS':\n    cy.contains('เลขที่ใบแจ้งสินค้า/Invoice No:').siblings('.detail-table-right').then(function ($orderNo) {\n      var orderNo = $orderNo.text();\n      cy.wrap(orderNo).as('orderNo');\n    });\n    cy.visit('/');\n    cy.login(loginUsername, loginPassword, username, isReLogin);\n    break;\n}\ncy.get('@orderNo').then(function (orderNo) {\n  if (!haveSplitOrder) {\n    cy.checkStatusOrder(orderNo);\n  } else {\n    var orderLength = orderNo.length;\n    for (var i = 1; i <= 2; i++) {\n      orderNo = orderNo.substring(0, orderLength - 2) + i + orderNo.substring(orderLength - 1);\n      cy.checkStatusOrder(orderNo);\n    }\n  }\n});\nif (paymentDetails.paymentType != 'PAYATALL_CS') {\n  cy.checkAMB(customerName, amb);\n}",
              "err": {},
              "uuid": "74b02f2f-da64-4af8-8e6c-de81a19b4aff",
              "parentUUID": "c9c1931f-ffb8-4d05-b9aa-5661e9414ee0",
              "isHook": false,
              "skipped": false
            },
            {
              "title": "purchase products | Purchase order with TMN , จัดส่งตามที่อยู่",
              "fullTitle": "Login page purchase products | Purchase order with TMN , จัดส่งตามที่อยู่",
              "timedOut": null,
              "duration": 94782,
              "state": "passed",
              "speed": "slow",
              "pass": true,
              "fail": false,
              "pending": false,
              "context": null,
              "code": "// check remaining product in basket\ncy.get('span.cart-indicator').then(function ($cartIndicator) {\n  var num = parseInt($cartIndicator.text().replace(/,/g, '')) || 0;\n  if (num > 0) {\n    cy.clearBasket();\n  }\n});\nif (promotion.usePromotion && promotion.searchType == 'myCoupon') {\n  // if(promotion.usePromotion) {\n  cy.get('a[href=\"/coupon/\"]').should('contain', 'คูปองส่วนลด').click();\n  cy.title().should('eq', 'Coupon | AllOnline');\n  cy.url().should('include', '/coupon/');\n  var iscated = false;\n  cy.findCoupon(promotion.id, iscated);\n  cy.checkCoupon(promotion);\n  cy.getCoupon(promotion.id);\n} // add product to basket\n\nproducts.forEach(function (product) {\n  price = formatNumber(product.price);\n  cy.searchProduct(product);\n  cy.addProduct(product, price);\n  cy.wait(1000);\n  qty += product.amount;\n  cy.get('.cart-indicator').should('contain', qty);\n  if (product.isSplit == 'Y') {\n    haveSplitOrder = true;\n    splitOrderAmount--;\n  }\n}); // check shipping address\nif (shippingType == 'รับที่เซเว่นอีเลฟเว่น') {\n  customerDetails = {\n    \"phoneNumber\": phoneNumber,\n    \"storeId\": storeId,\n    \"storeAddress\": storeAddress,\n    \"storeName\": storeName\n  };\n  address = storeAddress;\n  if (haveSplitOrder) {\n    searchSplitAddressType = testData.splitOrderDetails.splitAddressType;\n    splitAddressPayment = splitOrderDetails.addressNo + ' ' + splitOrderDetails.floor + ', ' + splitOrderDetails.moo + ', ' + splitOrderDetails.soi + ', ' + splitOrderDetails.street + ', ' + splitOrderDetails.subDistrict + ' ' + splitOrderDetails.district + ' ' + splitOrderDetails.province + ' ' + splitOrderDetails.postalCode;\n  }\n} else if (shippingType == 'จัดส่งตามที่อยู่') {\n  customerDetails = testData.customerDetails;\n  address = customerDetails.addressNo + ' ' + customerDetails.floor + ', ' + customerDetails.moo + ', ' + customerDetails.soi + ', ' + customerDetails.street + ', ' + customerDetails.subDistrict + ' ' + customerDetails.district + ' ' + customerDetails.province + ' ' + customerDetails.postalCode;\n  haveSplitOrder = false;\n} // check product in pop up basket\n\ncy.wait(2000);\ncy.get('#mini-basket').should('contain', 'ตะกร้าสินค้า').click();\nproducts.forEach(function (product) {\n  price = formatNumber(product.amount * product.price);\n  cy.verifyPopUpBasket(product.name, product.amount, price, productList);\n  orderSum += product.amount * product.price;\n  productList++;\n});\nsum = formatNumber(orderSum);\ncy.get('.item-sum').should('contain', sum);\ncy.get('#mini-basket').should('contain', 'ตะกร้าสินค้า').click();\ncy.title().should('eq', 'AllOnline');\ncy.url().should('include', '/account/basket/');\nproductList = 1;\nproducts.forEach(function (product) {\n  price = formatNumber(product.amount * product.price);\n  productPrice = formatNumber(product.price);\n  cy.verifyBasket(product.name, product.barcode, product.amount, productPrice, price, productList);\n  productList++;\n});\ncy.contains('ดำเนินการชำระเงิน').click(); // shipping\ncy.url().should('include', '/checkout/shipping/');\ncy.title().should('eq', 'การจัดส่ง');\ncy.verifyShipping(shippingType, searchAddrType, customerDetails, taxInvoice);\nproductList = 1;\nproductSplitList = 1;\nproducts.forEach(function (product) {\n  if (product.isSplit == 'Y' && haveSplitOrder) {\n    cy.verifyOrder(product.name, product.barcode, productSplitList, product.isSplit, haveSplitOrder);\n    productSplitList++;\n  } else {\n    cy.verifyOrder(product.name, product.barcode, productList, product.isSplit, haveSplitOrder);\n    productList++;\n  }\n});\nif (haveSplitOrder) {\n  cy.verifyShipping('จัดส่งตามที่อยู่', searchSplitAddressType, splitOrderDetails, taxInvoice, haveSplitOrder);\n}\ncy.get('button[id=\"continue-payment-btn\"]').contains('ดำเนินการชำระเงิน').click(); // payment\ncy.url().should('include', '/checkout/payment/');\ncy.title().should('eq', 'ชำระเงิน');\ncy.get('.basket').should(function ($basket) {\n  expect($basket).to.contain('สรุปรายการสั่งซื้อ');\n  expect($basket).to.contain(products.length + ' สินค้า');\n  expect($basket).to.contain(customerName);\n});\nswitch (shippingType) {\n  case 'รับที่เซเว่นอีเลฟเว่น':\n    if (haveSplitOrder) {\n      cy.get('.address').first().should(function ($custAddress) {\n        expect($custAddress).to.contain('เบอร์โทรศัพท์ผู้รับสินค้า: ' + phoneNumber);\n        expect($custAddress).to.contain('เซเว่นอีเลฟเว่น #' + storeId);\n        expect($custAddress).to.contain(storeName);\n        expect($custAddress).to.contain(address);\n      });\n      cy.get('.address').eq(2).should(function ($custAddress) {\n        expect($custAddress).to.contain(customerName);\n        expect($custAddress).to.contain('เบอร์โทรติดต่อ : ' + phoneNumber);\n        expect($custAddress).to.contain(splitAddressPayment);\n      });\n    } else {\n      cy.get('.basket').should(function ($custAddress) {\n        expect($custAddress).to.contain('เบอร์โทรศัพท์ผู้รับสินค้า: ' + phoneNumber);\n        expect($custAddress).to.contain('เซเว่นอีเลฟเว่น #' + storeId);\n        expect($custAddress).to.contain('สาขา ' + storeName);\n        expect($custAddress).to.contain(address);\n      });\n    }\n    break;\n  case 'จัดส่งตามที่อยู่':\n    cy.get('.basket').should(function ($custAddress) {\n      expect($custAddress).to.contain('เบอร์โทรติดต่อ : ' + phoneNumber);\n      expect($custAddress).to.contain(address);\n    });\n    break;\n}\norderSum = 0;\nproductList = 0;\nproducts.forEach(function (product) {\n  price = formatNumber(product.amount * product.price);\n  if (haveSplitOrder && product.isSplit == 'Y') {\n    cy.verifyOrderAtPayment(product, price, splitOrderAmount);\n    splitOrderAmount++;\n  } else {\n    cy.verifyOrderAtPayment(product, price, productList);\n    productList++;\n  }\n  if (product.getAMB) {\n    priceAMB += product.price * product.amount;\n  }\n  switch (product.mstampType) {\n    case 'normalRate':\n      priceMStamp += product.price * product.amount;\n  }\n  orderSum += product.amount * product.price;\n});\nif (promotion.usePromotion) {\n  cy.typePromotion(promotion);\n  cy.visit('/');\n  cy.login(loginUsername, loginPassword, username, isReLogin);\n  cy.wait(2000);\n  cy.get('#mini-basket').should('contain', 'ตะกร้าสินค้า').dblclick();\n  cy.get('a.proceed').should('contain', 'ดำเนินการชำระเงิน').click(); // shipping\n  cy.verifyShipping(shippingType, searchAddrType, customerDetails, taxInvoice);\n  if (haveSplitOrder) {\n    cy.verifyShipping('จัดส่งตามที่อยู่', searchSplitAddressType, splitOrderDetails, taxInvoice, haveSplitOrder);\n  }\n  cy.get('button[id=\"continue-payment-btn\"]').contains('ดำเนินการชำระเงิน').click();\n  cy.wait(2000);\n  cy.checkPromotion(promotion); // calculate promotion\n  var promotionPrice = 0;\n  var haveProducts = false;\n  if (promotion.type == '') {\n    promotionPrice = orderSum;\n  } else {\n    products.forEach(function (product) {\n      if (promotion.type == product.type) {\n        promotionPrice += product.price * product.amount;\n        haveProducts = true;\n      }\n    });\n  }\n  if (promotionPrice >= promotion.minimum) {\n    switch (promotion.discountType) {\n      case 'percentage':\n        promotionPrice = parseInt(promotionPrice * (promotion.discountAmount / 100));\n        if (promotionPrice >= promotion.maxDiscount) {\n          discount = promotion.maxDiscount;\n        } else {\n          discount = promotionPrice;\n        }\n        cy.get('tr.line-coupon').should('contain', promotion.id.toUpperCase());\n        break;\n      case 'fixedAmount':\n        if (promotionPrice >= promotion.discountAmount) {\n          discount = promotion.discountAmount;\n        } else {\n          discount = promotionPrice;\n        }\n        cy.get('tr.line-coupon').should('contain', promotion.id.toUpperCase());\n        break;\n      case 'freeShipping':\n        if (haveProducts == true) {\n          shippingFee = 0;\n          cy.get('tr.line-coupon').should('contain', promotion.id.toUpperCase());\n        }\n        break;\n      case 'freeProduct':\n        if (haveProducts == true) {\n          cy.get('#tbody-free-item > .radio-styled > .show-description').first().should('contain', promotion.freeProduct);\n          cy.get('#tbody-free-item > .radio-styled > [align=\"center\"]').first().should('contain', promotion.freeQty);\n        }\n        break;\n    }\n  }\n}\nif (discountAMBPoint > 0) {\n  cy.discountAMB(discountAMBPoint, formatNumber(discountAMBBath));\n}\nif (discountMstamp > 0) {\n  cy.discountMstamp(discountMstamp);\n} // check promotion on product\n\nproducts.forEach(function (product) {\n  if (product.promotion.hasPromotion) {\n    if (promotion.usePromotion && promotion.discountType == 'freeProduct') {\n      freeList++;\n    }\n    cy.get('.items.radio-styled > .show-description').eq(freeList).should('contain', product.promotion.name);\n    switch (product.promotion.productType) {\n      case 'freePerProduct':\n        // qty = 0\n        qty = product.amount * product.promotion.qty;\n        cy.get('.items.radio-styled > [align=\"center\"]').eq(freeList).should('contain', qty);\n        break;\n    }\n  }\n});\nsum = formatNumber(orderSum);\ntotalPrice = orderSum + shippingFee - discount - discountAMBBath - discountMstamp;\namb = parseInt((priceAMB - discount - discountAMBBath - discountMstamp) / 10) * 3;\nmstamp = parseInt((priceMStamp - discount - discountAMBBath - discountMstamp) / 50);\ncy.verifyTotalPrice(sum, formatNumber(shippingFee), formatNumber(totalPrice), amb, mstamp, discount, promotion.usePromotion, discountAMBBath, discountMstamp);\ncy.payment(paymentDetails);\ncy.checkReceipt(paymentDetails, customerName, formatNumber(totalPrice.toFixed(2)));\nswitch (paymentDetails.paymentType) {\n  case 'PAYATALL_CC':\n  case 'PAYATALL_TMN':\n    cy.get('.message-order-barcode').then(function ($text) {\n      var text = $text.text();\n      var words = text.trim().split(\" \");\n      var orderNo = words[1];\n      cy.wrap(orderNo).as('orderNo');\n    });\n    break;\n  case 'PAYATALL_CS':\n    cy.contains('เลขที่ใบแจ้งสินค้า/Invoice No:').siblings('.detail-table-right').then(function ($orderNo) {\n      var orderNo = $orderNo.text();\n      cy.wrap(orderNo).as('orderNo');\n    });\n    cy.visit('/');\n    cy.login(loginUsername, loginPassword, username, isReLogin);\n    break;\n}\ncy.get('@orderNo').then(function (orderNo) {\n  if (!haveSplitOrder) {\n    cy.checkStatusOrder(orderNo);\n  } else {\n    var orderLength = orderNo.length;\n    for (var i = 1; i <= 2; i++) {\n      orderNo = orderNo.substring(0, orderLength - 2) + i + orderNo.substring(orderLength - 1);\n      cy.checkStatusOrder(orderNo);\n    }\n  }\n});\nif (paymentDetails.paymentType != 'PAYATALL_CS') {\n  cy.checkAMB(customerName, amb);\n}",
              "err": {},
              "uuid": "d42156d3-83b7-4dee-8711-19468a7db395",
              "parentUUID": "c9c1931f-ffb8-4d05-b9aa-5661e9414ee0",
              "isHook": false,
              "skipped": false
            },
            {
              "title": "purchase products | Purchase order with CC , จัดส่งตามที่อยู่",
              "fullTitle": "Login page purchase products | Purchase order with CC , จัดส่งตามที่อยู่",
              "timedOut": null,
              "duration": 92317,
              "state": "passed",
              "speed": "slow",
              "pass": true,
              "fail": false,
              "pending": false,
              "context": null,
              "code": "// check remaining product in basket\ncy.get('span.cart-indicator').then(function ($cartIndicator) {\n  var num = parseInt($cartIndicator.text().replace(/,/g, '')) || 0;\n  if (num > 0) {\n    cy.clearBasket();\n  }\n});\nif (promotion.usePromotion && promotion.searchType == 'myCoupon') {\n  // if(promotion.usePromotion) {\n  cy.get('a[href=\"/coupon/\"]').should('contain', 'คูปองส่วนลด').click();\n  cy.title().should('eq', 'Coupon | AllOnline');\n  cy.url().should('include', '/coupon/');\n  var iscated = false;\n  cy.findCoupon(promotion.id, iscated);\n  cy.checkCoupon(promotion);\n  cy.getCoupon(promotion.id);\n} // add product to basket\n\nproducts.forEach(function (product) {\n  price = formatNumber(product.price);\n  cy.searchProduct(product);\n  cy.addProduct(product, price);\n  cy.wait(1000);\n  qty += product.amount;\n  cy.get('.cart-indicator').should('contain', qty);\n  if (product.isSplit == 'Y') {\n    haveSplitOrder = true;\n    splitOrderAmount--;\n  }\n}); // check shipping address\nif (shippingType == 'รับที่เซเว่นอีเลฟเว่น') {\n  customerDetails = {\n    \"phoneNumber\": phoneNumber,\n    \"storeId\": storeId,\n    \"storeAddress\": storeAddress,\n    \"storeName\": storeName\n  };\n  address = storeAddress;\n  if (haveSplitOrder) {\n    searchSplitAddressType = testData.splitOrderDetails.splitAddressType;\n    splitAddressPayment = splitOrderDetails.addressNo + ' ' + splitOrderDetails.floor + ', ' + splitOrderDetails.moo + ', ' + splitOrderDetails.soi + ', ' + splitOrderDetails.street + ', ' + splitOrderDetails.subDistrict + ' ' + splitOrderDetails.district + ' ' + splitOrderDetails.province + ' ' + splitOrderDetails.postalCode;\n  }\n} else if (shippingType == 'จัดส่งตามที่อยู่') {\n  customerDetails = testData.customerDetails;\n  address = customerDetails.addressNo + ' ' + customerDetails.floor + ', ' + customerDetails.moo + ', ' + customerDetails.soi + ', ' + customerDetails.street + ', ' + customerDetails.subDistrict + ' ' + customerDetails.district + ' ' + customerDetails.province + ' ' + customerDetails.postalCode;\n  haveSplitOrder = false;\n} // check product in pop up basket\n\ncy.wait(2000);\ncy.get('#mini-basket').should('contain', 'ตะกร้าสินค้า').click();\nproducts.forEach(function (product) {\n  price = formatNumber(product.amount * product.price);\n  cy.verifyPopUpBasket(product.name, product.amount, price, productList);\n  orderSum += product.amount * product.price;\n  productList++;\n});\nsum = formatNumber(orderSum);\ncy.get('.item-sum').should('contain', sum);\ncy.get('#mini-basket').should('contain', 'ตะกร้าสินค้า').click();\ncy.title().should('eq', 'AllOnline');\ncy.url().should('include', '/account/basket/');\nproductList = 1;\nproducts.forEach(function (product) {\n  price = formatNumber(product.amount * product.price);\n  productPrice = formatNumber(product.price);\n  cy.verifyBasket(product.name, product.barcode, product.amount, productPrice, price, productList);\n  productList++;\n});\ncy.contains('ดำเนินการชำระเงิน').click(); // shipping\ncy.url().should('include', '/checkout/shipping/');\ncy.title().should('eq', 'การจัดส่ง');\ncy.verifyShipping(shippingType, searchAddrType, customerDetails, taxInvoice);\nproductList = 1;\nproductSplitList = 1;\nproducts.forEach(function (product) {\n  if (product.isSplit == 'Y' && haveSplitOrder) {\n    cy.verifyOrder(product.name, product.barcode, productSplitList, product.isSplit, haveSplitOrder);\n    productSplitList++;\n  } else {\n    cy.verifyOrder(product.name, product.barcode, productList, product.isSplit, haveSplitOrder);\n    productList++;\n  }\n});\nif (haveSplitOrder) {\n  cy.verifyShipping('จัดส่งตามที่อยู่', searchSplitAddressType, splitOrderDetails, taxInvoice, haveSplitOrder);\n}\ncy.get('button[id=\"continue-payment-btn\"]').contains('ดำเนินการชำระเงิน').click(); // payment\ncy.url().should('include', '/checkout/payment/');\ncy.title().should('eq', 'ชำระเงิน');\ncy.get('.basket').should(function ($basket) {\n  expect($basket).to.contain('สรุปรายการสั่งซื้อ');\n  expect($basket).to.contain(products.length + ' สินค้า');\n  expect($basket).to.contain(customerName);\n});\nswitch (shippingType) {\n  case 'รับที่เซเว่นอีเลฟเว่น':\n    if (haveSplitOrder) {\n      cy.get('.address').first().should(function ($custAddress) {\n        expect($custAddress).to.contain('เบอร์โทรศัพท์ผู้รับสินค้า: ' + phoneNumber);\n        expect($custAddress).to.contain('เซเว่นอีเลฟเว่น #' + storeId);\n        expect($custAddress).to.contain(storeName);\n        expect($custAddress).to.contain(address);\n      });\n      cy.get('.address').eq(2).should(function ($custAddress) {\n        expect($custAddress).to.contain(customerName);\n        expect($custAddress).to.contain('เบอร์โทรติดต่อ : ' + phoneNumber);\n        expect($custAddress).to.contain(splitAddressPayment);\n      });\n    } else {\n      cy.get('.basket').should(function ($custAddress) {\n        expect($custAddress).to.contain('เบอร์โทรศัพท์ผู้รับสินค้า: ' + phoneNumber);\n        expect($custAddress).to.contain('เซเว่นอีเลฟเว่น #' + storeId);\n        expect($custAddress).to.contain('สาขา ' + storeName);\n        expect($custAddress).to.contain(address);\n      });\n    }\n    break;\n  case 'จัดส่งตามที่อยู่':\n    cy.get('.basket').should(function ($custAddress) {\n      expect($custAddress).to.contain('เบอร์โทรติดต่อ : ' + phoneNumber);\n      expect($custAddress).to.contain(address);\n    });\n    break;\n}\norderSum = 0;\nproductList = 0;\nproducts.forEach(function (product) {\n  price = formatNumber(product.amount * product.price);\n  if (haveSplitOrder && product.isSplit == 'Y') {\n    cy.verifyOrderAtPayment(product, price, splitOrderAmount);\n    splitOrderAmount++;\n  } else {\n    cy.verifyOrderAtPayment(product, price, productList);\n    productList++;\n  }\n  if (product.getAMB) {\n    priceAMB += product.price * product.amount;\n  }\n  switch (product.mstampType) {\n    case 'normalRate':\n      priceMStamp += product.price * product.amount;\n  }\n  orderSum += product.amount * product.price;\n});\nif (promotion.usePromotion) {\n  cy.typePromotion(promotion);\n  cy.visit('/');\n  cy.login(loginUsername, loginPassword, username, isReLogin);\n  cy.wait(2000);\n  cy.get('#mini-basket').should('contain', 'ตะกร้าสินค้า').dblclick();\n  cy.get('a.proceed').should('contain', 'ดำเนินการชำระเงิน').click(); // shipping\n  cy.verifyShipping(shippingType, searchAddrType, customerDetails, taxInvoice);\n  if (haveSplitOrder) {\n    cy.verifyShipping('จัดส่งตามที่อยู่', searchSplitAddressType, splitOrderDetails, taxInvoice, haveSplitOrder);\n  }\n  cy.get('button[id=\"continue-payment-btn\"]').contains('ดำเนินการชำระเงิน').click();\n  cy.wait(2000);\n  cy.checkPromotion(promotion); // calculate promotion\n  var promotionPrice = 0;\n  var haveProducts = false;\n  if (promotion.type == '') {\n    promotionPrice = orderSum;\n  } else {\n    products.forEach(function (product) {\n      if (promotion.type == product.type) {\n        promotionPrice += product.price * product.amount;\n        haveProducts = true;\n      }\n    });\n  }\n  if (promotionPrice >= promotion.minimum) {\n    switch (promotion.discountType) {\n      case 'percentage':\n        promotionPrice = parseInt(promotionPrice * (promotion.discountAmount / 100));\n        if (promotionPrice >= promotion.maxDiscount) {\n          discount = promotion.maxDiscount;\n        } else {\n          discount = promotionPrice;\n        }\n        cy.get('tr.line-coupon').should('contain', promotion.id.toUpperCase());\n        break;\n      case 'fixedAmount':\n        if (promotionPrice >= promotion.discountAmount) {\n          discount = promotion.discountAmount;\n        } else {\n          discount = promotionPrice;\n        }\n        cy.get('tr.line-coupon').should('contain', promotion.id.toUpperCase());\n        break;\n      case 'freeShipping':\n        if (haveProducts == true) {\n          shippingFee = 0;\n          cy.get('tr.line-coupon').should('contain', promotion.id.toUpperCase());\n        }\n        break;\n      case 'freeProduct':\n        if (haveProducts == true) {\n          cy.get('#tbody-free-item > .radio-styled > .show-description').first().should('contain', promotion.freeProduct);\n          cy.get('#tbody-free-item > .radio-styled > [align=\"center\"]').first().should('contain', promotion.freeQty);\n        }\n        break;\n    }\n  }\n}\nif (discountAMBPoint > 0) {\n  cy.discountAMB(discountAMBPoint, formatNumber(discountAMBBath));\n}\nif (discountMstamp > 0) {\n  cy.discountMstamp(discountMstamp);\n} // check promotion on product\n\nproducts.forEach(function (product) {\n  if (product.promotion.hasPromotion) {\n    if (promotion.usePromotion && promotion.discountType == 'freeProduct') {\n      freeList++;\n    }\n    cy.get('.items.radio-styled > .show-description').eq(freeList).should('contain', product.promotion.name);\n    switch (product.promotion.productType) {\n      case 'freePerProduct':\n        // qty = 0\n        qty = product.amount * product.promotion.qty;\n        cy.get('.items.radio-styled > [align=\"center\"]').eq(freeList).should('contain', qty);\n        break;\n    }\n  }\n});\nsum = formatNumber(orderSum);\ntotalPrice = orderSum + shippingFee - discount - discountAMBBath - discountMstamp;\namb = parseInt((priceAMB - discount - discountAMBBath - discountMstamp) / 10) * 3;\nmstamp = parseInt((priceMStamp - discount - discountAMBBath - discountMstamp) / 50);\ncy.verifyTotalPrice(sum, formatNumber(shippingFee), formatNumber(totalPrice), amb, mstamp, discount, promotion.usePromotion, discountAMBBath, discountMstamp);\ncy.payment(paymentDetails);\ncy.checkReceipt(paymentDetails, customerName, formatNumber(totalPrice.toFixed(2)));\nswitch (paymentDetails.paymentType) {\n  case 'PAYATALL_CC':\n  case 'PAYATALL_TMN':\n    cy.get('.message-order-barcode').then(function ($text) {\n      var text = $text.text();\n      var words = text.trim().split(\" \");\n      var orderNo = words[1];\n      cy.wrap(orderNo).as('orderNo');\n    });\n    break;\n  case 'PAYATALL_CS':\n    cy.contains('เลขที่ใบแจ้งสินค้า/Invoice No:').siblings('.detail-table-right').then(function ($orderNo) {\n      var orderNo = $orderNo.text();\n      cy.wrap(orderNo).as('orderNo');\n    });\n    cy.visit('/');\n    cy.login(loginUsername, loginPassword, username, isReLogin);\n    break;\n}\ncy.get('@orderNo').then(function (orderNo) {\n  if (!haveSplitOrder) {\n    cy.checkStatusOrder(orderNo);\n  } else {\n    var orderLength = orderNo.length;\n    for (var i = 1; i <= 2; i++) {\n      orderNo = orderNo.substring(0, orderLength - 2) + i + orderNo.substring(orderLength - 1);\n      cy.checkStatusOrder(orderNo);\n    }\n  }\n});\nif (paymentDetails.paymentType != 'PAYATALL_CS') {\n  cy.checkAMB(customerName, amb);\n}",
              "err": {},
              "uuid": "7548e5ea-31e4-458b-b636-54df57e827c1",
              "parentUUID": "c9c1931f-ffb8-4d05-b9aa-5661e9414ee0",
              "isHook": false,
              "skipped": false
            },
            {
              "title": "purchase products | Purchase order with CS, รับที่เซเว่นอีเลฟเว่น, have split order",
              "fullTitle": "Login page purchase products | Purchase order with CS, รับที่เซเว่นอีเลฟเว่น, have split order",
              "timedOut": null,
              "duration": 109556,
              "state": "passed",
              "speed": "slow",
              "pass": true,
              "fail": false,
              "pending": false,
              "context": null,
              "code": "// check remaining product in basket\ncy.get('span.cart-indicator').then(function ($cartIndicator) {\n  var num = parseInt($cartIndicator.text().replace(/,/g, '')) || 0;\n  if (num > 0) {\n    cy.clearBasket();\n  }\n});\nif (promotion.usePromotion && promotion.searchType == 'myCoupon') {\n  // if(promotion.usePromotion) {\n  cy.get('a[href=\"/coupon/\"]').should('contain', 'คูปองส่วนลด').click();\n  cy.title().should('eq', 'Coupon | AllOnline');\n  cy.url().should('include', '/coupon/');\n  var iscated = false;\n  cy.findCoupon(promotion.id, iscated);\n  cy.checkCoupon(promotion);\n  cy.getCoupon(promotion.id);\n} // add product to basket\n\nproducts.forEach(function (product) {\n  price = formatNumber(product.price);\n  cy.searchProduct(product);\n  cy.addProduct(product, price);\n  cy.wait(1000);\n  qty += product.amount;\n  cy.get('.cart-indicator').should('contain', qty);\n  if (product.isSplit == 'Y') {\n    haveSplitOrder = true;\n    splitOrderAmount--;\n  }\n}); // check shipping address\nif (shippingType == 'รับที่เซเว่นอีเลฟเว่น') {\n  customerDetails = {\n    \"phoneNumber\": phoneNumber,\n    \"storeId\": storeId,\n    \"storeAddress\": storeAddress,\n    \"storeName\": storeName\n  };\n  address = storeAddress;\n  if (haveSplitOrder) {\n    searchSplitAddressType = testData.splitOrderDetails.splitAddressType;\n    splitAddressPayment = splitOrderDetails.addressNo + ' ' + splitOrderDetails.floor + ', ' + splitOrderDetails.moo + ', ' + splitOrderDetails.soi + ', ' + splitOrderDetails.street + ', ' + splitOrderDetails.subDistrict + ' ' + splitOrderDetails.district + ' ' + splitOrderDetails.province + ' ' + splitOrderDetails.postalCode;\n  }\n} else if (shippingType == 'จัดส่งตามที่อยู่') {\n  customerDetails = testData.customerDetails;\n  address = customerDetails.addressNo + ' ' + customerDetails.floor + ', ' + customerDetails.moo + ', ' + customerDetails.soi + ', ' + customerDetails.street + ', ' + customerDetails.subDistrict + ' ' + customerDetails.district + ' ' + customerDetails.province + ' ' + customerDetails.postalCode;\n  haveSplitOrder = false;\n} // check product in pop up basket\n\ncy.wait(2000);\ncy.get('#mini-basket').should('contain', 'ตะกร้าสินค้า').click();\nproducts.forEach(function (product) {\n  price = formatNumber(product.amount * product.price);\n  cy.verifyPopUpBasket(product.name, product.amount, price, productList);\n  orderSum += product.amount * product.price;\n  productList++;\n});\nsum = formatNumber(orderSum);\ncy.get('.item-sum').should('contain', sum);\ncy.get('#mini-basket').should('contain', 'ตะกร้าสินค้า').click();\ncy.title().should('eq', 'AllOnline');\ncy.url().should('include', '/account/basket/');\nproductList = 1;\nproducts.forEach(function (product) {\n  price = formatNumber(product.amount * product.price);\n  productPrice = formatNumber(product.price);\n  cy.verifyBasket(product.name, product.barcode, product.amount, productPrice, price, productList);\n  productList++;\n});\ncy.contains('ดำเนินการชำระเงิน').click(); // shipping\ncy.url().should('include', '/checkout/shipping/');\ncy.title().should('eq', 'การจัดส่ง');\ncy.verifyShipping(shippingType, searchAddrType, customerDetails, taxInvoice);\nproductList = 1;\nproductSplitList = 1;\nproducts.forEach(function (product) {\n  if (product.isSplit == 'Y' && haveSplitOrder) {\n    cy.verifyOrder(product.name, product.barcode, productSplitList, product.isSplit, haveSplitOrder);\n    productSplitList++;\n  } else {\n    cy.verifyOrder(product.name, product.barcode, productList, product.isSplit, haveSplitOrder);\n    productList++;\n  }\n});\nif (haveSplitOrder) {\n  cy.verifyShipping('จัดส่งตามที่อยู่', searchSplitAddressType, splitOrderDetails, taxInvoice, haveSplitOrder);\n}\ncy.get('button[id=\"continue-payment-btn\"]').contains('ดำเนินการชำระเงิน').click(); // payment\ncy.url().should('include', '/checkout/payment/');\ncy.title().should('eq', 'ชำระเงิน');\ncy.get('.basket').should(function ($basket) {\n  expect($basket).to.contain('สรุปรายการสั่งซื้อ');\n  expect($basket).to.contain(products.length + ' สินค้า');\n  expect($basket).to.contain(customerName);\n});\nswitch (shippingType) {\n  case 'รับที่เซเว่นอีเลฟเว่น':\n    if (haveSplitOrder) {\n      cy.get('.address').first().should(function ($custAddress) {\n        expect($custAddress).to.contain('เบอร์โทรศัพท์ผู้รับสินค้า: ' + phoneNumber);\n        expect($custAddress).to.contain('เซเว่นอีเลฟเว่น #' + storeId);\n        expect($custAddress).to.contain(storeName);\n        expect($custAddress).to.contain(address);\n      });\n      cy.get('.address').eq(2).should(function ($custAddress) {\n        expect($custAddress).to.contain(customerName);\n        expect($custAddress).to.contain('เบอร์โทรติดต่อ : ' + phoneNumber);\n        expect($custAddress).to.contain(splitAddressPayment);\n      });\n    } else {\n      cy.get('.basket').should(function ($custAddress) {\n        expect($custAddress).to.contain('เบอร์โทรศัพท์ผู้รับสินค้า: ' + phoneNumber);\n        expect($custAddress).to.contain('เซเว่นอีเลฟเว่น #' + storeId);\n        expect($custAddress).to.contain('สาขา ' + storeName);\n        expect($custAddress).to.contain(address);\n      });\n    }\n    break;\n  case 'จัดส่งตามที่อยู่':\n    cy.get('.basket').should(function ($custAddress) {\n      expect($custAddress).to.contain('เบอร์โทรติดต่อ : ' + phoneNumber);\n      expect($custAddress).to.contain(address);\n    });\n    break;\n}\norderSum = 0;\nproductList = 0;\nproducts.forEach(function (product) {\n  price = formatNumber(product.amount * product.price);\n  if (haveSplitOrder && product.isSplit == 'Y') {\n    cy.verifyOrderAtPayment(product, price, splitOrderAmount);\n    splitOrderAmount++;\n  } else {\n    cy.verifyOrderAtPayment(product, price, productList);\n    productList++;\n  }\n  if (product.getAMB) {\n    priceAMB += product.price * product.amount;\n  }\n  switch (product.mstampType) {\n    case 'normalRate':\n      priceMStamp += product.price * product.amount;\n  }\n  orderSum += product.amount * product.price;\n});\nif (promotion.usePromotion) {\n  cy.typePromotion(promotion);\n  cy.visit('/');\n  cy.login(loginUsername, loginPassword, username, isReLogin);\n  cy.wait(2000);\n  cy.get('#mini-basket').should('contain', 'ตะกร้าสินค้า').dblclick();\n  cy.get('a.proceed').should('contain', 'ดำเนินการชำระเงิน').click(); // shipping\n  cy.verifyShipping(shippingType, searchAddrType, customerDetails, taxInvoice);\n  if (haveSplitOrder) {\n    cy.verifyShipping('จัดส่งตามที่อยู่', searchSplitAddressType, splitOrderDetails, taxInvoice, haveSplitOrder);\n  }\n  cy.get('button[id=\"continue-payment-btn\"]').contains('ดำเนินการชำระเงิน').click();\n  cy.wait(2000);\n  cy.checkPromotion(promotion); // calculate promotion\n  var promotionPrice = 0;\n  var haveProducts = false;\n  if (promotion.type == '') {\n    promotionPrice = orderSum;\n  } else {\n    products.forEach(function (product) {\n      if (promotion.type == product.type) {\n        promotionPrice += product.price * product.amount;\n        haveProducts = true;\n      }\n    });\n  }\n  if (promotionPrice >= promotion.minimum) {\n    switch (promotion.discountType) {\n      case 'percentage':\n        promotionPrice = parseInt(promotionPrice * (promotion.discountAmount / 100));\n        if (promotionPrice >= promotion.maxDiscount) {\n          discount = promotion.maxDiscount;\n        } else {\n          discount = promotionPrice;\n        }\n        cy.get('tr.line-coupon').should('contain', promotion.id.toUpperCase());\n        break;\n      case 'fixedAmount':\n        if (promotionPrice >= promotion.discountAmount) {\n          discount = promotion.discountAmount;\n        } else {\n          discount = promotionPrice;\n        }\n        cy.get('tr.line-coupon').should('contain', promotion.id.toUpperCase());\n        break;\n      case 'freeShipping':\n        if (haveProducts == true) {\n          shippingFee = 0;\n          cy.get('tr.line-coupon').should('contain', promotion.id.toUpperCase());\n        }\n        break;\n      case 'freeProduct':\n        if (haveProducts == true) {\n          cy.get('#tbody-free-item > .radio-styled > .show-description').first().should('contain', promotion.freeProduct);\n          cy.get('#tbody-free-item > .radio-styled > [align=\"center\"]').first().should('contain', promotion.freeQty);\n        }\n        break;\n    }\n  }\n}\nif (discountAMBPoint > 0) {\n  cy.discountAMB(discountAMBPoint, formatNumber(discountAMBBath));\n}\nif (discountMstamp > 0) {\n  cy.discountMstamp(discountMstamp);\n} // check promotion on product\n\nproducts.forEach(function (product) {\n  if (product.promotion.hasPromotion) {\n    if (promotion.usePromotion && promotion.discountType == 'freeProduct') {\n      freeList++;\n    }\n    cy.get('.items.radio-styled > .show-description').eq(freeList).should('contain', product.promotion.name);\n    switch (product.promotion.productType) {\n      case 'freePerProduct':\n        // qty = 0\n        qty = product.amount * product.promotion.qty;\n        cy.get('.items.radio-styled > [align=\"center\"]').eq(freeList).should('contain', qty);\n        break;\n    }\n  }\n});\nsum = formatNumber(orderSum);\ntotalPrice = orderSum + shippingFee - discount - discountAMBBath - discountMstamp;\namb = parseInt((priceAMB - discount - discountAMBBath 
[...]
me);\n        expect($custAddress).to.contain('เบอร์โทรติดต่อ : ' + phoneNumber);\n        expect($custAddress).to.contain(splitAddressPayment);\n      });\n    } else {\n      cy.get('.basket').should(function ($custAddress) {\n        expect($custAddress).to.contain('เบอร์โทรศัพท์ผู้รับสินค้า: ' + phoneNumber);\n        expect($custAddress).to.contain('เซเว่นอีเลฟเว่น #' + storeId);\n        expect($custAddress).to.contain('สาขา ' + storeName);\n        expect($custAddress).to.contain(address);\n      });\n    }\n    break;\n  case 'จัดส่งตามที่อยู่':\n    cy.get('.basket').should(function ($custAddress) {\n      expect($custAddress).to.contain('เบอร์โทรติดต่อ : ' + phoneNumber);\n      expect($custAddress).to.contain(address);\n    });\n    break;\n}\norderSum = 0;\nproductList = 0;\nproducts.forEach(function (product) {\n  price = formatNumber(product.amount * product.price);\n  if (haveSplitOrder && product.isSplit == 'Y') {\n    cy.verifyOrderAtPayment(product, price, splitOrderAmount);\n    splitOrderAmount++;\n  } else {\n    cy.verifyOrderAtPayment(product, price, productList);\n    productList++;\n  }\n  if (product.getAMB) {\n    priceAMB += product.price * product.amount;\n  }\n  switch (product.mstampType) {\n    case 'normalRate':\n      priceMStamp += product.price * product.amount;\n  }\n  orderSum += product.amount * product.price;\n});\nif (promotion.usePromotion) {\n  cy.typePromotion(promotion);\n  cy.visit('/');\n  cy.login(loginUsername, loginPassword, username, isReLogin);\n  cy.wait(2000);\n  cy.get('#mini-basket').should('contain', 'ตะกร้าสินค้า').dblclick();\n  cy.get('a.proceed').should('contain', 'ดำเนินการชำระเงิน').click(); // shipping\n  cy.verifyShipping(shippingType, searchAddrType, customerDetails, taxInvoice);\n  if (haveSplitOrder) {\n    cy.verifyShipping('จัดส่งตามที่อยู่', searchSplitAddressType, splitOrderDetails, taxInvoice, haveSplitOrder);\n  }\n  cy.get('button[id=\"continue-payment-btn\"]').contains('ดำเนินการชำระเงิน').click();\n  cy.wait(2000);\n  cy.checkPromotion(promotion); // calculate promotion\n  var promotionPrice = 0;\n  var haveProducts = false;\n  if (promotion.type == '') {\n    promotionPrice = orderSum;\n  } else {\n    products.forEach(function (product) {\n      if (promotion.type == product.type) {\n        promotionPrice += product.price * product.amount;\n        haveProducts = true;\n      }\n    });\n  }\n  if (promotionPrice >= promotion.minimum) {\n    switch (promotion.discountType) {\n      case 'percentage':\n        promotionPrice = parseInt(promotionPrice * (promotion.discountAmount / 100));\n        if (promotionPrice >= promotion.maxDiscount) {\n          discount = promotion.maxDiscount;\n        } else {\n          discount = promotionPrice;\n        }\n        cy.get('tr.line-coupon').should('contain', promotion.id.toUpperCase());\n        break;\n      case 'fixedAmount':\n        if (promotionPrice >= promotion.discountAmount) {\n          discount = promotion.discountAmount;\n        } else {\n          discount = promotionPrice;\n        }\n        cy.get('tr.line-coupon').should('contain', promotion.id.toUpperCase());\n        break;\n      case 'freeShipping':\n        if (haveProducts == true) {\n          shippingFee = 0;\n          cy.get('tr.line-coupon').should('contain', promotion.id.toUpperCase());\n        }\n        break;\n      case 'freeProduct':\n        if (haveProducts == true) {\n          cy.get('#tbody-free-item > .radio-styled > .show-description').first().should('contain', promotion.freeProduct);\n          cy.get('#tbody-free-item > .radio-styled > [align=\"center\"]').first().should('contain', promotion.freeQty);\n        }\n        break;\n    }\n  }\n}\nif (discountAMBPoint > 0) {\n  cy.discountAMB(discountAMBPoint, formatNumber(discountAMBBath));\n}\nif (discountMstamp > 0) {\n  cy.discountMstamp(discountMstamp);\n} // check promotion on product\n\nproducts.forEach(function (product) {\n  if (product.promotion.hasPromotion) {\n    if (promotion.usePromotion && promotion.discountType == 'freeProduct') {\n      freeList++;\n    }\n    cy.get('.items.radio-styled > .show-description').eq(freeList).should('contain', product.promotion.name);\n    switch (product.promotion.productType) {\n      case 'freePerProduct':\n        // qty = 0\n        qty = product.amount * product.promotion.qty;\n        cy.get('.items.radio-styled > [align=\"center\"]').eq(freeList).should('contain', qty);\n        break;\n    }\n  }\n});\nsum = formatNumber(orderSum);\ntotalPrice = orderSum + shippingFee - discount - discountAMBBath - discountMstamp;\namb = parseInt((priceAMB - discount - discountAMBBath - discountMstamp) / 10) * 3;\nmstamp = parseInt((priceMStamp - discount - discountAMBBath - discountMstamp) / 50);\ncy.verifyTotalPrice(sum, formatNumber(shippingFee), formatNumber(totalPrice), amb, mstamp, discount, promotion.usePromotion, discountAMBBath, discountMstamp);\ncy.payment(paymentDetails);\ncy.checkReceipt(paymentDetails, customerName, formatNumber(totalPrice.toFixed(2)));\nswitch (paymentDetails.paymentType) {\n  case 'PAYATALL_CC':\n  case 'PAYATALL_TMN':\n    cy.get('.message-order-barcode').then(function ($text) {\n      var text = $text.text();\n      var words = text.trim().split(\" \");\n      var orderNo = words[1];\n      cy.wrap(orderNo).as('orderNo');\n    });\n    break;\n  case 'PAYATALL_CS':\n    cy.contains('เลขที่ใบแจ้งสินค้า/Invoice No:').siblings('.detail-table-right').then(function ($orderNo) {\n      var orderNo = $orderNo.text();\n      cy.wrap(orderNo).as('orderNo');\n    });\n    cy.visit('/');\n    cy.login(loginUsername, loginPassword, username, isReLogin);\n    break;\n}\ncy.get('@orderNo').then(function (orderNo) {\n  if (!haveSplitOrder) {\n    cy.checkStatusOrder(orderNo);\n  } else {\n    var orderLength = orderNo.length;\n    for (var i = 1; i <= 2; i++) {\n      orderNo = orderNo.substring(0, orderLength - 2) + i + orderNo.substring(orderLength - 1);\n      cy.checkStatusOrder(orderNo);\n    }\n  }\n});\nif (paymentDetails.paymentType != 'PAYATALL_CS') {\n  cy.checkAMB(customerName, amb);\n}",
              "err": {},
              "uuid": "d9b66d28-dda7-43ab-bfaa-d3100251a99a",
              "parentUUID": "c9c1931f-ffb8-4d05-b9aa-5661e9414ee0",
              "isHook": false,
              "skipped": false
            },
            {
              "title": "purchase products | Purchase order with TMN , จัดส่งตามที่อยู่, use coupon promotion",
              "fullTitle": "Login page purchase products | Purchase order with TMN , จัดส่งตามที่อยู่, use coupon promotion",
              "timedOut": null,
              "duration": 48711,
              "state": "failed",
              "speed": null,
              "pass": false,
              "fail": true,
              "pending": false,
              "context": null,
              "code": "// check remaining product in basket\ncy.get('span.cart-indicator').then(function ($cartIndicator) {\n  var num = parseInt($cartIndicator.text().replace(/,/g, '')) || 0;\n  if (num > 0) {\n    cy.clearBasket();\n  }\n});\nif (promotion.usePromotion && promotion.searchType == 'myCoupon') {\n  // if(promotion.usePromotion) {\n  cy.get('a[href=\"/coupon/\"]').should('contain', 'คูปองส่วนลด').click();\n  cy.title().should('eq', 'Coupon | AllOnline');\n  cy.url().should('include', '/coupon/');\n  var iscated = false;\n  cy.findCoupon(promotion.id, iscated);\n  cy.checkCoupon(promotion);\n  cy.getCoupon(promotion.id);\n} // add product to basket\n\nproducts.forEach(function (product) {\n  price = formatNumber(product.price);\n  cy.searchProduct(product);\n  cy.addProduct(product, price);\n  cy.wait(1000);\n  qty += product.amount;\n  cy.get('.cart-indicator').should('contain', qty);\n  if (product.isSplit == 'Y') {\n    haveSplitOrder = true;\n    splitOrderAmount--;\n  }\n}); // check shipping address\nif (shippingType == 'รับที่เซเว่นอีเลฟเว่น') {\n  customerDetails = {\n    \"phoneNumber\": phoneNumber,\n    \"storeId\": storeId,\n    \"storeAddress\": storeAddress,\n    \"storeName\": storeName\n  };\n  address = storeAddress;\n  if (haveSplitOrder) {\n    searchSplitAddressType = testData.splitOrderDetails.splitAddressType;\n    splitAddressPayment = splitOrderDetails.addressNo + ' ' + splitOrderDetails.floor + ', ' + splitOrderDetails.moo + ', ' + splitOrderDetails.soi + ', ' + splitOrderDetails.street + ', ' + splitOrderDetails.subDistrict + ' ' + splitOrderDetails.district + ' ' + splitOrderDetails.province + ' ' + splitOrderDetails.postalCode;\n  }\n} else if (shippingType == 'จัดส่งตามที่อยู่') {\n  customerDetails = testData.customerDetails;\n  address = customerDetails.addressNo + ' ' + customerDetails.floor + ', ' + customerDetails.moo + ', ' + customerDetails.soi + ', ' + customerDetails.street + ', ' + customerDetails.subDistrict + ' ' + customerDetails.district + ' ' + customerDetails.province + ' ' + customerDetails.postalCode;\n  haveSplitOrder = false;\n} // check product in pop up basket\n\ncy.wait(2000);\ncy.get('#mini-basket').should('contain', 'ตะกร้าสินค้า').click();\nproducts.forEach(function (product) {\n  price = formatNumber(product.amount * product.price);\n  cy.verifyPopUpBasket(product.name, product.amount, price, productList);\n  orderSum += product.amount * product.price;\n  productList++;\n});\nsum = formatNumber(orderSum);\ncy.get('.item-sum').should('contain', sum);\ncy.get('#mini-basket').should('contain', 'ตะกร้าสินค้า').click();\ncy.title().should('eq', 'AllOnline');\ncy.url().should('include', '/account/basket/');\nproductList = 1;\nproducts.forEach(function (product) {\n  price = formatNumber(product.amount * product.price);\n  productPrice = formatNumber(product.price);\n  cy.verifyBasket(product.name, product.barcode, product.amount, productPrice, price, productList);\n  productList++;\n});\ncy.contains('ดำเนินการชำระเงิน').click(); // shipping\ncy.url().should('include', '/checkout/shipping/');\ncy.title().should('eq', 'การจัดส่ง');\ncy.verifyShipping(shippingType, searchAddrType, customerDetails, taxInvoice);\nproductList = 1;\nproductSplitList = 1;\nproducts.forEach(function (product) {\n  if (product.isSplit == 'Y' && haveSplitOrder) {\n    cy.verifyOrder(product.name, product.barcode, productSplitList, product.isSplit, haveSplitOrder);\n    productSplitList++;\n  } else {\n    cy.verifyOrder(product.name, product.barcode, productList, product.isSplit, haveSplitOrder);\n    productList++;\n  }\n});\nif (haveSplitOrder) {\n  cy.verifyShipping('จัดส่งตามที่อยู่', searchSplitAddressType, splitOrderDetails, taxInvoice, haveSplitOrder);\n}\ncy.get('button[id=\"continue-payment-btn\"]').contains('ดำเนินการชำระเงิน').click(); // payment\ncy.url().should('include', '/checkout/payment/');\ncy.title().should('eq', 'ชำระเงิน');\ncy.get('.basket').should(function ($basket) {\n  expect($basket).to.contain('สรุปรายการสั่งซื้อ');\n  expect($basket).to.contain(products.length + ' สินค้า');\n  expect($basket).to.contain(customerName);\n});\nswitch (shippingType) {\n  case 'รับที่เซเว่นอีเลฟเว่น':\n    if (haveSplitOrder) {\n      cy.get('.address').first().should(function ($custAddress) {\n        expect($custAddress).to.contain('เบอร์โทรศัพท์ผู้รับสินค้า: ' + phoneNumber);\n        expect($custAddress).to.contain('เซเว่นอีเลฟเว่น #' + storeId);\n        expect($custAddress).to.contain(storeName);\n        expect($custAddress).to.contain(address);\n      });\n      cy.get('.address').eq(2).should(function ($custAddress) {\n        expect($custAddress).to.contain(customerName);\n        expect($custAddress).to.contain('เบอร์โทรติดต่อ : ' + phoneNumber);\n        expect($custAddress).to.contain(splitAddressPayment);\n      });\n    } else {\n      cy.get('.basket').should(function ($custAddress) {\n        expect($custAddress).to.contain('เบอร์โทรศัพท์ผู้รับสินค้า: ' + phoneNumber);\n        expect($custAddress).to.contain('เซเว่นอีเลฟเว่น #' + storeId);\n        expect($custAddress).to.contain('สาขา ' + storeName);\n        expect($custAddress).to.contain(address);\n      });\n    }\n    break;\n  case 'จัดส่งตามที่อยู่':\n    cy.get('.basket').should(function ($custAddress) {\n      expect($custAddress).to.contain('เบอร์โทรติดต่อ : ' + phoneNumber);\n      expect($custAddress).to.contain(address);\n    });\n    break;\n}\norderSum = 0;\nproductList = 0;\nproducts.forEach(function (product) {\n  price = formatNumber(product.amount * product.price);\n  if (haveSplitOrder && product.isSplit == 'Y') {\n    cy.verifyOrderAtPayment(product, price, splitOrderAmount);\n    splitOrderAmount++;\n  } else {\n    cy.verifyOrderAtPayment(product, price, productList);\n    productList++;\n  }\n  if (product.getAMB) {\n    priceAMB += product.price * product.amount;\n  }\n  switch (product.mstampType) {\n    case 'normalRate':\n      priceMStamp += product.price * product.amount;\n  }\n  orderSum += product.amount * product.price;\n});\nif (promotion.usePromotion) {\n  cy.typePromotion(promotion);\n  cy.visit('/');\n  cy.login(loginUsername, loginPassword, username, isReLogin);\n  cy.wait(2000);\n  cy.get('#mini-basket').should('contain', 'ตะกร้าสินค้า').dblclick();\n  cy.get('a.proceed').should('contain', 'ดำเนินการชำระเงิน').click(); // shipping\n  cy.verifyShipping(shippingType, searchAddrType, customerDetails, taxInvoice);\n  if (haveSplitOrder) {\n    cy.verifyShipping('จัดส่งตามที่อยู่', searchSplitAddressType, splitOrderDetails, taxInvoice, haveSplitOrder);\n  }\n  cy.get('button[id=\"continue-payment-btn\"]').contains('ดำเนินการชำระเงิน').click();\n  cy.wait(2000);\n  cy.checkPromotion(promotion); // calculate promotion\n  var promotionPrice = 0;\n  var haveProducts = false;\n  if (promotion.type == '') {\n    promotionPrice = orderSum;\n  } else {\n    products.forEach(function (product) {\n      if (promotion.type == product.type) {\n        promotionPrice += product.price * product.amount;\n        haveProducts = true;\n      }\n    });\n  }\n  if (promotionPrice >= promotion.minimum) {\n    switch (promotion.discountType) {\n      case 'percentage':\n        promotionPrice = parseInt(promotionPrice * (promotion.discountAmount / 100));\n        if (promotionPrice >= promotion.maxDiscount) {\n          discount = promotion.maxDiscount;\n        } else {\n          discount = promotionPrice;\n        }\n        cy.get('tr.line-coupon').should('contain', promotion.id.toUpperCase());\n        break;\n      case 'fixedAmount':\n        if (promotionPrice >= promotion.discountAmount) {\n          discount = promotion.discountAmount;\n        } else {\n          discount = promotionPrice;\n        }\n        cy.get('tr.line-coupon').should('contain', promotion.id.toUpperCase());\n        break;\n      case 'freeShipping':\n        if (haveProducts == true) {\n          shippingFee = 0;\n          cy.get('tr.line-coupon').should('contain', promotion.id.toUpperCase());\n        }\n        break;\n      case 'freeProduct':\n        if (haveProducts == true) {\n          cy.get('#tbody-free-item > .radio-styled > .show-description').first().should('contain', promotion.freeProduct);\n          cy.get('#tbody-free-item > .radio-styled > [align=\"center\"]').first().should('contain', promotion.freeQty);\n        }\n        break;\n    }\n  }\n}\nif (discountAMBPoint > 0) {\n  cy.discountAMB(discountAMBPoint, formatNumber(discountAMBBath));\n}\nif (discountMstamp > 0) {\n  cy.discountMstamp(discountMstamp);\n} // check promotion on product\n\nproducts.forEach(function (product) {\n  if (product.promotion.hasPromotion) {\n    if (promotion.usePromotion && promotion.discountType == 'freeProduct') {\n      freeList++;\n    }\n    cy.get('.items.radio-styled > .show-description').eq(freeList).should('contain', product.promotion.name);\n    switch (product.promotion.productType) {\n      case 'freePerProduct':\n        // qty = 0\n        qty = product.amount * product.promotion.qty;\n        cy.get('.items.radio-styled > [align=\"center\"]').eq(freeList).should('contain', qty);\n        break;\n    }\n  }\n});\nsum = formatNumber(orderSum);\ntotalPrice = orderSum + shippingFee - discount - discountAMBBath - discountMstamp;\namb = parseInt((priceAMB - discount - discountAMBBath - discountMstamp) / 10) * 3;\nmstamp = parseInt((priceMStamp - discount - discountAMBBath - discountMstamp) / 50);\ncy.verifyTotalPrice(sum, formatNumber(shippingFee), formatNumber(totalPrice), amb, mstamp, discount, promotion.usePromotion, discountAMBBath, discountMstamp);\ncy.payment(paymentDetails);\ncy.checkReceipt(paymentDetails, customerName, formatNumber(totalPrice.toFixed(2)));\nswitch (paymentDetails.paymentType) {\n  case 'PAYATALL_CC':\n  case 'PAYATALL_TMN':\n    cy.get('.message-order-barcode').then(function ($text) {\n      var text = $text.text();\n      var words = text.trim().split(\" \");\n      var orderNo = words[1];\n      cy.wrap(orderNo).as('orderNo');\n    });\n    break;\n  case 'PAYATALL_CS':\n    cy.contains('เลขที่ใบแจ้งสินค้า/Invoice No:').siblings('.detail-table-right').then(function ($orderNo) {\n      var orderNo = $orderNo.text();\n      cy.wrap(orderNo).as('orderNo');\n    });\n    cy.visit('/');\n    cy.login(loginUsername, loginPassword, username, isReLogin);\n    break;\n}\ncy.get('@orderNo').then(function (orderNo) {\n  if (!haveSplitOrder) {\n    cy.checkStatusOrder(orderNo);\n  } else {\n    var orderLength = orderNo.length;\n    for (var i = 1; i <= 2; i++) {\n      orderNo = orderNo.substring(0, orderLength - 2) + i + orderNo.substring(orderLength - 1);\n      cy.checkStatusOrder(orderNo);\n    }\n  }\n});\nif (paymentDetails.paymentType != 'PAYATALL_CS') {\n  cy.checkAMB(customerName, amb);\n}",
              "err": {
                "message": "TypeError: Cannot read property 'toUpperCase' of undefined",
                "estack": "TypeError: Cannot read property 'toUpperCase' of undefined\n    at Context.eval (https://integ1.allonline.7eleven.co.th/__cypress/tests?p=cypress\\support\\index.js:300:100)",
                "diff": null
              },
              "uuid": "e3a0f1eb-e973-4ba4-a6fa-605ea5adaa2c",
              "parentUUID": "c9c1931f-ffb8-4d05-b9aa-5661e9414ee0",
              "isHook": false,
              "skipped": false
            }
          ],
          "suites": [],
          "passes": [
            "6a4e57b0-442f-4ff2-bc85-398a3f23db01",
            "c261e74c-2bd9-4da9-bbe0-7ffc72d97f9d",
            "21b342c7-cbd2-46f4-aaa5-164b69d54010",
            "74b02f2f-da64-4af8-8e6c-de81a19b4aff",
            "d42156d3-83b7-4dee-8711-19468a7db395",
            "7548e5ea-31e4-458b-b636-54df57e827c1",
            "b69f8379-9e13-4cda-9666-0d4bb9b1ad28",
            "11cb5f61-e524-4751-8215-5e2bcd478ecc",
            "dce6f2fe-7b52-4750-9df3-05b43352f009",
            "2639701b-2170-42ab-936e-a57c106cc42b",
            "d9b66d28-dda7-43ab-bfaa-d3100251a99a"
          ],
          "failures": [
            "e3a0f1eb-e973-4ba4-a6fa-605ea5adaa2c"
          ],
          "pending": [],
          "skipped": [],
          "duration": 1109808,
          "root": false,
          "rootEmpty": false,
          "_timeout": 2000
        }
      ],
      "passes": [],
      "failures": [],
      "pending": [],
      "skipped": [],
      "duration": 0,
      "root": true,
      "rootEmpty": true,
      "_timeout": 2000
    }
  ],
  "meta": {
    "mocha": {
      "version": "7.0.1"
    },
    "mochawesome": {
      "options": {
        "quiet": false,
        "reportFilename": "report",
        "saveHtml": true,
        "saveJson": true,
        "consoleReporter": "spec",
        "useInlineDiffs": false,
        "code": true
      },
      "version": "6.2.2"
    },
    "marge": {
      "options": {
        "reportDir": "cypress/reports",
        "reportFilename": "report",
        "overwrite": true,
        "reportTitle": "Report Test",
        "html": true,
        "json": true,
        "charts": true
      },
      "version": "5.2.0"
    }
  }
}