{
  "stats": {
    "suites": 1,
    "tests": 27,
    "passes": 26,
    "pending": 0,
    "failures": 1,
    "start": "2021-04-19T11:06:50.603Z",
    "end": "2021-04-19T11:23:46.743Z",
    "duration": 1016140,
    "testsRegistered": 27,
    "passPercent": 96.29629629629629,
    "pendingPercent": 0,
    "other": 0,
    "hasOther": false,
    "skipped": 0,
    "hasSkipped": false
  },
  "results": [
    {
      "uuid": "51ad8cec-a018-4e60-a07f-86475ba09f56",
      "title": "",
      "fullFile": "cypress\\integration\\examples\\page.js",
      "file": "cypress\\integration\\examples\\page.js",
      "beforeHooks": [],
      "afterHooks": [],
      "tests": [],
      "suites": [
        {
          "uuid": "80145e5b-0a30-4763-998b-ee7b22c85bd6",
          "title": "Check each page",
          "fullFile": "",
          "file": "",
          "beforeHooks": [],
          "afterHooks": [],
          "tests": [
            {
              "title": "Coupon Page | Check coupon : CASIO4",
              "fullTitle": "Check each page Coupon Page | Check coupon : CASIO4",
              "timedOut": null,
              "duration": 23836,
              "state": "passed",
              "speed": "slow",
              "pass": true,
              "fail": false,
              "pending": false,
              "context": null,
              "code": "cy.get('a[href=\"/coupon/\"]').should('contain', 'คูปองส่วนลด').click();\ncy.title().should('eq', 'Coupon | AllOnline');\ncy.url().should('include', '/coupon/');\ncy.get('.js-voucher-group').then(function () {\n  var group = Cypress.$('.js-voucher-group');\n  for (var i = 0; i < group.length; i++) {\n    cy.wrap(group).eq(i).invoke('attr', 'data-voucher-group').then(function ($attr) {\n      var attr = $attr;\n      cy.get('a.js-voucher-group[data-voucher-group=\"' + attr + '\"]').click().wait(1000);\n      cy.get('li.paging-number[data-target-page=\"0\"]').contains('1').click({\n        force: true\n      });\n      switch (attr) {\n        case 'ALL_7online':\n          try {\n            cy.findCoupon(code, iscated);\n            cy.checkCoupon(coupon);\n          } catch (e) {\n            console.error(e);\n          }\n          break;\n        case 'UNRESTRICTED_7online':\n          iscated = true;\n          if (category == attr) {\n            try {\n              cy.findCoupon(code, iscated);\n              cy.checkCoupon(coupon);\n            } catch (e) {\n              console.error(e);\n            }\n          } else {\n            haveCoupon = false;\n            try {\n              cy.findCoupon(code, iscated, haveCoupon);\n            } catch (e) {\n              console.error(e);\n            }\n          }\n          break;\n      }\n    });\n  }\n});",
              "err": {},
              "uuid": "345d8d83-7d67-4657-a1b6-b7020d388691",
              "parentUUID": "80145e5b-0a30-4763-998b-ee7b22c85bd6",
              "isHook": false,
              "skipped": false
            },
            {
              "title": "Coupon Page | Check coupon : CASIO1B2",
              "fullTitle": "Check each page Coupon Page | Check coupon : CASIO1B2",
              "timedOut": null,
              "duration": 20302,
              "state": "passed",
              "speed": "slow",
              "pass": true,
              "fail": false,
              "pending": false,
              "context": null,
              "code": "cy.get('a[href=\"/coupon/\"]').should('contain', 'คูปองส่วนลด').click();\ncy.title().should('eq', 'Coupon | AllOnline');\ncy.url().should('include', '/coupon/');\ncy.get('.js-voucher-group').then(function () {\n  var group = Cypress.$('.js-voucher-group');\n  for (var i = 0; i < group.length; i++) {\n    cy.wrap(group).eq(i).invoke('attr', 'data-voucher-group').then(function ($attr) {\n      var attr = $attr;\n      cy.get('a.js-voucher-group[data-voucher-group=\"' + attr + '\"]').click().wait(1000);\n      cy.get('li.paging-number[data-target-page=\"0\"]').contains('1').click({\n        force: true\n      });\n      switch (attr) {\n        case 'ALL_7online':\n          try {\n            cy.findCoupon(code, iscated);\n            cy.checkCoupon(coupon);\n          } catch (e) {\n            console.error(e);\n          }\n          break;\n        case 'UNRESTRICTED_7online':\n          iscated = true;\n          if (category == attr) {\n            try {\n              cy.findCoupon(code, iscated);\n              cy.checkCoupon(coupon);\n            } catch (e) {\n              console.error(e);\n            }\n          } else {\n            haveCoupon = false;\n            try {\n              cy.findCoupon(code, iscated, haveCoupon);\n            } catch (e) {\n              console.error(e);\n            }\n          }\n          break;\n      }\n    });\n  }\n});",
              "err": {},
              "uuid": "4b77975e-7f72-48eb-bc03-a522daacb76a",
              "parentUUID": "80145e5b-0a30-4763-998b-ee7b22c85bd6",
              "isHook": false,
              "skipped": false
            },
            {
              "title": "Coupon Page | Check coupon : TMWROBOT09",
              "fullTitle": "Check each page Coupon Page | Check coupon : TMWROBOT09",
              "timedOut": null,
              "duration": 20181,
              "state": "passed",
              "speed": "slow",
              "pass": true,
              "fail": false,
              "pending": false,
              "context": null,
              "code": "cy.get('a[href=\"/coupon/\"]').should('contain', 'คูปองส่วนลด').click();\ncy.title().should('eq', 'Coupon | AllOnline');\ncy.url().should('include', '/coupon/');\ncy.get('.js-voucher-group').then(function () {\n  var group = Cypress.$('.js-voucher-group');\n  for (var i = 0; i < group.length; i++) {\n    cy.wrap(group).eq(i).invoke('attr', 'data-voucher-group').then(function ($attr) {\n      var attr = $attr;\n      cy.get('a.js-voucher-group[data-voucher-group=\"' + attr + '\"]').click().wait(1000);\n      cy.get('li.paging-number[data-target-page=\"0\"]').contains('1').click({\n        force: true\n      });\n      switch (attr) {\n        case 'ALL_7online':\n          try {\n            cy.findCoupon(code, iscated);\n            cy.checkCoupon(coupon);\n          } catch (e) {\n            console.error(e);\n          }\n          break;\n        case 'UNRESTRICTED_7online':\n          iscated = true;\n          if (category == attr) {\n            try {\n              cy.findCoupon(code, iscated);\n              cy.checkCoupon(coupon);\n            } catch (e) {\n              console.error(e);\n            }\n          } else {\n            haveCoupon = false;\n            try {\n              cy.findCoupon(code, iscated, haveCoupon);\n            } catch (e) {\n              console.error(e);\n            }\n          }\n          break;\n      }\n    });\n  }\n});",
              "err": {},
              "uuid": "7edfd574-06d8-4e71-aa11-b7ced7b33c11",
              "parentUUID": "80145e5b-0a30-4763-998b-ee7b22c85bd6",
              "isHook": false,
              "skipped": false
            },
            {
              "title": "Coupon Page | Check coupon : TMWROBOTFREE",
              "fullTitle": "Check each page Coupon Page | Check coupon : TMWROBOTFREE",
              "timedOut": null,
              "duration": 19267,
              "state": "passed",
              "speed": "slow",
              "pass": true,
              "fail": false,
              "pending": false,
              "context": null,
              "code": "cy.get('a[href=\"/coupon/\"]').should('contain', 'คูปองส่วนลด').click();\ncy.title().should('eq', 'Coupon | AllOnline');\ncy.url().should('include', '/coupon/');\ncy.get('.js-voucher-group').then(function () {\n  var group = Cypress.$('.js-voucher-group');\n  for (var i = 0; i < group.length; i++) {\n    cy.wrap(group).eq(i).invoke('attr', 'data-voucher-group').then(function ($attr) {\n      var attr = $attr;\n      cy.get('a.js-voucher-group[data-voucher-group=\"' + attr + '\"]').click().wait(1000);\n      cy.get('li.paging-number[data-target-page=\"0\"]').contains('1').click({\n        force: true\n      });\n      switch (attr) {\n        case 'ALL_7online':\n          try {\n            cy.findCoupon(code, iscated);\n            cy.checkCoupon(coupon);\n          } catch (e) {\n            console.error(e);\n          }\n          break;\n        case 'UNRESTRICTED_7online':\n          iscated = true;\n          if (category == attr) {\n            try {\n              cy.findCoupon(code, iscated);\n              cy.checkCoupon(coupon);\n            } catch (e) {\n              console.error(e);\n            }\n          } else {\n            haveCoupon = false;\n            try {\n              cy.findCoupon(code, iscated, haveCoupon);\n            } catch (e) {\n              console.error(e);\n            }\n          }\n          break;\n      }\n    });\n  }\n});",
              "err": {},
              "uuid": "0b3293c2-88ef-4e73-8974-01bf31367b19",
              "parentUUID": "80145e5b-0a30-4763-998b-ee7b22c85bd6",
              "isHook": false,
              "skipped": false
            },
            {
              "title": "Coupon Page | Check coupon : PIM500",
              "fullTitle": "Check each page Coupon Page | Check coupon : PIM500",
              "timedOut": null,
              "duration": 21887,
              "state": "passed",
              "speed": "slow",
              "pass": true,
              "fail": false,
              "pending": false,
              "context": null,
              "code": "cy.get('a[href=\"/coupon/\"]').should('contain', 'คูปองส่วนลด').click();\ncy.title().should('eq', 'Coupon | AllOnline');\ncy.url().should('include', '/coupon/');\ncy.get('.js-voucher-group').then(function () {\n  var group = Cypress.$('.js-voucher-group');\n  for (var i = 0; i < group.length; i++) {\n    cy.wrap(group).eq(i).invoke('attr', 'data-voucher-group').then(function ($attr) {\n      var attr = $attr;\n      cy.get('a.js-voucher-group[data-voucher-group=\"' + attr + '\"]').click().wait(1000);\n      cy.get('li.paging-number[data-target-page=\"0\"]').contains('1').click({\n        force: true\n      });\n      switch (attr) {\n        case 'ALL_7online':\n          try {\n            cy.findCoupon(code, iscated);\n            cy.checkCoupon(coupon);\n          } catch (e) {\n            console.error(e);\n          }\n          break;\n        case 'UNRESTRICTED_7online':\n          iscated = true;\n          if (category == attr) {\n            try {\n              cy.findCoupon(code, iscated);\n              cy.checkCoupon(coupon);\n            } catch (e) {\n              console.error(e);\n            }\n          } else {\n            haveCoupon = false;\n            try {\n              cy.findCoupon(code, iscated, haveCoupon);\n            } catch (e) {\n              console.error(e);\n            }\n          }\n          break;\n      }\n    });\n  }\n});",
              "err": {},
              "uuid": "add4ebc4-600d-4df6-964a-220528fef98b",
              "parentUUID": "80145e5b-0a30-4763-998b-ee7b22c85bd6",
              "isHook": false,
              "skipped": false
            },
            {
              "title": "Coupon Page | Check coupon : Super2",
              "fullTitle": "Check each page Coupon Page | Check coupon : Super2",
              "timedOut": null,
              "duration": 20818,
              "state": "passed",
              "speed": "slow",
              "pass": true,
              "fail": false,
              "pending": false,
              "context": null,
              "code": "cy.get('a[href=\"/coupon/\"]').should('contain', 'คูปองส่วนลด').click();\ncy.title().should('eq', 'Coupon | AllOnline');\ncy.url().should('include', '/coupon/');\ncy.get('.js-voucher-group').then(function () {\n  var group = Cypress.$('.js-voucher-group');\n  for (var i = 0; i < group.length; i++) {\n    cy.wrap(group).eq(i).invoke('attr', 'data-voucher-group').then(function ($attr) {\n      var attr = $attr;\n      cy.get('a.js-voucher-group[data-voucher-group=\"' + attr + '\"]').click().wait(1000);\n      cy.get('li.paging-number[data-target-page=\"0\"]').contains('1').click({\n        force: true\n      });\n      switch (attr) {\n        case 'ALL_7online':\n          try {\n            cy.findCoupon(code, iscated);\n            cy.checkCoupon(coupon);\n          } catch (e) {\n            console.error(e);\n          }\n          break;\n        case 'UNRESTRICTED_7online':\n          iscated = true;\n          if (category == attr) {\n            try {\n              cy.findCoupon(code, iscated);\n              cy.checkCoupon(coupon);\n            } catch (e) {\n              console.error(e);\n            }\n          } else {\n            haveCoupon = false;\n            try {\n              cy.findCoupon(code, iscated, haveCoupon);\n            } catch (e) {\n              console.error(e);\n            }\n          }\n          break;\n      }\n    });\n  }\n});",
              "err": {},
              "uuid": "005d353c-bed6-447d-8ed1-3e643e79713b",
              "parentUUID": "80145e5b-0a30-4763-998b-ee7b22c85bd6",
              "isHook": false,
              "skipped": false
            },
            {
              "title": "Coupon Page | Check coupon : Dis60UN",
              "fullTitle": "Check each page Coupon Page | Check coupon : Dis60UN",
              "timedOut": null,
              "duration": 18721,
              "state": "passed",
              "speed": "slow",
              "pass": true,
              "fail": false,
              "pending": false,
              "context": null,
              "code": "cy.get('a[href=\"/coupon/\"]').should('contain', 'คูปองส่วนลด').click();\ncy.title().should('eq', 'Coupon | AllOnline');\ncy.url().should('include', '/coupon/');\ncy.get('.js-voucher-group').then(function () {\n  var group = Cypress.$('.js-voucher-group');\n  for (var i = 0; i < group.length; i++) {\n    cy.wrap(group).eq(i).invoke('attr', 'data-voucher-group').then(function ($attr) {\n      var attr = $attr;\n      cy.get('a.js-voucher-group[data-voucher-group=\"' + attr + '\"]').click().wait(1000);\n      cy.get('li.paging-number[data-target-page=\"0\"]').contains('1').click({\n        force: true\n      });\n      switch (attr) {\n        case 'ALL_7online':\n          try {\n            cy.findCoupon(code, iscated);\n            cy.checkCoupon(coupon);\n          } catch (e) {\n            console.error(e);\n          }\n          break;\n        case 'UNRESTRICTED_7online':\n          iscated = true;\n          if (category == attr) {\n            try {\n              cy.findCoupon(code, iscated);\n              cy.checkCoupon(coupon);\n            } catch (e) {\n              console.error(e);\n            }\n          } else {\n            haveCoupon = false;\n            try {\n              cy.findCoupon(code, iscated, haveCoupon);\n            } catch (e) {\n              console.error(e);\n            }\n          }\n          break;\n      }\n    });\n  }\n});",
              "err": {},
              "uuid": "e2b01fc4-7d37-4503-9485-f69461cd272b",
              "parentUUID": "80145e5b-0a30-4763-998b-ee7b22c85bd6",
              "isHook": false,
              "skipped": false
            },
            {
              "title": "Coupon Page | Check coupon : AOL04",
              "fullTitle": "Check each page Coupon Page | Check coupon : AOL04",
              "timedOut": null,
              "duration": 21946,
              "state": "passed",
              "speed": "slow",
              "pass": true,
              "fail": false,
              "pending": false,
              "context": null,
              "code": "cy.get('a[href=\"/coupon/\"]').should('contain', 'คูปองส่วนลด').click();\ncy.title().should('eq', 'Coupon | AllOnline');\ncy.url().should('include', '/coupon/');\ncy.get('.js-voucher-group').then(function () {\n  var group = Cypress.$('.js-voucher-group');\n  for (var i = 0; i < group.length; i++) {\n    cy.wrap(group).eq(i).invoke('attr', 'data-voucher-group').then(function ($attr) {\n      var attr = $attr;\n      cy.get('a.js-voucher-group[data-voucher-group=\"' + attr + '\"]').click().wait(1000);\n      cy.get('li.paging-number[data-target-page=\"0\"]').contains('1').click({\n        force: true\n      });\n      switch (attr) {\n        case 'ALL_7online':\n          try {\n            cy.findCoupon(code, iscated);\n            cy.checkCoupon(coupon);\n          } catch (e) {\n            console.error(e);\n          }\n          break;\n        case 'UNRESTRICTED_7online':\n          iscated = true;\n          if (category == attr) {\n            try {\n              cy.findCoupon(code, iscated);\n              cy.checkCoupon(coupon);\n            } catch (e) {\n              console.error(e);\n            }\n          } else {\n            haveCoupon = false;\n            try {\n              cy.findCoupon(code, iscated, haveCoupon);\n            } catch (e) {\n              console.error(e);\n            }\n          }\n          break;\n      }\n    });\n  }\n});",
              "err": {},
              "uuid": "2c045faa-f15d-49aa-a570-14b58007b000",
              "parentUUID": "80145e5b-0a30-4763-998b-ee7b22c85bd6",
              "isHook": false,
              "skipped": false
            },
            {
              "title": "Flash Sale Page | Check product : CASIO นาฬิกาข้อมือ รุ่น Digital A158WA-1DF",
              "fullTitle": "Check each page Flash Sale Page | Check product : CASIO นาฬิกาข้อมือ รุ่น Digital A158WA-1DF",
              "timedOut": null,
              "duration": 18934,
              "state": "passed",
              "speed": "slow",
              "pass": true,
              "fail": false,
              "pending": false,
              "context": null,
              "code": "testType = 'flashsale';\ncy.get('.list-unstyled > li > a[href=\"/flashsale/\"]').should('contain', 'Flash Sale').click();\ncy.title().should('eq', 'Flash Sale | AllOnline');\ncy.url().should('include', '/flashsale/');\nif (product.type == \"\") {\n  type = 'flashsale';\n} else {\n  type = product.type;\n}\ncy.findProduct(product, testType, type);\ncy.get('.product_grid > .product-item').then(function ($products) {\n  var size = $products.length;\n  cy.log('size of elements : ' + size);\n  cy.log('------------------------');\n  cy.selectProduct(product, size);\n});\ncy.checkProductDetail(product, type);",
              "err": {},
              "uuid": "9f4ea13a-f02f-4f91-a9ca-22c780296793",
              "parentUUID": "80145e5b-0a30-4763-998b-ee7b22c85bd6",
              "isHook": false,
              "skipped": false
            },
            {
              "title": "Flash Sale Page | Check product : MICHAEL KORS นาฬิกา รุ่น MK5945",
              "fullTitle": "Check each page Flash Sale Page | Check product : MICHAEL KORS นาฬิกา รุ่น MK5945",
              "timedOut": null,
              "duration": 20922,
              "state": "passed",
              "speed": "slow",
              "pass": true,
              "fail": false,
              "pending": false,
              "context": null,
              "code": "testType = 'flashsale';\ncy.get('.list-unstyled > li > a[href=\"/flashsale/\"]').should('contain', 'Flash Sale').click();\ncy.title().should('eq', 'Flash Sale | AllOnline');\ncy.url().should('include', '/flashsale/');\nif (product.type == \"\") {\n  type = 'flashsale';\n} else {\n  type = product.type;\n}\ncy.findProduct(product, testType, type);\ncy.get('.product_grid > .product-item').then(function ($products) {\n  var size = $products.length;\n  cy.log('size of elements : ' + size);\n  cy.log('------------------------');\n  cy.selectProduct(product, size);\n});\ncy.checkProductDetail(product, type);",
              "err": {},
              "uuid": "b4e90abf-5172-4f7b-819a-ec1d7d23865b",
              "parentUUID": "80145e5b-0a30-4763-998b-ee7b22c85bd6",
              "isHook": false,
              "skipped": false
            },
            {
              "title": "Flash Sale Page | Check product : CASIO นาฬิกาข้อมือ รุ่น MRW-200H-2B",
              "fullTitle": "Check each page Flash Sale Page | Check product : CASIO นาฬิกาข้อมือ รุ่น MRW-200H-2B",
              "timedOut": null,
              "duration": 19659,
              "state": "passed",
              "speed": "slow",
              "pass": true,
              "fail": false,
              "pending": false,
              "context": null,
              "code": "testType = 'flashsale';\ncy.get('.list-unstyled > li > a[href=\"/flashsale/\"]').should('contain', 'Flash Sale').click();\ncy.title().should('eq', 'Flash Sale | AllOnline');\ncy.url().should('include', '/flashsale/');\nif (product.type == \"\") {\n  type = 'flashsale';\n} else {\n  type = product.type;\n}\ncy.findProduct(product, testType, type);\ncy.get('.product_grid > .product-item').then(function ($products) {\n  var size = $products.length;\n  cy.log('size of elements : ' + size);\n  cy.log('------------------------');\n  cy.selectProduct(product, size);\n});\ncy.checkProductDetail(product, type);",
              "err": {},
              "uuid": "b41d0d44-68c4-47ce-bcf7-2dadae6edc99",
              "parentUUID": "80145e5b-0a30-4763-998b-ee7b22c85bd6",
              "isHook": false,
              "skipped": false
            },
            {
              "title": "Flash Sale Page | Check product : Horizon อุปกรณ์สร้างกล้ามเนื้อ (Strength) รุ่น Torus 5",
              "fullTitle": "Check each page Flash Sale Page | Check product : Horizon อุปกรณ์สร้างกล้ามเนื้อ (Strength) รุ่น Torus 5",
              "timedOut": null,
              "duration": 18698,
              "state": "passed",
              "speed": "slow",
              "pass": true,
              "fail": false,
              "pending": false,
              "context": null,
              "code": "testType = 'flashsale';\ncy.get('.list-unstyled > li > a[href=\"/flashsale/\"]').should('contain', 'Flash Sale').click();\ncy.title().should('eq', 'Flash Sale | AllOnline');\ncy.url().should('include', '/flashsale/');\nif (product.type == \"\") {\n  type = 'flashsale';\n} else {\n  type = product.type;\n}\ncy.findProduct(product, testType, type);\ncy.get('.product_grid > .product-item').then(function ($products) {\n  var size = $products.length;\n  cy.log('size of elements : ' + size);\n  cy.log('------------------------');\n  cy.selectProduct(product, size);\n});\ncy.checkProductDetail(product, type);",
              "err": {},
              "uuid": "02e5c072-1ad7-49a8-ab37-08c67ef09017",
              "parentUUID": "80145e5b-0a30-4763-998b-ee7b22c85bd6",
              "isHook": false,
              "skipped": false
            },
            {
              "title": "New Product Page | Check product : TP-Link Archer C20 AC750 Wireless Dual Band Router",
              "fullTitle": "Check each page New Product Page | Check product : TP-Link Archer C20 AC750 Wireless Dual Band Router",
              "timedOut": null,
              "duration": 17066,
              "state": "passed",
              "speed": "slow",
              "pass": true,
              "fail": false,
              "pending": false,
              "context": null,
              "code": "testType = 'new';\ncy.get('.list-unstyled > li > a[href=\"/new-arrival/\"]').should('contain', 'สินค้ามาใหม่').click();\ncy.title().should('eq', 'สินค้ามาใหม่ | AllOnline');\ncy.url().should('include', '/new-arrival/');\nif (product.type == \"\") {\n  type = 'new';\n} else {\n  type = product.type;\n}\nhaveNextPage = false;\ncy.get('.how-many').then(function ($number) {\n  var text = $number.text();\n  var number = parseInt(text.replace(/ สินค้า|\\(|\\)/g, ''));\n  cy.log('number : ' + number);\n  if (number > 30) {\n    haveNextPage = true;\n    cy.log('number more than 30');\n    cy.log('haveNextPage : ' + haveNextPage);\n  } else {\n    cy.log('number not more than 30');\n    cy.log('haveNextPage : ' + haveNextPage);\n  }\n  cy.findProduct(product, testType, type, haveNextPage);\n  cy.get('.product_grid > .product-item').then(function ($products) {\n    var size = $products.length;\n    cy.log('size of elements : ' + size);\n    cy.log('------------------------');\n    cy.selectProduct(product, size);\n  });\n  cy.checkProductDetail(product, type);\n});",
              "err": {},
              "uuid": "780ca688-9843-4355-8120-c1099c58450a",
              "parentUUID": "80145e5b-0a30-4763-998b-ee7b22c85bd6",
              "isHook": false,
              "skipped": false
            },
            {
              "title": "New Product Page | Check product : ฝาครอบเครื่องย่างไส้กรอก WYOTT รุ่น HRS-31",
              "fullTitle": "Check each page New Product Page | Check product : ฝาครอบเครื่องย่างไส้กรอก WYOTT รุ่น HRS-31",
              "timedOut": null,
              "duration": 17892,
              "state": "passed",
              "speed": "slow",
              "pass": true,
              "fail": false,
              "pending": false,
              "context": null,
              "code": "testType = 'new';\ncy.get('.list-unstyled > li > a[href=\"/new-arrival/\"]').should('contain', 'สินค้ามาใหม่').click();\ncy.title().should('eq', 'สินค้ามาใหม่ | AllOnline');\ncy.url().should('include', '/new-arrival/');\nif (product.type == \"\") {\n  type = 'new';\n} else {\n  type = product.type;\n}\nhaveNextPage = false;\ncy.get('.how-many').then(function ($number) {\n  var text = $number.text();\n  var number = parseInt(text.replace(/ สินค้า|\\(|\\)/g, ''));\n  cy.log('number : ' + number);\n  if (number > 30) {\n    haveNextPage = true;\n    cy.log('number more than 30');\n    cy.log('haveNextPage : ' + haveNextPage);\n  } else {\n    cy.log('number not more than 30');\n    cy.log('haveNextPage : ' + haveNextPage);\n  }\n  cy.findProduct(product, testType, type, haveNextPage);\n  cy.get('.product_grid > .product-item').then(function ($products) {\n    var size = $products.length;\n    cy.log('size of elements : ' + size);\n    cy.log('------------------------');\n    cy.selectProduct(product, size);\n  });\n  cy.checkProductDetail(product, type);\n});",
              "err": {},
              "uuid": "ec8ebdba-0bb5-4061-b77f-c4c676a403f6",
              "parentUUID": "80145e5b-0a30-4763-998b-ee7b22c85bd6",
              "isHook": false,
              "skipped": false
            },
            {
              "title": "Promotion Page | Check product : ฟรี แถม อาหารแมวเปียก ดีไลท์ รสทูน่าและปลาโอในเยลลี่ (แพ็ก 12 ชิ้น)",
              "fullTitle": "Check each page Promotion Page | Check product : ฟรี แถม อาหารแมวเปียก ดีไลท์ รสทูน่าและปลาโอในเยลลี่ (แพ็ก 12 ชิ้น)",
              "timedOut": null,
              "duration": 18793,
              "state": "passed",
              "speed": "slow",
              "pass": true,
              "fail": false,
              "pending": false,
              "context": null,
              "code": "testType = 'promotion';\ncy.get('.list-unstyled > li > a[href=\"/promotion/\"]').should('contain', 'สินค้าโปรโมชั่น').click();\ncy.title().should('eq', 'สินค้าโปรโมชั่น | AllOnline');\ncy.url().should('include', '/promotion/');\nif (product.type == \"\") {\n  type = 'promotion';\n} else {\n  type = product.type;\n}\nhaveNextPage = false;\ncy.get('.how-many').then(function ($number) {\n  var text = $number.text();\n  var number = parseInt(text.replace(/ สินค้า|\\(|\\)/g, ''));\n  cy.log('number : ' + number);\n  if (number > 30) {\n    haveNextPage = true;\n    cy.log('number more than 30');\n    cy.log('haveNextPage : ' + haveNextPage);\n  } else {\n    cy.log('number not more than 30');\n    cy.log('haveNextPage : ' + haveNextPage);\n  }\n  cy.findProduct(product, testType, type, haveNextPage);\n  cy.get('.product_grid > .product-item').then(function ($products) {\n    var size = $products.length;\n    cy.log('size of elements : ' + size);\n    cy.log('------------------------');\n    cy.selectProduct(product, size);\n  });\n  cy.checkProductDetail(product, type);\n});",
              "err": {},
              "uuid": "a32e71a1-367e-4c16-9de7-833f64bb57f1",
              "parentUUID": "80145e5b-0a30-4763-998b-ee7b22c85bd6",
              "isHook": false,
              "skipped": false
            },
            {
              "title": "Promotion Page | Check product : ถังต้มน้ำไฟฟ้า House Worth 20 ลิตร รุ่น HW-EU02",
              "fullTitle": "Check each page Promotion Page | Check product : ถังต้มน้ำไฟฟ้า House Worth 20 ลิตร รุ่น HW-EU02",
              "timedOut": null,
              "duration": 23547,
              "state": "passed",
              "speed": "slow",
              "pass": true,
              "fail": false,
              "pending": false,
              "context": null,
              "code": "testType = 'promotion';\ncy.get('.list-unstyled > li > a[href=\"/promotion/\"]').should('contain', 'สินค้าโปรโมชั่น').click();\ncy.title().should('eq', 'สินค้าโปรโมชั่น | AllOnline');\ncy.url().should('include', '/promotion/');\nif (product.type == \"\") {\n  type = 'promotion';\n} else {\n  type = product.type;\n}\nhaveNextPage = false;\ncy.get('.how-many').then(function ($number) {\n  var text = $number.text();\n  var number = parseInt(text.replace(/ สินค้า|\\(|\\)/g, ''));\n  cy.log('number : ' + number);\n  if (number > 30) {\n    haveNextPage = true;\n    cy.log('number more than 30');\n    cy.log('haveNextPage : ' + haveNextPage);\n  } else {\n    cy.log('number not more than 30');\n    cy.log('haveNextPage : ' + haveNextPage);\n  }\n  cy.findProduct(product, testType, type, haveNextPage);\n  cy.get('.product_grid > .product-item').then(function ($products) {\n    var size = $products.length;\n    cy.log('size of elements : ' + size);\n    cy.log('------------------------');\n    cy.selectProduct(product, size);\n  });\n  cy.checkProductDetail(product, type);\n});",
              "err": {},
              "uuid": "3408fc13-f0cc-41cd-a407-da263a24ce7d",
              "parentUUID": "80145e5b-0a30-4763-998b-ee7b22c85bd6",
              "isHook": false,
              "skipped": false
            },
            {
              "title": "Promotion Page | Check product : เครื่องปั่นแยกกาก 3 in1 Tecno+ รุ่น TNP JB 500 สีเขียว",
              "fullTitle": "Check each page Promotion Page | Check product : เครื่องปั่นแยกกาก 3 in1 Tecno+ รุ่น TNP JB 500 สีเขียว",
              "timedOut": null,
              "duration": 28298,
              "state": "passed",
              "speed": "slow",
              "pass": true,
              "fail": false,
              "pending": false,
              "context": null,
              "code": "testType = 'promotion';\ncy.get('.list-unstyled > li > a[href=\"/promotion/\"]').should('contain', 'สินค้าโปรโมชั่น').click();\ncy.title().should('eq', 'สินค้าโปรโมชั่น | AllOnline');\ncy.url().should('include', '/promotion/');\nif (product.type == \"\") {\n  type = 'promotion';\n} else {\n  type = product.type;\n}\nhaveNextPage = false;\ncy.get('.how-many').then(function ($number) {\n  var text = $number.text();\n  var number = parseInt(text.replace(/ สินค้า|\\(|\\)/g, ''));\n  cy.log('number : ' + number);\n  if (number > 30) {\n    haveNextPage = true;\n    cy.log('number more than 30');\n    cy.log('haveNextPage : ' + haveNextPage);\n  } else {\n    cy.log('number not more than 30');\n    cy.log('haveNextPage : ' + haveNextPage);\n  }\n  cy.findProduct(product, testType, type, haveNextPage);\n  cy.get('.product_grid > .product-item').then(function ($products) {\n    var size = $products.length;\n    cy.log('size of elements : ' + size);\n    cy.log('------------------------');\n    cy.selectProduct(product, size);\n  });\n  cy.checkProductDetail(product, type);\n});",
              "err": {},
              "uuid": "ce40d642-dfd6-4074-808b-cbbba928ea90",
              "parentUUID": "80145e5b-0a30-4763-998b-ee7b22c85bd6",
              "isHook": false,
              "skipped": false
            },
            {
              "title": "Best Seller Page | Check product : ฟรี แถม อาหารแมวเปียก ดีไลท์ รสทูน่าและปลาโอในเยลลี่ (แพ็ก 12 ชิ้น)",
              "fullTitle": "Check each page Best Seller Page | Check product : ฟรี แถม อาหารแมวเปียก ดีไลท์ รสทูน่าและปลาโอในเยลลี่ (แพ็ก 12 ชิ้น)",
              "timedOut": null,
              "duration": 19672,
              "state": "passed",
              "speed": "slow",
              "pass": true,
              "fail": false,
              "pending": false,
              "context": null,
              "code": "testType = 'bestseller';\ncy.get('.list-unstyled > li > a[href=\"/bestseller/\"]').should('contain', 'สินค้าขายดี').click();\ncy.title().should('eq', 'สินค้าขายดี | AllOnline');\ncy.url().should('include', '/bestseller/');\nif (product.type == \"\") {\n  type = 'bestseller';\n} else {\n  type = product.type;\n}\nhaveNextPage = false;\ncy.get('.how-many').then(function ($number) {\n  var text = $number.text();\n  var number = parseInt(text.replace(/ สินค้า|\\(|\\)/g, ''));\n  cy.log('number : ' + number);\n  if (number > 30) {\n    haveNextPage = true;\n    cy.log('number more than 30');\n    cy.log('haveNextPage : ' + haveNextPage);\n  } else {\n    cy.log('number not more than 30');\n    cy.log('haveNextPage : ' + haveNextPage);\n  }\n  cy.findProduct(product, testType, type, haveNextPage);\n  cy.get('.product_grid > .product-item').then(function ($products) {\n    var size = $products.length;\n    cy.log('size of elements : ' + size);\n    cy.log('------------------------');\n    cy.selectProduct(product, size);\n  });\n  cy.checkProductDetail(product, type, testType);\n});",
              "err": {},
              "uuid": "dc7ce268-7390-49e0-9d63-6b5295d81bcd",
              "parentUUID": "80145e5b-0a30-4763-998b-ee7b22c85bd6",
              "isHook": false,
              "skipped": false
            },
            {
              "title": "Best Seller Page | Check product : ไก่เทอริยากิ1000g. เดลีไทย",
              "fullTitle": "Check each page Best Seller Page | Check product : ไก่เทอริยากิ1000g. เดลีไทย",
              "timedOut": null,
              "duration": 19923,
              "state": "passed",
              "speed": "slow",
              "pass": true,
              "fail": false,
              "pending": false,
              "context": null,
              "code": "testType = 'bestseller';\ncy.get('.list-unstyled > li > a[href=\"/bestseller/\"]').should('contain', 'สินค้าขายดี').click();\ncy.title().should('eq', 'สินค้าขายดี | AllOnline');\ncy.url().should('include', '/bestseller/');\nif (product.type == \"\") {\n  type = 'bestseller';\n} else {\n  type = product.type;\n}\nhaveNextPage = false;\ncy.get('.how-many').then(function ($number) {\n  var text = $number.text();\n  var number = parseInt(text.replace(/ สินค้า|\\(|\\)/g, ''));\n  cy.log('number : ' + number);\n  if (number > 30) {\n    haveNextPage = true;\n    cy.log('number more than 30');\n    cy.log('haveNextPage : ' + haveNextPage);\n  } else {\n    cy.log('number not more than 30');\n    cy.log('haveNextPage : ' + haveNextPage);\n  }\n  cy.findProduct(product, testType, type, haveNextPage);\n  cy.get('.product_grid > .product-item').then(function ($products) {\n    var size = $products.length;\n    cy.log('size of elements : ' + size);\n    cy.log('------------------------');\n    cy.selectProduct(product, size);\n  });\n  cy.checkProductDetail(product, type, testType);\n});",
              "err": {},
              "uuid": "6aa2cc02-6f0c-4c4b-8a39-2858a29fc22e",
              "parentUUID": "80145e5b-0a30-4763-998b-ee7b22c85bd6",
              "isHook": false,
              "skipped": false
            },
            {
              "title": "Best Seller Page | Check product : แป้งชุบทอดปรุงสำเร็จ ตรารสดีเมนู 90 ก.",
              "fullTitle": "Check each page Best Seller Page | Check product : แป้งชุบทอดปรุงสำเร็จ ตรารสดีเมนู 90 ก.",
              "timedOut": null,
              "duration": 18421,
              "state": "passed",
              "speed": "slow",
              "pass": true,
              "fail": false,
              "pending": false,
              "context": null,
              "code": "testType = 'bestseller';\ncy.get('.list-unstyled > li > a[href=\"/bestseller/\"]').should('contain', 'สินค้าขายดี').click();\ncy.title().should('eq', 'สินค้าขายดี | AllOnline');\ncy.url().should('include', '/bestseller/');\nif (product.type == \"\") {\n  type = 'bestseller';\n} else {\n  type = product.type;\n}\nhaveNextPage = false;\ncy.get('.how-many').then(function ($number) {\n  var text = $number.text();\n  var number = parseInt(text.replace(/ สินค้า|\\(|\\)/g, ''));\n  cy.log('number : ' + number);\n  if (number > 30) {\n    haveNextPage = true;\n    cy.log('number more than 30');\n    cy.log('haveNextPage : ' + haveNextPage);\n  } else {\n    cy.log('number not more than 30');\n    cy.log('haveNextPage : ' + haveNextPage);\n  }\n  cy.findProduct(product, testType, type, haveNextPage);\n  cy.get('.product_grid > .product-item').then(function ($products) {\n    var size = $products.length;\n    cy.log('size of elements : ' + size);\n    cy.log('------------------------');\n    cy.selectProduct(product, size);\n  });\n  cy.checkProductDetail(product, type, testType);\n});",
              "err": {},
              "uuid": "5ef101aa-cf9b-43f5-ac85-66183127000c",
              "parentUUID": "80145e5b-0a30-4763-998b-ee7b22c85bd6",
              "isHook": false,
              "skipped": false
            },
            {
              "title": "Best Seller Page | Check product : ไวตามิ้ลค์ข้าวบาร์เล่ย์กล่อง นมถั่วเหลืองUHT 300มิลลิลิตร (ขายยกลัง 36 กล่อง)",
              "fullTitle": "Check each page Best Seller Page | Check product : ไวตามิ้ลค์ข้าวบาร์เล่ย์กล่อง นมถั่วเหลืองUHT 300มิลลิลิตร (ขายยกลัง 36 กล่อง)",
              "timedOut": null,
              "duration": 49610,
              "state": "failed",
              "speed": null,
              "pass": false,
              "fail": true,
              "pending": false,
              "context": null,
              "code": "testType = 'bestseller';\ncy.get('.list-unstyled > li > a[href=\"/bestseller/\"]').should('contain', 'สินค้าขายดี').click();\ncy.title().should('eq', 'สินค้าขายดี | AllOnline');\ncy.url().should('include', '/bestseller/');\nif (product.type == \"\") {\n  type = 'bestseller';\n} else {\n  type = product.type;\n}\nhaveNextPage = false;\ncy.get('.how-many').then(function ($number) {\n  var text = $number.text();\n  var number = parseInt(text.replace(/ สินค้า|\\(|\\)/g, ''));\n  cy.log('number : ' + number);\n  if (number > 30) {\n    haveNextPage = true;\n    cy.log('number more than 30');\n    cy.log('haveNextPage : ' + haveNextPage);\n  } else {\n    cy.log('number not more than 30');\n    cy.log('haveNextPage : ' + haveNextPage);\n  }\n  cy.findProduct(product, testType, type, haveNextPage);\n  cy.get('.product_grid > .product-item').then(function ($products) {\n    var size = $products.length;\n    cy.log('size of elements : ' + size);\n    cy.log('------------------------');\n    cy.selectProduct(product, size);\n  });\n  cy.checkProductDetail(product, type, testType);\n});",
              "err": {
                "message": "AssertionError: Timed out retrying after 30000ms: Expected to find element: `.js-pdt.pdt-lg > .flag-top-left`, but never found it.",
                "estack": "AssertionError: Timed out retrying after 30000ms: Expected to find element: `.js-pdt.pdt-lg > .flag-top-left`, but never found it.\n    at Context.eval (https://integ1.allonline.7eleven.co.th/__cypress/tests?p=cypress\\support\\index.js:877:49)",
                "diff": null
              },
              "uuid": "676d19ad-b15e-45df-8d5a-5b68285792b4",
              "parentUUID": "80145e5b-0a30-4763-998b-ee7b22c85bd6",
              "isHook": false,
              "skipped": false
            },
            {
              "title": "Brand Page | Check product : โชกุบุสครีมอาบน้ำซึชมพู 500 มิลลิลิตร",
              "fullTitle": "Check each page Brand Page | Check product : โชกุบุสครีมอาบน้ำซึชมพู 500 มิลลิลิตร",
              "timedOut": null,
              "duration": 23465,
              "state": "passed",
              "speed": "slow",
              "pass": true,
              "fail": false,
              "pending": false,
              "context": null,
              "code": "testType = 'brand';\ncy.get('.list-unstyled > li > a[href=\"/brands/\"]').should('contain', 'แบรนด์').click();\ncy.title().should('eq', 'ช้อปตามแบรนด์ | AllOnline');\ncy.url().should('include', '/brands/');\ncy.get('a[title=\"' + product.category + '\"]').should('contain', product.category).click();\nif (product.type == \"\") {\n  type = 'brand';\n} else {\n  type = product.type;\n}\nhaveNextPage = false;\ncy.get('.how-many').then(function ($number) {\n  var text = $number.text();\n  var number = parseInt(text.replace(/ สินค้า|\\(|\\)/g, ''));\n  cy.log('number : ' + number);\n  if (number > 30) {\n    haveNextPage = true;\n  }\n  cy.findProduct(product, testType, type, haveNextPage);\n  cy.get('.product_grid > .product-item').then(function ($products) {\n    var size = $products.length;\n    cy.log('size of elements : ' + size);\n    cy.log('------------------------');\n    cy.selectProduct(product, size);\n  });\n  cy.checkProductDetail(product, type);\n});",
              "err": {},
              "uuid": "a6a38874-4a0e-4632-9a29-7b67a2574c7d",
              "parentUUID": "80145e5b-0a30-4763-998b-ee7b22c85bd6",
              "isHook": false,
              "skipped": false
            },
            {
              "title": "Brand Page | Check product : หุ่นยนต์ถูพื้น iRobot รุ่น Braava 380t สีดำ",
              "fullTitle": "Check each page Brand Page | Check product : หุ่นยนต์ถูพื้น iRobot รุ่น Braava 380t สีดำ",
              "timedOut": null,
              "duration": 19538,
              "state": "passed",
              "speed": "slow",
              "pass": true,
              "fail": false,
              "pending": false,
              "context": null,
              "code": "testType = 'brand';\ncy.get('.list-unstyled > li > a[href=\"/brands/\"]').should('contain', 'แบรนด์').click();\ncy.title().should('eq', 'ช้อปตามแบรนด์ | AllOnline');\ncy.url().should('include', '/brands/');\ncy.get('a[title=\"' + product.category + '\"]').should('contain', product.category).click();\nif (product.type == \"\") {\n  type = 'brand';\n} else {\n  type = product.type;\n}\nhaveNextPage = false;\ncy.get('.how-many').then(function ($number) {\n  var text = $number.text();\n  var number = parseInt(text.replace(/ สินค้า|\\(|\\)/g, ''));\n  cy.log('number : ' + number);\n  if (number > 30) {\n    haveNextPage = true;\n  }\n  cy.findProduct(product, testType, type, haveNextPage);\n  cy.get('.product_grid > .product-item').then(function ($products) {\n    var size = $products.length;\n    cy.log('size of elements : ' + size);\n    cy.log('------------------------');\n    cy.selectProduct(product, size);\n  });\n  cy.checkProductDetail(product, type);\n});",
              "err": {},
              "uuid": "1cf38f28-dd6b-4333-a660-29a8fc7cfe80",
              "parentUUID": "80145e5b-0a30-4763-998b-ee7b22c85bd6",
              "isHook": false,
              "skipped": false
            },
            {
              "title": "Brand Page | Check product : BEWEL แพ็คคู่ น้ำมันปลาแซลลมอน 1000 มก. พลัสวิตามินอี 70 แคปซูล รวม 140 แคปซูล",
              "fullTitle": "Check each page Brand Page | Check product : BEWEL แพ็คคู่ น้ำมันปลาแซลลมอน 1000 มก. พลัสวิตามินอี 70 แคปซูล รวม 140 แคปซูล",
              "timedOut": null,
              "duration": 25070,
              "state": "passed",
              "speed": "slow",
              "pass": true,
              "fail": false,
              "pending": false,
              "context": null,
              "code": "testType = 'brand';\ncy.get('.list-unstyled > li > a[href=\"/brands/\"]').should('contain', 'แบรนด์').click();\ncy.title().should('eq', 'ช้อปตามแบรนด์ | AllOnline');\ncy.url().should('include', '/brands/');\ncy.get('a[title=\"' + product.category + '\"]').should('contain', product.category).click();\nif (product.type == \"\") {\n  type = 'brand';\n} else {\n  type = product.type;\n}\nhaveNextPage = false;\ncy.get('.how-many').then(function ($number) {\n  var text = $number.text();\n  var number = parseInt(text.replace(/ สินค้า|\\(|\\)/g, ''));\n  cy.log('number : ' + number);\n  if (number > 30) {\n    haveNextPage = true;\n  }\n  cy.findProduct(product, testType, type, haveNextPage);\n  cy.get('.product_grid > .product-item').then(function ($products) {\n    var size = $products.length;\n    cy.log('size of elements : ' + size);\n    cy.log('------------------------');\n    cy.selectProduct(product, size);\n  });\n  cy.checkProductDetail(product, type);\n});",
              "err": {},
              "uuid": "e88b6522-2dc0-477e-a494-da0ca2338f9e",
              "parentUUID": "80145e5b-0a30-4763-998b-ee7b22c85bd6",
              "isHook": false,
              "skipped": false
            },
            {
              "title": "Brand Page | Check product : Dalan d'Olive Hand & Body Lotion. White Colour Lotion Item 250 mL.",
              "fullTitle": "Check each page Brand Page | Check product : Dalan d'Olive Hand & Body Lotion. White Colour Lotion Item 250 mL.",
              "timedOut": null,
              "duration": 18865,
              "state": "passed",
              "speed": "slow",
              "pass": true,
              "fail": false,
              "pending": false,
              "context": null,
              "code": "testType = 'brand';\ncy.get('.list-unstyled > li > a[href=\"/brands/\"]').should('contain', 'แบรนด์').click();\ncy.title().should('eq', 'ช้อปตามแบรนด์ | AllOnline');\ncy.url().should('include', '/brands/');\ncy.get('a[title=\"' + product.category + '\"]').should('contain', product.category).click();\nif (product.type == \"\") {\n  type = 'brand';\n} else {\n  type = product.type;\n}\nhaveNextPage = false;\ncy.get('.how-many').then(function ($number) {\n  var text = $number.text();\n  var number = parseInt(text.replace(/ สินค้า|\\(|\\)/g, ''));\n  cy.log('number : ' + number);\n  if (number > 30) {\n    haveNextPage = true;\n  }\n  cy.findProduct(product, testType, type, haveNextPage);\n  cy.get('.product_grid > .product-item').then(function ($products) {\n    var size = $products.length;\n    cy.log('size of elements : ' + size);\n    cy.log('------------------------');\n    cy.selectProduct(product, size);\n  });\n  cy.checkProductDetail(product, type);\n});",
              "err": {},
              "uuid": "d2116911-7c1a-45f8-a572-86afbd30f286",
              "parentUUID": "80145e5b-0a30-4763-998b-ee7b22c85bd6",
              "isHook": false,
              "skipped": false
            },
            {
              "title": "Wish List Page",
              "fullTitle": "Check each page Wish List Page",
              "timedOut": null,
              "duration": 38269,
              "state": "passed",
              "speed": "slow",
              "pass": true,
              "fail": false,
              "pending": false,
              "context": null,
              "code": "cy.get('.list-inline > .whishlist-icon > a[href=\"/account/wishlist/\"]').should('contain', 'สินค้าโปรด').click();\ncy.title().should('eq', 'AllOnline');\ncy.url().should('include', '/account/wishlist/');\ncy.clearWishList();\nwishList.forEach(function (product) {\n  cy.searchProduct(product);\n  cy.get('.flex-social-fav > .whishlist > .notepad-link').click();\n  cy.get('.flex-social-fav > .whishlist').should('have.class', 'highlight').and('have.class', 'animated').and('have.class', 'tada');\n});\ncy.get('.list-inline > .whishlist-icon > a[href=\"/account/wishlist/\"]').should('contain', 'สินค้าโปรด').click();\ncy.title().should('eq', 'AllOnline');\ncy.url().should('include', '/account/wishlist/');\nvar index = 0;\nwishList.forEach(function (product) {\n  cy.get('.item-count').eq(index).siblings('a').should('contain', product.name).parents('.row.item').find('.price').should('contain', product.price);\n  index++;\n});",
              "err": {},
              "uuid": "49594d16-a640-429a-8059-191e2b283fa7",
              "parentUUID": "80145e5b-0a30-4763-998b-ee7b22c85bd6",
              "isHook": false,
              "skipped": false
            },
            {
              "title": "Coupon Page | Get coupon : HBD300",
              "fullTitle": "Check each page Coupon Page | Get coupon : HBD300",
              "timedOut": null,
              "duration": 18553,
              "state": "passed",
              "speed": "slow",
              "pass": true,
              "fail": false,
              "pending": false,
              "context": null,
              "code": "cy.get('a[href=\"/coupon/\"]').should('contain', 'คูปองส่วนลด').click();\ncy.title().should('eq', 'Coupon | AllOnline');\ncy.url().should('include', '/coupon/');\nvar iscated = false;\ncy.log('promotion.code : ' + coupon.code);\ncy.findCoupon(coupon.code, iscated);\ncy.checkCoupon(coupon);\ncy.getCoupon(coupon.code);",
              "err": {},
              "uuid": "e7a9ce50-e467-4c94-b01e-be202e79fcf7",
              "parentUUID": "80145e5b-0a30-4763-998b-ee7b22c85bd6",
              "isHook": false,
              "skipped": false
            }
          ],
          "suites": [],
          "passes": [
            "345d8d83-7d67-4657-a1b6-b7020d388691",
            "4b77975e-7f72-48eb-bc03-a522daacb76a",
            "7edfd574-06d8-4e71-aa11-b7ced7b33c11",
            "0b3293c2-88ef-4e73-8974-01bf31367b19",
            "add4ebc4-600d-4df6-964a-220528fef98b",
            "005d353c-bed6-447d-8ed1-3e643e79713b",
            "e2b01fc4-7d37-4503-9485-f69461cd272b",
            "2c045faa-f15d-49aa-a570-14b58007b000",
            "9f4ea13a-f02f-4f91-a9ca-22c780296793",
            "b4e90abf-5172-4f7b-819a-ec1d7d23865b",
            "b41d0d44-68c4-47ce-bcf7-2dadae6edc99",
            "02e5c072-1ad7-49a8-ab37-08c67ef09017",
            "780ca688-9843-4355-8120-c1099c58450a",
            "ec8ebdba-0bb5-4061-b77f-c4c676a403f6",
            "a32e71a1-367e-4c16-9de7-833f64bb57f1",
            "3408fc13-f0cc-41cd-a407-da263a24ce7d",
            "ce40d642-dfd6-4074-808b-cbbba928ea90",
            "dc7ce268-7390-49e0-9d63-6b5295d81bcd",
            "6aa2cc02-6f0c-4c4b-8a39-2858a29fc22e",
            "5ef101aa-cf9b-43f5-ac85-66183127000c",
            "a6a38874-4a0e-4632-9a29-7b67a2574c7d",
            "1cf38f28-dd6b-4333-a660-29a8fc7cfe80",
            "e88b6522-2dc0-477e-a494-da0ca2338f9e",
            "d2116911-7c1a-45f8-a572-86afbd30f286",
            "49594d16-a640-429a-8059-191e2b283fa7",
            "e7a9ce50-e467-4c94-b01e-be202e79fcf7"
          ],
          "failures": [
            "676d19ad-b15e-45df-8d5a-5b68285792b4"
          ],
          "pending": [],
          "skipped": [],
          "duration": 602153,
          "root": false,
          "rootEmpty": false,
          "_timeout": 2000
        }
      ],
      "passes": [],
      "failures": [],
      "pending": [],
      "skipped": [],
      "duration": 0,
      "root": true,
      "rootEmpty": true,
      "_timeout": 2000
    }
  ],
  "meta": {
    "mocha": {
      "version": "7.0.1"
    },
    "mochawesome": {
      "options": {
        "quiet": false,
        "reportFilename": "report",
        "saveHtml": true,
        "saveJson": true,
        "consoleReporter": "spec",
        "useInlineDiffs": false,
        "code": true
      },
      "version": "6.2.2"
    },
    "marge": {
      "options": {
        "reportDir": "cypress/reports",
        "reportFilename": "report",
        "overwrite": true,
        "reportTitle": "Report Test",
        "html": true,
        "json": true,
        "charts": true
      },
      "version": "5.2.0"
    }
  }
}