{
  "stats": {
    "suites": 1,
    "tests": 1,
    "passes": 0,
    "pending": 1,
    "failures": 0,
    "start": "2021-04-07T05:12:15.717Z",
    "end": "2021-04-07T05:12:15.734Z",
    "duration": 17,
    "testsRegistered": 1,
    "passPercent": null,
    "pendingPercent": 100,
    "other": 0,
    "hasOther": false,
    "skipped": 0,
    "hasSkipped": false
  },
  "results": [
    {
      "uuid": "8a2ca387-eb40-4c70-84bc-d6309cfa4f1c",
      "title": "",
      "fullFile": "cypress\\integration\\examples\\purchase.js",
      "file": "cypress\\integration\\examples\\purchase.js",
      "beforeHooks": [],
      "afterHooks": [],
      "tests": [],
      "suites": [
        {
          "uuid": "18d3cfc8-6d30-4ae5-b005-59c9294121ec",
          "title": "Login page",
          "fullFile": "",
          "file": "",
          "beforeHooks": [],
          "afterHooks": [],
          "tests": [
            {
              "title": "purchase products | Purchase order with CS, รับที่เซเว่นอีเลฟเว่น, have split order",
              "fullTitle": "Login page purchase products | Purchase order with CS, รับที่เซเว่นอีเลฟเว่น, have split order",
              "timedOut": null,
              "duration": 0,
              "state": "pending",
              "speed": null,
              "pass": false,
              "fail": false,
              "pending": true,
              "context": null,
              "code": "",
              "err": {},
              "uuid": "8d6df338-8f1e-4bc3-9ffd-6dd3825d9936",
              "parentUUID": "18d3cfc8-6d30-4ae5-b005-59c9294121ec",
              "isHook": false,
              "skipped": false
            }
          ],
          "suites": [],
          "passes": [],
          "failures": [],
          "pending": [
            "8d6df338-8f1e-4bc3-9ffd-6dd3825d9936"
          ],
          "skipped": [],
          "duration": 0,
          "root": false,
          "rootEmpty": false,
          "_timeout": 2000
        }
      ],
      "passes": [],
      "failures": [],
      "pending": [],
      "skipped": [],
      "duration": 0,
      "root": true,
      "rootEmpty": true,
      "_timeout": 2000
    }
  ],
  "meta": {
    "mocha": {
      "version": "7.0.1"
    },
    "mochawesome": {
      "options": {
        "quiet": false,
        "reportFilename": "report",
        "saveHtml": true,
        "saveJson": true,
        "consoleReporter": "spec",
        "useInlineDiffs": false,
        "code": true
      },
      "version": "6.2.2"
    },
    "marge": {
      "options": {
        "reportDir": "cypress/reports",
        "reportFilename": "report",
        "overwrite": true,
        "reportTitle": "Report Test",
        "html": true,
        "json": true,
        "charts": true
      },
      "version": "5.2.0"
    }
  }
}